CRITICAL - 2021-05-05 10:57:52 --> Too few arguments to function App\Models\Memo_masuk_m::getLaporan(), 0 passed in D:\Project Tugas Akhir\pusbinter\app\Controllers\Laporan_masuk.php on line 31 and exactly 2 expected
#0 D:\Project Tugas Akhir\pusbinter\app\Controllers\Laporan_masuk.php(31): App\Models\Memo_masuk_m->getLaporan()
#1 D:\Project Tugas Akhir\pusbinter\system\CodeIgniter.php(936): App\Controllers\Laporan_masuk->index()
#2 D:\Project Tugas Akhir\pusbinter\system\CodeIgniter.php(432): CodeIgniter\CodeIgniter->runController(Object(App\Controllers\Laporan_masuk))
#3 D:\Project Tugas Akhir\pusbinter\system\CodeIgniter.php(333): CodeIgniter\CodeIgniter->handleRequest(NULL, Object(Config\Cache), false)
#4 D:\Project Tugas Akhir\pusbinter\public\index.php(44): CodeIgniter\CodeIgniter->run()
#5 D:\Project Tugas Akhir\pusbinter\system\Commands\Server\rewrite.php(45): require_once('D:\\Project Tuga...')
#6 {main}
CRITICAL - 2021-05-05 10:57:56 --> Too few arguments to function App\Models\Memo_masuk_m::getLaporan(), 0 passed in D:\Project Tugas Akhir\pusbinter\app\Controllers\Laporan_masuk.php on line 31 and exactly 2 expected
#0 D:\Project Tugas Akhir\pusbinter\app\Controllers\Laporan_masuk.php(31): App\Models\Memo_masuk_m->getLaporan()
#1 D:\Project Tugas Akhir\pusbinter\system\CodeIgniter.php(936): App\Controllers\Laporan_masuk->index()
#2 D:\Project Tugas Akhir\pusbinter\system\CodeIgniter.php(432): CodeIgniter\CodeIgniter->runController(Object(App\Controllers\Laporan_masuk))
#3 D:\Project Tugas Akhir\pusbinter\system\CodeIgniter.php(333): CodeIgniter\CodeIgniter->handleRequest(NULL, Object(Config\Cache), false)
#4 D:\Project Tugas Akhir\pusbinter\public\index.php(44): CodeIgniter\CodeIgniter->run()
#5 D:\Project Tugas Akhir\pusbinter\system\Commands\Server\rewrite.php(45): require_once('D:\\Project Tuga...')
#6 {main}
CRITICAL - 2021-05-05 11:05:24 --> Too few arguments to function App\Models\Memo_masuk_m::getLaporan(), 0 passed in D:\Project Tugas Akhir\pusbinter\app\Controllers\Laporan_masuk.php on line 31 and exactly 2 expected
#0 D:\Project Tugas Akhir\pusbinter\app\Controllers\Laporan_masuk.php(31): App\Models\Memo_masuk_m->getLaporan()
#1 D:\Project Tugas Akhir\pusbinter\system\CodeIgniter.php(936): App\Controllers\Laporan_masuk->index()
#2 D:\Project Tugas Akhir\pusbinter\system\CodeIgniter.php(432): CodeIgniter\CodeIgniter->runController(Object(App\Controllers\Laporan_masuk))
#3 D:\Project Tugas Akhir\pusbinter\system\CodeIgniter.php(333): CodeIgniter\CodeIgniter->handleRequest(NULL, Object(Config\Cache), false)
#4 D:\Project Tugas Akhir\pusbinter\public\index.php(44): CodeIgniter\CodeIgniter->run()
#5 D:\Project Tugas Akhir\pusbinter\system\Commands\Server\rewrite.php(45): require_once('D:\\Project Tuga...')
#6 {main}
CRITICAL - 2021-05-05 11:05:25 --> Too few arguments to function App\Models\Memo_masuk_m::getLaporan(), 0 passed in D:\Project Tugas Akhir\pusbinter\app\Controllers\Laporan_masuk.php on line 31 and exactly 2 expected
#0 D:\Project Tugas Akhir\pusbinter\app\Controllers\Laporan_masuk.php(31): App\Models\Memo_masuk_m->getLaporan()
#1 D:\Project Tugas Akhir\pusbinter\system\CodeIgniter.php(936): App\Controllers\Laporan_masuk->index()
#2 D:\Project Tugas Akhir\pusbinter\system\CodeIgniter.php(432): CodeIgniter\CodeIgniter->runController(Object(App\Controllers\Laporan_masuk))
#3 D:\Project Tugas Akhir\pusbinter\system\CodeIgniter.php(333): CodeIgniter\CodeIgniter->handleRequest(NULL, Object(Config\Cache), false)
#4 D:\Project Tugas Akhir\pusbinter\public\index.php(44): CodeIgniter\CodeIgniter->run()
#5 D:\Project Tugas Akhir\pusbinter\system\Commands\Server\rewrite.php(45): require_once('D:\\Project Tuga...')
#6 {main}
CRITICAL - 2021-05-05 11:05:26 --> Too few arguments to function App\Models\Memo_masuk_m::getLaporan(), 0 passed in D:\Project Tugas Akhir\pusbinter\app\Controllers\Laporan_masuk.php on line 31 and exactly 2 expected
#0 D:\Project Tugas Akhir\pusbinter\app\Controllers\Laporan_masuk.php(31): App\Models\Memo_masuk_m->getLaporan()
#1 D:\Project Tugas Akhir\pusbinter\system\CodeIgniter.php(936): App\Controllers\Laporan_masuk->index()
#2 D:\Project Tugas Akhir\pusbinter\system\CodeIgniter.php(432): CodeIgniter\CodeIgniter->runController(Object(App\Controllers\Laporan_masuk))
#3 D:\Project Tugas Akhir\pusbinter\system\CodeIgniter.php(333): CodeIgniter\CodeIgniter->handleRequest(NULL, Object(Config\Cache), false)
#4 D:\Project Tugas Akhir\pusbinter\public\index.php(44): CodeIgniter\CodeIgniter->run()
#5 D:\Project Tugas Akhir\pusbinter\system\Commands\Server\rewrite.php(45): require_once('D:\\Project Tuga...')
#6 {main}
CRITICAL - 2021-05-05 11:05:30 --> Too few arguments to function App\Models\Memo_masuk_m::getLaporan(), 0 passed in D:\Project Tugas Akhir\pusbinter\app\Controllers\Laporan_masuk.php on line 31 and exactly 2 expected
#0 D:\Project Tugas Akhir\pusbinter\app\Controllers\Laporan_masuk.php(31): App\Models\Memo_masuk_m->getLaporan()
#1 D:\Project Tugas Akhir\pusbinter\system\CodeIgniter.php(936): App\Controllers\Laporan_masuk->index()
#2 D:\Project Tugas Akhir\pusbinter\system\CodeIgniter.php(432): CodeIgniter\CodeIgniter->runController(Object(App\Controllers\Laporan_masuk))
#3 D:\Project Tugas Akhir\pusbinter\system\CodeIgniter.php(333): CodeIgniter\CodeIgniter->handleRequest(NULL, Object(Config\Cache), false)
#4 D:\Project Tugas Akhir\pusbinter\public\index.php(44): CodeIgniter\CodeIgniter->run()
#5 D:\Project Tugas Akhir\pusbinter\system\Commands\Server\rewrite.php(45): require_once('D:\\Project Tuga...')
#6 {main}
CRITICAL - 2021-05-05 11:05:59 --> Too few arguments to function App\Models\Memo_masuk_m::getLaporan(), 0 passed in D:\Project Tugas Akhir\pusbinter\app\Controllers\Laporan_masuk.php on line 31 and exactly 2 expected
#0 D:\Project Tugas Akhir\pusbinter\app\Controllers\Laporan_masuk.php(31): App\Models\Memo_masuk_m->getLaporan()
#1 D:\Project Tugas Akhir\pusbinter\system\CodeIgniter.php(936): App\Controllers\Laporan_masuk->index()
#2 D:\Project Tugas Akhir\pusbinter\system\CodeIgniter.php(432): CodeIgniter\CodeIgniter->runController(Object(App\Controllers\Laporan_masuk))
#3 D:\Project Tugas Akhir\pusbinter\system\CodeIgniter.php(333): CodeIgniter\CodeIgniter->handleRequest(NULL, Object(Config\Cache), false)
#4 D:\Project Tugas Akhir\pusbinter\public\index.php(44): CodeIgniter\CodeIgniter->run()
#5 D:\Project Tugas Akhir\pusbinter\system\Commands\Server\rewrite.php(45): require_once('D:\\Project Tuga...')
#6 {main}
CRITICAL - 2021-05-05 11:06:00 --> Too few arguments to function App\Models\Memo_masuk_m::getLaporan(), 0 passed in D:\Project Tugas Akhir\pusbinter\app\Controllers\Laporan_masuk.php on line 31 and exactly 2 expected
#0 D:\Project Tugas Akhir\pusbinter\app\Controllers\Laporan_masuk.php(31): App\Models\Memo_masuk_m->getLaporan()
#1 D:\Project Tugas Akhir\pusbinter\system\CodeIgniter.php(936): App\Controllers\Laporan_masuk->index()
#2 D:\Project Tugas Akhir\pusbinter\system\CodeIgniter.php(432): CodeIgniter\CodeIgniter->runController(Object(App\Controllers\Laporan_masuk))
#3 D:\Project Tugas Akhir\pusbinter\system\CodeIgniter.php(333): CodeIgniter\CodeIgniter->handleRequest(NULL, Object(Config\Cache), false)
#4 D:\Project Tugas Akhir\pusbinter\public\index.php(44): CodeIgniter\CodeIgniter->run()
#5 D:\Project Tugas Akhir\pusbinter\system\Commands\Server\rewrite.php(45): require_once('D:\\Project Tuga...')
#6 {main}
CRITICAL - 2021-05-05 11:06:00 --> Too few arguments to function App\Models\Memo_masuk_m::getLaporan(), 0 passed in D:\Project Tugas Akhir\pusbinter\app\Controllers\Laporan_masuk.php on line 31 and exactly 2 expected
#0 D:\Project Tugas Akhir\pusbinter\app\Controllers\Laporan_masuk.php(31): App\Models\Memo_masuk_m->getLaporan()
#1 D:\Project Tugas Akhir\pusbinter\system\CodeIgniter.php(936): App\Controllers\Laporan_masuk->index()
#2 D:\Project Tugas Akhir\pusbinter\system\CodeIgniter.php(432): CodeIgniter\CodeIgniter->runController(Object(App\Controllers\Laporan_masuk))
#3 D:\Project Tugas Akhir\pusbinter\system\CodeIgniter.php(333): CodeIgniter\CodeIgniter->handleRequest(NULL, Object(Config\Cache), false)
#4 D:\Project Tugas Akhir\pusbinter\public\index.php(44): CodeIgniter\CodeIgniter->run()
#5 D:\Project Tugas Akhir\pusbinter\system\Commands\Server\rewrite.php(45): require_once('D:\\Project Tuga...')
#6 {main}
CRITICAL - 2021-05-05 11:06:01 --> Too few arguments to function App\Models\Memo_masuk_m::getLaporan(), 0 passed in D:\Project Tugas Akhir\pusbinter\app\Controllers\Laporan_masuk.php on line 31 and exactly 2 expected
#0 D:\Project Tugas Akhir\pusbinter\app\Controllers\Laporan_masuk.php(31): App\Models\Memo_masuk_m->getLaporan()
#1 D:\Project Tugas Akhir\pusbinter\system\CodeIgniter.php(936): App\Controllers\Laporan_masuk->index()
#2 D:\Project Tugas Akhir\pusbinter\system\CodeIgniter.php(432): CodeIgniter\CodeIgniter->runController(Object(App\Controllers\Laporan_masuk))
#3 D:\Project Tugas Akhir\pusbinter\system\CodeIgniter.php(333): CodeIgniter\CodeIgniter->handleRequest(NULL, Object(Config\Cache), false)
#4 D:\Project Tugas Akhir\pusbinter\public\index.php(44): CodeIgniter\CodeIgniter->run()
#5 D:\Project Tugas Akhir\pusbinter\system\Commands\Server\rewrite.php(45): require_once('D:\\Project Tuga...')
#6 {main}
CRITICAL - 2021-05-05 11:18:30 --> Call to a member function getPost() on null
#0 D:\Project Tugas Akhir\pusbinter\system\CodeIgniter.php(936): App\Controllers\Laporan_masuk->index()
#1 D:\Project Tugas Akhir\pusbinter\system\CodeIgniter.php(432): CodeIgniter\CodeIgniter->runController(Object(App\Controllers\Laporan_masuk))
#2 D:\Project Tugas Akhir\pusbinter\system\CodeIgniter.php(333): CodeIgniter\CodeIgniter->handleRequest(NULL, Object(Config\Cache), false)
#3 D:\Project Tugas Akhir\pusbinter\public\index.php(44): CodeIgniter\CodeIgniter->run()
#4 D:\Project Tugas Akhir\pusbinter\system\Commands\Server\rewrite.php(45): require_once('D:\\Project Tuga...')
#5 {main}
CRITICAL - 2021-05-05 11:18:31 --> Call to a member function getPost() on null
#0 D:\Project Tugas Akhir\pusbinter\system\CodeIgniter.php(936): App\Controllers\Laporan_masuk->index()
#1 D:\Project Tugas Akhir\pusbinter\system\CodeIgniter.php(432): CodeIgniter\CodeIgniter->runController(Object(App\Controllers\Laporan_masuk))
#2 D:\Project Tugas Akhir\pusbinter\system\CodeIgniter.php(333): CodeIgniter\CodeIgniter->handleRequest(NULL, Object(Config\Cache), false)
#3 D:\Project Tugas Akhir\pusbinter\public\index.php(44): CodeIgniter\CodeIgniter->run()
#4 D:\Project Tugas Akhir\pusbinter\system\Commands\Server\rewrite.php(45): require_once('D:\\Project Tuga...')
#5 {main}
CRITICAL - 2021-05-05 12:53:17 --> syntax error, unexpected 'echo' (T_ECHO)
#0 D:\Project Tugas Akhir\pusbinter\system\View\View.php(222): CodeIgniter\View\View->CodeIgniter\View\{closure}()
#1 D:\Project Tugas Akhir\pusbinter\system\Common.php(1217): CodeIgniter\View\View->render('laporan_masuk', Array, true)
#2 D:\Project Tugas Akhir\pusbinter\app\Controllers\Laporan_masuk.php(35): view('laporan_masuk', Array)
#3 D:\Project Tugas Akhir\pusbinter\system\CodeIgniter.php(936): App\Controllers\Laporan_masuk->index()
#4 D:\Project Tugas Akhir\pusbinter\system\CodeIgniter.php(432): CodeIgniter\CodeIgniter->runController(Object(App\Controllers\Laporan_masuk))
#5 D:\Project Tugas Akhir\pusbinter\system\CodeIgniter.php(333): CodeIgniter\CodeIgniter->handleRequest(NULL, Object(Config\Cache), false)
#6 D:\Project Tugas Akhir\pusbinter\public\index.php(44): CodeIgniter\CodeIgniter->run()
#7 D:\Project Tugas Akhir\pusbinter\system\Commands\Server\rewrite.php(45): require_once('D:\\Project Tuga...')
#8 {main}
