CRITICAL - 2021-03-14 01:51:44 --> Undefined index: Instansi
#0 D:\Project Tugas Akhir\pusbinter\app\Controllers\Instansi.php(76): CodeIgniter\Debug\Exceptions->errorHandler(8, 'Undefined index...', 'D:\\Project Tuga...', 76, Array)
#1 D:\Project Tugas Akhir\pusbinter\system\CodeIgniter.php(936): App\Controllers\Instansi->export()
#2 D:\Project Tugas Akhir\pusbinter\system\CodeIgniter.php(432): CodeIgniter\CodeIgniter->runController(Object(App\Controllers\Instansi))
#3 D:\Project Tugas Akhir\pusbinter\system\CodeIgniter.php(333): CodeIgniter\CodeIgniter->handleRequest(NULL, Object(Config\Cache), false)
#4 D:\Project Tugas Akhir\pusbinter\public\index.php(44): CodeIgniter\CodeIgniter->run()
#5 D:\Project Tugas Akhir\pusbinter\system\Commands\Server\rewrite.php(45): require_once('D:\\Project Tuga...')
#6 {main}
CRITICAL - 2021-03-14 08:50:48 --> Trying to get property 'id_golongan' of non-object
#0 D:\Project Tugas Akhir\pusbinter\app\Views\penerjemah.php(162): CodeIgniter\Debug\Exceptions->errorHandler(8, 'Trying to get p...', 'D:\\Project Tuga...', 162, Array)
#1 D:\Project Tugas Akhir\pusbinter\system\View\View.php(220): include('D:\\Project Tuga...')
#2 D:\Project Tugas Akhir\pusbinter\system\View\View.php(222): CodeIgniter\View\View->CodeIgniter\View\{closure}()
#3 D:\Project Tugas Akhir\pusbinter\system\Common.php(1217): CodeIgniter\View\View->render('penerjemah', Array, true)
#4 D:\Project Tugas Akhir\pusbinter\app\Controllers\Penerjemah.php(23): view('penerjemah', Array)
#5 D:\Project Tugas Akhir\pusbinter\system\CodeIgniter.php(936): App\Controllers\Penerjemah->index()
#6 D:\Project Tugas Akhir\pusbinter\system\CodeIgniter.php(432): CodeIgniter\CodeIgniter->runController(Object(App\Controllers\Penerjemah))
#7 D:\Project Tugas Akhir\pusbinter\system\CodeIgniter.php(333): CodeIgniter\CodeIgniter->handleRequest(NULL, Object(Config\Cache), false)
#8 D:\Project Tugas Akhir\pusbinter\public\index.php(44): CodeIgniter\CodeIgniter->run()
#9 D:\Project Tugas Akhir\pusbinter\system\Commands\Server\rewrite.php(45): require_once('D:\\Project Tuga...')
#10 {main}
CRITICAL - 2021-03-14 08:53:21 --> Trying to get property 'id_golongan' of non-object
#0 D:\Project Tugas Akhir\pusbinter\app\Views\penerjemah.php(161): CodeIgniter\Debug\Exceptions->errorHandler(8, 'Trying to get p...', 'D:\\Project Tuga...', 161, Array)
#1 D:\Project Tugas Akhir\pusbinter\system\View\View.php(220): include('D:\\Project Tuga...')
#2 D:\Project Tugas Akhir\pusbinter\system\View\View.php(222): CodeIgniter\View\View->CodeIgniter\View\{closure}()
#3 D:\Project Tugas Akhir\pusbinter\system\Common.php(1217): CodeIgniter\View\View->render('penerjemah', Array, true)
#4 D:\Project Tugas Akhir\pusbinter\app\Controllers\Penerjemah.php(23): view('penerjemah', Array)
#5 D:\Project Tugas Akhir\pusbinter\system\CodeIgniter.php(936): App\Controllers\Penerjemah->index()
#6 D:\Project Tugas Akhir\pusbinter\system\CodeIgniter.php(432): CodeIgniter\CodeIgniter->runController(Object(App\Controllers\Penerjemah))
#7 D:\Project Tugas Akhir\pusbinter\system\CodeIgniter.php(333): CodeIgniter\CodeIgniter->handleRequest(NULL, Object(Config\Cache), false)
#8 D:\Project Tugas Akhir\pusbinter\public\index.php(44): CodeIgniter\CodeIgniter->run()
#9 D:\Project Tugas Akhir\pusbinter\system\Commands\Server\rewrite.php(45): require_once('D:\\Project Tuga...')
#10 {main}
CRITICAL - 2021-03-14 08:55:33 --> Trying to get property 'id_instansi' of non-object
#0 D:\Project Tugas Akhir\pusbinter\app\Views\penerjemah.php(192): CodeIgniter\Debug\Exceptions->errorHandler(8, 'Trying to get p...', 'D:\\Project Tuga...', 192, Array)
#1 D:\Project Tugas Akhir\pusbinter\system\View\View.php(220): include('D:\\Project Tuga...')
#2 D:\Project Tugas Akhir\pusbinter\system\View\View.php(222): CodeIgniter\View\View->CodeIgniter\View\{closure}()
#3 D:\Project Tugas Akhir\pusbinter\system\Common.php(1217): CodeIgniter\View\View->render('penerjemah', Array, true)
#4 D:\Project Tugas Akhir\pusbinter\app\Controllers\Penerjemah.php(23): view('penerjemah', Array)
#5 D:\Project Tugas Akhir\pusbinter\system\CodeIgniter.php(936): App\Controllers\Penerjemah->index()
#6 D:\Project Tugas Akhir\pusbinter\system\CodeIgniter.php(432): CodeIgniter\CodeIgniter->runController(Object(App\Controllers\Penerjemah))
#7 D:\Project Tugas Akhir\pusbinter\system\CodeIgniter.php(333): CodeIgniter\CodeIgniter->handleRequest(NULL, Object(Config\Cache), false)
#8 D:\Project Tugas Akhir\pusbinter\public\index.php(44): CodeIgniter\CodeIgniter->run()
#9 D:\Project Tugas Akhir\pusbinter\system\Commands\Server\rewrite.php(45): require_once('D:\\Project Tuga...')
#10 {main}
CRITICAL - 2021-03-14 08:57:24 --> Trying to get property 'nip' of non-object
#0 D:\Project Tugas Akhir\pusbinter\app\Views\penerjemah.php(225): CodeIgniter\Debug\Exceptions->errorHandler(8, 'Trying to get p...', 'D:\\Project Tuga...', 225, Array)
#1 D:\Project Tugas Akhir\pusbinter\system\View\View.php(220): include('D:\\Project Tuga...')
#2 D:\Project Tugas Akhir\pusbinter\system\View\View.php(222): CodeIgniter\View\View->CodeIgniter\View\{closure}()
#3 D:\Project Tugas Akhir\pusbinter\system\Common.php(1217): CodeIgniter\View\View->render('penerjemah', Array, true)
#4 D:\Project Tugas Akhir\pusbinter\app\Controllers\Penerjemah.php(23): view('penerjemah', Array)
#5 D:\Project Tugas Akhir\pusbinter\system\CodeIgniter.php(936): App\Controllers\Penerjemah->index()
#6 D:\Project Tugas Akhir\pusbinter\system\CodeIgniter.php(432): CodeIgniter\CodeIgniter->runController(Object(App\Controllers\Penerjemah))
#7 D:\Project Tugas Akhir\pusbinter\system\CodeIgniter.php(333): CodeIgniter\CodeIgniter->handleRequest(NULL, Object(Config\Cache), false)
#8 D:\Project Tugas Akhir\pusbinter\public\index.php(44): CodeIgniter\CodeIgniter->run()
#9 D:\Project Tugas Akhir\pusbinter\system\Commands\Server\rewrite.php(45): require_once('D:\\Project Tuga...')
#10 {main}
CRITICAL - 2021-03-14 10:59:19 --> Undefined index: tmtgol
#0 D:\Project Tugas Akhir\pusbinter\app\Views\penerjemah.php(263): CodeIgniter\Debug\Exceptions->errorHandler(8, 'Undefined index...', 'D:\\Project Tuga...', 263, Array)
#1 D:\Project Tugas Akhir\pusbinter\system\View\View.php(220): include('D:\\Project Tuga...')
#2 D:\Project Tugas Akhir\pusbinter\system\View\View.php(222): CodeIgniter\View\View->CodeIgniter\View\{closure}()
#3 D:\Project Tugas Akhir\pusbinter\system\Common.php(1217): CodeIgniter\View\View->render('penerjemah', Array, true)
#4 D:\Project Tugas Akhir\pusbinter\app\Controllers\Penerjemah.php(23): view('penerjemah', Array)
#5 D:\Project Tugas Akhir\pusbinter\system\CodeIgniter.php(936): App\Controllers\Penerjemah->index()
#6 D:\Project Tugas Akhir\pusbinter\system\CodeIgniter.php(432): CodeIgniter\CodeIgniter->runController(Object(App\Controllers\Penerjemah))
#7 D:\Project Tugas Akhir\pusbinter\system\CodeIgniter.php(333): CodeIgniter\CodeIgniter->handleRequest(NULL, Object(Config\Cache), false)
#8 D:\Project Tugas Akhir\pusbinter\public\index.php(44): CodeIgniter\CodeIgniter->run()
#9 D:\Project Tugas Akhir\pusbinter\system\Commands\Server\rewrite.php(45): require_once('D:\\Project Tuga...')
#10 {main}
CRITICAL - 2021-03-14 11:01:28 --> Undefined index: jabatan
#0 D:\Project Tugas Akhir\pusbinter\app\Views\penerjemah.php(268): CodeIgniter\Debug\Exceptions->errorHandler(8, 'Undefined index...', 'D:\\Project Tuga...', 268, Array)
#1 D:\Project Tugas Akhir\pusbinter\system\View\View.php(220): include('D:\\Project Tuga...')
#2 D:\Project Tugas Akhir\pusbinter\system\View\View.php(222): CodeIgniter\View\View->CodeIgniter\View\{closure}()
#3 D:\Project Tugas Akhir\pusbinter\system\Common.php(1217): CodeIgniter\View\View->render('penerjemah', Array, true)
#4 D:\Project Tugas Akhir\pusbinter\app\Controllers\Penerjemah.php(23): view('penerjemah', Array)
#5 D:\Project Tugas Akhir\pusbinter\system\CodeIgniter.php(936): App\Controllers\Penerjemah->index()
#6 D:\Project Tugas Akhir\pusbinter\system\CodeIgniter.php(432): CodeIgniter\CodeIgniter->runController(Object(App\Controllers\Penerjemah))
#7 D:\Project Tugas Akhir\pusbinter\system\CodeIgniter.php(333): CodeIgniter\CodeIgniter->handleRequest(NULL, Object(Config\Cache), false)
#8 D:\Project Tugas Akhir\pusbinter\public\index.php(44): CodeIgniter\CodeIgniter->run()
#9 D:\Project Tugas Akhir\pusbinter\system\Commands\Server\rewrite.php(45): require_once('D:\\Project Tuga...')
#10 {main}
CRITICAL - 2021-03-14 11:02:58 --> Undefined index: tmtgol
#0 D:\Project Tugas Akhir\pusbinter\app\Views\penerjemah.php(263): CodeIgniter\Debug\Exceptions->errorHandler(8, 'Undefined index...', 'D:\\Project Tuga...', 263, Array)
#1 D:\Project Tugas Akhir\pusbinter\system\View\View.php(220): include('D:\\Project Tuga...')
#2 D:\Project Tugas Akhir\pusbinter\system\View\View.php(222): CodeIgniter\View\View->CodeIgniter\View\{closure}()
#3 D:\Project Tugas Akhir\pusbinter\system\Common.php(1217): CodeIgniter\View\View->render('penerjemah', Array, true)
#4 D:\Project Tugas Akhir\pusbinter\app\Controllers\Penerjemah.php(23): view('penerjemah', Array)
#5 D:\Project Tugas Akhir\pusbinter\system\CodeIgniter.php(936): App\Controllers\Penerjemah->index()
#6 D:\Project Tugas Akhir\pusbinter\system\CodeIgniter.php(432): CodeIgniter\CodeIgniter->runController(Object(App\Controllers\Penerjemah))
#7 D:\Project Tugas Akhir\pusbinter\system\CodeIgniter.php(333): CodeIgniter\CodeIgniter->handleRequest(NULL, Object(Config\Cache), false)
#8 D:\Project Tugas Akhir\pusbinter\public\index.php(44): CodeIgniter\CodeIgniter->run()
#9 D:\Project Tugas Akhir\pusbinter\system\Commands\Server\rewrite.php(45): require_once('D:\\Project Tuga...')
#10 {main}
CRITICAL - 2021-03-14 11:05:55 --> Undefined index: tmtgol
#0 D:\Project Tugas Akhir\pusbinter\app\Views\penerjemah.php(265): CodeIgniter\Debug\Exceptions->errorHandler(8, 'Undefined index...', 'D:\\Project Tuga...', 265, Array)
#1 D:\Project Tugas Akhir\pusbinter\system\View\View.php(220): include('D:\\Project Tuga...')
#2 D:\Project Tugas Akhir\pusbinter\system\View\View.php(222): CodeIgniter\View\View->CodeIgniter\View\{closure}()
#3 D:\Project Tugas Akhir\pusbinter\system\Common.php(1217): CodeIgniter\View\View->render('penerjemah', Array, true)
#4 D:\Project Tugas Akhir\pusbinter\app\Controllers\Penerjemah.php(23): view('penerjemah', Array)
#5 D:\Project Tugas Akhir\pusbinter\system\CodeIgniter.php(936): App\Controllers\Penerjemah->index()
#6 D:\Project Tugas Akhir\pusbinter\system\CodeIgniter.php(432): CodeIgniter\CodeIgniter->runController(Object(App\Controllers\Penerjemah))
#7 D:\Project Tugas Akhir\pusbinter\system\CodeIgniter.php(333): CodeIgniter\CodeIgniter->handleRequest(NULL, Object(Config\Cache), false)
#8 D:\Project Tugas Akhir\pusbinter\public\index.php(44): CodeIgniter\CodeIgniter->run()
#9 D:\Project Tugas Akhir\pusbinter\system\Commands\Server\rewrite.php(45): require_once('D:\\Project Tuga...')
#10 {main}
CRITICAL - 2021-03-14 11:08:44 --> Trying to get property 'id_instansi' of non-object
#0 D:\Project Tugas Akhir\pusbinter\app\Views\penerjemah.php(258): CodeIgniter\Debug\Exceptions->errorHandler(8, 'Trying to get p...', 'D:\\Project Tuga...', 258, Array)
#1 D:\Project Tugas Akhir\pusbinter\system\View\View.php(220): include('D:\\Project Tuga...')
#2 D:\Project Tugas Akhir\pusbinter\system\View\View.php(222): CodeIgniter\View\View->CodeIgniter\View\{closure}()
#3 D:\Project Tugas Akhir\pusbinter\system\Common.php(1217): CodeIgniter\View\View->render('penerjemah', Array, true)
#4 D:\Project Tugas Akhir\pusbinter\app\Controllers\Penerjemah.php(23): view('penerjemah', Array)
#5 D:\Project Tugas Akhir\pusbinter\system\CodeIgniter.php(936): App\Controllers\Penerjemah->index()
#6 D:\Project Tugas Akhir\pusbinter\system\CodeIgniter.php(432): CodeIgniter\CodeIgniter->runController(Object(App\Controllers\Penerjemah))
#7 D:\Project Tugas Akhir\pusbinter\system\CodeIgniter.php(333): CodeIgniter\CodeIgniter->handleRequest(NULL, Object(Config\Cache), false)
#8 D:\Project Tugas Akhir\pusbinter\public\index.php(44): CodeIgniter\CodeIgniter->run()
#9 D:\Project Tugas Akhir\pusbinter\system\Commands\Server\rewrite.php(45): require_once('D:\\Project Tuga...')
#10 {main}
CRITICAL - 2021-03-14 11:09:25 --> Undefined index: tmtgol
#0 D:\Project Tugas Akhir\pusbinter\app\Views\penerjemah.php(265): CodeIgniter\Debug\Exceptions->errorHandler(8, 'Undefined index...', 'D:\\Project Tuga...', 265, Array)
#1 D:\Project Tugas Akhir\pusbinter\system\View\View.php(220): include('D:\\Project Tuga...')
#2 D:\Project Tugas Akhir\pusbinter\system\View\View.php(222): CodeIgniter\View\View->CodeIgniter\View\{closure}()
#3 D:\Project Tugas Akhir\pusbinter\system\Common.php(1217): CodeIgniter\View\View->render('penerjemah', Array, true)
#4 D:\Project Tugas Akhir\pusbinter\app\Controllers\Penerjemah.php(23): view('penerjemah', Array)
#5 D:\Project Tugas Akhir\pusbinter\system\CodeIgniter.php(936): App\Controllers\Penerjemah->index()
#6 D:\Project Tugas Akhir\pusbinter\system\CodeIgniter.php(432): CodeIgniter\CodeIgniter->runController(Object(App\Controllers\Penerjemah))
#7 D:\Project Tugas Akhir\pusbinter\system\CodeIgniter.php(333): CodeIgniter\CodeIgniter->handleRequest(NULL, Object(Config\Cache), false)
#8 D:\Project Tugas Akhir\pusbinter\public\index.php(44): CodeIgniter\CodeIgniter->run()
#9 D:\Project Tugas Akhir\pusbinter\system\Commands\Server\rewrite.php(45): require_once('D:\\Project Tuga...')
#10 {main}
CRITICAL - 2021-03-14 11:11:44 --> Undefined index: tmtgol
#0 D:\Project Tugas Akhir\pusbinter\app\Views\penerjemah.php(265): CodeIgniter\Debug\Exceptions->errorHandler(8, 'Undefined index...', 'D:\\Project Tuga...', 265, Array)
#1 D:\Project Tugas Akhir\pusbinter\system\View\View.php(220): include('D:\\Project Tuga...')
#2 D:\Project Tugas Akhir\pusbinter\system\View\View.php(222): CodeIgniter\View\View->CodeIgniter\View\{closure}()
#3 D:\Project Tugas Akhir\pusbinter\system\Common.php(1217): CodeIgniter\View\View->render('penerjemah', Array, true)
#4 D:\Project Tugas Akhir\pusbinter\app\Controllers\Penerjemah.php(23): view('penerjemah', Array)
#5 D:\Project Tugas Akhir\pusbinter\system\CodeIgniter.php(936): App\Controllers\Penerjemah->index()
#6 D:\Project Tugas Akhir\pusbinter\system\CodeIgniter.php(432): CodeIgniter\CodeIgniter->runController(Object(App\Controllers\Penerjemah))
#7 D:\Project Tugas Akhir\pusbinter\system\CodeIgniter.php(333): CodeIgniter\CodeIgniter->handleRequest(NULL, Object(Config\Cache), false)
#8 D:\Project Tugas Akhir\pusbinter\public\index.php(44): CodeIgniter\CodeIgniter->run()
#9 D:\Project Tugas Akhir\pusbinter\system\Commands\Server\rewrite.php(45): require_once('D:\\Project Tuga...')
#10 {main}
CRITICAL - 2021-03-14 11:11:45 --> Undefined index: tmtgol
#0 D:\Project Tugas Akhir\pusbinter\app\Views\penerjemah.php(265): CodeIgniter\Debug\Exceptions->errorHandler(8, 'Undefined index...', 'D:\\Project Tuga...', 265, Array)
#1 D:\Project Tugas Akhir\pusbinter\system\View\View.php(220): include('D:\\Project Tuga...')
#2 D:\Project Tugas Akhir\pusbinter\system\View\View.php(222): CodeIgniter\View\View->CodeIgniter\View\{closure}()
#3 D:\Project Tugas Akhir\pusbinter\system\Common.php(1217): CodeIgniter\View\View->render('penerjemah', Array, true)
#4 D:\Project Tugas Akhir\pusbinter\app\Controllers\Penerjemah.php(23): view('penerjemah', Array)
#5 D:\Project Tugas Akhir\pusbinter\system\CodeIgniter.php(936): App\Controllers\Penerjemah->index()
#6 D:\Project Tugas Akhir\pusbinter\system\CodeIgniter.php(432): CodeIgniter\CodeIgniter->runController(Object(App\Controllers\Penerjemah))
#7 D:\Project Tugas Akhir\pusbinter\system\CodeIgniter.php(333): CodeIgniter\CodeIgniter->handleRequest(NULL, Object(Config\Cache), false)
#8 D:\Project Tugas Akhir\pusbinter\public\index.php(44): CodeIgniter\CodeIgniter->run()
#9 D:\Project Tugas Akhir\pusbinter\system\Commands\Server\rewrite.php(45): require_once('D:\\Project Tuga...')
#10 {main}
CRITICAL - 2021-03-14 11:11:46 --> Undefined index: tmtgol
#0 D:\Project Tugas Akhir\pusbinter\app\Views\penerjemah.php(265): CodeIgniter\Debug\Exceptions->errorHandler(8, 'Undefined index...', 'D:\\Project Tuga...', 265, Array)
#1 D:\Project Tugas Akhir\pusbinter\system\View\View.php(220): include('D:\\Project Tuga...')
#2 D:\Project Tugas Akhir\pusbinter\system\View\View.php(222): CodeIgniter\View\View->CodeIgniter\View\{closure}()
#3 D:\Project Tugas Akhir\pusbinter\system\Common.php(1217): CodeIgniter\View\View->render('penerjemah', Array, true)
#4 D:\Project Tugas Akhir\pusbinter\app\Controllers\Penerjemah.php(23): view('penerjemah', Array)
#5 D:\Project Tugas Akhir\pusbinter\system\CodeIgniter.php(936): App\Controllers\Penerjemah->index()
#6 D:\Project Tugas Akhir\pusbinter\system\CodeIgniter.php(432): CodeIgniter\CodeIgniter->runController(Object(App\Controllers\Penerjemah))
#7 D:\Project Tugas Akhir\pusbinter\system\CodeIgniter.php(333): CodeIgniter\CodeIgniter->handleRequest(NULL, Object(Config\Cache), false)
#8 D:\Project Tugas Akhir\pusbinter\public\index.php(44): CodeIgniter\CodeIgniter->run()
#9 D:\Project Tugas Akhir\pusbinter\system\Commands\Server\rewrite.php(45): require_once('D:\\Project Tuga...')
#10 {main}
CRITICAL - 2021-03-14 11:11:47 --> Undefined index: tmtgol
#0 D:\Project Tugas Akhir\pusbinter\app\Views\penerjemah.php(265): CodeIgniter\Debug\Exceptions->errorHandler(8, 'Undefined index...', 'D:\\Project Tuga...', 265, Array)
#1 D:\Project Tugas Akhir\pusbinter\system\View\View.php(220): include('D:\\Project Tuga...')
#2 D:\Project Tugas Akhir\pusbinter\system\View\View.php(222): CodeIgniter\View\View->CodeIgniter\View\{closure}()
#3 D:\Project Tugas Akhir\pusbinter\system\Common.php(1217): CodeIgniter\View\View->render('penerjemah', Array, true)
#4 D:\Project Tugas Akhir\pusbinter\app\Controllers\Penerjemah.php(23): view('penerjemah', Array)
#5 D:\Project Tugas Akhir\pusbinter\system\CodeIgniter.php(936): App\Controllers\Penerjemah->index()
#6 D:\Project Tugas Akhir\pusbinter\system\CodeIgniter.php(432): CodeIgniter\CodeIgniter->runController(Object(App\Controllers\Penerjemah))
#7 D:\Project Tugas Akhir\pusbinter\system\CodeIgniter.php(333): CodeIgniter\CodeIgniter->handleRequest(NULL, Object(Config\Cache), false)
#8 D:\Project Tugas Akhir\pusbinter\public\index.php(44): CodeIgniter\CodeIgniter->run()
#9 D:\Project Tugas Akhir\pusbinter\system\Commands\Server\rewrite.php(45): require_once('D:\\Project Tuga...')
#10 {main}
ERROR - 2021-03-14 11:29:28 --> mysqli_sql_exception: Cannot add or update a child row: a foreign key constraint fails (`pusbinter`.`terjemah`, CONSTRAINT `id_golongan` FOREIGN KEY (`id_golongan`) REFERENCES `golongan` (`id_golongan`) ON DELETE CASCADE ON UPDATE CASCADE) in D:\Project Tugas Akhir\pusbinter\system\Database\MySQLi\Connection.php:314
Stack trace:
#0 D:\Project Tugas Akhir\pusbinter\system\Database\MySQLi\Connection.php(314): mysqli->query('UPDATE `terjema...')
#1 D:\Project Tugas Akhir\pusbinter\system\Database\BaseConnection.php(713): CodeIgniter\Database\MySQLi\Connection->execute('UPDATE `terjema...')
#2 D:\Project Tugas Akhir\pusbinter\system\Database\BaseConnection.php(641): CodeIgniter\Database\BaseConnection->simpleQuery('UPDATE `terjema...')
#3 D:\Project Tugas Akhir\pusbinter\system\Database\BaseBuilder.php(2468): CodeIgniter\Database\BaseConnection->query('UPDATE `terjema...', Array, false)
#4 D:\Project Tugas Akhir\pusbinter\app\Models\Penerjemah_m.php(42): CodeIgniter\Database\BaseBuilder->update(Array, Array)
#5 D:\Project Tugas Akhir\pusbinter\app\Controllers\Penerjemah.php(69): App\Models\Penerjemah_m->updatePenerjemah(Array, '9')
#6 D:\Project Tugas Akhir\pusbinter\system\CodeIgniter.php(936): App\Controllers\Penerjemah->update('9')
#7 D:\Project Tugas Akhir\pusbinter\system\CodeIgniter.php(432): CodeIgniter\CodeIgniter->runController(Object(App\Controllers\Penerjemah))
#8 D:\Project Tugas Akhir\pusbinter\system\CodeIgniter.php(333): CodeIgniter\CodeIgniter->handleRequest(NULL, Object(Config\Cache), false)
#9 D:\Project Tugas Akhir\pusbinter\public\index.php(44): CodeIgniter\CodeIgniter->run()
#10 D:\Project Tugas Akhir\pusbinter\system\Commands\Server\rewrite.php(45): require_once('D:\\Project Tuga...')
#11 {main}
CRITICAL - 2021-03-14 11:29:28 --> Cannot add or update a child row: a foreign key constraint fails (`pusbinter`.`terjemah`, CONSTRAINT `id_golongan` FOREIGN KEY (`id_golongan`) REFERENCES `golongan` (`id_golongan`) ON DELETE CASCADE ON UPDATE CASCADE)
#0 D:\Project Tugas Akhir\pusbinter\system\Database\MySQLi\Connection.php(314): mysqli->query('UPDATE `terjema...')
#1 D:\Project Tugas Akhir\pusbinter\system\Database\BaseConnection.php(713): CodeIgniter\Database\MySQLi\Connection->execute('UPDATE `terjema...')
#2 D:\Project Tugas Akhir\pusbinter\system\Database\BaseConnection.php(641): CodeIgniter\Database\BaseConnection->simpleQuery('UPDATE `terjema...')
#3 D:\Project Tugas Akhir\pusbinter\system\Database\BaseBuilder.php(2468): CodeIgniter\Database\BaseConnection->query('UPDATE `terjema...', Array, false)
#4 D:\Project Tugas Akhir\pusbinter\app\Models\Penerjemah_m.php(42): CodeIgniter\Database\BaseBuilder->update(Array, Array)
#5 D:\Project Tugas Akhir\pusbinter\app\Controllers\Penerjemah.php(69): App\Models\Penerjemah_m->updatePenerjemah(Array, '9')
#6 D:\Project Tugas Akhir\pusbinter\system\CodeIgniter.php(936): App\Controllers\Penerjemah->update('9')
#7 D:\Project Tugas Akhir\pusbinter\system\CodeIgniter.php(432): CodeIgniter\CodeIgniter->runController(Object(App\Controllers\Penerjemah))
#8 D:\Project Tugas Akhir\pusbinter\system\CodeIgniter.php(333): CodeIgniter\CodeIgniter->handleRequest(NULL, Object(Config\Cache), false)
#9 D:\Project Tugas Akhir\pusbinter\public\index.php(44): CodeIgniter\CodeIgniter->run()
#10 D:\Project Tugas Akhir\pusbinter\system\Commands\Server\rewrite.php(45): require_once('D:\\Project Tuga...')
#11 {main}
ERROR - 2021-03-14 11:29:48 --> mysqli_sql_exception: Cannot add or update a child row: a foreign key constraint fails (`pusbinter`.`terjemah`, CONSTRAINT `id_golongan` FOREIGN KEY (`id_golongan`) REFERENCES `golongan` (`id_golongan`) ON DELETE CASCADE ON UPDATE CASCADE) in D:\Project Tugas Akhir\pusbinter\system\Database\MySQLi\Connection.php:314
Stack trace:
#0 D:\Project Tugas Akhir\pusbinter\system\Database\MySQLi\Connection.php(314): mysqli->query('UPDATE `terjema...')
#1 D:\Project Tugas Akhir\pusbinter\system\Database\BaseConnection.php(713): CodeIgniter\Database\MySQLi\Connection->execute('UPDATE `terjema...')
#2 D:\Project Tugas Akhir\pusbinter\system\Database\BaseConnection.php(641): CodeIgniter\Database\BaseConnection->simpleQuery('UPDATE `terjema...')
#3 D:\Project Tugas Akhir\pusbinter\system\Database\BaseBuilder.php(2468): CodeIgniter\Database\BaseConnection->query('UPDATE `terjema...', Array, false)
#4 D:\Project Tugas Akhir\pusbinter\app\Models\Penerjemah_m.php(42): CodeIgniter\Database\BaseBuilder->update(Array, Array)
#5 D:\Project Tugas Akhir\pusbinter\app\Controllers\Penerjemah.php(69): App\Models\Penerjemah_m->updatePenerjemah(Array, '9')
#6 D:\Project Tugas Akhir\pusbinter\system\CodeIgniter.php(936): App\Controllers\Penerjemah->update('9')
#7 D:\Project Tugas Akhir\pusbinter\system\CodeIgniter.php(432): CodeIgniter\CodeIgniter->runController(Object(App\Controllers\Penerjemah))
#8 D:\Project Tugas Akhir\pusbinter\system\CodeIgniter.php(333): CodeIgniter\CodeIgniter->handleRequest(NULL, Object(Config\Cache), false)
#9 D:\Project Tugas Akhir\pusbinter\public\index.php(44): CodeIgniter\CodeIgniter->run()
#10 D:\Project Tugas Akhir\pusbinter\system\Commands\Server\rewrite.php(45): require_once('D:\\Project Tuga...')
#11 {main}
CRITICAL - 2021-03-14 11:29:48 --> Cannot add or update a child row: a foreign key constraint fails (`pusbinter`.`terjemah`, CONSTRAINT `id_golongan` FOREIGN KEY (`id_golongan`) REFERENCES `golongan` (`id_golongan`) ON DELETE CASCADE ON UPDATE CASCADE)
#0 D:\Project Tugas Akhir\pusbinter\system\Database\MySQLi\Connection.php(314): mysqli->query('UPDATE `terjema...')
#1 D:\Project Tugas Akhir\pusbinter\system\Database\BaseConnection.php(713): CodeIgniter\Database\MySQLi\Connection->execute('UPDATE `terjema...')
#2 D:\Project Tugas Akhir\pusbinter\system\Database\BaseConnection.php(641): CodeIgniter\Database\BaseConnection->simpleQuery('UPDATE `terjema...')
#3 D:\Project Tugas Akhir\pusbinter\system\Database\BaseBuilder.php(2468): CodeIgniter\Database\BaseConnection->query('UPDATE `terjema...', Array, false)
#4 D:\Project Tugas Akhir\pusbinter\app\Models\Penerjemah_m.php(42): CodeIgniter\Database\BaseBuilder->update(Array, Array)
#5 D:\Project Tugas Akhir\pusbinter\app\Controllers\Penerjemah.php(69): App\Models\Penerjemah_m->updatePenerjemah(Array, '9')
#6 D:\Project Tugas Akhir\pusbinter\system\CodeIgniter.php(936): App\Controllers\Penerjemah->update('9')
#7 D:\Project Tugas Akhir\pusbinter\system\CodeIgniter.php(432): CodeIgniter\CodeIgniter->runController(Object(App\Controllers\Penerjemah))
#8 D:\Project Tugas Akhir\pusbinter\system\CodeIgniter.php(333): CodeIgniter\CodeIgniter->handleRequest(NULL, Object(Config\Cache), false)
#9 D:\Project Tugas Akhir\pusbinter\public\index.php(44): CodeIgniter\CodeIgniter->run()
#10 D:\Project Tugas Akhir\pusbinter\system\Commands\Server\rewrite.php(45): require_once('D:\\Project Tuga...')
#11 {main}
ERROR - 2021-03-14 11:30:22 --> mysqli_sql_exception: Cannot add or update a child row: a foreign key constraint fails (`pusbinter`.`terjemah`, CONSTRAINT `id_golongan` FOREIGN KEY (`id_golongan`) REFERENCES `golongan` (`id_golongan`) ON DELETE CASCADE ON UPDATE CASCADE) in D:\Project Tugas Akhir\pusbinter\system\Database\MySQLi\Connection.php:314
Stack trace:
#0 D:\Project Tugas Akhir\pusbinter\system\Database\MySQLi\Connection.php(314): mysqli->query('UPDATE `terjema...')
#1 D:\Project Tugas Akhir\pusbinter\system\Database\BaseConnection.php(713): CodeIgniter\Database\MySQLi\Connection->execute('UPDATE `terjema...')
#2 D:\Project Tugas Akhir\pusbinter\system\Database\BaseConnection.php(641): CodeIgniter\Database\BaseConnection->simpleQuery('UPDATE `terjema...')
#3 D:\Project Tugas Akhir\pusbinter\system\Database\BaseBuilder.php(2468): CodeIgniter\Database\BaseConnection->query('UPDATE `terjema...', Array, false)
#4 D:\Project Tugas Akhir\pusbinter\app\Models\Penerjemah_m.php(42): CodeIgniter\Database\BaseBuilder->update(Array, Array)
#5 D:\Project Tugas Akhir\pusbinter\app\Controllers\Penerjemah.php(69): App\Models\Penerjemah_m->updatePenerjemah(Array, '9')
#6 D:\Project Tugas Akhir\pusbinter\system\CodeIgniter.php(936): App\Controllers\Penerjemah->update('9')
#7 D:\Project Tugas Akhir\pusbinter\system\CodeIgniter.php(432): CodeIgniter\CodeIgniter->runController(Object(App\Controllers\Penerjemah))
#8 D:\Project Tugas Akhir\pusbinter\system\CodeIgniter.php(333): CodeIgniter\CodeIgniter->handleRequest(NULL, Object(Config\Cache), false)
#9 D:\Project Tugas Akhir\pusbinter\public\index.php(44): CodeIgniter\CodeIgniter->run()
#10 D:\Project Tugas Akhir\pusbinter\system\Commands\Server\rewrite.php(45): require_once('D:\\Project Tuga...')
#11 {main}
CRITICAL - 2021-03-14 11:30:22 --> Cannot add or update a child row: a foreign key constraint fails (`pusbinter`.`terjemah`, CONSTRAINT `id_golongan` FOREIGN KEY (`id_golongan`) REFERENCES `golongan` (`id_golongan`) ON DELETE CASCADE ON UPDATE CASCADE)
#0 D:\Project Tugas Akhir\pusbinter\system\Database\MySQLi\Connection.php(314): mysqli->query('UPDATE `terjema...')
#1 D:\Project Tugas Akhir\pusbinter\system\Database\BaseConnection.php(713): CodeIgniter\Database\MySQLi\Connection->execute('UPDATE `terjema...')
#2 D:\Project Tugas Akhir\pusbinter\system\Database\BaseConnection.php(641): CodeIgniter\Database\BaseConnection->simpleQuery('UPDATE `terjema...')
#3 D:\Project Tugas Akhir\pusbinter\system\Database\BaseBuilder.php(2468): CodeIgniter\Database\BaseConnection->query('UPDATE `terjema...', Array, false)
#4 D:\Project Tugas Akhir\pusbinter\app\Models\Penerjemah_m.php(42): CodeIgniter\Database\BaseBuilder->update(Array, Array)
#5 D:\Project Tugas Akhir\pusbinter\app\Controllers\Penerjemah.php(69): App\Models\Penerjemah_m->updatePenerjemah(Array, '9')
#6 D:\Project Tugas Akhir\pusbinter\system\CodeIgniter.php(936): App\Controllers\Penerjemah->update('9')
#7 D:\Project Tugas Akhir\pusbinter\system\CodeIgniter.php(432): CodeIgniter\CodeIgniter->runController(Object(App\Controllers\Penerjemah))
#8 D:\Project Tugas Akhir\pusbinter\system\CodeIgniter.php(333): CodeIgniter\CodeIgniter->handleRequest(NULL, Object(Config\Cache), false)
#9 D:\Project Tugas Akhir\pusbinter\public\index.php(44): CodeIgniter\CodeIgniter->run()
#10 D:\Project Tugas Akhir\pusbinter\system\Commands\Server\rewrite.php(45): require_once('D:\\Project Tuga...')
#11 {main}
CRITICAL - 2021-03-14 11:33:12 --> Undefined variable: ins
#0 D:\Project Tugas Akhir\pusbinter\app\Views\penerjemah.php(284): CodeIgniter\Debug\Exceptions->errorHandler(8, 'Undefined varia...', 'D:\\Project Tuga...', 284, Array)
#1 D:\Project Tugas Akhir\pusbinter\system\View\View.php(220): include('D:\\Project Tuga...')
#2 D:\Project Tugas Akhir\pusbinter\system\View\View.php(222): CodeIgniter\View\View->CodeIgniter\View\{closure}()
#3 D:\Project Tugas Akhir\pusbinter\system\Common.php(1217): CodeIgniter\View\View->render('penerjemah', Array, true)
#4 D:\Project Tugas Akhir\pusbinter\app\Controllers\Penerjemah.php(23): view('penerjemah', Array)
#5 D:\Project Tugas Akhir\pusbinter\system\CodeIgniter.php(936): App\Controllers\Penerjemah->index()
#6 D:\Project Tugas Akhir\pusbinter\system\CodeIgniter.php(432): CodeIgniter\CodeIgniter->runController(Object(App\Controllers\Penerjemah))
#7 D:\Project Tugas Akhir\pusbinter\system\CodeIgniter.php(333): CodeIgniter\CodeIgniter->handleRequest(NULL, Object(Config\Cache), false)
#8 D:\Project Tugas Akhir\pusbinter\public\index.php(44): CodeIgniter\CodeIgniter->run()
#9 D:\Project Tugas Akhir\pusbinter\system\Commands\Server\rewrite.php(45): require_once('D:\\Project Tuga...')
#10 {main}
ERROR - 2021-03-14 11:34:30 --> mysqli_sql_exception: Cannot add or update a child row: a foreign key constraint fails (`pusbinter`.`terjemah`, CONSTRAINT `id_golongan` FOREIGN KEY (`id_golongan`) REFERENCES `golongan` (`id_golongan`) ON DELETE CASCADE ON UPDATE CASCADE) in D:\Project Tugas Akhir\pusbinter\system\Database\MySQLi\Connection.php:314
Stack trace:
#0 D:\Project Tugas Akhir\pusbinter\system\Database\MySQLi\Connection.php(314): mysqli->query('UPDATE `terjema...')
#1 D:\Project Tugas Akhir\pusbinter\system\Database\BaseConnection.php(713): CodeIgniter\Database\MySQLi\Connection->execute('UPDATE `terjema...')
#2 D:\Project Tugas Akhir\pusbinter\system\Database\BaseConnection.php(641): CodeIgniter\Database\BaseConnection->simpleQuery('UPDATE `terjema...')
#3 D:\Project Tugas Akhir\pusbinter\system\Database\BaseBuilder.php(2468): CodeIgniter\Database\BaseConnection->query('UPDATE `terjema...', Array, false)
#4 D:\Project Tugas Akhir\pusbinter\app\Models\Penerjemah_m.php(42): CodeIgniter\Database\BaseBuilder->update(Array, Array)
#5 D:\Project Tugas Akhir\pusbinter\app\Controllers\Penerjemah.php(69): App\Models\Penerjemah_m->updatePenerjemah(Array, '9')
#6 D:\Project Tugas Akhir\pusbinter\system\CodeIgniter.php(936): App\Controllers\Penerjemah->update('9')
#7 D:\Project Tugas Akhir\pusbinter\system\CodeIgniter.php(432): CodeIgniter\CodeIgniter->runController(Object(App\Controllers\Penerjemah))
#8 D:\Project Tugas Akhir\pusbinter\system\CodeIgniter.php(333): CodeIgniter\CodeIgniter->handleRequest(NULL, Object(Config\Cache), false)
#9 D:\Project Tugas Akhir\pusbinter\public\index.php(44): CodeIgniter\CodeIgniter->run()
#10 D:\Project Tugas Akhir\pusbinter\system\Commands\Server\rewrite.php(45): require_once('D:\\Project Tuga...')
#11 {main}
CRITICAL - 2021-03-14 11:34:30 --> Cannot add or update a child row: a foreign key constraint fails (`pusbinter`.`terjemah`, CONSTRAINT `id_golongan` FOREIGN KEY (`id_golongan`) REFERENCES `golongan` (`id_golongan`) ON DELETE CASCADE ON UPDATE CASCADE)
#0 D:\Project Tugas Akhir\pusbinter\system\Database\MySQLi\Connection.php(314): mysqli->query('UPDATE `terjema...')
#1 D:\Project Tugas Akhir\pusbinter\system\Database\BaseConnection.php(713): CodeIgniter\Database\MySQLi\Connection->execute('UPDATE `terjema...')
#2 D:\Project Tugas Akhir\pusbinter\system\Database\BaseConnection.php(641): CodeIgniter\Database\BaseConnection->simpleQuery('UPDATE `terjema...')
#3 D:\Project Tugas Akhir\pusbinter\system\Database\BaseBuilder.php(2468): CodeIgniter\Database\BaseConnection->query('UPDATE `terjema...', Array, false)
#4 D:\Project Tugas Akhir\pusbinter\app\Models\Penerjemah_m.php(42): CodeIgniter\Database\BaseBuilder->update(Array, Array)
#5 D:\Project Tugas Akhir\pusbinter\app\Controllers\Penerjemah.php(69): App\Models\Penerjemah_m->updatePenerjemah(Array, '9')
#6 D:\Project Tugas Akhir\pusbinter\system\CodeIgniter.php(936): App\Controllers\Penerjemah->update('9')
#7 D:\Project Tugas Akhir\pusbinter\system\CodeIgniter.php(432): CodeIgniter\CodeIgniter->runController(Object(App\Controllers\Penerjemah))
#8 D:\Project Tugas Akhir\pusbinter\system\CodeIgniter.php(333): CodeIgniter\CodeIgniter->handleRequest(NULL, Object(Config\Cache), false)
#9 D:\Project Tugas Akhir\pusbinter\public\index.php(44): CodeIgniter\CodeIgniter->run()
#10 D:\Project Tugas Akhir\pusbinter\system\Commands\Server\rewrite.php(45): require_once('D:\\Project Tuga...')
#11 {main}
CRITICAL - 2021-03-14 11:48:50 --> Trying to get property 'jabatan' of non-object
#0 D:\Project Tugas Akhir\pusbinter\app\Views\penerjemah.php(273): CodeIgniter\Debug\Exceptions->errorHandler(8, 'Trying to get p...', 'D:\\Project Tuga...', 273, Array)
#1 D:\Project Tugas Akhir\pusbinter\system\View\View.php(220): include('D:\\Project Tuga...')
#2 D:\Project Tugas Akhir\pusbinter\system\View\View.php(222): CodeIgniter\View\View->CodeIgniter\View\{closure}()
#3 D:\Project Tugas Akhir\pusbinter\system\Common.php(1217): CodeIgniter\View\View->render('penerjemah', Array, true)
#4 D:\Project Tugas Akhir\pusbinter\app\Controllers\Penerjemah.php(23): view('penerjemah', Array)
#5 D:\Project Tugas Akhir\pusbinter\system\CodeIgniter.php(936): App\Controllers\Penerjemah->index()
#6 D:\Project Tugas Akhir\pusbinter\system\CodeIgniter.php(432): CodeIgniter\CodeIgniter->runController(Object(App\Controllers\Penerjemah))
#7 D:\Project Tugas Akhir\pusbinter\system\CodeIgniter.php(333): CodeIgniter\CodeIgniter->handleRequest(NULL, Object(Config\Cache), false)
#8 D:\Project Tugas Akhir\pusbinter\public\index.php(44): CodeIgniter\CodeIgniter->run()
#9 D:\Project Tugas Akhir\pusbinter\system\Commands\Server\rewrite.php(45): require_once('D:\\Project Tuga...')
#10 {main}
CRITICAL - 2021-03-14 11:49:30 --> Trying to get property 'jabatan' of non-object
#0 D:\Project Tugas Akhir\pusbinter\app\Views\penerjemah.php(273): CodeIgniter\Debug\Exceptions->errorHandler(8, 'Trying to get p...', 'D:\\Project Tuga...', 273, Array)
#1 D:\Project Tugas Akhir\pusbinter\system\View\View.php(220): include('D:\\Project Tuga...')
#2 D:\Project Tugas Akhir\pusbinter\system\View\View.php(222): CodeIgniter\View\View->CodeIgniter\View\{closure}()
#3 D:\Project Tugas Akhir\pusbinter\system\Common.php(1217): CodeIgniter\View\View->render('penerjemah', Array, true)
#4 D:\Project Tugas Akhir\pusbinter\app\Controllers\Penerjemah.php(23): view('penerjemah', Array)
#5 D:\Project Tugas Akhir\pusbinter\system\CodeIgniter.php(936): App\Controllers\Penerjemah->index()
#6 D:\Project Tugas Akhir\pusbinter\system\CodeIgniter.php(432): CodeIgniter\CodeIgniter->runController(Object(App\Controllers\Penerjemah))
#7 D:\Project Tugas Akhir\pusbinter\system\CodeIgniter.php(333): CodeIgniter\CodeIgniter->handleRequest(NULL, Object(Config\Cache), false)
#8 D:\Project Tugas Akhir\pusbinter\public\index.php(44): CodeIgniter\CodeIgniter->run()
#9 D:\Project Tugas Akhir\pusbinter\system\Commands\Server\rewrite.php(45): require_once('D:\\Project Tuga...')
#10 {main}
CRITICAL - 2021-03-14 11:49:32 --> Trying to get property 'jabatan' of non-object
#0 D:\Project Tugas Akhir\pusbinter\app\Views\penerjemah.php(273): CodeIgniter\Debug\Exceptions->errorHandler(8, 'Trying to get p...', 'D:\\Project Tuga...', 273, Array)
#1 D:\Project Tugas Akhir\pusbinter\system\View\View.php(220): include('D:\\Project Tuga...')
#2 D:\Project Tugas Akhir\pusbinter\system\View\View.php(222): CodeIgniter\View\View->CodeIgniter\View\{closure}()
#3 D:\Project Tugas Akhir\pusbinter\system\Common.php(1217): CodeIgniter\View\View->render('penerjemah', Array, true)
#4 D:\Project Tugas Akhir\pusbinter\app\Controllers\Penerjemah.php(23): view('penerjemah', Array)
#5 D:\Project Tugas Akhir\pusbinter\system\CodeIgniter.php(936): App\Controllers\Penerjemah->index()
#6 D:\Project Tugas Akhir\pusbinter\system\CodeIgniter.php(432): CodeIgniter\CodeIgniter->runController(Object(App\Controllers\Penerjemah))
#7 D:\Project Tugas Akhir\pusbinter\system\CodeIgniter.php(333): CodeIgniter\CodeIgniter->handleRequest(NULL, Object(Config\Cache), false)
#8 D:\Project Tugas Akhir\pusbinter\public\index.php(44): CodeIgniter\CodeIgniter->run()
#9 D:\Project Tugas Akhir\pusbinter\system\Commands\Server\rewrite.php(45): require_once('D:\\Project Tuga...')
#10 {main}
CRITICAL - 2021-03-14 11:49:33 --> Trying to get property 'jabatan' of non-object
#0 D:\Project Tugas Akhir\pusbinter\app\Views\penerjemah.php(273): CodeIgniter\Debug\Exceptions->errorHandler(8, 'Trying to get p...', 'D:\\Project Tuga...', 273, Array)
#1 D:\Project Tugas Akhir\pusbinter\system\View\View.php(220): include('D:\\Project Tuga...')
#2 D:\Project Tugas Akhir\pusbinter\system\View\View.php(222): CodeIgniter\View\View->CodeIgniter\View\{closure}()
#3 D:\Project Tugas Akhir\pusbinter\system\Common.php(1217): CodeIgniter\View\View->render('penerjemah', Array, true)
#4 D:\Project Tugas Akhir\pusbinter\app\Controllers\Penerjemah.php(23): view('penerjemah', Array)
#5 D:\Project Tugas Akhir\pusbinter\system\CodeIgniter.php(936): App\Controllers\Penerjemah->index()
#6 D:\Project Tugas Akhir\pusbinter\system\CodeIgniter.php(432): CodeIgniter\CodeIgniter->runController(Object(App\Controllers\Penerjemah))
#7 D:\Project Tugas Akhir\pusbinter\system\CodeIgniter.php(333): CodeIgniter\CodeIgniter->handleRequest(NULL, Object(Config\Cache), false)
#8 D:\Project Tugas Akhir\pusbinter\public\index.php(44): CodeIgniter\CodeIgniter->run()
#9 D:\Project Tugas Akhir\pusbinter\system\Commands\Server\rewrite.php(45): require_once('D:\\Project Tuga...')
#10 {main}
ERROR - 2021-03-14 20:29:06 --> mysqli_sql_exception: Cannot add or update a child row: a foreign key constraint fails (`pusbinter`.`terjemah`, CONSTRAINT `id_golongan` FOREIGN KEY (`id_golongan`) REFERENCES `golongan` (`id_golongan`) ON DELETE CASCADE ON UPDATE CASCADE) in D:\Project Tugas Akhir\pusbinter\system\Database\MySQLi\Connection.php:314
Stack trace:
#0 D:\Project Tugas Akhir\pusbinter\system\Database\MySQLi\Connection.php(314): mysqli->query('UPDATE `terjema...')
#1 D:\Project Tugas Akhir\pusbinter\system\Database\BaseConnection.php(713): CodeIgniter\Database\MySQLi\Connection->execute('UPDATE `terjema...')
#2 D:\Project Tugas Akhir\pusbinter\system\Database\BaseConnection.php(641): CodeIgniter\Database\BaseConnection->simpleQuery('UPDATE `terjema...')
#3 D:\Project Tugas Akhir\pusbinter\system\Database\BaseBuilder.php(2468): CodeIgniter\Database\BaseConnection->query('UPDATE `terjema...', Array, false)
#4 D:\Project Tugas Akhir\pusbinter\app\Models\Penerjemah_m.php(42): CodeIgniter\Database\BaseBuilder->update(Array, Array)
#5 D:\Project Tugas Akhir\pusbinter\app\Controllers\Penerjemah.php(69): App\Models\Penerjemah_m->updatePenerjemah(Array, '9')
#6 D:\Project Tugas Akhir\pusbinter\system\CodeIgniter.php(936): App\Controllers\Penerjemah->update('9')
#7 D:\Project Tugas Akhir\pusbinter\system\CodeIgniter.php(432): CodeIgniter\CodeIgniter->runController(Object(App\Controllers\Penerjemah))
#8 D:\Project Tugas Akhir\pusbinter\system\CodeIgniter.php(333): CodeIgniter\CodeIgniter->handleRequest(NULL, Object(Config\Cache), false)
#9 D:\Project Tugas Akhir\pusbinter\public\index.php(44): CodeIgniter\CodeIgniter->run()
#10 D:\Project Tugas Akhir\pusbinter\system\Commands\Server\rewrite.php(45): require_once('D:\\Project Tuga...')
#11 {main}
CRITICAL - 2021-03-14 20:29:06 --> Cannot add or update a child row: a foreign key constraint fails (`pusbinter`.`terjemah`, CONSTRAINT `id_golongan` FOREIGN KEY (`id_golongan`) REFERENCES `golongan` (`id_golongan`) ON DELETE CASCADE ON UPDATE CASCADE)
#0 D:\Project Tugas Akhir\pusbinter\system\Database\MySQLi\Connection.php(314): mysqli->query('UPDATE `terjema...')
#1 D:\Project Tugas Akhir\pusbinter\system\Database\BaseConnection.php(713): CodeIgniter\Database\MySQLi\Connection->execute('UPDATE `terjema...')
#2 D:\Project Tugas Akhir\pusbinter\system\Database\BaseConnection.php(641): CodeIgniter\Database\BaseConnection->simpleQuery('UPDATE `terjema...')
#3 D:\Project Tugas Akhir\pusbinter\system\Database\BaseBuilder.php(2468): CodeIgniter\Database\BaseConnection->query('UPDATE `terjema...', Array, false)
#4 D:\Project Tugas Akhir\pusbinter\app\Models\Penerjemah_m.php(42): CodeIgniter\Database\BaseBuilder->update(Array, Array)
#5 D:\Project Tugas Akhir\pusbinter\app\Controllers\Penerjemah.php(69): App\Models\Penerjemah_m->updatePenerjemah(Array, '9')
#6 D:\Project Tugas Akhir\pusbinter\system\CodeIgniter.php(936): App\Controllers\Penerjemah->update('9')
#7 D:\Project Tugas Akhir\pusbinter\system\CodeIgniter.php(432): CodeIgniter\CodeIgniter->runController(Object(App\Controllers\Penerjemah))
#8 D:\Project Tugas Akhir\pusbinter\system\CodeIgniter.php(333): CodeIgniter\CodeIgniter->handleRequest(NULL, Object(Config\Cache), false)
#9 D:\Project Tugas Akhir\pusbinter\public\index.php(44): CodeIgniter\CodeIgniter->run()
#10 D:\Project Tugas Akhir\pusbinter\system\Commands\Server\rewrite.php(45): require_once('D:\\Project Tuga...')
#11 {main}
ERROR - 2021-03-14 20:49:26 --> mysqli_sql_exception: Cannot add or update a child row: a foreign key constraint fails (`pusbinter`.`terjemah`, CONSTRAINT `id_golongan` FOREIGN KEY (`id_golongan`) REFERENCES `golongan` (`id_golongan`) ON DELETE CASCADE ON UPDATE CASCADE) in D:\Project Tugas Akhir\pusbinter\system\Database\MySQLi\Connection.php:314
Stack trace:
#0 D:\Project Tugas Akhir\pusbinter\system\Database\MySQLi\Connection.php(314): mysqli->query('UPDATE `terjema...')
#1 D:\Project Tugas Akhir\pusbinter\system\Database\BaseConnection.php(713): CodeIgniter\Database\MySQLi\Connection->execute('UPDATE `terjema...')
#2 D:\Project Tugas Akhir\pusbinter\system\Database\BaseConnection.php(641): CodeIgniter\Database\BaseConnection->simpleQuery('UPDATE `terjema...')
#3 D:\Project Tugas Akhir\pusbinter\system\Database\BaseBuilder.php(2468): CodeIgniter\Database\BaseConnection->query('UPDATE `terjema...', Array, false)
#4 D:\Project Tugas Akhir\pusbinter\app\Models\Penerjemah_m.php(42): CodeIgniter\Database\BaseBuilder->update(Array)
#5 D:\Project Tugas Akhir\pusbinter\app\Controllers\Penerjemah.php(69): App\Models\Penerjemah_m->updatePenerjemah(Array, '9')
#6 D:\Project Tugas Akhir\pusbinter\system\CodeIgniter.php(936): App\Controllers\Penerjemah->update('9')
#7 D:\Project Tugas Akhir\pusbinter\system\CodeIgniter.php(432): CodeIgniter\CodeIgniter->runController(Object(App\Controllers\Penerjemah))
#8 D:\Project Tugas Akhir\pusbinter\system\CodeIgniter.php(333): CodeIgniter\CodeIgniter->handleRequest(NULL, Object(Config\Cache), false)
#9 D:\Project Tugas Akhir\pusbinter\public\index.php(44): CodeIgniter\CodeIgniter->run()
#10 D:\Project Tugas Akhir\pusbinter\system\Commands\Server\rewrite.php(45): require_once('D:\\Project Tuga...')
#11 {main}
CRITICAL - 2021-03-14 20:49:26 --> Cannot add or update a child row: a foreign key constraint fails (`pusbinter`.`terjemah`, CONSTRAINT `id_golongan` FOREIGN KEY (`id_golongan`) REFERENCES `golongan` (`id_golongan`) ON DELETE CASCADE ON UPDATE CASCADE)
#0 D:\Project Tugas Akhir\pusbinter\system\Database\MySQLi\Connection.php(314): mysqli->query('UPDATE `terjema...')
#1 D:\Project Tugas Akhir\pusbinter\system\Database\BaseConnection.php(713): CodeIgniter\Database\MySQLi\Connection->execute('UPDATE `terjema...')
#2 D:\Project Tugas Akhir\pusbinter\system\Database\BaseConnection.php(641): CodeIgniter\Database\BaseConnection->simpleQuery('UPDATE `terjema...')
#3 D:\Project Tugas Akhir\pusbinter\system\Database\BaseBuilder.php(2468): CodeIgniter\Database\BaseConnection->query('UPDATE `terjema...', Array, false)
#4 D:\Project Tugas Akhir\pusbinter\app\Models\Penerjemah_m.php(42): CodeIgniter\Database\BaseBuilder->update(Array)
#5 D:\Project Tugas Akhir\pusbinter\app\Controllers\Penerjemah.php(69): App\Models\Penerjemah_m->updatePenerjemah(Array, '9')
#6 D:\Project Tugas Akhir\pusbinter\system\CodeIgniter.php(936): App\Controllers\Penerjemah->update('9')
#7 D:\Project Tugas Akhir\pusbinter\system\CodeIgniter.php(432): CodeIgniter\CodeIgniter->runController(Object(App\Controllers\Penerjemah))
#8 D:\Project Tugas Akhir\pusbinter\system\CodeIgniter.php(333): CodeIgniter\CodeIgniter->handleRequest(NULL, Object(Config\Cache), false)
#9 D:\Project Tugas Akhir\pusbinter\public\index.php(44): CodeIgniter\CodeIgniter->run()
#10 D:\Project Tugas Akhir\pusbinter\system\Commands\Server\rewrite.php(45): require_once('D:\\Project Tuga...')
#11 {main}
ERROR - 2021-03-14 20:50:50 --> mysqli_sql_exception: Unknown column 'id_instansi' in 'where clause' in D:\Project Tugas Akhir\pusbinter\system\Database\MySQLi\Connection.php:314
Stack trace:
#0 D:\Project Tugas Akhir\pusbinter\system\Database\MySQLi\Connection.php(314): mysqli->query('UPDATE `terjema...')
#1 D:\Project Tugas Akhir\pusbinter\system\Database\BaseConnection.php(713): CodeIgniter\Database\MySQLi\Connection->execute('UPDATE `terjema...')
#2 D:\Project Tugas Akhir\pusbinter\system\Database\BaseConnection.php(641): CodeIgniter\Database\BaseConnection->simpleQuery('UPDATE `terjema...')
#3 D:\Project Tugas Akhir\pusbinter\system\Database\BaseBuilder.php(2468): CodeIgniter\Database\BaseConnection->query('UPDATE `terjema...', Array, false)
#4 D:\Project Tugas Akhir\pusbinter\app\Models\Penerjemah_m.php(42): CodeIgniter\Database\BaseBuilder->update(Array, Array)
#5 D:\Project Tugas Akhir\pusbinter\app\Controllers\Penerjemah.php(69): App\Models\Penerjemah_m->updatePenerjemah(Array, '9')
#6 D:\Project Tugas Akhir\pusbinter\system\CodeIgniter.php(936): App\Controllers\Penerjemah->update('9')
#7 D:\Project Tugas Akhir\pusbinter\system\CodeIgniter.php(432): CodeIgniter\CodeIgniter->runController(Object(App\Controllers\Penerjemah))
#8 D:\Project Tugas Akhir\pusbinter\system\CodeIgniter.php(333): CodeIgniter\CodeIgniter->handleRequest(NULL, Object(Config\Cache), false)
#9 D:\Project Tugas Akhir\pusbinter\public\index.php(44): CodeIgniter\CodeIgniter->run()
#10 D:\Project Tugas Akhir\pusbinter\system\Commands\Server\rewrite.php(45): require_once('D:\\Project Tuga...')
#11 {main}
CRITICAL - 2021-03-14 20:50:50 --> Unknown column 'id_instansi' in 'where clause'
#0 D:\Project Tugas Akhir\pusbinter\system\Database\MySQLi\Connection.php(314): mysqli->query('UPDATE `terjema...')
#1 D:\Project Tugas Akhir\pusbinter\system\Database\BaseConnection.php(713): CodeIgniter\Database\MySQLi\Connection->execute('UPDATE `terjema...')
#2 D:\Project Tugas Akhir\pusbinter\system\Database\BaseConnection.php(641): CodeIgniter\Database\BaseConnection->simpleQuery('UPDATE `terjema...')
#3 D:\Project Tugas Akhir\pusbinter\system\Database\BaseBuilder.php(2468): CodeIgniter\Database\BaseConnection->query('UPDATE `terjema...', Array, false)
#4 D:\Project Tugas Akhir\pusbinter\app\Models\Penerjemah_m.php(42): CodeIgniter\Database\BaseBuilder->update(Array, Array)
#5 D:\Project Tugas Akhir\pusbinter\app\Controllers\Penerjemah.php(69): App\Models\Penerjemah_m->updatePenerjemah(Array, '9')
#6 D:\Project Tugas Akhir\pusbinter\system\CodeIgniter.php(936): App\Controllers\Penerjemah->update('9')
#7 D:\Project Tugas Akhir\pusbinter\system\CodeIgniter.php(432): CodeIgniter\CodeIgniter->runController(Object(App\Controllers\Penerjemah))
#8 D:\Project Tugas Akhir\pusbinter\system\CodeIgniter.php(333): CodeIgniter\CodeIgniter->handleRequest(NULL, Object(Config\Cache), false)
#9 D:\Project Tugas Akhir\pusbinter\public\index.php(44): CodeIgniter\CodeIgniter->run()
#10 D:\Project Tugas Akhir\pusbinter\system\Commands\Server\rewrite.php(45): require_once('D:\\Project Tuga...')
#11 {main}
CRITICAL - 2021-03-14 21:15:29 --> Undefined property: App\Controllers\Penerjemah::$instansi
#0 D:\Project Tugas Akhir\pusbinter\app\Controllers\Penerjemah.php(70): CodeIgniter\Debug\Exceptions->errorHandler(8, 'Undefined prope...', 'D:\\Project Tuga...', 70, Array)
#1 D:\Project Tugas Akhir\pusbinter\system\CodeIgniter.php(936): App\Controllers\Penerjemah->update('9')
#2 D:\Project Tugas Akhir\pusbinter\system\CodeIgniter.php(432): CodeIgniter\CodeIgniter->runController(Object(App\Controllers\Penerjemah))
#3 D:\Project Tugas Akhir\pusbinter\system\CodeIgniter.php(333): CodeIgniter\CodeIgniter->handleRequest(NULL, Object(Config\Cache), false)
#4 D:\Project Tugas Akhir\pusbinter\public\index.php(44): CodeIgniter\CodeIgniter->run()
#5 D:\Project Tugas Akhir\pusbinter\system\Commands\Server\rewrite.php(45): require_once('D:\\Project Tuga...')
#6 {main}
CRITICAL - 2021-03-14 23:38:43 --> You must set the database table to be used with your query.
#0 D:\Project Tugas Akhir\pusbinter\system\Model.php(615): CodeIgniter\Database\BaseConnection->table(NULL)
#1 D:\Project Tugas Akhir\pusbinter\system\Model.php(834): CodeIgniter\Model->builder()
#2 D:\Project Tugas Akhir\pusbinter\app\Controllers\Penerjemah.php(86): CodeIgniter\Model->__call('getAlldata', Array)
#3 D:\Project Tugas Akhir\pusbinter\system\CodeIgniter.php(936): App\Controllers\Penerjemah->export()
#4 D:\Project Tugas Akhir\pusbinter\system\CodeIgniter.php(432): CodeIgniter\CodeIgniter->runController(Object(App\Controllers\Penerjemah))
#5 D:\Project Tugas Akhir\pusbinter\system\CodeIgniter.php(333): CodeIgniter\CodeIgniter->handleRequest(NULL, Object(Config\Cache), false)
#6 D:\Project Tugas Akhir\pusbinter\public\index.php(44): CodeIgniter\CodeIgniter->run()
#7 D:\Project Tugas Akhir\pusbinter\system\Commands\Server\rewrite.php(45): require_once('D:\\Project Tuga...')
#8 {main}
