CRITICAL - 2021-03-26 08:22:52 --> time() expects exactly 0 parameters, 1 given
#0 [internal function]: CodeIgniter\Debug\Exceptions->errorHandler(2, 'time() expects ...', 'D:\\Project Tuga...', 67, Array)
#1 D:\Project Tugas Akhir\pusbinter\app\Controllers\Usulan.php(67): time('H-m-s')
#2 D:\Project Tugas Akhir\pusbinter\system\CodeIgniter.php(936): App\Controllers\Usulan->update()
#3 D:\Project Tugas Akhir\pusbinter\system\CodeIgniter.php(432): CodeIgniter\CodeIgniter->runController(Object(App\Controllers\Usulan))
#4 D:\Project Tugas Akhir\pusbinter\system\CodeIgniter.php(333): CodeIgniter\CodeIgniter->handleRequest(NULL, Object(Config\Cache), false)
#5 D:\Project Tugas Akhir\pusbinter\public\index.php(44): CodeIgniter\CodeIgniter->run()
#6 D:\Project Tugas Akhir\pusbinter\system\Commands\Server\rewrite.php(45): require_once('D:\\Project Tuga...')
#7 {main}
CRITICAL - 2021-03-26 09:08:34 --> time() expects exactly 0 parameters, 1 given
#0 [internal function]: CodeIgniter\Debug\Exceptions->errorHandler(2, 'time() expects ...', 'D:\\Project Tuga...', 67, Array)
#1 D:\Project Tugas Akhir\pusbinter\app\Controllers\Usulan.php(67): time('H-m-s')
#2 D:\Project Tugas Akhir\pusbinter\system\CodeIgniter.php(936): App\Controllers\Usulan->update()
#3 D:\Project Tugas Akhir\pusbinter\system\CodeIgniter.php(432): CodeIgniter\CodeIgniter->runController(Object(App\Controllers\Usulan))
#4 D:\Project Tugas Akhir\pusbinter\system\CodeIgniter.php(333): CodeIgniter\CodeIgniter->handleRequest(NULL, Object(Config\Cache), false)
#5 D:\Project Tugas Akhir\pusbinter\public\index.php(44): CodeIgniter\CodeIgniter->run()
#6 D:\Project Tugas Akhir\pusbinter\system\Commands\Server\rewrite.php(45): require_once('D:\\Project Tuga...')
#7 {main}
CRITICAL - 2021-03-26 09:09:07 --> time() expects exactly 0 parameters, 1 given
#0 [internal function]: CodeIgniter\Debug\Exceptions->errorHandler(2, 'time() expects ...', 'D:\\Project Tuga...', 67, Array)
#1 D:\Project Tugas Akhir\pusbinter\app\Controllers\Usulan.php(67): time('H:m:s')
#2 D:\Project Tugas Akhir\pusbinter\system\CodeIgniter.php(936): App\Controllers\Usulan->update()
#3 D:\Project Tugas Akhir\pusbinter\system\CodeIgniter.php(432): CodeIgniter\CodeIgniter->runController(Object(App\Controllers\Usulan))
#4 D:\Project Tugas Akhir\pusbinter\system\CodeIgniter.php(333): CodeIgniter\CodeIgniter->handleRequest(NULL, Object(Config\Cache), false)
#5 D:\Project Tugas Akhir\pusbinter\public\index.php(44): CodeIgniter\CodeIgniter->run()
#6 D:\Project Tugas Akhir\pusbinter\system\Commands\Server\rewrite.php(45): require_once('D:\\Project Tuga...')
#7 {main}
CRITICAL - 2021-03-26 09:43:02 --> time() expects exactly 0 parameters, 1 given
#0 [internal function]: CodeIgniter\Debug\Exceptions->errorHandler(2, 'time() expects ...', 'D:\\Project Tuga...', 67, Array)
#1 D:\Project Tugas Akhir\pusbinter\app\Controllers\Usulan.php(67): time('H:m:s')
#2 D:\Project Tugas Akhir\pusbinter\system\CodeIgniter.php(936): App\Controllers\Usulan->update()
#3 D:\Project Tugas Akhir\pusbinter\system\CodeIgniter.php(432): CodeIgniter\CodeIgniter->runController(Object(App\Controllers\Usulan))
#4 D:\Project Tugas Akhir\pusbinter\system\CodeIgniter.php(333): CodeIgniter\CodeIgniter->handleRequest(NULL, Object(Config\Cache), false)
#5 D:\Project Tugas Akhir\pusbinter\public\index.php(44): CodeIgniter\CodeIgniter->run()
#6 D:\Project Tugas Akhir\pusbinter\system\Commands\Server\rewrite.php(45): require_once('D:\\Project Tuga...')
#7 {main}
