CRITICAL - 2021-03-13 00:48:01 --> syntax error, unexpected 'public' (T_PUBLIC)
#0 D:\Project Tugas Akhir\pusbinter\system\Autoloader\Autoloader.php(265): CodeIgniter\Autoloader\Autoloader->includeFile('D:\\Project Tuga...')
#1 D:\Project Tugas Akhir\pusbinter\system\Autoloader\Autoloader.php(228): CodeIgniter\Autoloader\Autoloader->loadInNamespace('App\\Controllers...')
#2 [internal function]: CodeIgniter\Autoloader\Autoloader->loadClass('App\\Controllers...')
#3 [internal function]: spl_autoload_call('App\\Controllers...')
#4 D:\Project Tugas Akhir\pusbinter\system\CodeIgniter.php(893): class_exists('\\App\\Controller...', true)
#5 D:\Project Tugas Akhir\pusbinter\system\CodeIgniter.php(417): CodeIgniter\CodeIgniter->startController()
#6 D:\Project Tugas Akhir\pusbinter\system\CodeIgniter.php(333): CodeIgniter\CodeIgniter->handleRequest(NULL, Object(Config\Cache), false)
#7 D:\Project Tugas Akhir\pusbinter\public\index.php(44): CodeIgniter\CodeIgniter->run()
#8 D:\Project Tugas Akhir\pusbinter\system\Commands\Server\rewrite.php(45): require_once('D:\\Project Tuga...')
#9 {main}
CRITICAL - 2021-03-13 00:59:50 --> Too few arguments to function App\Models\Instansi_m::updateInstansi(), 1 passed in D:\Project Tugas Akhir\pusbinter\app\Controllers\Instansi.php on line 52 and exactly 2 expected
#0 D:\Project Tugas Akhir\pusbinter\app\Controllers\Instansi.php(52): App\Models\Instansi_m->updateInstansi('28')
#1 D:\Project Tugas Akhir\pusbinter\system\CodeIgniter.php(936): App\Controllers\Instansi->delete('28')
#2 D:\Project Tugas Akhir\pusbinter\system\CodeIgniter.php(432): CodeIgniter\CodeIgniter->runController(Object(App\Controllers\Instansi))
#3 D:\Project Tugas Akhir\pusbinter\system\CodeIgniter.php(333): CodeIgniter\CodeIgniter->handleRequest(NULL, Object(Config\Cache), false)
#4 D:\Project Tugas Akhir\pusbinter\public\index.php(44): CodeIgniter\CodeIgniter->run()
#5 D:\Project Tugas Akhir\pusbinter\system\Commands\Server\rewrite.php(45): require_once('D:\\Project Tuga...')
#6 {main}
ERROR - 2021-03-13 09:22:17 --> Error connecting to the database: No connection could be made because the target machine actively refused it.

CRITICAL - 2021-03-13 09:22:17 --> Unable to connect to the database.
#0 D:\Project Tugas Akhir\pusbinter\system\Database\BaseConnection.php(618): CodeIgniter\Database\BaseConnection->initialize()
#1 D:\Project Tugas Akhir\pusbinter\system\Database\BaseBuilder.php(1866): CodeIgniter\Database\BaseConnection->query('SELECT *\nFROM `...', Array, false)
#2 D:\Project Tugas Akhir\pusbinter\app\Models\Instansi_m.php(20): CodeIgniter\Database\BaseBuilder->get()
#3 D:\Project Tugas Akhir\pusbinter\app\Controllers\Instansi.php(19): App\Models\Instansi_m->getAlldata()
#4 D:\Project Tugas Akhir\pusbinter\system\CodeIgniter.php(936): App\Controllers\Instansi->index()
#5 D:\Project Tugas Akhir\pusbinter\system\CodeIgniter.php(432): CodeIgniter\CodeIgniter->runController(Object(App\Controllers\Instansi))
#6 D:\Project Tugas Akhir\pusbinter\system\CodeIgniter.php(333): CodeIgniter\CodeIgniter->handleRequest(NULL, Object(Config\Cache), false)
#7 D:\Project Tugas Akhir\pusbinter\public\index.php(44): CodeIgniter\CodeIgniter->run()
#8 D:\Project Tugas Akhir\pusbinter\system\Commands\Server\rewrite.php(45): require_once('D:\\Project Tuga...')
#9 {main}
CRITICAL - 2021-03-13 09:22:17 --> Uncaught ErrorException: print_r(): Property access is not allowed yet in D:\Project Tugas Akhir\pusbinter\app\Views\errors\html\error_exception.php:100
Stack trace:
#0 [internal function]: CodeIgniter\Debug\Exceptions->errorHandler(2, 'print_r(): Prop...', 'D:\\Project Tuga...', 100, Array)
#1 D:\Project Tugas Akhir\pusbinter\app\Views\errors\html\error_exception.php(100): print_r(Object(App\Controllers\Instansi), true)
#2 D:\Project Tugas Akhir\pusbinter\system\Debug\Exceptions.php(281): include('D:\\Project Tuga...')
#3 D:\Project Tugas Akhir\pusbinter\system\Debug\Exceptions.php(147): CodeIgniter\Debug\Exceptions->render(Object(CodeIgniter\Database\Exceptions\DatabaseException), 500)
#4 [internal function]: CodeIgniter\Debug\Exceptions->exceptionHandler(Object(CodeIgniter\Database\Exceptions\DatabaseException))
#5 {main}
  thrown
#0 [internal function]: CodeIgniter\Debug\Exceptions->shutdownHandler()
#1 {main}
ERROR - 2021-03-13 09:22:52 --> Error connecting to the database: No connection could be made because the target machine actively refused it.

CRITICAL - 2021-03-13 09:22:52 --> Unable to connect to the database.
#0 D:\Project Tugas Akhir\pusbinter\system\Database\BaseConnection.php(618): CodeIgniter\Database\BaseConnection->initialize()
#1 D:\Project Tugas Akhir\pusbinter\system\Database\BaseBuilder.php(1866): CodeIgniter\Database\BaseConnection->query('SELECT *\nFROM `...', Array, false)
#2 D:\Project Tugas Akhir\pusbinter\app\Models\Instansi_m.php(20): CodeIgniter\Database\BaseBuilder->get()
#3 D:\Project Tugas Akhir\pusbinter\app\Controllers\Instansi.php(19): App\Models\Instansi_m->getAlldata()
#4 D:\Project Tugas Akhir\pusbinter\system\CodeIgniter.php(936): App\Controllers\Instansi->index()
#5 D:\Project Tugas Akhir\pusbinter\system\CodeIgniter.php(432): CodeIgniter\CodeIgniter->runController(Object(App\Controllers\Instansi))
#6 D:\Project Tugas Akhir\pusbinter\system\CodeIgniter.php(333): CodeIgniter\CodeIgniter->handleRequest(NULL, Object(Config\Cache), false)
#7 D:\Project Tugas Akhir\pusbinter\public\index.php(44): CodeIgniter\CodeIgniter->run()
#8 D:\Project Tugas Akhir\pusbinter\system\Commands\Server\rewrite.php(45): require_once('D:\\Project Tuga...')
#9 {main}
CRITICAL - 2021-03-13 09:22:52 --> Uncaught ErrorException: print_r(): Property access is not allowed yet in D:\Project Tugas Akhir\pusbinter\app\Views\errors\html\error_exception.php:100
Stack trace:
#0 [internal function]: CodeIgniter\Debug\Exceptions->errorHandler(2, 'print_r(): Prop...', 'D:\\Project Tuga...', 100, Array)
#1 D:\Project Tugas Akhir\pusbinter\app\Views\errors\html\error_exception.php(100): print_r(Object(App\Controllers\Instansi), true)
#2 D:\Project Tugas Akhir\pusbinter\system\Debug\Exceptions.php(281): include('D:\\Project Tuga...')
#3 D:\Project Tugas Akhir\pusbinter\system\Debug\Exceptions.php(147): CodeIgniter\Debug\Exceptions->render(Object(CodeIgniter\Database\Exceptions\DatabaseException), 500)
#4 [internal function]: CodeIgniter\Debug\Exceptions->exceptionHandler(Object(CodeIgniter\Database\Exceptions\DatabaseException))
#5 {main}
  thrown
#0 [internal function]: CodeIgniter\Debug\Exceptions->shutdownHandler()
#1 {main}
ERROR - 2021-03-13 09:27:13 --> Error connecting to the database: No connection could be made because the target machine actively refused it.

CRITICAL - 2021-03-13 09:27:13 --> Unable to connect to the database.
#0 D:\Project Tugas Akhir\pusbinter\system\Database\BaseConnection.php(618): CodeIgniter\Database\BaseConnection->initialize()
#1 D:\Project Tugas Akhir\pusbinter\system\Database\BaseBuilder.php(1866): CodeIgniter\Database\BaseConnection->query('SELECT *\nFROM `...', Array, false)
#2 D:\Project Tugas Akhir\pusbinter\app\Models\Instansi_m.php(20): CodeIgniter\Database\BaseBuilder->get()
#3 D:\Project Tugas Akhir\pusbinter\app\Controllers\Instansi.php(19): App\Models\Instansi_m->getAlldata()
#4 D:\Project Tugas Akhir\pusbinter\system\CodeIgniter.php(936): App\Controllers\Instansi->index()
#5 D:\Project Tugas Akhir\pusbinter\system\CodeIgniter.php(432): CodeIgniter\CodeIgniter->runController(Object(App\Controllers\Instansi))
#6 D:\Project Tugas Akhir\pusbinter\system\CodeIgniter.php(333): CodeIgniter\CodeIgniter->handleRequest(NULL, Object(Config\Cache), false)
#7 D:\Project Tugas Akhir\pusbinter\public\index.php(44): CodeIgniter\CodeIgniter->run()
#8 D:\Project Tugas Akhir\pusbinter\system\Commands\Server\rewrite.php(45): require_once('D:\\Project Tuga...')
#9 {main}
CRITICAL - 2021-03-13 09:27:13 --> Uncaught ErrorException: print_r(): Property access is not allowed yet in D:\Project Tugas Akhir\pusbinter\app\Views\errors\html\error_exception.php:100
Stack trace:
#0 [internal function]: CodeIgniter\Debug\Exceptions->errorHandler(2, 'print_r(): Prop...', 'D:\\Project Tuga...', 100, Array)
#1 D:\Project Tugas Akhir\pusbinter\app\Views\errors\html\error_exception.php(100): print_r(Object(App\Controllers\Instansi), true)
#2 D:\Project Tugas Akhir\pusbinter\system\Debug\Exceptions.php(281): include('D:\\Project Tuga...')
#3 D:\Project Tugas Akhir\pusbinter\system\Debug\Exceptions.php(147): CodeIgniter\Debug\Exceptions->render(Object(CodeIgniter\Database\Exceptions\DatabaseException), 500)
#4 [internal function]: CodeIgniter\Debug\Exceptions->exceptionHandler(Object(CodeIgniter\Database\Exceptions\DatabaseException))
#5 {main}
  thrown
#0 [internal function]: CodeIgniter\Debug\Exceptions->shutdownHandler()
#1 {main}
ERROR - 2021-03-13 09:27:50 --> Error connecting to the database: No connection could be made because the target machine actively refused it.

CRITICAL - 2021-03-13 09:27:50 --> Unable to connect to the database.
#0 D:\Project Tugas Akhir\pusbinter\system\Database\BaseConnection.php(618): CodeIgniter\Database\BaseConnection->initialize()
#1 D:\Project Tugas Akhir\pusbinter\system\Database\BaseBuilder.php(1866): CodeIgniter\Database\BaseConnection->query('SELECT *\nFROM `...', Array, false)
#2 D:\Project Tugas Akhir\pusbinter\app\Models\Instansi_m.php(20): CodeIgniter\Database\BaseBuilder->get()
#3 D:\Project Tugas Akhir\pusbinter\app\Controllers\Instansi.php(19): App\Models\Instansi_m->getAlldata()
#4 D:\Project Tugas Akhir\pusbinter\system\CodeIgniter.php(936): App\Controllers\Instansi->index()
#5 D:\Project Tugas Akhir\pusbinter\system\CodeIgniter.php(432): CodeIgniter\CodeIgniter->runController(Object(App\Controllers\Instansi))
#6 D:\Project Tugas Akhir\pusbinter\system\CodeIgniter.php(333): CodeIgniter\CodeIgniter->handleRequest(NULL, Object(Config\Cache), false)
#7 D:\Project Tugas Akhir\pusbinter\public\index.php(44): CodeIgniter\CodeIgniter->run()
#8 D:\Project Tugas Akhir\pusbinter\system\Commands\Server\rewrite.php(45): require_once('D:\\Project Tuga...')
#9 {main}
CRITICAL - 2021-03-13 09:27:50 --> Uncaught ErrorException: print_r(): Property access is not allowed yet in D:\Project Tugas Akhir\pusbinter\app\Views\errors\html\error_exception.php:100
Stack trace:
#0 [internal function]: CodeIgniter\Debug\Exceptions->errorHandler(2, 'print_r(): Prop...', 'D:\\Project Tuga...', 100, Array)
#1 D:\Project Tugas Akhir\pusbinter\app\Views\errors\html\error_exception.php(100): print_r(Object(App\Controllers\Instansi), true)
#2 D:\Project Tugas Akhir\pusbinter\system\Debug\Exceptions.php(281): include('D:\\Project Tuga...')
#3 D:\Project Tugas Akhir\pusbinter\system\Debug\Exceptions.php(147): CodeIgniter\Debug\Exceptions->render(Object(CodeIgniter\Database\Exceptions\DatabaseException), 500)
#4 [internal function]: CodeIgniter\Debug\Exceptions->exceptionHandler(Object(CodeIgniter\Database\Exceptions\DatabaseException))
#5 {main}
  thrown
#0 [internal function]: CodeIgniter\Debug\Exceptions->shutdownHandler()
#1 {main}
ERROR - 2021-03-13 09:28:44 --> Error connecting to the database: No connection could be made because the target machine actively refused it.

CRITICAL - 2021-03-13 09:28:44 --> Unable to connect to the database.
#0 D:\Project Tugas Akhir\pusbinter\system\Database\BaseConnection.php(618): CodeIgniter\Database\BaseConnection->initialize()
#1 D:\Project Tugas Akhir\pusbinter\system\Database\BaseBuilder.php(1866): CodeIgniter\Database\BaseConnection->query('SELECT *\nFROM `...', Array, false)
#2 D:\Project Tugas Akhir\pusbinter\app\Models\Instansi_m.php(20): CodeIgniter\Database\BaseBuilder->get()
#3 D:\Project Tugas Akhir\pusbinter\app\Controllers\Instansi.php(19): App\Models\Instansi_m->getAlldata()
#4 D:\Project Tugas Akhir\pusbinter\system\CodeIgniter.php(936): App\Controllers\Instansi->index()
#5 D:\Project Tugas Akhir\pusbinter\system\CodeIgniter.php(432): CodeIgniter\CodeIgniter->runController(Object(App\Controllers\Instansi))
#6 D:\Project Tugas Akhir\pusbinter\system\CodeIgniter.php(333): CodeIgniter\CodeIgniter->handleRequest(NULL, Object(Config\Cache), false)
#7 D:\Project Tugas Akhir\pusbinter\public\index.php(44): CodeIgniter\CodeIgniter->run()
#8 D:\Project Tugas Akhir\pusbinter\system\Commands\Server\rewrite.php(45): require_once('D:\\Project Tuga...')
#9 {main}
CRITICAL - 2021-03-13 09:28:45 --> Uncaught ErrorException: print_r(): Property access is not allowed yet in D:\Project Tugas Akhir\pusbinter\app\Views\errors\html\error_exception.php:100
Stack trace:
#0 [internal function]: CodeIgniter\Debug\Exceptions->errorHandler(2, 'print_r(): Prop...', 'D:\\Project Tuga...', 100, Array)
#1 D:\Project Tugas Akhir\pusbinter\app\Views\errors\html\error_exception.php(100): print_r(Object(App\Controllers\Instansi), true)
#2 D:\Project Tugas Akhir\pusbinter\system\Debug\Exceptions.php(281): include('D:\\Project Tuga...')
#3 D:\Project Tugas Akhir\pusbinter\system\Debug\Exceptions.php(147): CodeIgniter\Debug\Exceptions->render(Object(CodeIgniter\Database\Exceptions\DatabaseException), 500)
#4 [internal function]: CodeIgniter\Debug\Exceptions->exceptionHandler(Object(CodeIgniter\Database\Exceptions\DatabaseException))
#5 {main}
  thrown
#0 [internal function]: CodeIgniter\Debug\Exceptions->shutdownHandler()
#1 {main}
ERROR - 2021-03-13 09:30:31 --> Error connecting to the database: No connection could be made because the target machine actively refused it.

CRITICAL - 2021-03-13 09:30:31 --> Unable to connect to the database.
#0 D:\Project Tugas Akhir\pusbinter\system\Database\BaseConnection.php(618): CodeIgniter\Database\BaseConnection->initialize()
#1 D:\Project Tugas Akhir\pusbinter\system\Database\BaseBuilder.php(1866): CodeIgniter\Database\BaseConnection->query('SELECT *\nFROM `...', Array, false)
#2 D:\Project Tugas Akhir\pusbinter\app\Models\Instansi_m.php(20): CodeIgniter\Database\BaseBuilder->get()
#3 D:\Project Tugas Akhir\pusbinter\app\Controllers\Instansi.php(19): App\Models\Instansi_m->getAlldata()
#4 D:\Project Tugas Akhir\pusbinter\system\CodeIgniter.php(936): App\Controllers\Instansi->index()
#5 D:\Project Tugas Akhir\pusbinter\system\CodeIgniter.php(432): CodeIgniter\CodeIgniter->runController(Object(App\Controllers\Instansi))
#6 D:\Project Tugas Akhir\pusbinter\system\CodeIgniter.php(333): CodeIgniter\CodeIgniter->handleRequest(NULL, Object(Config\Cache), false)
#7 D:\Project Tugas Akhir\pusbinter\public\index.php(44): CodeIgniter\CodeIgniter->run()
#8 D:\Project Tugas Akhir\pusbinter\system\Commands\Server\rewrite.php(45): require_once('D:\\Project Tuga...')
#9 {main}
CRITICAL - 2021-03-13 09:30:31 --> Uncaught ErrorException: print_r(): Property access is not allowed yet in D:\Project Tugas Akhir\pusbinter\app\Views\errors\html\error_exception.php:100
Stack trace:
#0 [internal function]: CodeIgniter\Debug\Exceptions->errorHandler(2, 'print_r(): Prop...', 'D:\\Project Tuga...', 100, Array)
#1 D:\Project Tugas Akhir\pusbinter\app\Views\errors\html\error_exception.php(100): print_r(Object(App\Controllers\Instansi), true)
#2 D:\Project Tugas Akhir\pusbinter\system\Debug\Exceptions.php(281): include('D:\\Project Tuga...')
#3 D:\Project Tugas Akhir\pusbinter\system\Debug\Exceptions.php(147): CodeIgniter\Debug\Exceptions->render(Object(CodeIgniter\Database\Exceptions\DatabaseException), 500)
#4 [internal function]: CodeIgniter\Debug\Exceptions->exceptionHandler(Object(CodeIgniter\Database\Exceptions\DatabaseException))
#5 {main}
  thrown
#0 [internal function]: CodeIgniter\Debug\Exceptions->shutdownHandler()
#1 {main}
ERROR - 2021-03-13 09:30:53 --> Error connecting to the database: No connection could be made because the target machine actively refused it.

CRITICAL - 2021-03-13 09:30:53 --> Unable to connect to the database.
#0 D:\Project Tugas Akhir\pusbinter\system\Database\BaseConnection.php(618): CodeIgniter\Database\BaseConnection->initialize()
#1 D:\Project Tugas Akhir\pusbinter\system\Database\BaseBuilder.php(1866): CodeIgniter\Database\BaseConnection->query('SELECT *\nFROM `...', Array, false)
#2 D:\Project Tugas Akhir\pusbinter\app\Models\Instansi_m.php(20): CodeIgniter\Database\BaseBuilder->get()
#3 D:\Project Tugas Akhir\pusbinter\app\Controllers\Instansi.php(19): App\Models\Instansi_m->getAlldata()
#4 D:\Project Tugas Akhir\pusbinter\system\CodeIgniter.php(936): App\Controllers\Instansi->index()
#5 D:\Project Tugas Akhir\pusbinter\system\CodeIgniter.php(432): CodeIgniter\CodeIgniter->runController(Object(App\Controllers\Instansi))
#6 D:\Project Tugas Akhir\pusbinter\system\CodeIgniter.php(333): CodeIgniter\CodeIgniter->handleRequest(NULL, Object(Config\Cache), false)
#7 D:\Project Tugas Akhir\pusbinter\public\index.php(44): CodeIgniter\CodeIgniter->run()
#8 D:\Project Tugas Akhir\pusbinter\system\Commands\Server\rewrite.php(45): require_once('D:\\Project Tuga...')
#9 {main}
CRITICAL - 2021-03-13 09:30:53 --> Uncaught ErrorException: print_r(): Property access is not allowed yet in D:\Project Tugas Akhir\pusbinter\app\Views\errors\html\error_exception.php:100
Stack trace:
#0 [internal function]: CodeIgniter\Debug\Exceptions->errorHandler(2, 'print_r(): Prop...', 'D:\\Project Tuga...', 100, Array)
#1 D:\Project Tugas Akhir\pusbinter\app\Views\errors\html\error_exception.php(100): print_r(Object(App\Controllers\Instansi), true)
#2 D:\Project Tugas Akhir\pusbinter\system\Debug\Exceptions.php(281): include('D:\\Project Tuga...')
#3 D:\Project Tugas Akhir\pusbinter\system\Debug\Exceptions.php(147): CodeIgniter\Debug\Exceptions->render(Object(CodeIgniter\Database\Exceptions\DatabaseException), 500)
#4 [internal function]: CodeIgniter\Debug\Exceptions->exceptionHandler(Object(CodeIgniter\Database\Exceptions\DatabaseException))
#5 {main}
  thrown
#0 [internal function]: CodeIgniter\Debug\Exceptions->shutdownHandler()
#1 {main}
ERROR - 2021-03-13 09:31:37 --> Error connecting to the database: No connection could be made because the target machine actively refused it.

CRITICAL - 2021-03-13 09:31:37 --> Unable to connect to the database.
#0 D:\Project Tugas Akhir\pusbinter\system\Database\BaseConnection.php(618): CodeIgniter\Database\BaseConnection->initialize()
#1 D:\Project Tugas Akhir\pusbinter\system\Database\BaseBuilder.php(1866): CodeIgniter\Database\BaseConnection->query('SELECT *\nFROM `...', Array, false)
#2 D:\Project Tugas Akhir\pusbinter\app\Models\Instansi_m.php(20): CodeIgniter\Database\BaseBuilder->get()
#3 D:\Project Tugas Akhir\pusbinter\app\Controllers\Instansi.php(19): App\Models\Instansi_m->getAlldata()
#4 D:\Project Tugas Akhir\pusbinter\system\CodeIgniter.php(936): App\Controllers\Instansi->index()
#5 D:\Project Tugas Akhir\pusbinter\system\CodeIgniter.php(432): CodeIgniter\CodeIgniter->runController(Object(App\Controllers\Instansi))
#6 D:\Project Tugas Akhir\pusbinter\system\CodeIgniter.php(333): CodeIgniter\CodeIgniter->handleRequest(NULL, Object(Config\Cache), false)
#7 D:\Project Tugas Akhir\pusbinter\public\index.php(44): CodeIgniter\CodeIgniter->run()
#8 D:\Project Tugas Akhir\pusbinter\system\Commands\Server\rewrite.php(45): require_once('D:\\Project Tuga...')
#9 {main}
CRITICAL - 2021-03-13 09:31:37 --> Uncaught ErrorException: print_r(): Property access is not allowed yet in D:\Project Tugas Akhir\pusbinter\app\Views\errors\html\error_exception.php:100
Stack trace:
#0 [internal function]: CodeIgniter\Debug\Exceptions->errorHandler(2, 'print_r(): Prop...', 'D:\\Project Tuga...', 100, Array)
#1 D:\Project Tugas Akhir\pusbinter\app\Views\errors\html\error_exception.php(100): print_r(Object(App\Controllers\Instansi), true)
#2 D:\Project Tugas Akhir\pusbinter\system\Debug\Exceptions.php(281): include('D:\\Project Tuga...')
#3 D:\Project Tugas Akhir\pusbinter\system\Debug\Exceptions.php(147): CodeIgniter\Debug\Exceptions->render(Object(CodeIgniter\Database\Exceptions\DatabaseException), 500)
#4 [internal function]: CodeIgniter\Debug\Exceptions->exceptionHandler(Object(CodeIgniter\Database\Exceptions\DatabaseException))
#5 {main}
  thrown
#0 [internal function]: CodeIgniter\Debug\Exceptions->shutdownHandler()
#1 {main}
CRITICAL - 2021-03-13 10:13:50 --> syntax error, unexpected '}', expecting end of file
#0 D:\Project Tugas Akhir\pusbinter\system\View\View.php(222): CodeIgniter\View\View->CodeIgniter\View\{closure}()
#1 D:\Project Tugas Akhir\pusbinter\system\Common.php(1217): CodeIgniter\View\View->render('instansi', Array, true)
#2 D:\Project Tugas Akhir\pusbinter\app\Controllers\Instansi.php(21): view('instansi', Array)
#3 D:\Project Tugas Akhir\pusbinter\system\CodeIgniter.php(936): App\Controllers\Instansi->index()
#4 D:\Project Tugas Akhir\pusbinter\system\CodeIgniter.php(432): CodeIgniter\CodeIgniter->runController(Object(App\Controllers\Instansi))
#5 D:\Project Tugas Akhir\pusbinter\system\CodeIgniter.php(333): CodeIgniter\CodeIgniter->handleRequest(NULL, Object(Config\Cache), false)
#6 D:\Project Tugas Akhir\pusbinter\public\index.php(44): CodeIgniter\CodeIgniter->run()
#7 D:\Project Tugas Akhir\pusbinter\system\Commands\Server\rewrite.php(45): require_once('D:\\Project Tuga...')
#8 {main}
