ERROR - 2021-03-05 01:01:43 --> mysqli_sql_exception: Unknown column 'id_instansi' in 'field list' in D:\Project Tugas Akhir\pusbinter\system\Database\MySQLi\Connection.php:314
Stack trace:
#0 D:\Project Tugas Akhir\pusbinter\system\Database\MySQLi\Connection.php(314): mysqli->query('INSERT INTO `pe...')
#1 D:\Project Tugas Akhir\pusbinter\system\Database\BaseConnection.php(713): CodeIgniter\Database\MySQLi\Connection->execute('INSERT INTO `pe...')
#2 D:\Project Tugas Akhir\pusbinter\system\Database\BaseConnection.php(641): CodeIgniter\Database\BaseConnection->simpleQuery('INSERT INTO `pe...')
#3 D:\Project Tugas Akhir\pusbinter\system\Database\BaseBuilder.php(2263): CodeIgniter\Database\BaseConnection->query('INSERT INTO `pe...', Array, false)
#4 D:\Project Tugas Akhir\pusbinter\app\Models\Penerjemah_m.php(26): CodeIgniter\Database\BaseBuilder->insert(Array)
#5 D:\Project Tugas Akhir\pusbinter\app\Controllers\Penerjemah.php(36): App\Models\Penerjemah_m->savePenerjemah(Array)
#6 D:\Project Tugas Akhir\pusbinter\system\CodeIgniter.php(936): App\Controllers\Penerjemah->save()
#7 D:\Project Tugas Akhir\pusbinter\system\CodeIgniter.php(432): CodeIgniter\CodeIgniter->runController(Object(App\Controllers\Penerjemah))
#8 D:\Project Tugas Akhir\pusbinter\system\CodeIgniter.php(333): CodeIgniter\CodeIgniter->handleRequest(NULL, Object(Config\Cache), false)
#9 D:\Project Tugas Akhir\pusbinter\public\index.php(44): CodeIgniter\CodeIgniter->run()
#10 D:\Project Tugas Akhir\pusbinter\system\Commands\Server\rewrite.php(45): require_once('D:\\Project Tuga...')
#11 {main}
CRITICAL - 2021-03-05 01:01:43 --> Unknown column 'id_instansi' in 'field list'
#0 D:\Project Tugas Akhir\pusbinter\system\Database\MySQLi\Connection.php(314): mysqli->query('INSERT INTO `pe...')
#1 D:\Project Tugas Akhir\pusbinter\system\Database\BaseConnection.php(713): CodeIgniter\Database\MySQLi\Connection->execute('INSERT INTO `pe...')
#2 D:\Project Tugas Akhir\pusbinter\system\Database\BaseConnection.php(641): CodeIgniter\Database\BaseConnection->simpleQuery('INSERT INTO `pe...')
#3 D:\Project Tugas Akhir\pusbinter\system\Database\BaseBuilder.php(2263): CodeIgniter\Database\BaseConnection->query('INSERT INTO `pe...', Array, false)
#4 D:\Project Tugas Akhir\pusbinter\app\Models\Penerjemah_m.php(26): CodeIgniter\Database\BaseBuilder->insert(Array)
#5 D:\Project Tugas Akhir\pusbinter\app\Controllers\Penerjemah.php(36): App\Models\Penerjemah_m->savePenerjemah(Array)
#6 D:\Project Tugas Akhir\pusbinter\system\CodeIgniter.php(936): App\Controllers\Penerjemah->save()
#7 D:\Project Tugas Akhir\pusbinter\system\CodeIgniter.php(432): CodeIgniter\CodeIgniter->runController(Object(App\Controllers\Penerjemah))
#8 D:\Project Tugas Akhir\pusbinter\system\CodeIgniter.php(333): CodeIgniter\CodeIgniter->handleRequest(NULL, Object(Config\Cache), false)
#9 D:\Project Tugas Akhir\pusbinter\public\index.php(44): CodeIgniter\CodeIgniter->run()
#10 D:\Project Tugas Akhir\pusbinter\system\Commands\Server\rewrite.php(45): require_once('D:\\Project Tuga...')
#11 {main}
ERROR - 2021-03-05 01:02:30 --> mysqli_sql_exception: Unknown column 'id_instansi' in 'field list' in D:\Project Tugas Akhir\pusbinter\system\Database\MySQLi\Connection.php:314
Stack trace:
#0 D:\Project Tugas Akhir\pusbinter\system\Database\MySQLi\Connection.php(314): mysqli->query('INSERT INTO `pe...')
#1 D:\Project Tugas Akhir\pusbinter\system\Database\BaseConnection.php(713): CodeIgniter\Database\MySQLi\Connection->execute('INSERT INTO `pe...')
#2 D:\Project Tugas Akhir\pusbinter\system\Database\BaseConnection.php(641): CodeIgniter\Database\BaseConnection->simpleQuery('INSERT INTO `pe...')
#3 D:\Project Tugas Akhir\pusbinter\system\Database\BaseBuilder.php(2263): CodeIgniter\Database\BaseConnection->query('INSERT INTO `pe...', Array, false)
#4 D:\Project Tugas Akhir\pusbinter\app\Models\Penerjemah_m.php(26): CodeIgniter\Database\BaseBuilder->insert(Array)
#5 D:\Project Tugas Akhir\pusbinter\app\Controllers\Penerjemah.php(36): App\Models\Penerjemah_m->savePenerjemah(Array)
#6 D:\Project Tugas Akhir\pusbinter\system\CodeIgniter.php(936): App\Controllers\Penerjemah->save()
#7 D:\Project Tugas Akhir\pusbinter\system\CodeIgniter.php(432): CodeIgniter\CodeIgniter->runController(Object(App\Controllers\Penerjemah))
#8 D:\Project Tugas Akhir\pusbinter\system\CodeIgniter.php(333): CodeIgniter\CodeIgniter->handleRequest(NULL, Object(Config\Cache), false)
#9 D:\Project Tugas Akhir\pusbinter\public\index.php(44): CodeIgniter\CodeIgniter->run()
#10 D:\Project Tugas Akhir\pusbinter\system\Commands\Server\rewrite.php(45): require_once('D:\\Project Tuga...')
#11 {main}
CRITICAL - 2021-03-05 01:02:30 --> Unknown column 'id_instansi' in 'field list'
#0 D:\Project Tugas Akhir\pusbinter\system\Database\MySQLi\Connection.php(314): mysqli->query('INSERT INTO `pe...')
#1 D:\Project Tugas Akhir\pusbinter\system\Database\BaseConnection.php(713): CodeIgniter\Database\MySQLi\Connection->execute('INSERT INTO `pe...')
#2 D:\Project Tugas Akhir\pusbinter\system\Database\BaseConnection.php(641): CodeIgniter\Database\BaseConnection->simpleQuery('INSERT INTO `pe...')
#3 D:\Project Tugas Akhir\pusbinter\system\Database\BaseBuilder.php(2263): CodeIgniter\Database\BaseConnection->query('INSERT INTO `pe...', Array, false)
#4 D:\Project Tugas Akhir\pusbinter\app\Models\Penerjemah_m.php(26): CodeIgniter\Database\BaseBuilder->insert(Array)
#5 D:\Project Tugas Akhir\pusbinter\app\Controllers\Penerjemah.php(36): App\Models\Penerjemah_m->savePenerjemah(Array)
#6 D:\Project Tugas Akhir\pusbinter\system\CodeIgniter.php(936): App\Controllers\Penerjemah->save()
#7 D:\Project Tugas Akhir\pusbinter\system\CodeIgniter.php(432): CodeIgniter\CodeIgniter->runController(Object(App\Controllers\Penerjemah))
#8 D:\Project Tugas Akhir\pusbinter\system\CodeIgniter.php(333): CodeIgniter\CodeIgniter->handleRequest(NULL, Object(Config\Cache), false)
#9 D:\Project Tugas Akhir\pusbinter\public\index.php(44): CodeIgniter\CodeIgniter->run()
#10 D:\Project Tugas Akhir\pusbinter\system\Commands\Server\rewrite.php(45): require_once('D:\\Project Tuga...')
#11 {main}
ERROR - 2021-03-05 01:04:01 --> mysqli_sql_exception: Unknown column 'id_instansi' in 'field list' in D:\Project Tugas Akhir\pusbinter\system\Database\MySQLi\Connection.php:314
Stack trace:
#0 D:\Project Tugas Akhir\pusbinter\system\Database\MySQLi\Connection.php(314): mysqli->query('INSERT INTO `pe...')
#1 D:\Project Tugas Akhir\pusbinter\system\Database\BaseConnection.php(713): CodeIgniter\Database\MySQLi\Connection->execute('INSERT INTO `pe...')
#2 D:\Project Tugas Akhir\pusbinter\system\Database\BaseConnection.php(641): CodeIgniter\Database\BaseConnection->simpleQuery('INSERT INTO `pe...')
#3 D:\Project Tugas Akhir\pusbinter\system\Database\BaseBuilder.php(2263): CodeIgniter\Database\BaseConnection->query('INSERT INTO `pe...', Array, false)
#4 D:\Project Tugas Akhir\pusbinter\app\Models\Penerjemah_m.php(26): CodeIgniter\Database\BaseBuilder->insert(Array)
#5 D:\Project Tugas Akhir\pusbinter\app\Controllers\Penerjemah.php(36): App\Models\Penerjemah_m->savePenerjemah(Array)
#6 D:\Project Tugas Akhir\pusbinter\system\CodeIgniter.php(936): App\Controllers\Penerjemah->save()
#7 D:\Project Tugas Akhir\pusbinter\system\CodeIgniter.php(432): CodeIgniter\CodeIgniter->runController(Object(App\Controllers\Penerjemah))
#8 D:\Project Tugas Akhir\pusbinter\system\CodeIgniter.php(333): CodeIgniter\CodeIgniter->handleRequest(NULL, Object(Config\Cache), false)
#9 D:\Project Tugas Akhir\pusbinter\public\index.php(44): CodeIgniter\CodeIgniter->run()
#10 D:\Project Tugas Akhir\pusbinter\system\Commands\Server\rewrite.php(45): require_once('D:\\Project Tuga...')
#11 {main}
CRITICAL - 2021-03-05 01:04:01 --> Unknown column 'id_instansi' in 'field list'
#0 D:\Project Tugas Akhir\pusbinter\system\Database\MySQLi\Connection.php(314): mysqli->query('INSERT INTO `pe...')
#1 D:\Project Tugas Akhir\pusbinter\system\Database\BaseConnection.php(713): CodeIgniter\Database\MySQLi\Connection->execute('INSERT INTO `pe...')
#2 D:\Project Tugas Akhir\pusbinter\system\Database\BaseConnection.php(641): CodeIgniter\Database\BaseConnection->simpleQuery('INSERT INTO `pe...')
#3 D:\Project Tugas Akhir\pusbinter\system\Database\BaseBuilder.php(2263): CodeIgniter\Database\BaseConnection->query('INSERT INTO `pe...', Array, false)
#4 D:\Project Tugas Akhir\pusbinter\app\Models\Penerjemah_m.php(26): CodeIgniter\Database\BaseBuilder->insert(Array)
#5 D:\Project Tugas Akhir\pusbinter\app\Controllers\Penerjemah.php(36): App\Models\Penerjemah_m->savePenerjemah(Array)
#6 D:\Project Tugas Akhir\pusbinter\system\CodeIgniter.php(936): App\Controllers\Penerjemah->save()
#7 D:\Project Tugas Akhir\pusbinter\system\CodeIgniter.php(432): CodeIgniter\CodeIgniter->runController(Object(App\Controllers\Penerjemah))
#8 D:\Project Tugas Akhir\pusbinter\system\CodeIgniter.php(333): CodeIgniter\CodeIgniter->handleRequest(NULL, Object(Config\Cache), false)
#9 D:\Project Tugas Akhir\pusbinter\public\index.php(44): CodeIgniter\CodeIgniter->run()
#10 D:\Project Tugas Akhir\pusbinter\system\Commands\Server\rewrite.php(45): require_once('D:\\Project Tuga...')
#11 {main}
ERROR - 2021-03-05 01:16:26 --> mysqli_sql_exception: Cannot add or update a child row: a foreign key constraint fails (`pusbinter`.`penerjemah`, CONSTRAINT `penerjemah_ibfk_1` FOREIGN KEY (`id_instansi_penerjemah`) REFERENCES `instansi` (`id_instansi`) ON DELETE CASCADE ON UPDATE CASCADE) in D:\Project Tugas Akhir\pusbinter\system\Database\MySQLi\Connection.php:314
Stack trace:
#0 D:\Project Tugas Akhir\pusbinter\system\Database\MySQLi\Connection.php(314): mysqli->query('INSERT INTO `pe...')
#1 D:\Project Tugas Akhir\pusbinter\system\Database\BaseConnection.php(713): CodeIgniter\Database\MySQLi\Connection->execute('INSERT INTO `pe...')
#2 D:\Project Tugas Akhir\pusbinter\system\Database\BaseConnection.php(641): CodeIgniter\Database\BaseConnection->simpleQuery('INSERT INTO `pe...')
#3 D:\Project Tugas Akhir\pusbinter\system\Database\BaseBuilder.php(2263): CodeIgniter\Database\BaseConnection->query('INSERT INTO `pe...', Array, false)
#4 D:\Project Tugas Akhir\pusbinter\app\Models\Penerjemah_m.php(26): CodeIgniter\Database\BaseBuilder->insert(Array)
#5 D:\Project Tugas Akhir\pusbinter\app\Controllers\Penerjemah.php(36): App\Models\Penerjemah_m->savePenerjemah(Array)
#6 D:\Project Tugas Akhir\pusbinter\system\CodeIgniter.php(936): App\Controllers\Penerjemah->save()
#7 D:\Project Tugas Akhir\pusbinter\system\CodeIgniter.php(432): CodeIgniter\CodeIgniter->runController(Object(App\Controllers\Penerjemah))
#8 D:\Project Tugas Akhir\pusbinter\system\CodeIgniter.php(333): CodeIgniter\CodeIgniter->handleRequest(NULL, Object(Config\Cache), false)
#9 D:\Project Tugas Akhir\pusbinter\public\index.php(44): CodeIgniter\CodeIgniter->run()
#10 D:\Project Tugas Akhir\pusbinter\system\Commands\Server\rewrite.php(45): require_once('D:\\Project Tuga...')
#11 {main}
CRITICAL - 2021-03-05 01:16:26 --> Cannot add or update a child row: a foreign key constraint fails (`pusbinter`.`penerjemah`, CONSTRAINT `penerjemah_ibfk_1` FOREIGN KEY (`id_instansi_penerjemah`) REFERENCES `instansi` (`id_instansi`) ON DELETE CASCADE ON UPDATE CASCADE)
#0 D:\Project Tugas Akhir\pusbinter\system\Database\MySQLi\Connection.php(314): mysqli->query('INSERT INTO `pe...')
#1 D:\Project Tugas Akhir\pusbinter\system\Database\BaseConnection.php(713): CodeIgniter\Database\MySQLi\Connection->execute('INSERT INTO `pe...')
#2 D:\Project Tugas Akhir\pusbinter\system\Database\BaseConnection.php(641): CodeIgniter\Database\BaseConnection->simpleQuery('INSERT INTO `pe...')
#3 D:\Project Tugas Akhir\pusbinter\system\Database\BaseBuilder.php(2263): CodeIgniter\Database\BaseConnection->query('INSERT INTO `pe...', Array, false)
#4 D:\Project Tugas Akhir\pusbinter\app\Models\Penerjemah_m.php(26): CodeIgniter\Database\BaseBuilder->insert(Array)
#5 D:\Project Tugas Akhir\pusbinter\app\Controllers\Penerjemah.php(36): App\Models\Penerjemah_m->savePenerjemah(Array)
#6 D:\Project Tugas Akhir\pusbinter\system\CodeIgniter.php(936): App\Controllers\Penerjemah->save()
#7 D:\Project Tugas Akhir\pusbinter\system\CodeIgniter.php(432): CodeIgniter\CodeIgniter->runController(Object(App\Controllers\Penerjemah))
#8 D:\Project Tugas Akhir\pusbinter\system\CodeIgniter.php(333): CodeIgniter\CodeIgniter->handleRequest(NULL, Object(Config\Cache), false)
#9 D:\Project Tugas Akhir\pusbinter\public\index.php(44): CodeIgniter\CodeIgniter->run()
#10 D:\Project Tugas Akhir\pusbinter\system\Commands\Server\rewrite.php(45): require_once('D:\\Project Tuga...')
#11 {main}
