CRITICAL - 2021-04-04 22:57:08 --> syntax error, unexpected 'if' (T_IF)
#0 D:\Project Tugas Akhir\pusbinter\system\View\View.php(222): CodeIgniter\View\View->CodeIgniter\View\{closure}()
#1 D:\Project Tugas Akhir\pusbinter\system\Common.php(1217): CodeIgniter\View\View->render('user', Array, true)
#2 D:\Project Tugas Akhir\pusbinter\app\Controllers\User.php(26): view('user', Array)
#3 D:\Project Tugas Akhir\pusbinter\system\CodeIgniter.php(936): App\Controllers\User->index()
#4 D:\Project Tugas Akhir\pusbinter\system\CodeIgniter.php(432): CodeIgniter\CodeIgniter->runController(Object(App\Controllers\User))
#5 D:\Project Tugas Akhir\pusbinter\system\CodeIgniter.php(333): CodeIgniter\CodeIgniter->handleRequest(NULL, Object(Config\Cache), false)
#6 D:\Project Tugas Akhir\pusbinter\public\index.php(44): CodeIgniter\CodeIgniter->run()
#7 D:\Project Tugas Akhir\pusbinter\system\Commands\Server\rewrite.php(45): require_once('D:\\Project Tuga...')
#8 {main}
CRITICAL - 2021-04-04 23:20:47 --> Undefined variable: id_tugas
#0 D:\Project Tugas Akhir\pusbinter\app\Views\memo_masuk.php(347): CodeIgniter\Debug\Exceptions->errorHandler(8, 'Undefined varia...', 'D:\\Project Tuga...', 347, Array)
#1 D:\Project Tugas Akhir\pusbinter\system\View\View.php(220): include('D:\\Project Tuga...')
#2 D:\Project Tugas Akhir\pusbinter\system\View\View.php(222): CodeIgniter\View\View->CodeIgniter\View\{closure}()
#3 D:\Project Tugas Akhir\pusbinter\system\Common.php(1217): CodeIgniter\View\View->render('memo_masuk', Array, true)
#4 D:\Project Tugas Akhir\pusbinter\app\Controllers\Memo_masuk.php(34): view('memo_masuk', Array)
#5 D:\Project Tugas Akhir\pusbinter\system\CodeIgniter.php(936): App\Controllers\Memo_masuk->index()
#6 D:\Project Tugas Akhir\pusbinter\system\CodeIgniter.php(432): CodeIgniter\CodeIgniter->runController(Object(App\Controllers\Memo_masuk))
#7 D:\Project Tugas Akhir\pusbinter\system\CodeIgniter.php(333): CodeIgniter\CodeIgniter->handleRequest(NULL, Object(Config\Cache), false)
#8 D:\Project Tugas Akhir\pusbinter\public\index.php(44): CodeIgniter\CodeIgniter->run()
#9 D:\Project Tugas Akhir\pusbinter\system\Commands\Server\rewrite.php(45): require_once('D:\\Project Tuga...')
#10 {main}
CRITICAL - 2021-04-04 23:21:41 --> Undefined variable: id_tugas
#0 D:\Project Tugas Akhir\pusbinter\app\Views\memo_masuk.php(347): CodeIgniter\Debug\Exceptions->errorHandler(8, 'Undefined varia...', 'D:\\Project Tuga...', 347, Array)
#1 D:\Project Tugas Akhir\pusbinter\system\View\View.php(220): include('D:\\Project Tuga...')
#2 D:\Project Tugas Akhir\pusbinter\system\View\View.php(222): CodeIgniter\View\View->CodeIgniter\View\{closure}()
#3 D:\Project Tugas Akhir\pusbinter\system\Common.php(1217): CodeIgniter\View\View->render('memo_masuk', Array, true)
#4 D:\Project Tugas Akhir\pusbinter\app\Controllers\Memo_masuk.php(34): view('memo_masuk', Array)
#5 D:\Project Tugas Akhir\pusbinter\system\CodeIgniter.php(936): App\Controllers\Memo_masuk->index()
#6 D:\Project Tugas Akhir\pusbinter\system\CodeIgniter.php(432): CodeIgniter\CodeIgniter->runController(Object(App\Controllers\Memo_masuk))
#7 D:\Project Tugas Akhir\pusbinter\system\CodeIgniter.php(333): CodeIgniter\CodeIgniter->handleRequest(NULL, Object(Config\Cache), false)
#8 D:\Project Tugas Akhir\pusbinter\public\index.php(44): CodeIgniter\CodeIgniter->run()
#9 D:\Project Tugas Akhir\pusbinter\system\Commands\Server\rewrite.php(45): require_once('D:\\Project Tuga...')
#10 {main}
CRITICAL - 2021-04-04 23:21:44 --> Undefined variable: id_tugas
#0 D:\Project Tugas Akhir\pusbinter\app\Views\memo_masuk.php(347): CodeIgniter\Debug\Exceptions->errorHandler(8, 'Undefined varia...', 'D:\\Project Tuga...', 347, Array)
#1 D:\Project Tugas Akhir\pusbinter\system\View\View.php(220): include('D:\\Project Tuga...')
#2 D:\Project Tugas Akhir\pusbinter\system\View\View.php(222): CodeIgniter\View\View->CodeIgniter\View\{closure}()
#3 D:\Project Tugas Akhir\pusbinter\system\Common.php(1217): CodeIgniter\View\View->render('memo_masuk', Array, true)
#4 D:\Project Tugas Akhir\pusbinter\app\Controllers\Memo_masuk.php(34): view('memo_masuk', Array)
#5 D:\Project Tugas Akhir\pusbinter\system\CodeIgniter.php(936): App\Controllers\Memo_masuk->index()
#6 D:\Project Tugas Akhir\pusbinter\system\CodeIgniter.php(432): CodeIgniter\CodeIgniter->runController(Object(App\Controllers\Memo_masuk))
#7 D:\Project Tugas Akhir\pusbinter\system\CodeIgniter.php(333): CodeIgniter\CodeIgniter->handleRequest(NULL, Object(Config\Cache), false)
#8 D:\Project Tugas Akhir\pusbinter\public\index.php(44): CodeIgniter\CodeIgniter->run()
#9 D:\Project Tugas Akhir\pusbinter\system\Commands\Server\rewrite.php(45): require_once('D:\\Project Tuga...')
#10 {main}
