CRITICAL - 2021-03-04 20:52:02 --> Call to undefined function extend()
#0 D:\Project Tugas Akhir\pusbinter\system\View\View.php(220): include()
#1 D:\Project Tugas Akhir\pusbinter\system\View\View.php(222): CodeIgniter\View\View->CodeIgniter\View\{closure}()
#2 D:\Project Tugas Akhir\pusbinter\system\Common.php(1217): CodeIgniter\View\View->render('tables', Array, true)
#3 D:\Project Tugas Akhir\pusbinter\app\Controllers\Penerjemah.php(27): view('tables', Array)
#4 D:\Project Tugas Akhir\pusbinter\system\CodeIgniter.php(936): App\Controllers\Penerjemah->tables()
#5 D:\Project Tugas Akhir\pusbinter\system\CodeIgniter.php(432): CodeIgniter\CodeIgniter->runController(Object(App\Controllers\Penerjemah))
#6 D:\Project Tugas Akhir\pusbinter\system\CodeIgniter.php(333): CodeIgniter\CodeIgniter->handleRequest(NULL, Object(Config\Cache), false)
#7 D:\Project Tugas Akhir\pusbinter\public\index.php(44): CodeIgniter\CodeIgniter->run()
#8 D:\Project Tugas Akhir\pusbinter\system\Commands\Server\rewrite.php(45): require_once('D:\\Project Tuga...')
#9 {main}
CRITICAL - 2021-03-04 20:53:50 --> include(templates/footer): failed to open stream: No such file or directory
#0 D:\Project Tugas Akhir\pusbinter\app\Views\tables.php(72): CodeIgniter\Debug\Exceptions->errorHandler(2, 'include(templat...', 'D:\\Project Tuga...', 72, Array)
#1 D:\Project Tugas Akhir\pusbinter\app\Views\tables.php(72): include()
#2 D:\Project Tugas Akhir\pusbinter\system\View\View.php(220): include('D:\\Project Tuga...')
#3 D:\Project Tugas Akhir\pusbinter\system\View\View.php(222): CodeIgniter\View\View->CodeIgniter\View\{closure}()
#4 D:\Project Tugas Akhir\pusbinter\system\Common.php(1217): CodeIgniter\View\View->render('tables', Array, true)
#5 D:\Project Tugas Akhir\pusbinter\app\Controllers\Penerjemah.php(27): view('tables', Array)
#6 D:\Project Tugas Akhir\pusbinter\system\CodeIgniter.php(936): App\Controllers\Penerjemah->tables()
#7 D:\Project Tugas Akhir\pusbinter\system\CodeIgniter.php(432): CodeIgniter\CodeIgniter->runController(Object(App\Controllers\Penerjemah))
#8 D:\Project Tugas Akhir\pusbinter\system\CodeIgniter.php(333): CodeIgniter\CodeIgniter->handleRequest(NULL, Object(Config\Cache), false)
#9 D:\Project Tugas Akhir\pusbinter\public\index.php(44): CodeIgniter\CodeIgniter->run()
#10 D:\Project Tugas Akhir\pusbinter\system\Commands\Server\rewrite.php(45): require_once('D:\\Project Tuga...')
#11 {main}
CRITICAL - 2021-03-04 20:54:33 --> include(templates/footer): failed to open stream: No such file or directory
#0 D:\Project Tugas Akhir\pusbinter\app\Views\templates\navbar.php(50): CodeIgniter\Debug\Exceptions->errorHandler(2, 'include(templat...', 'D:\\Project Tuga...', 50, Array)
#1 D:\Project Tugas Akhir\pusbinter\app\Views\templates\navbar.php(50): include()
#2 D:\Project Tugas Akhir\pusbinter\system\View\View.php(220): include('D:\\Project Tuga...')
#3 D:\Project Tugas Akhir\pusbinter\system\View\View.php(222): CodeIgniter\View\View->CodeIgniter\View\{closure}()
#4 D:\Project Tugas Akhir\pusbinter\system\View\View.php(236): CodeIgniter\View\View->render('templates/navba...', Array, true)
#5 D:\Project Tugas Akhir\pusbinter\system\Common.php(1217): CodeIgniter\View\View->render('tables', Array, true)
#6 D:\Project Tugas Akhir\pusbinter\app\Controllers\Penerjemah.php(27): view('tables', Array)
#7 D:\Project Tugas Akhir\pusbinter\system\CodeIgniter.php(936): App\Controllers\Penerjemah->tables()
#8 D:\Project Tugas Akhir\pusbinter\system\CodeIgniter.php(432): CodeIgniter\CodeIgniter->runController(Object(App\Controllers\Penerjemah))
#9 D:\Project Tugas Akhir\pusbinter\system\CodeIgniter.php(333): CodeIgniter\CodeIgniter->handleRequest(NULL, Object(Config\Cache), false)
#10 D:\Project Tugas Akhir\pusbinter\public\index.php(44): CodeIgniter\CodeIgniter->run()
#11 D:\Project Tugas Akhir\pusbinter\system\Commands\Server\rewrite.php(45): require_once('D:\\Project Tuga...')
#12 {main}
ERROR - 2021-03-04 22:09:59 --> mysqli_sql_exception: Column 'id_instansi' in on clause is ambiguous in D:\Project Tugas Akhir\pusbinter\system\Database\MySQLi\Connection.php:314
Stack trace:
#0 D:\Project Tugas Akhir\pusbinter\system\Database\MySQLi\Connection.php(314): mysqli->query('SELECT *\nFROM `...')
#1 D:\Project Tugas Akhir\pusbinter\system\Database\BaseConnection.php(713): CodeIgniter\Database\MySQLi\Connection->execute('SELECT *\nFROM `...')
#2 D:\Project Tugas Akhir\pusbinter\system\Database\BaseConnection.php(641): CodeIgniter\Database\BaseConnection->simpleQuery('SELECT *\nFROM `...')
#3 D:\Project Tugas Akhir\pusbinter\system\Database\BaseBuilder.php(1866): CodeIgniter\Database\BaseConnection->query('SELECT *\nFROM `...', Array, false)
#4 D:\Project Tugas Akhir\pusbinter\app\Models\Penerjemah_m.php(17): CodeIgniter\Database\BaseBuilder->get()
#5 D:\Project Tugas Akhir\pusbinter\app\Controllers\Penerjemah.php(14): App\Models\Penerjemah_m->getPenerjemah()
#6 D:\Project Tugas Akhir\pusbinter\system\CodeIgniter.php(936): App\Controllers\Penerjemah->index()
#7 D:\Project Tugas Akhir\pusbinter\system\CodeIgniter.php(432): CodeIgniter\CodeIgniter->runController(Object(App\Controllers\Penerjemah))
#8 D:\Project Tugas Akhir\pusbinter\system\CodeIgniter.php(333): CodeIgniter\CodeIgniter->handleRequest(NULL, Object(Config\Cache), false)
#9 D:\Project Tugas Akhir\pusbinter\public\index.php(44): CodeIgniter\CodeIgniter->run()
#10 D:\Project Tugas Akhir\pusbinter\system\Commands\Server\rewrite.php(45): require_once('D:\\Project Tuga...')
#11 {main}
CRITICAL - 2021-03-04 22:09:59 --> Column 'id_instansi' in on clause is ambiguous
#0 D:\Project Tugas Akhir\pusbinter\system\Database\MySQLi\Connection.php(314): mysqli->query('SELECT *\nFROM `...')
#1 D:\Project Tugas Akhir\pusbinter\system\Database\BaseConnection.php(713): CodeIgniter\Database\MySQLi\Connection->execute('SELECT *\nFROM `...')
#2 D:\Project Tugas Akhir\pusbinter\system\Database\BaseConnection.php(641): CodeIgniter\Database\BaseConnection->simpleQuery('SELECT *\nFROM `...')
#3 D:\Project Tugas Akhir\pusbinter\system\Database\BaseBuilder.php(1866): CodeIgniter\Database\BaseConnection->query('SELECT *\nFROM `...', Array, false)
#4 D:\Project Tugas Akhir\pusbinter\app\Models\Penerjemah_m.php(17): CodeIgniter\Database\BaseBuilder->get()
#5 D:\Project Tugas Akhir\pusbinter\app\Controllers\Penerjemah.php(14): App\Models\Penerjemah_m->getPenerjemah()
#6 D:\Project Tugas Akhir\pusbinter\system\CodeIgniter.php(936): App\Controllers\Penerjemah->index()
#7 D:\Project Tugas Akhir\pusbinter\system\CodeIgniter.php(432): CodeIgniter\CodeIgniter->runController(Object(App\Controllers\Penerjemah))
#8 D:\Project Tugas Akhir\pusbinter\system\CodeIgniter.php(333): CodeIgniter\CodeIgniter->handleRequest(NULL, Object(Config\Cache), false)
#9 D:\Project Tugas Akhir\pusbinter\public\index.php(44): CodeIgniter\CodeIgniter->run()
#10 D:\Project Tugas Akhir\pusbinter\system\Commands\Server\rewrite.php(45): require_once('D:\\Project Tuga...')
#11 {main}
ERROR - 2021-03-04 22:11:30 --> mysqli_sql_exception: Unknown column 'instansiid_instansi' in 'on clause' in D:\Project Tugas Akhir\pusbinter\system\Database\MySQLi\Connection.php:314
Stack trace:
#0 D:\Project Tugas Akhir\pusbinter\system\Database\MySQLi\Connection.php(314): mysqli->query('SELECT *\nFROM `...')
#1 D:\Project Tugas Akhir\pusbinter\system\Database\BaseConnection.php(713): CodeIgniter\Database\MySQLi\Connection->execute('SELECT *\nFROM `...')
#2 D:\Project Tugas Akhir\pusbinter\system\Database\BaseConnection.php(641): CodeIgniter\Database\BaseConnection->simpleQuery('SELECT *\nFROM `...')
#3 D:\Project Tugas Akhir\pusbinter\system\Database\BaseBuilder.php(1866): CodeIgniter\Database\BaseConnection->query('SELECT *\nFROM `...', Array, false)
#4 D:\Project Tugas Akhir\pusbinter\app\Models\Penerjemah_m.php(17): CodeIgniter\Database\BaseBuilder->get()
#5 D:\Project Tugas Akhir\pusbinter\app\Controllers\Penerjemah.php(14): App\Models\Penerjemah_m->getPenerjemah()
#6 D:\Project Tugas Akhir\pusbinter\system\CodeIgniter.php(936): App\Controllers\Penerjemah->index()
#7 D:\Project Tugas Akhir\pusbinter\system\CodeIgniter.php(432): CodeIgniter\CodeIgniter->runController(Object(App\Controllers\Penerjemah))
#8 D:\Project Tugas Akhir\pusbinter\system\CodeIgniter.php(333): CodeIgniter\CodeIgniter->handleRequest(NULL, Object(Config\Cache), false)
#9 D:\Project Tugas Akhir\pusbinter\public\index.php(44): CodeIgniter\CodeIgniter->run()
#10 D:\Project Tugas Akhir\pusbinter\system\Commands\Server\rewrite.php(45): require_once('D:\\Project Tuga...')
#11 {main}
CRITICAL - 2021-03-04 22:11:30 --> Unknown column 'instansiid_instansi' in 'on clause'
#0 D:\Project Tugas Akhir\pusbinter\system\Database\MySQLi\Connection.php(314): mysqli->query('SELECT *\nFROM `...')
#1 D:\Project Tugas Akhir\pusbinter\system\Database\BaseConnection.php(713): CodeIgniter\Database\MySQLi\Connection->execute('SELECT *\nFROM `...')
#2 D:\Project Tugas Akhir\pusbinter\system\Database\BaseConnection.php(641): CodeIgniter\Database\BaseConnection->simpleQuery('SELECT *\nFROM `...')
#3 D:\Project Tugas Akhir\pusbinter\system\Database\BaseBuilder.php(1866): CodeIgniter\Database\BaseConnection->query('SELECT *\nFROM `...', Array, false)
#4 D:\Project Tugas Akhir\pusbinter\app\Models\Penerjemah_m.php(17): CodeIgniter\Database\BaseBuilder->get()
#5 D:\Project Tugas Akhir\pusbinter\app\Controllers\Penerjemah.php(14): App\Models\Penerjemah_m->getPenerjemah()
#6 D:\Project Tugas Akhir\pusbinter\system\CodeIgniter.php(936): App\Controllers\Penerjemah->index()
#7 D:\Project Tugas Akhir\pusbinter\system\CodeIgniter.php(432): CodeIgniter\CodeIgniter->runController(Object(App\Controllers\Penerjemah))
#8 D:\Project Tugas Akhir\pusbinter\system\CodeIgniter.php(333): CodeIgniter\CodeIgniter->handleRequest(NULL, Object(Config\Cache), false)
#9 D:\Project Tugas Akhir\pusbinter\public\index.php(44): CodeIgniter\CodeIgniter->run()
#10 D:\Project Tugas Akhir\pusbinter\system\Commands\Server\rewrite.php(45): require_once('D:\\Project Tuga...')
#11 {main}
CRITICAL - 2021-03-04 22:11:47 --> syntax error, unexpected '=', expecting ')'
#0 D:\Project Tugas Akhir\pusbinter\system\Autoloader\Autoloader.php(265): CodeIgniter\Autoloader\Autoloader->includeFile('D:\\Project Tuga...')
#1 D:\Project Tugas Akhir\pusbinter\system\Autoloader\Autoloader.php(228): CodeIgniter\Autoloader\Autoloader->loadInNamespace('App\\Models\\Pene...')
#2 [internal function]: CodeIgniter\Autoloader\Autoloader->loadClass('App\\Models\\Pene...')
#3 D:\Project Tugas Akhir\pusbinter\app\Controllers\Penerjemah.php(12): spl_autoload_call('App\\Models\\Pene...')
#4 D:\Project Tugas Akhir\pusbinter\system\CodeIgniter.php(936): App\Controllers\Penerjemah->index()
#5 D:\Project Tugas Akhir\pusbinter\system\CodeIgniter.php(432): CodeIgniter\CodeIgniter->runController(Object(App\Controllers\Penerjemah))
#6 D:\Project Tugas Akhir\pusbinter\system\CodeIgniter.php(333): CodeIgniter\CodeIgniter->handleRequest(NULL, Object(Config\Cache), false)
#7 D:\Project Tugas Akhir\pusbinter\public\index.php(44): CodeIgniter\CodeIgniter->run()
#8 D:\Project Tugas Akhir\pusbinter\system\Commands\Server\rewrite.php(45): require_once('D:\\Project Tuga...')
#9 {main}
ERROR - 2021-03-04 22:11:57 --> mysqli_sql_exception: Unknown column 'instansiid_instansi' in 'on clause' in D:\Project Tugas Akhir\pusbinter\system\Database\MySQLi\Connection.php:314
Stack trace:
#0 D:\Project Tugas Akhir\pusbinter\system\Database\MySQLi\Connection.php(314): mysqli->query('SELECT *\nFROM `...')
#1 D:\Project Tugas Akhir\pusbinter\system\Database\BaseConnection.php(713): CodeIgniter\Database\MySQLi\Connection->execute('SELECT *\nFROM `...')
#2 D:\Project Tugas Akhir\pusbinter\system\Database\BaseConnection.php(641): CodeIgniter\Database\BaseConnection->simpleQuery('SELECT *\nFROM `...')
#3 D:\Project Tugas Akhir\pusbinter\system\Database\BaseBuilder.php(1866): CodeIgniter\Database\BaseConnection->query('SELECT *\nFROM `...', Array, false)
#4 D:\Project Tugas Akhir\pusbinter\app\Models\Penerjemah_m.php(17): CodeIgniter\Database\BaseBuilder->get()
#5 D:\Project Tugas Akhir\pusbinter\app\Controllers\Penerjemah.php(14): App\Models\Penerjemah_m->getPenerjemah()
#6 D:\Project Tugas Akhir\pusbinter\system\CodeIgniter.php(936): App\Controllers\Penerjemah->index()
#7 D:\Project Tugas Akhir\pusbinter\system\CodeIgniter.php(432): CodeIgniter\CodeIgniter->runController(Object(App\Controllers\Penerjemah))
#8 D:\Project Tugas Akhir\pusbinter\system\CodeIgniter.php(333): CodeIgniter\CodeIgniter->handleRequest(NULL, Object(Config\Cache), false)
#9 D:\Project Tugas Akhir\pusbinter\public\index.php(44): CodeIgniter\CodeIgniter->run()
#10 D:\Project Tugas Akhir\pusbinter\system\Commands\Server\rewrite.php(45): require_once('D:\\Project Tuga...')
#11 {main}
CRITICAL - 2021-03-04 22:11:57 --> Unknown column 'instansiid_instansi' in 'on clause'
#0 D:\Project Tugas Akhir\pusbinter\system\Database\MySQLi\Connection.php(314): mysqli->query('SELECT *\nFROM `...')
#1 D:\Project Tugas Akhir\pusbinter\system\Database\BaseConnection.php(713): CodeIgniter\Database\MySQLi\Connection->execute('SELECT *\nFROM `...')
#2 D:\Project Tugas Akhir\pusbinter\system\Database\BaseConnection.php(641): CodeIgniter\Database\BaseConnection->simpleQuery('SELECT *\nFROM `...')
#3 D:\Project Tugas Akhir\pusbinter\system\Database\BaseBuilder.php(1866): CodeIgniter\Database\BaseConnection->query('SELECT *\nFROM `...', Array, false)
#4 D:\Project Tugas Akhir\pusbinter\app\Models\Penerjemah_m.php(17): CodeIgniter\Database\BaseBuilder->get()
#5 D:\Project Tugas Akhir\pusbinter\app\Controllers\Penerjemah.php(14): App\Models\Penerjemah_m->getPenerjemah()
#6 D:\Project Tugas Akhir\pusbinter\system\CodeIgniter.php(936): App\Controllers\Penerjemah->index()
#7 D:\Project Tugas Akhir\pusbinter\system\CodeIgniter.php(432): CodeIgniter\CodeIgniter->runController(Object(App\Controllers\Penerjemah))
#8 D:\Project Tugas Akhir\pusbinter\system\CodeIgniter.php(333): CodeIgniter\CodeIgniter->handleRequest(NULL, Object(Config\Cache), false)
#9 D:\Project Tugas Akhir\pusbinter\public\index.php(44): CodeIgniter\CodeIgniter->run()
#10 D:\Project Tugas Akhir\pusbinter\system\Commands\Server\rewrite.php(45): require_once('D:\\Project Tuga...')
#11 {main}
ERROR - 2021-03-04 22:12:29 --> mysqli_sql_exception: Column 'id_instansi' in on clause is ambiguous in D:\Project Tugas Akhir\pusbinter\system\Database\MySQLi\Connection.php:314
Stack trace:
#0 D:\Project Tugas Akhir\pusbinter\system\Database\MySQLi\Connection.php(314): mysqli->query('SELECT *\nFROM `...')
#1 D:\Project Tugas Akhir\pusbinter\system\Database\BaseConnection.php(713): CodeIgniter\Database\MySQLi\Connection->execute('SELECT *\nFROM `...')
#2 D:\Project Tugas Akhir\pusbinter\system\Database\BaseConnection.php(641): CodeIgniter\Database\BaseConnection->simpleQuery('SELECT *\nFROM `...')
#3 D:\Project Tugas Akhir\pusbinter\system\Database\BaseBuilder.php(1866): CodeIgniter\Database\BaseConnection->query('SELECT *\nFROM `...', Array, false)
#4 D:\Project Tugas Akhir\pusbinter\app\Models\Penerjemah_m.php(17): CodeIgniter\Database\BaseBuilder->get()
#5 D:\Project Tugas Akhir\pusbinter\app\Controllers\Penerjemah.php(14): App\Models\Penerjemah_m->getPenerjemah()
#6 D:\Project Tugas Akhir\pusbinter\system\CodeIgniter.php(936): App\Controllers\Penerjemah->index()
#7 D:\Project Tugas Akhir\pusbinter\system\CodeIgniter.php(432): CodeIgniter\CodeIgniter->runController(Object(App\Controllers\Penerjemah))
#8 D:\Project Tugas Akhir\pusbinter\system\CodeIgniter.php(333): CodeIgniter\CodeIgniter->handleRequest(NULL, Object(Config\Cache), false)
#9 D:\Project Tugas Akhir\pusbinter\public\index.php(44): CodeIgniter\CodeIgniter->run()
#10 D:\Project Tugas Akhir\pusbinter\system\Commands\Server\rewrite.php(45): require_once('D:\\Project Tuga...')
#11 {main}
CRITICAL - 2021-03-04 22:12:29 --> Column 'id_instansi' in on clause is ambiguous
#0 D:\Project Tugas Akhir\pusbinter\system\Database\MySQLi\Connection.php(314): mysqli->query('SELECT *\nFROM `...')
#1 D:\Project Tugas Akhir\pusbinter\system\Database\BaseConnection.php(713): CodeIgniter\Database\MySQLi\Connection->execute('SELECT *\nFROM `...')
#2 D:\Project Tugas Akhir\pusbinter\system\Database\BaseConnection.php(641): CodeIgniter\Database\BaseConnection->simpleQuery('SELECT *\nFROM `...')
#3 D:\Project Tugas Akhir\pusbinter\system\Database\BaseBuilder.php(1866): CodeIgniter\Database\BaseConnection->query('SELECT *\nFROM `...', Array, false)
#4 D:\Project Tugas Akhir\pusbinter\app\Models\Penerjemah_m.php(17): CodeIgniter\Database\BaseBuilder->get()
#5 D:\Project Tugas Akhir\pusbinter\app\Controllers\Penerjemah.php(14): App\Models\Penerjemah_m->getPenerjemah()
#6 D:\Project Tugas Akhir\pusbinter\system\CodeIgniter.php(936): App\Controllers\Penerjemah->index()
#7 D:\Project Tugas Akhir\pusbinter\system\CodeIgniter.php(432): CodeIgniter\CodeIgniter->runController(Object(App\Controllers\Penerjemah))
#8 D:\Project Tugas Akhir\pusbinter\system\CodeIgniter.php(333): CodeIgniter\CodeIgniter->handleRequest(NULL, Object(Config\Cache), false)
#9 D:\Project Tugas Akhir\pusbinter\public\index.php(44): CodeIgniter\CodeIgniter->run()
#10 D:\Project Tugas Akhir\pusbinter\system\Commands\Server\rewrite.php(45): require_once('D:\\Project Tuga...')
#11 {main}
ERROR - 2021-03-04 22:12:30 --> mysqli_sql_exception: Column 'id_instansi' in on clause is ambiguous in D:\Project Tugas Akhir\pusbinter\system\Database\MySQLi\Connection.php:314
Stack trace:
#0 D:\Project Tugas Akhir\pusbinter\system\Database\MySQLi\Connection.php(314): mysqli->query('SELECT *\nFROM `...')
#1 D:\Project Tugas Akhir\pusbinter\system\Database\BaseConnection.php(713): CodeIgniter\Database\MySQLi\Connection->execute('SELECT *\nFROM `...')
#2 D:\Project Tugas Akhir\pusbinter\system\Database\BaseConnection.php(641): CodeIgniter\Database\BaseConnection->simpleQuery('SELECT *\nFROM `...')
#3 D:\Project Tugas Akhir\pusbinter\system\Database\BaseBuilder.php(1866): CodeIgniter\Database\BaseConnection->query('SELECT *\nFROM `...', Array, false)
#4 D:\Project Tugas Akhir\pusbinter\app\Models\Penerjemah_m.php(17): CodeIgniter\Database\BaseBuilder->get()
#5 D:\Project Tugas Akhir\pusbinter\app\Controllers\Penerjemah.php(14): App\Models\Penerjemah_m->getPenerjemah()
#6 D:\Project Tugas Akhir\pusbinter\system\CodeIgniter.php(936): App\Controllers\Penerjemah->index()
#7 D:\Project Tugas Akhir\pusbinter\system\CodeIgniter.php(432): CodeIgniter\CodeIgniter->runController(Object(App\Controllers\Penerjemah))
#8 D:\Project Tugas Akhir\pusbinter\system\CodeIgniter.php(333): CodeIgniter\CodeIgniter->handleRequest(NULL, Object(Config\Cache), false)
#9 D:\Project Tugas Akhir\pusbinter\public\index.php(44): CodeIgniter\CodeIgniter->run()
#10 D:\Project Tugas Akhir\pusbinter\system\Commands\Server\rewrite.php(45): require_once('D:\\Project Tuga...')
#11 {main}
CRITICAL - 2021-03-04 22:12:30 --> Column 'id_instansi' in on clause is ambiguous
#0 D:\Project Tugas Akhir\pusbinter\system\Database\MySQLi\Connection.php(314): mysqli->query('SELECT *\nFROM `...')
#1 D:\Project Tugas Akhir\pusbinter\system\Database\BaseConnection.php(713): CodeIgniter\Database\MySQLi\Connection->execute('SELECT *\nFROM `...')
#2 D:\Project Tugas Akhir\pusbinter\system\Database\BaseConnection.php(641): CodeIgniter\Database\BaseConnection->simpleQuery('SELECT *\nFROM `...')
#3 D:\Project Tugas Akhir\pusbinter\system\Database\BaseBuilder.php(1866): CodeIgniter\Database\BaseConnection->query('SELECT *\nFROM `...', Array, false)
#4 D:\Project Tugas Akhir\pusbinter\app\Models\Penerjemah_m.php(17): CodeIgniter\Database\BaseBuilder->get()
#5 D:\Project Tugas Akhir\pusbinter\app\Controllers\Penerjemah.php(14): App\Models\Penerjemah_m->getPenerjemah()
#6 D:\Project Tugas Akhir\pusbinter\system\CodeIgniter.php(936): App\Controllers\Penerjemah->index()
#7 D:\Project Tugas Akhir\pusbinter\system\CodeIgniter.php(432): CodeIgniter\CodeIgniter->runController(Object(App\Controllers\Penerjemah))
#8 D:\Project Tugas Akhir\pusbinter\system\CodeIgniter.php(333): CodeIgniter\CodeIgniter->handleRequest(NULL, Object(Config\Cache), false)
#9 D:\Project Tugas Akhir\pusbinter\public\index.php(44): CodeIgniter\CodeIgniter->run()
#10 D:\Project Tugas Akhir\pusbinter\system\Commands\Server\rewrite.php(45): require_once('D:\\Project Tuga...')
#11 {main}
ERROR - 2021-03-04 22:12:32 --> mysqli_sql_exception: Column 'id_instansi' in on clause is ambiguous in D:\Project Tugas Akhir\pusbinter\system\Database\MySQLi\Connection.php:314
Stack trace:
#0 D:\Project Tugas Akhir\pusbinter\system\Database\MySQLi\Connection.php(314): mysqli->query('SELECT *\nFROM `...')
#1 D:\Project Tugas Akhir\pusbinter\system\Database\BaseConnection.php(713): CodeIgniter\Database\MySQLi\Connection->execute('SELECT *\nFROM `...')
#2 D:\Project Tugas Akhir\pusbinter\system\Database\BaseConnection.php(641): CodeIgniter\Database\BaseConnection->simpleQuery('SELECT *\nFROM `...')
#3 D:\Project Tugas Akhir\pusbinter\system\Database\BaseBuilder.php(1866): CodeIgniter\Database\BaseConnection->query('SELECT *\nFROM `...', Array, false)
#4 D:\Project Tugas Akhir\pusbinter\app\Models\Penerjemah_m.php(17): CodeIgniter\Database\BaseBuilder->get()
#5 D:\Project Tugas Akhir\pusbinter\app\Controllers\Penerjemah.php(14): App\Models\Penerjemah_m->getPenerjemah()
#6 D:\Project Tugas Akhir\pusbinter\system\CodeIgniter.php(936): App\Controllers\Penerjemah->index()
#7 D:\Project Tugas Akhir\pusbinter\system\CodeIgniter.php(432): CodeIgniter\CodeIgniter->runController(Object(App\Controllers\Penerjemah))
#8 D:\Project Tugas Akhir\pusbinter\system\CodeIgniter.php(333): CodeIgniter\CodeIgniter->handleRequest(NULL, Object(Config\Cache), false)
#9 D:\Project Tugas Akhir\pusbinter\public\index.php(44): CodeIgniter\CodeIgniter->run()
#10 D:\Project Tugas Akhir\pusbinter\system\Commands\Server\rewrite.php(45): require_once('D:\\Project Tuga...')
#11 {main}
CRITICAL - 2021-03-04 22:12:32 --> Column 'id_instansi' in on clause is ambiguous
#0 D:\Project Tugas Akhir\pusbinter\system\Database\MySQLi\Connection.php(314): mysqli->query('SELECT *\nFROM `...')
#1 D:\Project Tugas Akhir\pusbinter\system\Database\BaseConnection.php(713): CodeIgniter\Database\MySQLi\Connection->execute('SELECT *\nFROM `...')
#2 D:\Project Tugas Akhir\pusbinter\system\Database\BaseConnection.php(641): CodeIgniter\Database\BaseConnection->simpleQuery('SELECT *\nFROM `...')
#3 D:\Project Tugas Akhir\pusbinter\system\Database\BaseBuilder.php(1866): CodeIgniter\Database\BaseConnection->query('SELECT *\nFROM `...', Array, false)
#4 D:\Project Tugas Akhir\pusbinter\app\Models\Penerjemah_m.php(17): CodeIgniter\Database\BaseBuilder->get()
#5 D:\Project Tugas Akhir\pusbinter\app\Controllers\Penerjemah.php(14): App\Models\Penerjemah_m->getPenerjemah()
#6 D:\Project Tugas Akhir\pusbinter\system\CodeIgniter.php(936): App\Controllers\Penerjemah->index()
#7 D:\Project Tugas Akhir\pusbinter\system\CodeIgniter.php(432): CodeIgniter\CodeIgniter->runController(Object(App\Controllers\Penerjemah))
#8 D:\Project Tugas Akhir\pusbinter\system\CodeIgniter.php(333): CodeIgniter\CodeIgniter->handleRequest(NULL, Object(Config\Cache), false)
#9 D:\Project Tugas Akhir\pusbinter\public\index.php(44): CodeIgniter\CodeIgniter->run()
#10 D:\Project Tugas Akhir\pusbinter\system\Commands\Server\rewrite.php(45): require_once('D:\\Project Tuga...')
#11 {main}
ERROR - 2021-03-04 22:12:35 --> mysqli_sql_exception: Column 'id_instansi' in on clause is ambiguous in D:\Project Tugas Akhir\pusbinter\system\Database\MySQLi\Connection.php:314
Stack trace:
#0 D:\Project Tugas Akhir\pusbinter\system\Database\MySQLi\Connection.php(314): mysqli->query('SELECT *\nFROM `...')
#1 D:\Project Tugas Akhir\pusbinter\system\Database\BaseConnection.php(713): CodeIgniter\Database\MySQLi\Connection->execute('SELECT *\nFROM `...')
#2 D:\Project Tugas Akhir\pusbinter\system\Database\BaseConnection.php(641): CodeIgniter\Database\BaseConnection->simpleQuery('SELECT *\nFROM `...')
#3 D:\Project Tugas Akhir\pusbinter\system\Database\BaseBuilder.php(1866): CodeIgniter\Database\BaseConnection->query('SELECT *\nFROM `...', Array, false)
#4 D:\Project Tugas Akhir\pusbinter\app\Models\Penerjemah_m.php(17): CodeIgniter\Database\BaseBuilder->get()
#5 D:\Project Tugas Akhir\pusbinter\app\Controllers\Penerjemah.php(14): App\Models\Penerjemah_m->getPenerjemah()
#6 D:\Project Tugas Akhir\pusbinter\system\CodeIgniter.php(936): App\Controllers\Penerjemah->index()
#7 D:\Project Tugas Akhir\pusbinter\system\CodeIgniter.php(432): CodeIgniter\CodeIgniter->runController(Object(App\Controllers\Penerjemah))
#8 D:\Project Tugas Akhir\pusbinter\system\CodeIgniter.php(333): CodeIgniter\CodeIgniter->handleRequest(NULL, Object(Config\Cache), false)
#9 D:\Project Tugas Akhir\pusbinter\public\index.php(44): CodeIgniter\CodeIgniter->run()
#10 D:\Project Tugas Akhir\pusbinter\system\Commands\Server\rewrite.php(45): require_once('D:\\Project Tuga...')
#11 {main}
CRITICAL - 2021-03-04 22:12:35 --> Column 'id_instansi' in on clause is ambiguous
#0 D:\Project Tugas Akhir\pusbinter\system\Database\MySQLi\Connection.php(314): mysqli->query('SELECT *\nFROM `...')
#1 D:\Project Tugas Akhir\pusbinter\system\Database\BaseConnection.php(713): CodeIgniter\Database\MySQLi\Connection->execute('SELECT *\nFROM `...')
#2 D:\Project Tugas Akhir\pusbinter\system\Database\BaseConnection.php(641): CodeIgniter\Database\BaseConnection->simpleQuery('SELECT *\nFROM `...')
#3 D:\Project Tugas Akhir\pusbinter\system\Database\BaseBuilder.php(1866): CodeIgniter\Database\BaseConnection->query('SELECT *\nFROM `...', Array, false)
#4 D:\Project Tugas Akhir\pusbinter\app\Models\Penerjemah_m.php(17): CodeIgniter\Database\BaseBuilder->get()
#5 D:\Project Tugas Akhir\pusbinter\app\Controllers\Penerjemah.php(14): App\Models\Penerjemah_m->getPenerjemah()
#6 D:\Project Tugas Akhir\pusbinter\system\CodeIgniter.php(936): App\Controllers\Penerjemah->index()
#7 D:\Project Tugas Akhir\pusbinter\system\CodeIgniter.php(432): CodeIgniter\CodeIgniter->runController(Object(App\Controllers\Penerjemah))
#8 D:\Project Tugas Akhir\pusbinter\system\CodeIgniter.php(333): CodeIgniter\CodeIgniter->handleRequest(NULL, Object(Config\Cache), false)
#9 D:\Project Tugas Akhir\pusbinter\public\index.php(44): CodeIgniter\CodeIgniter->run()
#10 D:\Project Tugas Akhir\pusbinter\system\Commands\Server\rewrite.php(45): require_once('D:\\Project Tuga...')
#11 {main}
ERROR - 2021-03-04 22:15:26 --> mysqli_sql_exception: Unknown column 'id_instansi.penerjemah' in 'on clause' in D:\Project Tugas Akhir\pusbinter\system\Database\MySQLi\Connection.php:314
Stack trace:
#0 D:\Project Tugas Akhir\pusbinter\system\Database\MySQLi\Connection.php(314): mysqli->query('SELECT *\nFROM `...')
#1 D:\Project Tugas Akhir\pusbinter\system\Database\BaseConnection.php(713): CodeIgniter\Database\MySQLi\Connection->execute('SELECT *\nFROM `...')
#2 D:\Project Tugas Akhir\pusbinter\system\Database\BaseConnection.php(641): CodeIgniter\Database\BaseConnection->simpleQuery('SELECT *\nFROM `...')
#3 D:\Project Tugas Akhir\pusbinter\system\Database\BaseBuilder.php(1866): CodeIgniter\Database\BaseConnection->query('SELECT *\nFROM `...', Array, false)
#4 D:\Project Tugas Akhir\pusbinter\app\Models\Penerjemah_m.php(16): CodeIgniter\Database\BaseBuilder->get()
#5 D:\Project Tugas Akhir\pusbinter\app\Controllers\Penerjemah.php(14): App\Models\Penerjemah_m->getPenerjemah()
#6 D:\Project Tugas Akhir\pusbinter\system\CodeIgniter.php(936): App\Controllers\Penerjemah->index()
#7 D:\Project Tugas Akhir\pusbinter\system\CodeIgniter.php(432): CodeIgniter\CodeIgniter->runController(Object(App\Controllers\Penerjemah))
#8 D:\Project Tugas Akhir\pusbinter\system\CodeIgniter.php(333): CodeIgniter\CodeIgniter->handleRequest(NULL, Object(Config\Cache), false)
#9 D:\Project Tugas Akhir\pusbinter\public\index.php(44): CodeIgniter\CodeIgniter->run()
#10 D:\Project Tugas Akhir\pusbinter\system\Commands\Server\rewrite.php(45): require_once('D:\\Project Tuga...')
#11 {main}
CRITICAL - 2021-03-04 22:15:26 --> Unknown column 'id_instansi.penerjemah' in 'on clause'
#0 D:\Project Tugas Akhir\pusbinter\system\Database\MySQLi\Connection.php(314): mysqli->query('SELECT *\nFROM `...')
#1 D:\Project Tugas Akhir\pusbinter\system\Database\BaseConnection.php(713): CodeIgniter\Database\MySQLi\Connection->execute('SELECT *\nFROM `...')
#2 D:\Project Tugas Akhir\pusbinter\system\Database\BaseConnection.php(641): CodeIgniter\Database\BaseConnection->simpleQuery('SELECT *\nFROM `...')
#3 D:\Project Tugas Akhir\pusbinter\system\Database\BaseBuilder.php(1866): CodeIgniter\Database\BaseConnection->query('SELECT *\nFROM `...', Array, false)
#4 D:\Project Tugas Akhir\pusbinter\app\Models\Penerjemah_m.php(16): CodeIgniter\Database\BaseBuilder->get()
#5 D:\Project Tugas Akhir\pusbinter\app\Controllers\Penerjemah.php(14): App\Models\Penerjemah_m->getPenerjemah()
#6 D:\Project Tugas Akhir\pusbinter\system\CodeIgniter.php(936): App\Controllers\Penerjemah->index()
#7 D:\Project Tugas Akhir\pusbinter\system\CodeIgniter.php(432): CodeIgniter\CodeIgniter->runController(Object(App\Controllers\Penerjemah))
#8 D:\Project Tugas Akhir\pusbinter\system\CodeIgniter.php(333): CodeIgniter\CodeIgniter->handleRequest(NULL, Object(Config\Cache), false)
#9 D:\Project Tugas Akhir\pusbinter\public\index.php(44): CodeIgniter\CodeIgniter->run()
#10 D:\Project Tugas Akhir\pusbinter\system\Commands\Server\rewrite.php(45): require_once('D:\\Project Tuga...')
#11 {main}
ERROR - 2021-03-04 22:15:28 --> mysqli_sql_exception: Unknown column 'id_instansi.penerjemah' in 'on clause' in D:\Project Tugas Akhir\pusbinter\system\Database\MySQLi\Connection.php:314
Stack trace:
#0 D:\Project Tugas Akhir\pusbinter\system\Database\MySQLi\Connection.php(314): mysqli->query('SELECT *\nFROM `...')
#1 D:\Project Tugas Akhir\pusbinter\system\Database\BaseConnection.php(713): CodeIgniter\Database\MySQLi\Connection->execute('SELECT *\nFROM `...')
#2 D:\Project Tugas Akhir\pusbinter\system\Database\BaseConnection.php(641): CodeIgniter\Database\BaseConnection->simpleQuery('SELECT *\nFROM `...')
#3 D:\Project Tugas Akhir\pusbinter\system\Database\BaseBuilder.php(1866): CodeIgniter\Database\BaseConnection->query('SELECT *\nFROM `...', Array, false)
#4 D:\Project Tugas Akhir\pusbinter\app\Models\Penerjemah_m.php(16): CodeIgniter\Database\BaseBuilder->get()
#5 D:\Project Tugas Akhir\pusbinter\app\Controllers\Penerjemah.php(14): App\Models\Penerjemah_m->getPenerjemah()
#6 D:\Project Tugas Akhir\pusbinter\system\CodeIgniter.php(936): App\Controllers\Penerjemah->index()
#7 D:\Project Tugas Akhir\pusbinter\system\CodeIgniter.php(432): CodeIgniter\CodeIgniter->runController(Object(App\Controllers\Penerjemah))
#8 D:\Project Tugas Akhir\pusbinter\system\CodeIgniter.php(333): CodeIgniter\CodeIgniter->handleRequest(NULL, Object(Config\Cache), false)
#9 D:\Project Tugas Akhir\pusbinter\public\index.php(44): CodeIgniter\CodeIgniter->run()
#10 D:\Project Tugas Akhir\pusbinter\system\Commands\Server\rewrite.php(45): require_once('D:\\Project Tuga...')
#11 {main}
CRITICAL - 2021-03-04 22:15:28 --> Unknown column 'id_instansi.penerjemah' in 'on clause'
#0 D:\Project Tugas Akhir\pusbinter\system\Database\MySQLi\Connection.php(314): mysqli->query('SELECT *\nFROM `...')
#1 D:\Project Tugas Akhir\pusbinter\system\Database\BaseConnection.php(713): CodeIgniter\Database\MySQLi\Connection->execute('SELECT *\nFROM `...')
#2 D:\Project Tugas Akhir\pusbinter\system\Database\BaseConnection.php(641): CodeIgniter\Database\BaseConnection->simpleQuery('SELECT *\nFROM `...')
#3 D:\Project Tugas Akhir\pusbinter\system\Database\BaseBuilder.php(1866): CodeIgniter\Database\BaseConnection->query('SELECT *\nFROM `...', Array, false)
#4 D:\Project Tugas Akhir\pusbinter\app\Models\Penerjemah_m.php(16): CodeIgniter\Database\BaseBuilder->get()
#5 D:\Project Tugas Akhir\pusbinter\app\Controllers\Penerjemah.php(14): App\Models\Penerjemah_m->getPenerjemah()
#6 D:\Project Tugas Akhir\pusbinter\system\CodeIgniter.php(936): App\Controllers\Penerjemah->index()
#7 D:\Project Tugas Akhir\pusbinter\system\CodeIgniter.php(432): CodeIgniter\CodeIgniter->runController(Object(App\Controllers\Penerjemah))
#8 D:\Project Tugas Akhir\pusbinter\system\CodeIgniter.php(333): CodeIgniter\CodeIgniter->handleRequest(NULL, Object(Config\Cache), false)
#9 D:\Project Tugas Akhir\pusbinter\public\index.php(44): CodeIgniter\CodeIgniter->run()
#10 D:\Project Tugas Akhir\pusbinter\system\Commands\Server\rewrite.php(45): require_once('D:\\Project Tuga...')
#11 {main}
CRITICAL - 2021-03-04 22:15:40 --> Call to a member function getResult() on array
#0 D:\Project Tugas Akhir\pusbinter\system\CodeIgniter.php(936): App\Controllers\Penerjemah->index()
#1 D:\Project Tugas Akhir\pusbinter\system\CodeIgniter.php(432): CodeIgniter\CodeIgniter->runController(Object(App\Controllers\Penerjemah))
#2 D:\Project Tugas Akhir\pusbinter\system\CodeIgniter.php(333): CodeIgniter\CodeIgniter->handleRequest(NULL, Object(Config\Cache), false)
#3 D:\Project Tugas Akhir\pusbinter\public\index.php(44): CodeIgniter\CodeIgniter->run()
#4 D:\Project Tugas Akhir\pusbinter\system\Commands\Server\rewrite.php(45): require_once('D:\\Project Tuga...')
#5 {main}
CRITICAL - 2021-03-04 22:16:08 --> Call to a member function getResultArray() on array
#0 D:\Project Tugas Akhir\pusbinter\system\CodeIgniter.php(936): App\Controllers\Penerjemah->index()
#1 D:\Project Tugas Akhir\pusbinter\system\CodeIgniter.php(432): CodeIgniter\CodeIgniter->runController(Object(App\Controllers\Penerjemah))
#2 D:\Project Tugas Akhir\pusbinter\system\CodeIgniter.php(333): CodeIgniter\CodeIgniter->handleRequest(NULL, Object(Config\Cache), false)
#3 D:\Project Tugas Akhir\pusbinter\public\index.php(44): CodeIgniter\CodeIgniter->run()
#4 D:\Project Tugas Akhir\pusbinter\system\Commands\Server\rewrite.php(45): require_once('D:\\Project Tuga...')
#5 {main}
CRITICAL - 2021-03-04 22:16:11 --> Call to a member function getResultArray() on array
#0 D:\Project Tugas Akhir\pusbinter\system\CodeIgniter.php(936): App\Controllers\Penerjemah->index()
#1 D:\Project Tugas Akhir\pusbinter\system\CodeIgniter.php(432): CodeIgniter\CodeIgniter->runController(Object(App\Controllers\Penerjemah))
#2 D:\Project Tugas Akhir\pusbinter\system\CodeIgniter.php(333): CodeIgniter\CodeIgniter->handleRequest(NULL, Object(Config\Cache), false)
#3 D:\Project Tugas Akhir\pusbinter\public\index.php(44): CodeIgniter\CodeIgniter->run()
#4 D:\Project Tugas Akhir\pusbinter\system\Commands\Server\rewrite.php(45): require_once('D:\\Project Tuga...')
#5 {main}
CRITICAL - 2021-03-04 22:16:13 --> Call to a member function getResultArray() on array
#0 D:\Project Tugas Akhir\pusbinter\system\CodeIgniter.php(936): App\Controllers\Penerjemah->index()
#1 D:\Project Tugas Akhir\pusbinter\system\CodeIgniter.php(432): CodeIgniter\CodeIgniter->runController(Object(App\Controllers\Penerjemah))
#2 D:\Project Tugas Akhir\pusbinter\system\CodeIgniter.php(333): CodeIgniter\CodeIgniter->handleRequest(NULL, Object(Config\Cache), false)
#3 D:\Project Tugas Akhir\pusbinter\public\index.php(44): CodeIgniter\CodeIgniter->run()
#4 D:\Project Tugas Akhir\pusbinter\system\Commands\Server\rewrite.php(45): require_once('D:\\Project Tuga...')
#5 {main}
CRITICAL - 2021-03-04 22:19:05 --> Call to a member function getResultArray() on array
#0 D:\Project Tugas Akhir\pusbinter\system\CodeIgniter.php(936): App\Controllers\Penerjemah->index()
#1 D:\Project Tugas Akhir\pusbinter\system\CodeIgniter.php(432): CodeIgniter\CodeIgniter->runController(Object(App\Controllers\Penerjemah))
#2 D:\Project Tugas Akhir\pusbinter\system\CodeIgniter.php(333): CodeIgniter\CodeIgniter->handleRequest(NULL, Object(Config\Cache), false)
#3 D:\Project Tugas Akhir\pusbinter\public\index.php(44): CodeIgniter\CodeIgniter->run()
#4 D:\Project Tugas Akhir\pusbinter\system\Commands\Server\rewrite.php(45): require_once('D:\\Project Tuga...')
#5 {main}
CRITICAL - 2021-03-04 22:19:06 --> Call to a member function getResultArray() on array
#0 D:\Project Tugas Akhir\pusbinter\system\CodeIgniter.php(936): App\Controllers\Penerjemah->index()
#1 D:\Project Tugas Akhir\pusbinter\system\CodeIgniter.php(432): CodeIgniter\CodeIgniter->runController(Object(App\Controllers\Penerjemah))
#2 D:\Project Tugas Akhir\pusbinter\system\CodeIgniter.php(333): CodeIgniter\CodeIgniter->handleRequest(NULL, Object(Config\Cache), false)
#3 D:\Project Tugas Akhir\pusbinter\public\index.php(44): CodeIgniter\CodeIgniter->run()
#4 D:\Project Tugas Akhir\pusbinter\system\Commands\Server\rewrite.php(45): require_once('D:\\Project Tuga...')
#5 {main}
CRITICAL - 2021-03-04 22:26:27 --> Call to a member function getResultArray() on array
#0 D:\Project Tugas Akhir\pusbinter\system\CodeIgniter.php(936): App\Controllers\Penerjemah->index()
#1 D:\Project Tugas Akhir\pusbinter\system\CodeIgniter.php(432): CodeIgniter\CodeIgniter->runController(Object(App\Controllers\Penerjemah))
#2 D:\Project Tugas Akhir\pusbinter\system\CodeIgniter.php(333): CodeIgniter\CodeIgniter->handleRequest(NULL, Object(Config\Cache), false)
#3 D:\Project Tugas Akhir\pusbinter\public\index.php(44): CodeIgniter\CodeIgniter->run()
#4 D:\Project Tugas Akhir\pusbinter\system\Commands\Server\rewrite.php(45): require_once('D:\\Project Tuga...')
#5 {main}
CRITICAL - 2021-03-04 22:26:46 --> Call to undefined method CodeIgniter\Database\MySQLi\Builder::getResultArray()
#0 D:\Project Tugas Akhir\pusbinter\system\CodeIgniter.php(936): App\Controllers\Penerjemah->index()
#1 D:\Project Tugas Akhir\pusbinter\system\CodeIgniter.php(432): CodeIgniter\CodeIgniter->runController(Object(App\Controllers\Penerjemah))
#2 D:\Project Tugas Akhir\pusbinter\system\CodeIgniter.php(333): CodeIgniter\CodeIgniter->handleRequest(NULL, Object(Config\Cache), false)
#3 D:\Project Tugas Akhir\pusbinter\public\index.php(44): CodeIgniter\CodeIgniter->run()
#4 D:\Project Tugas Akhir\pusbinter\system\Commands\Server\rewrite.php(45): require_once('D:\\Project Tuga...')
#5 {main}
CRITICAL - 2021-03-04 22:26:54 --> Call to undefined method CodeIgniter\Database\MySQLi\Builder::getResult()
#0 D:\Project Tugas Akhir\pusbinter\system\CodeIgniter.php(936): App\Controllers\Penerjemah->index()
#1 D:\Project Tugas Akhir\pusbinter\system\CodeIgniter.php(432): CodeIgniter\CodeIgniter->runController(Object(App\Controllers\Penerjemah))
#2 D:\Project Tugas Akhir\pusbinter\system\CodeIgniter.php(333): CodeIgniter\CodeIgniter->handleRequest(NULL, Object(Config\Cache), false)
#3 D:\Project Tugas Akhir\pusbinter\public\index.php(44): CodeIgniter\CodeIgniter->run()
#4 D:\Project Tugas Akhir\pusbinter\system\Commands\Server\rewrite.php(45): require_once('D:\\Project Tuga...')
#5 {main}
CRITICAL - 2021-03-04 22:26:56 --> Call to undefined method CodeIgniter\Database\MySQLi\Builder::getResult()
#0 D:\Project Tugas Akhir\pusbinter\system\CodeIgniter.php(936): App\Controllers\Penerjemah->index()
#1 D:\Project Tugas Akhir\pusbinter\system\CodeIgniter.php(432): CodeIgniter\CodeIgniter->runController(Object(App\Controllers\Penerjemah))
#2 D:\Project Tugas Akhir\pusbinter\system\CodeIgniter.php(333): CodeIgniter\CodeIgniter->handleRequest(NULL, Object(Config\Cache), false)
#3 D:\Project Tugas Akhir\pusbinter\public\index.php(44): CodeIgniter\CodeIgniter->run()
#4 D:\Project Tugas Akhir\pusbinter\system\Commands\Server\rewrite.php(45): require_once('D:\\Project Tuga...')
#5 {main}
ERROR - 2021-03-04 22:27:09 --> mysqli_sql_exception: Column 'id_instansi' in on clause is ambiguous in D:\Project Tugas Akhir\pusbinter\system\Database\MySQLi\Connection.php:314
Stack trace:
#0 D:\Project Tugas Akhir\pusbinter\system\Database\MySQLi\Connection.php(314): mysqli->query('SELECT *\nFROM `...')
#1 D:\Project Tugas Akhir\pusbinter\system\Database\BaseConnection.php(713): CodeIgniter\Database\MySQLi\Connection->execute('SELECT *\nFROM `...')
#2 D:\Project Tugas Akhir\pusbinter\system\Database\BaseConnection.php(641): CodeIgniter\Database\BaseConnection->simpleQuery('SELECT *\nFROM `...')
#3 D:\Project Tugas Akhir\pusbinter\system\Database\BaseBuilder.php(1866): CodeIgniter\Database\BaseConnection->query('SELECT *\nFROM `...', Array, false)
#4 D:\Project Tugas Akhir\pusbinter\app\Models\Penerjemah_m.php(16): CodeIgniter\Database\BaseBuilder->get()
#5 D:\Project Tugas Akhir\pusbinter\app\Controllers\Penerjemah.php(14): App\Models\Penerjemah_m->getPenerjemah()
#6 D:\Project Tugas Akhir\pusbinter\system\CodeIgniter.php(936): App\Controllers\Penerjemah->index()
#7 D:\Project Tugas Akhir\pusbinter\system\CodeIgniter.php(432): CodeIgniter\CodeIgniter->runController(Object(App\Controllers\Penerjemah))
#8 D:\Project Tugas Akhir\pusbinter\system\CodeIgniter.php(333): CodeIgniter\CodeIgniter->handleRequest(NULL, Object(Config\Cache), false)
#9 D:\Project Tugas Akhir\pusbinter\public\index.php(44): CodeIgniter\CodeIgniter->run()
#10 D:\Project Tugas Akhir\pusbinter\system\Commands\Server\rewrite.php(45): require_once('D:\\Project Tuga...')
#11 {main}
CRITICAL - 2021-03-04 22:27:09 --> Column 'id_instansi' in on clause is ambiguous
#0 D:\Project Tugas Akhir\pusbinter\system\Database\MySQLi\Connection.php(314): mysqli->query('SELECT *\nFROM `...')
#1 D:\Project Tugas Akhir\pusbinter\system\Database\BaseConnection.php(713): CodeIgniter\Database\MySQLi\Connection->execute('SELECT *\nFROM `...')
#2 D:\Project Tugas Akhir\pusbinter\system\Database\BaseConnection.php(641): CodeIgniter\Database\BaseConnection->simpleQuery('SELECT *\nFROM `...')
#3 D:\Project Tugas Akhir\pusbinter\system\Database\BaseBuilder.php(1866): CodeIgniter\Database\BaseConnection->query('SELECT *\nFROM `...', Array, false)
#4 D:\Project Tugas Akhir\pusbinter\app\Models\Penerjemah_m.php(16): CodeIgniter\Database\BaseBuilder->get()
#5 D:\Project Tugas Akhir\pusbinter\app\Controllers\Penerjemah.php(14): App\Models\Penerjemah_m->getPenerjemah()
#6 D:\Project Tugas Akhir\pusbinter\system\CodeIgniter.php(936): App\Controllers\Penerjemah->index()
#7 D:\Project Tugas Akhir\pusbinter\system\CodeIgniter.php(432): CodeIgniter\CodeIgniter->runController(Object(App\Controllers\Penerjemah))
#8 D:\Project Tugas Akhir\pusbinter\system\CodeIgniter.php(333): CodeIgniter\CodeIgniter->handleRequest(NULL, Object(Config\Cache), false)
#9 D:\Project Tugas Akhir\pusbinter\public\index.php(44): CodeIgniter\CodeIgniter->run()
#10 D:\Project Tugas Akhir\pusbinter\system\Commands\Server\rewrite.php(45): require_once('D:\\Project Tuga...')
#11 {main}
CRITICAL - 2021-03-04 22:28:26 --> Cannot use object of type stdClass as array
#0 D:\Project Tugas Akhir\pusbinter\system\View\View.php(220): include()
#1 D:\Project Tugas Akhir\pusbinter\system\View\View.php(222): CodeIgniter\View\View->CodeIgniter\View\{closure}()
#2 D:\Project Tugas Akhir\pusbinter\system\Common.php(1217): CodeIgniter\View\View->render('penerjemah', Array, true)
#3 D:\Project Tugas Akhir\pusbinter\app\Controllers\Penerjemah.php(16): view('penerjemah', Array)
#4 D:\Project Tugas Akhir\pusbinter\system\CodeIgniter.php(936): App\Controllers\Penerjemah->index()
#5 D:\Project Tugas Akhir\pusbinter\system\CodeIgniter.php(432): CodeIgniter\CodeIgniter->runController(Object(App\Controllers\Penerjemah))
#6 D:\Project Tugas Akhir\pusbinter\system\CodeIgniter.php(333): CodeIgniter\CodeIgniter->handleRequest(NULL, Object(Config\Cache), false)
#7 D:\Project Tugas Akhir\pusbinter\public\index.php(44): CodeIgniter\CodeIgniter->run()
#8 D:\Project Tugas Akhir\pusbinter\system\Commands\Server\rewrite.php(45): require_once('D:\\Project Tuga...')
#9 {main}
CRITICAL - 2021-03-04 22:32:45 --> Cannot use object of type stdClass as array
#0 D:\Project Tugas Akhir\pusbinter\system\View\View.php(220): include()
#1 D:\Project Tugas Akhir\pusbinter\system\View\View.php(222): CodeIgniter\View\View->CodeIgniter\View\{closure}()
#2 D:\Project Tugas Akhir\pusbinter\system\Common.php(1217): CodeIgniter\View\View->render('penerjemah', Array, true)
#3 D:\Project Tugas Akhir\pusbinter\app\Controllers\Penerjemah.php(16): view('penerjemah', Array)
#4 D:\Project Tugas Akhir\pusbinter\system\CodeIgniter.php(936): App\Controllers\Penerjemah->index()
#5 D:\Project Tugas Akhir\pusbinter\system\CodeIgniter.php(432): CodeIgniter\CodeIgniter->runController(Object(App\Controllers\Penerjemah))
#6 D:\Project Tugas Akhir\pusbinter\system\CodeIgniter.php(333): CodeIgniter\CodeIgniter->handleRequest(NULL, Object(Config\Cache), false)
#7 D:\Project Tugas Akhir\pusbinter\public\index.php(44): CodeIgniter\CodeIgniter->run()
#8 D:\Project Tugas Akhir\pusbinter\system\Commands\Server\rewrite.php(45): require_once('D:\\Project Tuga...')
#9 {main}
