CRITICAL - 2021-05-24 18:53:54 --> Class 'PhpOffice\PhpSpreadsheet\Spreadsheet' not found
#0 D:\Project Tugas Akhir\pusbinter\system\CodeIgniter.php(936): App\Controllers\Usulan->export()
#1 D:\Project Tugas Akhir\pusbinter\system\CodeIgniter.php(432): CodeIgniter\CodeIgniter->runController(Object(App\Controllers\Usulan))
#2 D:\Project Tugas Akhir\pusbinter\system\CodeIgniter.php(333): CodeIgniter\CodeIgniter->handleRequest(NULL, Object(Config\Cache), false)
#3 D:\Project Tugas Akhir\pusbinter\public\index.php(44): CodeIgniter\CodeIgniter->run()
#4 D:\Project Tugas Akhir\pusbinter\system\Commands\Server\rewrite.php(45): require_once('D:\\Project Tuga...')
#5 {main}
CRITICAL - 2021-05-24 19:54:04 --> Class 'PhpOffice\PhpSpreadsheet\Spreadsheet' not found
#0 D:\Project Tugas Akhir\pusbinter\system\CodeIgniter.php(936): App\Controllers\Usulan->export()
#1 D:\Project Tugas Akhir\pusbinter\system\CodeIgniter.php(432): CodeIgniter\CodeIgniter->runController(Object(App\Controllers\Usulan))
#2 D:\Project Tugas Akhir\pusbinter\system\CodeIgniter.php(333): CodeIgniter\CodeIgniter->handleRequest(NULL, Object(Config\Cache), false)
#3 D:\Project Tugas Akhir\pusbinter\public\index.php(44): CodeIgniter\CodeIgniter->run()
#4 D:\Project Tugas Akhir\pusbinter\system\Commands\Server\rewrite.php(45): require_once('D:\\Project Tuga...')
#5 {main}
CRITICAL - 2021-05-24 19:54:14 --> Class 'PhpOffice\PhpSpreadsheet\Spreadsheet' not found
#0 D:\Project Tugas Akhir\pusbinter\system\CodeIgniter.php(936): App\Controllers\Memo_masuk->export()
#1 D:\Project Tugas Akhir\pusbinter\system\CodeIgniter.php(432): CodeIgniter\CodeIgniter->runController(Object(App\Controllers\Memo_masuk))
#2 D:\Project Tugas Akhir\pusbinter\system\CodeIgniter.php(333): CodeIgniter\CodeIgniter->handleRequest(NULL, Object(Config\Cache), false)
#3 D:\Project Tugas Akhir\pusbinter\public\index.php(44): CodeIgniter\CodeIgniter->run()
#4 D:\Project Tugas Akhir\pusbinter\system\Commands\Server\rewrite.php(45): require_once('D:\\Project Tuga...')
#5 {main}
CRITICAL - 2021-05-24 19:54:21 --> Class 'PhpOffice\PhpSpreadsheet\Spreadsheet' not found
#0 D:\Project Tugas Akhir\pusbinter\system\CodeIgniter.php(936): App\Controllers\Memo_keluar->export()
#1 D:\Project Tugas Akhir\pusbinter\system\CodeIgniter.php(432): CodeIgniter\CodeIgniter->runController(Object(App\Controllers\Memo_keluar))
#2 D:\Project Tugas Akhir\pusbinter\system\CodeIgniter.php(333): CodeIgniter\CodeIgniter->handleRequest(NULL, Object(Config\Cache), false)
#3 D:\Project Tugas Akhir\pusbinter\public\index.php(44): CodeIgniter\CodeIgniter->run()
#4 D:\Project Tugas Akhir\pusbinter\system\Commands\Server\rewrite.php(45): require_once('D:\\Project Tuga...')
#5 {main}
CRITICAL - 2021-05-24 19:54:32 --> Class 'PhpOffice\PhpSpreadsheet\Spreadsheet' not found
#0 D:\Project Tugas Akhir\pusbinter\system\CodeIgniter.php(936): App\Controllers\Penerjemah->export()
#1 D:\Project Tugas Akhir\pusbinter\system\CodeIgniter.php(432): CodeIgniter\CodeIgniter->runController(Object(App\Controllers\Penerjemah))
#2 D:\Project Tugas Akhir\pusbinter\system\CodeIgniter.php(333): CodeIgniter\CodeIgniter->handleRequest(NULL, Object(Config\Cache), false)
#3 D:\Project Tugas Akhir\pusbinter\public\index.php(44): CodeIgniter\CodeIgniter->run()
#4 D:\Project Tugas Akhir\pusbinter\system\Commands\Server\rewrite.php(45): require_once('D:\\Project Tuga...')
#5 {main}
CRITICAL - 2021-05-24 19:54:49 --> Class 'PhpOffice\PhpSpreadsheet\Spreadsheet' not found
#0 D:\Project Tugas Akhir\pusbinter\system\CodeIgniter.php(936): App\Controllers\Usulan->export()
#1 D:\Project Tugas Akhir\pusbinter\system\CodeIgniter.php(432): CodeIgniter\CodeIgniter->runController(Object(App\Controllers\Usulan))
#2 D:\Project Tugas Akhir\pusbinter\system\CodeIgniter.php(333): CodeIgniter\CodeIgniter->handleRequest(NULL, Object(Config\Cache), false)
#3 D:\Project Tugas Akhir\pusbinter\public\index.php(44): CodeIgniter\CodeIgniter->run()
#4 D:\Project Tugas Akhir\pusbinter\system\Commands\Server\rewrite.php(45): require_once('D:\\Project Tuga...')
#5 {main}
