CRITICAL - 2021-03-15 02:29:33 --> Undefined variable: i
#0 D:\Project Tugas Akhir\pusbinter\app\Views\usulan.php(54): CodeIgniter\Debug\Exceptions->errorHandler(8, 'Undefined varia...', 'D:\\Project Tuga...', 54, Array)
#1 D:\Project Tugas Akhir\pusbinter\system\View\View.php(220): include('D:\\Project Tuga...')
#2 D:\Project Tugas Akhir\pusbinter\system\View\View.php(222): CodeIgniter\View\View->CodeIgniter\View\{closure}()
#3 D:\Project Tugas Akhir\pusbinter\system\Common.php(1217): CodeIgniter\View\View->render('usulan', Array, true)
#4 D:\Project Tugas Akhir\pusbinter\app\Controllers\Usulan.php(12): view('usulan')
#5 D:\Project Tugas Akhir\pusbinter\system\CodeIgniter.php(936): App\Controllers\Usulan->index()
#6 D:\Project Tugas Akhir\pusbinter\system\CodeIgniter.php(432): CodeIgniter\CodeIgniter->runController(Object(App\Controllers\Usulan))
#7 D:\Project Tugas Akhir\pusbinter\system\CodeIgniter.php(333): CodeIgniter\CodeIgniter->handleRequest(NULL, Object(Config\Cache), false)
#8 D:\Project Tugas Akhir\pusbinter\public\index.php(44): CodeIgniter\CodeIgniter->run()
#9 D:\Project Tugas Akhir\pusbinter\system\Commands\Server\rewrite.php(45): require_once('D:\\Project Tuga...')
#10 {main}
ERROR - 2021-03-15 23:27:58 --> Error connecting to the database: No connection could be made because the target machine actively refused it.

CRITICAL - 2021-03-15 23:27:58 --> Unable to connect to the database.
#0 D:\Project Tugas Akhir\pusbinter\system\Database\BaseConnection.php(618): CodeIgniter\Database\BaseConnection->initialize()
#1 D:\Project Tugas Akhir\pusbinter\system\Database\BaseBuilder.php(1866): CodeIgniter\Database\BaseConnection->query('SELECT *\nFROM `...', Array, false)
#2 D:\Project Tugas Akhir\pusbinter\app\Models\Penerjemah_m.php(17): CodeIgniter\Database\BaseBuilder->get()
#3 D:\Project Tugas Akhir\pusbinter\app\Controllers\Penerjemah.php(21): App\Models\Penerjemah_m->getPenerjemah()
#4 D:\Project Tugas Akhir\pusbinter\system\CodeIgniter.php(936): App\Controllers\Penerjemah->index()
#5 D:\Project Tugas Akhir\pusbinter\system\CodeIgniter.php(432): CodeIgniter\CodeIgniter->runController(Object(App\Controllers\Penerjemah))
#6 D:\Project Tugas Akhir\pusbinter\system\CodeIgniter.php(333): CodeIgniter\CodeIgniter->handleRequest(NULL, Object(Config\Cache), false)
#7 D:\Project Tugas Akhir\pusbinter\public\index.php(44): CodeIgniter\CodeIgniter->run()
#8 D:\Project Tugas Akhir\pusbinter\system\Commands\Server\rewrite.php(45): require_once('D:\\Project Tuga...')
#9 {main}
CRITICAL - 2021-03-15 23:27:59 --> Uncaught ErrorException: print_r(): Property access is not allowed yet in D:\Project Tugas Akhir\pusbinter\app\Views\errors\html\error_exception.php:100
Stack trace:
#0 [internal function]: CodeIgniter\Debug\Exceptions->errorHandler(2, 'print_r(): Prop...', 'D:\\Project Tuga...', 100, Array)
#1 D:\Project Tugas Akhir\pusbinter\app\Views\errors\html\error_exception.php(100): print_r(Object(App\Controllers\Penerjemah), true)
#2 D:\Project Tugas Akhir\pusbinter\system\Debug\Exceptions.php(281): include('D:\\Project Tuga...')
#3 D:\Project Tugas Akhir\pusbinter\system\Debug\Exceptions.php(147): CodeIgniter\Debug\Exceptions->render(Object(CodeIgniter\Database\Exceptions\DatabaseException), 500)
#4 [internal function]: CodeIgniter\Debug\Exceptions->exceptionHandler(Object(CodeIgniter\Database\Exceptions\DatabaseException))
#5 {main}
  thrown
#0 [internal function]: CodeIgniter\Debug\Exceptions->shutdownHandler()
#1 {main}
