CRITICAL - 2021-04-06 00:32:03 --> You must set the database table to be used with your query.
#0 D:\Project Tugas Akhir\pusbinter\system\Model.php(615): CodeIgniter\Database\BaseConnection->table(NULL)
#1 D:\Project Tugas Akhir\pusbinter\system\Model.php(834): CodeIgniter\Model->builder()
#2 D:\Project Tugas Akhir\pusbinter\app\Controllers\Usulan.php(103): CodeIgniter\Model->__call('getAlldata', Array)
#3 D:\Project Tugas Akhir\pusbinter\system\CodeIgniter.php(936): App\Controllers\Usulan->export()
#4 D:\Project Tugas Akhir\pusbinter\system\CodeIgniter.php(432): CodeIgniter\CodeIgniter->runController(Object(App\Controllers\Usulan))
#5 D:\Project Tugas Akhir\pusbinter\system\CodeIgniter.php(333): CodeIgniter\CodeIgniter->handleRequest(NULL, Object(Config\Cache), false)
#6 D:\Project Tugas Akhir\pusbinter\public\index.php(44): CodeIgniter\CodeIgniter->run()
#7 D:\Project Tugas Akhir\pusbinter\system\Commands\Server\rewrite.php(45): require_once('D:\\Project Tuga...')
#8 {main}
CRITICAL - 2021-04-06 00:34:57 --> You must set the database table to be used with your query.
#0 D:\Project Tugas Akhir\pusbinter\system\Model.php(615): CodeIgniter\Database\BaseConnection->table(NULL)
#1 D:\Project Tugas Akhir\pusbinter\system\Model.php(834): CodeIgniter\Model->builder()
#2 D:\Project Tugas Akhir\pusbinter\app\Controllers\Usulan.php(103): CodeIgniter\Model->__call('getAlldata', Array)
#3 D:\Project Tugas Akhir\pusbinter\system\CodeIgniter.php(936): App\Controllers\Usulan->export()
#4 D:\Project Tugas Akhir\pusbinter\system\CodeIgniter.php(432): CodeIgniter\CodeIgniter->runController(Object(App\Controllers\Usulan))
#5 D:\Project Tugas Akhir\pusbinter\system\CodeIgniter.php(333): CodeIgniter\CodeIgniter->handleRequest(NULL, Object(Config\Cache), false)
#6 D:\Project Tugas Akhir\pusbinter\public\index.php(44): CodeIgniter\CodeIgniter->run()
#7 D:\Project Tugas Akhir\pusbinter\system\Commands\Server\rewrite.php(45): require_once('D:\\Project Tuga...')
#8 {main}
CRITICAL - 2021-04-06 00:36:03 --> You must set the database table to be used with your query.
#0 D:\Project Tugas Akhir\pusbinter\system\Model.php(615): CodeIgniter\Database\BaseConnection->table(NULL)
#1 D:\Project Tugas Akhir\pusbinter\system\Model.php(834): CodeIgniter\Model->builder()
#2 D:\Project Tugas Akhir\pusbinter\app\Controllers\Usulan.php(103): CodeIgniter\Model->__call('getAlldata', Array)
#3 D:\Project Tugas Akhir\pusbinter\system\CodeIgniter.php(936): App\Controllers\Usulan->export()
#4 D:\Project Tugas Akhir\pusbinter\system\CodeIgniter.php(432): CodeIgniter\CodeIgniter->runController(Object(App\Controllers\Usulan))
#5 D:\Project Tugas Akhir\pusbinter\system\CodeIgniter.php(333): CodeIgniter\CodeIgniter->handleRequest(NULL, Object(Config\Cache), false)
#6 D:\Project Tugas Akhir\pusbinter\public\index.php(44): CodeIgniter\CodeIgniter->run()
#7 D:\Project Tugas Akhir\pusbinter\system\Commands\Server\rewrite.php(45): require_once('D:\\Project Tuga...')
#8 {main}
CRITICAL - 2021-04-06 00:37:56 --> Class 'App\Controllers\Spreadsheet' not found
#0 D:\Project Tugas Akhir\pusbinter\system\CodeIgniter.php(936): App\Controllers\Usulan->export()
#1 D:\Project Tugas Akhir\pusbinter\system\CodeIgniter.php(432): CodeIgniter\CodeIgniter->runController(Object(App\Controllers\Usulan))
#2 D:\Project Tugas Akhir\pusbinter\system\CodeIgniter.php(333): CodeIgniter\CodeIgniter->handleRequest(NULL, Object(Config\Cache), false)
#3 D:\Project Tugas Akhir\pusbinter\public\index.php(44): CodeIgniter\CodeIgniter->run()
#4 D:\Project Tugas Akhir\pusbinter\system\Commands\Server\rewrite.php(45): require_once('D:\\Project Tuga...')
#5 {main}
CRITICAL - 2021-04-06 07:41:11 --> Allowed memory size of 134217728 bytes exhausted (tried to allocate 20971520 bytes)
#0 [internal function]: CodeIgniter\Debug\Exceptions->shutdownHandler()
#1 {main}
CRITICAL - 2021-04-06 07:41:51 --> Allowed memory size of 134217728 bytes exhausted (tried to allocate 20971520 bytes)
#0 [internal function]: CodeIgniter\Debug\Exceptions->shutdownHandler()
#1 {main}
