ERROR - 2021-04-03 10:48:35 --> Error connecting to the database: No connection could be made because the target machine actively refused it.

CRITICAL - 2021-04-03 10:48:35 --> Unable to connect to the database.
#0 D:\Project Tugas Akhir\pusbinter\system\Database\BaseConnection.php(618): CodeIgniter\Database\BaseConnection->initialize()
#1 D:\Project Tugas Akhir\pusbinter\system\Database\BaseBuilder.php(1866): CodeIgniter\Database\BaseConnection->query('SELECT *\nFROM `...', Array, false)
#2 D:\Project Tugas Akhir\pusbinter\app\Models\Auth_m.php(12): CodeIgniter\Database\BaseBuilder->get()
#3 D:\Project Tugas Akhir\pusbinter\app\Controllers\Auth.php(46): App\Models\Auth_m->login('admin', '1234')
#4 D:\Project Tugas Akhir\pusbinter\system\CodeIgniter.php(936): App\Controllers\Auth->login()
#5 D:\Project Tugas Akhir\pusbinter\system\CodeIgniter.php(432): CodeIgniter\CodeIgniter->runController(Object(App\Controllers\Auth))
#6 D:\Project Tugas Akhir\pusbinter\system\CodeIgniter.php(333): CodeIgniter\CodeIgniter->handleRequest(NULL, Object(Config\Cache), false)
#7 D:\Project Tugas Akhir\pusbinter\public\index.php(44): CodeIgniter\CodeIgniter->run()
#8 D:\Project Tugas Akhir\pusbinter\system\Commands\Server\rewrite.php(45): require_once('D:\\Project Tuga...')
#9 {main}
CRITICAL - 2021-04-03 10:48:35 --> Uncaught ErrorException: print_r(): Property access is not allowed yet in D:\Project Tugas Akhir\pusbinter\app\Views\errors\html\error_exception.php:100
Stack trace:
#0 [internal function]: CodeIgniter\Debug\Exceptions->errorHandler(2, 'print_r(): Prop...', 'D:\\Project Tuga...', 100, Array)
#1 D:\Project Tugas Akhir\pusbinter\app\Views\errors\html\error_exception.php(100): print_r(Object(App\Controllers\Auth), true)
#2 D:\Project Tugas Akhir\pusbinter\system\Debug\Exceptions.php(281): include('D:\\Project Tuga...')
#3 D:\Project Tugas Akhir\pusbinter\system\Debug\Exceptions.php(147): CodeIgniter\Debug\Exceptions->render(Object(CodeIgniter\Database\Exceptions\DatabaseException), 500)
#4 [internal function]: CodeIgniter\Debug\Exceptions->exceptionHandler(Object(CodeIgniter\Database\Exceptions\DatabaseException))
#5 {main}
  thrown
#0 [internal function]: CodeIgniter\Debug\Exceptions->shutdownHandler()
#1 {main}
ERROR - 2021-04-03 10:49:12 --> Error connecting to the database: No connection could be made because the target machine actively refused it.

CRITICAL - 2021-04-03 10:49:12 --> Unable to connect to the database.
#0 D:\Project Tugas Akhir\pusbinter\system\Database\BaseConnection.php(618): CodeIgniter\Database\BaseConnection->initialize()
#1 D:\Project Tugas Akhir\pusbinter\system\Database\BaseBuilder.php(1866): CodeIgniter\Database\BaseConnection->query('SELECT *\nFROM `...', Array, false)
#2 D:\Project Tugas Akhir\pusbinter\app\Models\Auth_m.php(12): CodeIgniter\Database\BaseBuilder->get()
#3 D:\Project Tugas Akhir\pusbinter\app\Controllers\Auth.php(46): App\Models\Auth_m->login('admin', '1234')
#4 D:\Project Tugas Akhir\pusbinter\system\CodeIgniter.php(936): App\Controllers\Auth->login()
#5 D:\Project Tugas Akhir\pusbinter\system\CodeIgniter.php(432): CodeIgniter\CodeIgniter->runController(Object(App\Controllers\Auth))
#6 D:\Project Tugas Akhir\pusbinter\system\CodeIgniter.php(333): CodeIgniter\CodeIgniter->handleRequest(NULL, Object(Config\Cache), false)
#7 D:\Project Tugas Akhir\pusbinter\public\index.php(44): CodeIgniter\CodeIgniter->run()
#8 D:\Project Tugas Akhir\pusbinter\system\Commands\Server\rewrite.php(45): require_once('D:\\Project Tuga...')
#9 {main}
CRITICAL - 2021-04-03 10:49:12 --> Uncaught ErrorException: print_r(): Property access is not allowed yet in D:\Project Tugas Akhir\pusbinter\app\Views\errors\html\error_exception.php:100
Stack trace:
#0 [internal function]: CodeIgniter\Debug\Exceptions->errorHandler(2, 'print_r(): Prop...', 'D:\\Project Tuga...', 100, Array)
#1 D:\Project Tugas Akhir\pusbinter\app\Views\errors\html\error_exception.php(100): print_r(Object(App\Controllers\Auth), true)
#2 D:\Project Tugas Akhir\pusbinter\system\Debug\Exceptions.php(281): include('D:\\Project Tuga...')
#3 D:\Project Tugas Akhir\pusbinter\system\Debug\Exceptions.php(147): CodeIgniter\Debug\Exceptions->render(Object(CodeIgniter\Database\Exceptions\DatabaseException), 500)
#4 [internal function]: CodeIgniter\Debug\Exceptions->exceptionHandler(Object(CodeIgniter\Database\Exceptions\DatabaseException))
#5 {main}
  thrown
#0 [internal function]: CodeIgniter\Debug\Exceptions->shutdownHandler()
#1 {main}
ERROR - 2021-04-03 10:49:23 --> Error connecting to the database: No connection could be made because the target machine actively refused it.

CRITICAL - 2021-04-03 10:49:23 --> Unable to connect to the database.
#0 D:\Project Tugas Akhir\pusbinter\system\Database\BaseConnection.php(618): CodeIgniter\Database\BaseConnection->initialize()
#1 D:\Project Tugas Akhir\pusbinter\system\Database\BaseBuilder.php(1866): CodeIgniter\Database\BaseConnection->query('SELECT *\nFROM `...', Array, false)
#2 D:\Project Tugas Akhir\pusbinter\app\Models\Auth_m.php(12): CodeIgniter\Database\BaseBuilder->get()
#3 D:\Project Tugas Akhir\pusbinter\app\Controllers\Auth.php(46): App\Models\Auth_m->login('user', '1234')
#4 D:\Project Tugas Akhir\pusbinter\system\CodeIgniter.php(936): App\Controllers\Auth->login()
#5 D:\Project Tugas Akhir\pusbinter\system\CodeIgniter.php(432): CodeIgniter\CodeIgniter->runController(Object(App\Controllers\Auth))
#6 D:\Project Tugas Akhir\pusbinter\system\CodeIgniter.php(333): CodeIgniter\CodeIgniter->handleRequest(NULL, Object(Config\Cache), false)
#7 D:\Project Tugas Akhir\pusbinter\public\index.php(44): CodeIgniter\CodeIgniter->run()
#8 D:\Project Tugas Akhir\pusbinter\system\Commands\Server\rewrite.php(45): require_once('D:\\Project Tuga...')
#9 {main}
CRITICAL - 2021-04-03 10:49:24 --> Uncaught ErrorException: print_r(): Property access is not allowed yet in D:\Project Tugas Akhir\pusbinter\app\Views\errors\html\error_exception.php:100
Stack trace:
#0 [internal function]: CodeIgniter\Debug\Exceptions->errorHandler(2, 'print_r(): Prop...', 'D:\\Project Tuga...', 100, Array)
#1 D:\Project Tugas Akhir\pusbinter\app\Views\errors\html\error_exception.php(100): print_r(Object(App\Controllers\Auth), true)
#2 D:\Project Tugas Akhir\pusbinter\system\Debug\Exceptions.php(281): include('D:\\Project Tuga...')
#3 D:\Project Tugas Akhir\pusbinter\system\Debug\Exceptions.php(147): CodeIgniter\Debug\Exceptions->render(Object(CodeIgniter\Database\Exceptions\DatabaseException), 500)
#4 [internal function]: CodeIgniter\Debug\Exceptions->exceptionHandler(Object(CodeIgniter\Database\Exceptions\DatabaseException))
#5 {main}
  thrown
#0 [internal function]: CodeIgniter\Debug\Exceptions->shutdownHandler()
#1 {main}
ERROR - 2021-04-03 10:50:52 --> Error connecting to the database: No connection could be made because the target machine actively refused it.

CRITICAL - 2021-04-03 10:50:52 --> Unable to connect to the database.
#0 D:\Project Tugas Akhir\pusbinter\system\Database\BaseConnection.php(618): CodeIgniter\Database\BaseConnection->initialize()
#1 D:\Project Tugas Akhir\pusbinter\system\Database\BaseBuilder.php(1866): CodeIgniter\Database\BaseConnection->query('SELECT *\nFROM `...', Array, false)
#2 D:\Project Tugas Akhir\pusbinter\app\Models\Auth_m.php(12): CodeIgniter\Database\BaseBuilder->get()
#3 D:\Project Tugas Akhir\pusbinter\app\Controllers\Auth.php(46): App\Models\Auth_m->login('admin', '1234')
#4 D:\Project Tugas Akhir\pusbinter\system\CodeIgniter.php(936): App\Controllers\Auth->login()
#5 D:\Project Tugas Akhir\pusbinter\system\CodeIgniter.php(432): CodeIgniter\CodeIgniter->runController(Object(App\Controllers\Auth))
#6 D:\Project Tugas Akhir\pusbinter\system\CodeIgniter.php(333): CodeIgniter\CodeIgniter->handleRequest(NULL, Object(Config\Cache), false)
#7 D:\Project Tugas Akhir\pusbinter\public\index.php(44): CodeIgniter\CodeIgniter->run()
#8 D:\Project Tugas Akhir\pusbinter\system\Commands\Server\rewrite.php(45): require_once('D:\\Project Tuga...')
#9 {main}
CRITICAL - 2021-04-03 10:50:52 --> Uncaught ErrorException: print_r(): Property access is not allowed yet in D:\Project Tugas Akhir\pusbinter\app\Views\errors\html\error_exception.php:100
Stack trace:
#0 [internal function]: CodeIgniter\Debug\Exceptions->errorHandler(2, 'print_r(): Prop...', 'D:\\Project Tuga...', 100, Array)
#1 D:\Project Tugas Akhir\pusbinter\app\Views\errors\html\error_exception.php(100): print_r(Object(App\Controllers\Auth), true)
#2 D:\Project Tugas Akhir\pusbinter\system\Debug\Exceptions.php(281): include('D:\\Project Tuga...')
#3 D:\Project Tugas Akhir\pusbinter\system\Debug\Exceptions.php(147): CodeIgniter\Debug\Exceptions->render(Object(CodeIgniter\Database\Exceptions\DatabaseException), 500)
#4 [internal function]: CodeIgniter\Debug\Exceptions->exceptionHandler(Object(CodeIgniter\Database\Exceptions\DatabaseException))
#5 {main}
  thrown
#0 [internal function]: CodeIgniter\Debug\Exceptions->shutdownHandler()
#1 {main}
ERROR - 2021-04-03 10:52:09 --> Error connecting to the database: No connection could be made because the target machine actively refused it.

CRITICAL - 2021-04-03 10:52:09 --> Unable to connect to the database.
#0 D:\Project Tugas Akhir\pusbinter\system\Database\BaseConnection.php(618): CodeIgniter\Database\BaseConnection->initialize()
#1 D:\Project Tugas Akhir\pusbinter\system\Database\BaseBuilder.php(1866): CodeIgniter\Database\BaseConnection->query('SELECT *\nFROM `...', Array, false)
#2 D:\Project Tugas Akhir\pusbinter\app\Models\Auth_m.php(12): CodeIgniter\Database\BaseBuilder->get()
#3 D:\Project Tugas Akhir\pusbinter\app\Controllers\Auth.php(46): App\Models\Auth_m->login('admin', '1234')
#4 D:\Project Tugas Akhir\pusbinter\system\CodeIgniter.php(936): App\Controllers\Auth->login()
#5 D:\Project Tugas Akhir\pusbinter\system\CodeIgniter.php(432): CodeIgniter\CodeIgniter->runController(Object(App\Controllers\Auth))
#6 D:\Project Tugas Akhir\pusbinter\system\CodeIgniter.php(333): CodeIgniter\CodeIgniter->handleRequest(NULL, Object(Config\Cache), false)
#7 D:\Project Tugas Akhir\pusbinter\public\index.php(44): CodeIgniter\CodeIgniter->run()
#8 D:\Project Tugas Akhir\pusbinter\system\Commands\Server\rewrite.php(45): require_once('D:\\Project Tuga...')
#9 {main}
CRITICAL - 2021-04-03 10:52:09 --> Uncaught ErrorException: print_r(): Property access is not allowed yet in D:\Project Tugas Akhir\pusbinter\app\Views\errors\html\error_exception.php:100
Stack trace:
#0 [internal function]: CodeIgniter\Debug\Exceptions->errorHandler(2, 'print_r(): Prop...', 'D:\\Project Tuga...', 100, Array)
#1 D:\Project Tugas Akhir\pusbinter\app\Views\errors\html\error_exception.php(100): print_r(Object(App\Controllers\Auth), true)
#2 D:\Project Tugas Akhir\pusbinter\system\Debug\Exceptions.php(281): include('D:\\Project Tuga...')
#3 D:\Project Tugas Akhir\pusbinter\system\Debug\Exceptions.php(147): CodeIgniter\Debug\Exceptions->render(Object(CodeIgniter\Database\Exceptions\DatabaseException), 500)
#4 [internal function]: CodeIgniter\Debug\Exceptions->exceptionHandler(Object(CodeIgniter\Database\Exceptions\DatabaseException))
#5 {main}
  thrown
#0 [internal function]: CodeIgniter\Debug\Exceptions->shutdownHandler()
#1 {main}
ERROR - 2021-04-03 10:59:49 --> Error connecting to the database: No connection could be made because the target machine actively refused it.

CRITICAL - 2021-04-03 10:59:49 --> Unable to connect to the database.
#0 D:\Project Tugas Akhir\pusbinter\system\Database\BaseConnection.php(618): CodeIgniter\Database\BaseConnection->initialize()
#1 D:\Project Tugas Akhir\pusbinter\system\Database\BaseBuilder.php(1866): CodeIgniter\Database\BaseConnection->query('SELECT *\nFROM `...', Array, false)
#2 D:\Project Tugas Akhir\pusbinter\app\Models\Auth_m.php(12): CodeIgniter\Database\BaseBuilder->get()
#3 D:\Project Tugas Akhir\pusbinter\app\Controllers\Auth.php(46): App\Models\Auth_m->login('admin', '1234')
#4 D:\Project Tugas Akhir\pusbinter\system\CodeIgniter.php(936): App\Controllers\Auth->login()
#5 D:\Project Tugas Akhir\pusbinter\system\CodeIgniter.php(432): CodeIgniter\CodeIgniter->runController(Object(App\Controllers\Auth))
#6 D:\Project Tugas Akhir\pusbinter\system\CodeIgniter.php(333): CodeIgniter\CodeIgniter->handleRequest(NULL, Object(Config\Cache), false)
#7 D:\Project Tugas Akhir\pusbinter\public\index.php(44): CodeIgniter\CodeIgniter->run()
#8 D:\Project Tugas Akhir\pusbinter\system\Commands\Server\rewrite.php(45): require_once('D:\\Project Tuga...')
#9 {main}
CRITICAL - 2021-04-03 10:59:49 --> Uncaught ErrorException: print_r(): Property access is not allowed yet in D:\Project Tugas Akhir\pusbinter\app\Views\errors\html\error_exception.php:100
Stack trace:
#0 [internal function]: CodeIgniter\Debug\Exceptions->errorHandler(2, 'print_r(): Prop...', 'D:\\Project Tuga...', 100, Array)
#1 D:\Project Tugas Akhir\pusbinter\app\Views\errors\html\error_exception.php(100): print_r(Object(App\Controllers\Auth), true)
#2 D:\Project Tugas Akhir\pusbinter\system\Debug\Exceptions.php(281): include('D:\\Project Tuga...')
#3 D:\Project Tugas Akhir\pusbinter\system\Debug\Exceptions.php(147): CodeIgniter\Debug\Exceptions->render(Object(CodeIgniter\Database\Exceptions\DatabaseException), 500)
#4 [internal function]: CodeIgniter\Debug\Exceptions->exceptionHandler(Object(CodeIgniter\Database\Exceptions\DatabaseException))
#5 {main}
  thrown
#0 [internal function]: CodeIgniter\Debug\Exceptions->shutdownHandler()
#1 {main}
CRITICAL - 2021-04-03 11:40:13 --> syntax error, unexpected end of file
#0 D:\Project Tugas Akhir\pusbinter\system\View\View.php(222): CodeIgniter\View\View->CodeIgniter\View\{closure}()
#1 D:\Project Tugas Akhir\pusbinter\system\Common.php(1217): CodeIgniter\View\View->render('usulan', Array, true)
#2 D:\Project Tugas Akhir\pusbinter\app\Controllers\Usulan.php(29): view('usulan', Array)
#3 D:\Project Tugas Akhir\pusbinter\system\CodeIgniter.php(936): App\Controllers\Usulan->index()
#4 D:\Project Tugas Akhir\pusbinter\system\CodeIgniter.php(432): CodeIgniter\CodeIgniter->runController(Object(App\Controllers\Usulan))
#5 D:\Project Tugas Akhir\pusbinter\system\CodeIgniter.php(333): CodeIgniter\CodeIgniter->handleRequest(NULL, Object(Config\Cache), false)
#6 D:\Project Tugas Akhir\pusbinter\public\index.php(44): CodeIgniter\CodeIgniter->run()
#7 D:\Project Tugas Akhir\pusbinter\system\Commands\Server\rewrite.php(45): require_once('D:\\Project Tuga...')
#8 {main}
CRITICAL - 2021-04-03 11:40:31 --> syntax error, unexpected end of file
#0 D:\Project Tugas Akhir\pusbinter\system\View\View.php(222): CodeIgniter\View\View->CodeIgniter\View\{closure}()
#1 D:\Project Tugas Akhir\pusbinter\system\Common.php(1217): CodeIgniter\View\View->render('usulan', Array, true)
#2 D:\Project Tugas Akhir\pusbinter\app\Controllers\Usulan.php(29): view('usulan', Array)
#3 D:\Project Tugas Akhir\pusbinter\system\CodeIgniter.php(936): App\Controllers\Usulan->index()
#4 D:\Project Tugas Akhir\pusbinter\system\CodeIgniter.php(432): CodeIgniter\CodeIgniter->runController(Object(App\Controllers\Usulan))
#5 D:\Project Tugas Akhir\pusbinter\system\CodeIgniter.php(333): CodeIgniter\CodeIgniter->handleRequest(NULL, Object(Config\Cache), false)
#6 D:\Project Tugas Akhir\pusbinter\public\index.php(44): CodeIgniter\CodeIgniter->run()
#7 D:\Project Tugas Akhir\pusbinter\system\Commands\Server\rewrite.php(45): require_once('D:\\Project Tuga...')
#8 {main}
CRITICAL - 2021-04-03 11:40:33 --> syntax error, unexpected end of file
#0 D:\Project Tugas Akhir\pusbinter\system\View\View.php(222): CodeIgniter\View\View->CodeIgniter\View\{closure}()
#1 D:\Project Tugas Akhir\pusbinter\system\Common.php(1217): CodeIgniter\View\View->render('usulan', Array, true)
#2 D:\Project Tugas Akhir\pusbinter\app\Controllers\Usulan.php(29): view('usulan', Array)
#3 D:\Project Tugas Akhir\pusbinter\system\CodeIgniter.php(936): App\Controllers\Usulan->index()
#4 D:\Project Tugas Akhir\pusbinter\system\CodeIgniter.php(432): CodeIgniter\CodeIgniter->runController(Object(App\Controllers\Usulan))
#5 D:\Project Tugas Akhir\pusbinter\system\CodeIgniter.php(333): CodeIgniter\CodeIgniter->handleRequest(NULL, Object(Config\Cache), false)
#6 D:\Project Tugas Akhir\pusbinter\public\index.php(44): CodeIgniter\CodeIgniter->run()
#7 D:\Project Tugas Akhir\pusbinter\system\Commands\Server\rewrite.php(45): require_once('D:\\Project Tuga...')
#8 {main}
CRITICAL - 2021-04-03 11:40:59 --> Call to undefined method CodeIgniter\View\View::session()
#0 D:\Project Tugas Akhir\pusbinter\system\View\View.php(220): include()
#1 D:\Project Tugas Akhir\pusbinter\system\View\View.php(222): CodeIgniter\View\View->CodeIgniter\View\{closure}()
#2 D:\Project Tugas Akhir\pusbinter\system\Common.php(1217): CodeIgniter\View\View->render('usulan', Array, true)
#3 D:\Project Tugas Akhir\pusbinter\app\Controllers\Usulan.php(29): view('usulan', Array)
#4 D:\Project Tugas Akhir\pusbinter\system\CodeIgniter.php(936): App\Controllers\Usulan->index()
#5 D:\Project Tugas Akhir\pusbinter\system\CodeIgniter.php(432): CodeIgniter\CodeIgniter->runController(Object(App\Controllers\Usulan))
#6 D:\Project Tugas Akhir\pusbinter\system\CodeIgniter.php(333): CodeIgniter\CodeIgniter->handleRequest(NULL, Object(Config\Cache), false)
#7 D:\Project Tugas Akhir\pusbinter\public\index.php(44): CodeIgniter\CodeIgniter->run()
#8 D:\Project Tugas Akhir\pusbinter\system\Commands\Server\rewrite.php(45): require_once('D:\\Project Tuga...')
#9 {main}
CRITICAL - 2021-04-03 11:41:15 --> Call to undefined method CodeIgniter\View\View::session()
#0 D:\Project Tugas Akhir\pusbinter\system\View\View.php(220): include()
#1 D:\Project Tugas Akhir\pusbinter\system\View\View.php(222): CodeIgniter\View\View->CodeIgniter\View\{closure}()
#2 D:\Project Tugas Akhir\pusbinter\system\Common.php(1217): CodeIgniter\View\View->render('usulan', Array, true)
#3 D:\Project Tugas Akhir\pusbinter\app\Controllers\Usulan.php(29): view('usulan', Array)
#4 D:\Project Tugas Akhir\pusbinter\system\CodeIgniter.php(936): App\Controllers\Usulan->index()
#5 D:\Project Tugas Akhir\pusbinter\system\CodeIgniter.php(432): CodeIgniter\CodeIgniter->runController(Object(App\Controllers\Usulan))
#6 D:\Project Tugas Akhir\pusbinter\system\CodeIgniter.php(333): CodeIgniter\CodeIgniter->handleRequest(NULL, Object(Config\Cache), false)
#7 D:\Project Tugas Akhir\pusbinter\public\index.php(44): CodeIgniter\CodeIgniter->run()
#8 D:\Project Tugas Akhir\pusbinter\system\Commands\Server\rewrite.php(45): require_once('D:\\Project Tuga...')
#9 {main}
CRITICAL - 2021-04-03 11:41:16 --> Call to undefined method CodeIgniter\View\View::session()
#0 D:\Project Tugas Akhir\pusbinter\system\View\View.php(220): include()
#1 D:\Project Tugas Akhir\pusbinter\system\View\View.php(222): CodeIgniter\View\View->CodeIgniter\View\{closure}()
#2 D:\Project Tugas Akhir\pusbinter\system\Common.php(1217): CodeIgniter\View\View->render('usulan', Array, true)
#3 D:\Project Tugas Akhir\pusbinter\app\Controllers\Usulan.php(29): view('usulan', Array)
#4 D:\Project Tugas Akhir\pusbinter\system\CodeIgniter.php(936): App\Controllers\Usulan->index()
#5 D:\Project Tugas Akhir\pusbinter\system\CodeIgniter.php(432): CodeIgniter\CodeIgniter->runController(Object(App\Controllers\Usulan))
#6 D:\Project Tugas Akhir\pusbinter\system\CodeIgniter.php(333): CodeIgniter\CodeIgniter->handleRequest(NULL, Object(Config\Cache), false)
#7 D:\Project Tugas Akhir\pusbinter\public\index.php(44): CodeIgniter\CodeIgniter->run()
#8 D:\Project Tugas Akhir\pusbinter\system\Commands\Server\rewrite.php(45): require_once('D:\\Project Tuga...')
#9 {main}
CRITICAL - 2021-04-03 11:49:09 --> Call to undefined method CodeIgniter\View\View::session()
#0 D:\Project Tugas Akhir\pusbinter\system\View\View.php(220): include()
#1 D:\Project Tugas Akhir\pusbinter\system\View\View.php(222): CodeIgniter\View\View->CodeIgniter\View\{closure}()
#2 D:\Project Tugas Akhir\pusbinter\system\Common.php(1217): CodeIgniter\View\View->render('usulan', Array, true)
#3 D:\Project Tugas Akhir\pusbinter\app\Controllers\Usulan.php(29): view('usulan', Array)
#4 D:\Project Tugas Akhir\pusbinter\system\CodeIgniter.php(936): App\Controllers\Usulan->index()
#5 D:\Project Tugas Akhir\pusbinter\system\CodeIgniter.php(432): CodeIgniter\CodeIgniter->runController(Object(App\Controllers\Usulan))
#6 D:\Project Tugas Akhir\pusbinter\system\CodeIgniter.php(333): CodeIgniter\CodeIgniter->handleRequest(NULL, Object(Config\Cache), false)
#7 D:\Project Tugas Akhir\pusbinter\public\index.php(44): CodeIgniter\CodeIgniter->run()
#8 D:\Project Tugas Akhir\pusbinter\system\Commands\Server\rewrite.php(45): require_once('D:\\Project Tuga...')
#9 {main}
CRITICAL - 2021-04-03 11:49:10 --> Call to undefined method CodeIgniter\View\View::session()
#0 D:\Project Tugas Akhir\pusbinter\system\View\View.php(220): include()
#1 D:\Project Tugas Akhir\pusbinter\system\View\View.php(222): CodeIgniter\View\View->CodeIgniter\View\{closure}()
#2 D:\Project Tugas Akhir\pusbinter\system\Common.php(1217): CodeIgniter\View\View->render('usulan', Array, true)
#3 D:\Project Tugas Akhir\pusbinter\app\Controllers\Usulan.php(29): view('usulan', Array)
#4 D:\Project Tugas Akhir\pusbinter\system\CodeIgniter.php(936): App\Controllers\Usulan->index()
#5 D:\Project Tugas Akhir\pusbinter\system\CodeIgniter.php(432): CodeIgniter\CodeIgniter->runController(Object(App\Controllers\Usulan))
#6 D:\Project Tugas Akhir\pusbinter\system\CodeIgniter.php(333): CodeIgniter\CodeIgniter->handleRequest(NULL, Object(Config\Cache), false)
#7 D:\Project Tugas Akhir\pusbinter\public\index.php(44): CodeIgniter\CodeIgniter->run()
#8 D:\Project Tugas Akhir\pusbinter\system\Commands\Server\rewrite.php(45): require_once('D:\\Project Tuga...')
#9 {main}
CRITICAL - 2021-04-03 11:50:22 --> Call to undefined method CodeIgniter\View\View::session()
#0 D:\Project Tugas Akhir\pusbinter\system\View\View.php(220): include()
#1 D:\Project Tugas Akhir\pusbinter\system\View\View.php(222): CodeIgniter\View\View->CodeIgniter\View\{closure}()
#2 D:\Project Tugas Akhir\pusbinter\system\Common.php(1217): CodeIgniter\View\View->render('usulan', Array, true)
#3 D:\Project Tugas Akhir\pusbinter\app\Controllers\Usulan.php(29): view('usulan', Array)
#4 D:\Project Tugas Akhir\pusbinter\system\CodeIgniter.php(936): App\Controllers\Usulan->index()
#5 D:\Project Tugas Akhir\pusbinter\system\CodeIgniter.php(432): CodeIgniter\CodeIgniter->runController(Object(App\Controllers\Usulan))
#6 D:\Project Tugas Akhir\pusbinter\system\CodeIgniter.php(333): CodeIgniter\CodeIgniter->handleRequest(NULL, Object(Config\Cache), false)
#7 D:\Project Tugas Akhir\pusbinter\public\index.php(44): CodeIgniter\CodeIgniter->run()
#8 D:\Project Tugas Akhir\pusbinter\system\Commands\Server\rewrite.php(45): require_once('D:\\Project Tuga...')
#9 {main}
CRITICAL - 2021-04-03 11:50:23 --> Call to undefined method CodeIgniter\View\View::session()
#0 D:\Project Tugas Akhir\pusbinter\system\View\View.php(220): include()
#1 D:\Project Tugas Akhir\pusbinter\system\View\View.php(222): CodeIgniter\View\View->CodeIgniter\View\{closure}()
#2 D:\Project Tugas Akhir\pusbinter\system\Common.php(1217): CodeIgniter\View\View->render('usulan', Array, true)
#3 D:\Project Tugas Akhir\pusbinter\app\Controllers\Usulan.php(29): view('usulan', Array)
#4 D:\Project Tugas Akhir\pusbinter\system\CodeIgniter.php(936): App\Controllers\Usulan->index()
#5 D:\Project Tugas Akhir\pusbinter\system\CodeIgniter.php(432): CodeIgniter\CodeIgniter->runController(Object(App\Controllers\Usulan))
#6 D:\Project Tugas Akhir\pusbinter\system\CodeIgniter.php(333): CodeIgniter\CodeIgniter->handleRequest(NULL, Object(Config\Cache), false)
#7 D:\Project Tugas Akhir\pusbinter\public\index.php(44): CodeIgniter\CodeIgniter->run()
#8 D:\Project Tugas Akhir\pusbinter\system\Commands\Server\rewrite.php(45): require_once('D:\\Project Tuga...')
#9 {main}
CRITICAL - 2021-04-03 12:05:57 --> Call to undefined method CodeIgniter\View\View::session()
#0 D:\Project Tugas Akhir\pusbinter\system\View\View.php(220): include()
#1 D:\Project Tugas Akhir\pusbinter\system\View\View.php(222): CodeIgniter\View\View->CodeIgniter\View\{closure}()
#2 D:\Project Tugas Akhir\pusbinter\system\Common.php(1217): CodeIgniter\View\View->render('usulan', Array, true)
#3 D:\Project Tugas Akhir\pusbinter\app\Controllers\Usulan.php(29): view('usulan', Array)
#4 D:\Project Tugas Akhir\pusbinter\system\CodeIgniter.php(936): App\Controllers\Usulan->index()
#5 D:\Project Tugas Akhir\pusbinter\system\CodeIgniter.php(432): CodeIgniter\CodeIgniter->runController(Object(App\Controllers\Usulan))
#6 D:\Project Tugas Akhir\pusbinter\system\CodeIgniter.php(333): CodeIgniter\CodeIgniter->handleRequest(NULL, Object(Config\Cache), false)
#7 D:\Project Tugas Akhir\pusbinter\public\index.php(44): CodeIgniter\CodeIgniter->run()
#8 D:\Project Tugas Akhir\pusbinter\system\Commands\Server\rewrite.php(45): require_once('D:\\Project Tuga...')
#9 {main}
CRITICAL - 2021-04-03 12:06:02 --> Call to undefined method CodeIgniter\View\View::session()
#0 D:\Project Tugas Akhir\pusbinter\system\View\View.php(220): include()
#1 D:\Project Tugas Akhir\pusbinter\system\View\View.php(222): CodeIgniter\View\View->CodeIgniter\View\{closure}()
#2 D:\Project Tugas Akhir\pusbinter\system\Common.php(1217): CodeIgniter\View\View->render('usulan', Array, true)
#3 D:\Project Tugas Akhir\pusbinter\app\Controllers\Usulan.php(29): view('usulan', Array)
#4 D:\Project Tugas Akhir\pusbinter\system\CodeIgniter.php(936): App\Controllers\Usulan->index()
#5 D:\Project Tugas Akhir\pusbinter\system\CodeIgniter.php(432): CodeIgniter\CodeIgniter->runController(Object(App\Controllers\Usulan))
#6 D:\Project Tugas Akhir\pusbinter\system\CodeIgniter.php(333): CodeIgniter\CodeIgniter->handleRequest(NULL, Object(Config\Cache), false)
#7 D:\Project Tugas Akhir\pusbinter\public\index.php(44): CodeIgniter\CodeIgniter->run()
#8 D:\Project Tugas Akhir\pusbinter\system\Commands\Server\rewrite.php(45): require_once('D:\\Project Tuga...')
#9 {main}
CRITICAL - 2021-04-03 12:08:08 --> Call to undefined method CodeIgniter\View\View::session()
#0 D:\Project Tugas Akhir\pusbinter\system\View\View.php(220): include()
#1 D:\Project Tugas Akhir\pusbinter\system\View\View.php(222): CodeIgniter\View\View->CodeIgniter\View\{closure}()
#2 D:\Project Tugas Akhir\pusbinter\system\Common.php(1217): CodeIgniter\View\View->render('usulan', Array, true)
#3 D:\Project Tugas Akhir\pusbinter\app\Controllers\Usulan.php(29): view('usulan', Array)
#4 D:\Project Tugas Akhir\pusbinter\system\CodeIgniter.php(936): App\Controllers\Usulan->index()
#5 D:\Project Tugas Akhir\pusbinter\system\CodeIgniter.php(432): CodeIgniter\CodeIgniter->runController(Object(App\Controllers\Usulan))
#6 D:\Project Tugas Akhir\pusbinter\system\CodeIgniter.php(333): CodeIgniter\CodeIgniter->handleRequest(NULL, Object(Config\Cache), false)
#7 D:\Project Tugas Akhir\pusbinter\public\index.php(44): CodeIgniter\CodeIgniter->run()
#8 D:\Project Tugas Akhir\pusbinter\system\Commands\Server\rewrite.php(45): require_once('D:\\Project Tuga...')
#9 {main}
CRITICAL - 2021-04-03 12:08:09 --> Call to undefined method CodeIgniter\View\View::session()
#0 D:\Project Tugas Akhir\pusbinter\system\View\View.php(220): include()
#1 D:\Project Tugas Akhir\pusbinter\system\View\View.php(222): CodeIgniter\View\View->CodeIgniter\View\{closure}()
#2 D:\Project Tugas Akhir\pusbinter\system\Common.php(1217): CodeIgniter\View\View->render('usulan', Array, true)
#3 D:\Project Tugas Akhir\pusbinter\app\Controllers\Usulan.php(29): view('usulan', Array)
#4 D:\Project Tugas Akhir\pusbinter\system\CodeIgniter.php(936): App\Controllers\Usulan->index()
#5 D:\Project Tugas Akhir\pusbinter\system\CodeIgniter.php(432): CodeIgniter\CodeIgniter->runController(Object(App\Controllers\Usulan))
#6 D:\Project Tugas Akhir\pusbinter\system\CodeIgniter.php(333): CodeIgniter\CodeIgniter->handleRequest(NULL, Object(Config\Cache), false)
#7 D:\Project Tugas Akhir\pusbinter\public\index.php(44): CodeIgniter\CodeIgniter->run()
#8 D:\Project Tugas Akhir\pusbinter\system\Commands\Server\rewrite.php(45): require_once('D:\\Project Tuga...')
#9 {main}
CRITICAL - 2021-04-03 12:08:10 --> Call to undefined method CodeIgniter\View\View::session()
#0 D:\Project Tugas Akhir\pusbinter\system\View\View.php(220): include()
#1 D:\Project Tugas Akhir\pusbinter\system\View\View.php(222): CodeIgniter\View\View->CodeIgniter\View\{closure}()
#2 D:\Project Tugas Akhir\pusbinter\system\Common.php(1217): CodeIgniter\View\View->render('usulan', Array, true)
#3 D:\Project Tugas Akhir\pusbinter\app\Controllers\Usulan.php(29): view('usulan', Array)
#4 D:\Project Tugas Akhir\pusbinter\system\CodeIgniter.php(936): App\Controllers\Usulan->index()
#5 D:\Project Tugas Akhir\pusbinter\system\CodeIgniter.php(432): CodeIgniter\CodeIgniter->runController(Object(App\Controllers\Usulan))
#6 D:\Project Tugas Akhir\pusbinter\system\CodeIgniter.php(333): CodeIgniter\CodeIgniter->handleRequest(NULL, Object(Config\Cache), false)
#7 D:\Project Tugas Akhir\pusbinter\public\index.php(44): CodeIgniter\CodeIgniter->run()
#8 D:\Project Tugas Akhir\pusbinter\system\Commands\Server\rewrite.php(45): require_once('D:\\Project Tuga...')
#9 {main}
CRITICAL - 2021-04-03 12:08:11 --> Call to undefined method CodeIgniter\View\View::session()
#0 D:\Project Tugas Akhir\pusbinter\system\View\View.php(220): include()
#1 D:\Project Tugas Akhir\pusbinter\system\View\View.php(222): CodeIgniter\View\View->CodeIgniter\View\{closure}()
#2 D:\Project Tugas Akhir\pusbinter\system\Common.php(1217): CodeIgniter\View\View->render('usulan', Array, true)
#3 D:\Project Tugas Akhir\pusbinter\app\Controllers\Usulan.php(29): view('usulan', Array)
#4 D:\Project Tugas Akhir\pusbinter\system\CodeIgniter.php(936): App\Controllers\Usulan->index()
#5 D:\Project Tugas Akhir\pusbinter\system\CodeIgniter.php(432): CodeIgniter\CodeIgniter->runController(Object(App\Controllers\Usulan))
#6 D:\Project Tugas Akhir\pusbinter\system\CodeIgniter.php(333): CodeIgniter\CodeIgniter->handleRequest(NULL, Object(Config\Cache), false)
#7 D:\Project Tugas Akhir\pusbinter\public\index.php(44): CodeIgniter\CodeIgniter->run()
#8 D:\Project Tugas Akhir\pusbinter\system\Commands\Server\rewrite.php(45): require_once('D:\\Project Tuga...')
#9 {main}
CRITICAL - 2021-04-03 12:08:35 --> Call to undefined method CodeIgniter\View\View::session()
#0 D:\Project Tugas Akhir\pusbinter\system\View\View.php(220): include()
#1 D:\Project Tugas Akhir\pusbinter\system\View\View.php(222): CodeIgniter\View\View->CodeIgniter\View\{closure}()
#2 D:\Project Tugas Akhir\pusbinter\system\Common.php(1217): CodeIgniter\View\View->render('usulan', Array, true)
#3 D:\Project Tugas Akhir\pusbinter\app\Controllers\Usulan.php(29): view('usulan', Array)
#4 D:\Project Tugas Akhir\pusbinter\system\CodeIgniter.php(936): App\Controllers\Usulan->index()
#5 D:\Project Tugas Akhir\pusbinter\system\CodeIgniter.php(432): CodeIgniter\CodeIgniter->runController(Object(App\Controllers\Usulan))
#6 D:\Project Tugas Akhir\pusbinter\system\CodeIgniter.php(333): CodeIgniter\CodeIgniter->handleRequest(NULL, Object(Config\Cache), false)
#7 D:\Project Tugas Akhir\pusbinter\public\index.php(44): CodeIgniter\CodeIgniter->run()
#8 D:\Project Tugas Akhir\pusbinter\system\Commands\Server\rewrite.php(45): require_once('D:\\Project Tuga...')
#9 {main}
CRITICAL - 2021-04-03 12:08:37 --> Call to undefined method CodeIgniter\View\View::session()
#0 D:\Project Tugas Akhir\pusbinter\system\View\View.php(220): include()
#1 D:\Project Tugas Akhir\pusbinter\system\View\View.php(222): CodeIgniter\View\View->CodeIgniter\View\{closure}()
#2 D:\Project Tugas Akhir\pusbinter\system\Common.php(1217): CodeIgniter\View\View->render('usulan', Array, true)
#3 D:\Project Tugas Akhir\pusbinter\app\Controllers\Usulan.php(29): view('usulan', Array)
#4 D:\Project Tugas Akhir\pusbinter\system\CodeIgniter.php(936): App\Controllers\Usulan->index()
#5 D:\Project Tugas Akhir\pusbinter\system\CodeIgniter.php(432): CodeIgniter\CodeIgniter->runController(Object(App\Controllers\Usulan))
#6 D:\Project Tugas Akhir\pusbinter\system\CodeIgniter.php(333): CodeIgniter\CodeIgniter->handleRequest(NULL, Object(Config\Cache), false)
#7 D:\Project Tugas Akhir\pusbinter\public\index.php(44): CodeIgniter\CodeIgniter->run()
#8 D:\Project Tugas Akhir\pusbinter\system\Commands\Server\rewrite.php(45): require_once('D:\\Project Tuga...')
#9 {main}
CRITICAL - 2021-04-03 12:15:08 --> Call to undefined method CodeIgniter\View\View::session()
#0 D:\Project Tugas Akhir\pusbinter\system\View\View.php(220): include()
#1 D:\Project Tugas Akhir\pusbinter\system\View\View.php(222): CodeIgniter\View\View->CodeIgniter\View\{closure}()
#2 D:\Project Tugas Akhir\pusbinter\system\Common.php(1217): CodeIgniter\View\View->render('usulan', Array, true)
#3 D:\Project Tugas Akhir\pusbinter\app\Controllers\Usulan.php(29): view('usulan', Array)
#4 D:\Project Tugas Akhir\pusbinter\system\CodeIgniter.php(936): App\Controllers\Usulan->index()
#5 D:\Project Tugas Akhir\pusbinter\system\CodeIgniter.php(432): CodeIgniter\CodeIgniter->runController(Object(App\Controllers\Usulan))
#6 D:\Project Tugas Akhir\pusbinter\system\CodeIgniter.php(333): CodeIgniter\CodeIgniter->handleRequest(NULL, Object(Config\Cache), false)
#7 D:\Project Tugas Akhir\pusbinter\public\index.php(44): CodeIgniter\CodeIgniter->run()
#8 D:\Project Tugas Akhir\pusbinter\system\Commands\Server\rewrite.php(45): require_once('D:\\Project Tuga...')
#9 {main}
CRITICAL - 2021-04-03 12:15:14 --> Call to undefined method CodeIgniter\View\View::session()
#0 D:\Project Tugas Akhir\pusbinter\system\View\View.php(220): include()
#1 D:\Project Tugas Akhir\pusbinter\system\View\View.php(222): CodeIgniter\View\View->CodeIgniter\View\{closure}()
#2 D:\Project Tugas Akhir\pusbinter\system\Common.php(1217): CodeIgniter\View\View->render('usulan', Array, true)
#3 D:\Project Tugas Akhir\pusbinter\app\Controllers\Usulan.php(29): view('usulan', Array)
#4 D:\Project Tugas Akhir\pusbinter\system\CodeIgniter.php(936): App\Controllers\Usulan->index()
#5 D:\Project Tugas Akhir\pusbinter\system\CodeIgniter.php(432): CodeIgniter\CodeIgniter->runController(Object(App\Controllers\Usulan))
#6 D:\Project Tugas Akhir\pusbinter\system\CodeIgniter.php(333): CodeIgniter\CodeIgniter->handleRequest(NULL, Object(Config\Cache), false)
#7 D:\Project Tugas Akhir\pusbinter\public\index.php(44): CodeIgniter\CodeIgniter->run()
#8 D:\Project Tugas Akhir\pusbinter\system\Commands\Server\rewrite.php(45): require_once('D:\\Project Tuga...')
#9 {main}
CRITICAL - 2021-04-03 12:15:24 --> Call to undefined method CodeIgniter\View\View::session()
#0 D:\Project Tugas Akhir\pusbinter\system\View\View.php(220): include()
#1 D:\Project Tugas Akhir\pusbinter\system\View\View.php(222): CodeIgniter\View\View->CodeIgniter\View\{closure}()
#2 D:\Project Tugas Akhir\pusbinter\system\Common.php(1217): CodeIgniter\View\View->render('usulan', Array, true)
#3 D:\Project Tugas Akhir\pusbinter\app\Controllers\Usulan.php(29): view('usulan', Array)
#4 D:\Project Tugas Akhir\pusbinter\system\CodeIgniter.php(936): App\Controllers\Usulan->index()
#5 D:\Project Tugas Akhir\pusbinter\system\CodeIgniter.php(432): CodeIgniter\CodeIgniter->runController(Object(App\Controllers\Usulan))
#6 D:\Project Tugas Akhir\pusbinter\system\CodeIgniter.php(333): CodeIgniter\CodeIgniter->handleRequest(NULL, Object(Config\Cache), false)
#7 D:\Project Tugas Akhir\pusbinter\public\index.php(44): CodeIgniter\CodeIgniter->run()
#8 D:\Project Tugas Akhir\pusbinter\system\Commands\Server\rewrite.php(45): require_once('D:\\Project Tuga...')
#9 {main}
CRITICAL - 2021-04-03 12:15:37 --> syntax error, unexpected '}', expecting end of file
#0 D:\Project Tugas Akhir\pusbinter\system\View\View.php(222): CodeIgniter\View\View->CodeIgniter\View\{closure}()
#1 D:\Project Tugas Akhir\pusbinter\system\Common.php(1217): CodeIgniter\View\View->render('usulan', Array, true)
#2 D:\Project Tugas Akhir\pusbinter\app\Controllers\Usulan.php(29): view('usulan', Array)
#3 D:\Project Tugas Akhir\pusbinter\system\CodeIgniter.php(936): App\Controllers\Usulan->index()
#4 D:\Project Tugas Akhir\pusbinter\system\CodeIgniter.php(432): CodeIgniter\CodeIgniter->runController(Object(App\Controllers\Usulan))
#5 D:\Project Tugas Akhir\pusbinter\system\CodeIgniter.php(333): CodeIgniter\CodeIgniter->handleRequest(NULL, Object(Config\Cache), false)
#6 D:\Project Tugas Akhir\pusbinter\public\index.php(44): CodeIgniter\CodeIgniter->run()
#7 D:\Project Tugas Akhir\pusbinter\system\Commands\Server\rewrite.php(45): require_once('D:\\Project Tuga...')
#8 {main}
CRITICAL - 2021-04-03 17:02:05 --> Array to string conversion
#0 D:\Project Tugas Akhir\pusbinter\app\Views\memo_masuk.php(248): CodeIgniter\Debug\Exceptions->errorHandler(8, 'Array to string...', 'D:\\Project Tuga...', 248, Array)
#1 D:\Project Tugas Akhir\pusbinter\system\View\View.php(220): include('D:\\Project Tuga...')
#2 D:\Project Tugas Akhir\pusbinter\system\View\View.php(222): CodeIgniter\View\View->CodeIgniter\View\{closure}()
#3 D:\Project Tugas Akhir\pusbinter\system\Common.php(1217): CodeIgniter\View\View->render('memo_masuk', Array, true)
#4 D:\Project Tugas Akhir\pusbinter\app\Controllers\Memo_masuk.php(34): view('memo_masuk', Array)
#5 D:\Project Tugas Akhir\pusbinter\system\CodeIgniter.php(936): App\Controllers\Memo_masuk->index()
#6 D:\Project Tugas Akhir\pusbinter\system\CodeIgniter.php(432): CodeIgniter\CodeIgniter->runController(Object(App\Controllers\Memo_masuk))
#7 D:\Project Tugas Akhir\pusbinter\system\CodeIgniter.php(333): CodeIgniter\CodeIgniter->handleRequest(NULL, Object(Config\Cache), false)
#8 D:\Project Tugas Akhir\pusbinter\public\index.php(44): CodeIgniter\CodeIgniter->run()
#9 D:\Project Tugas Akhir\pusbinter\system\Commands\Server\rewrite.php(45): require_once('D:\\Project Tuga...')
#10 {main}
