CRITICAL - 2021-06-07 20:31:53 --> Use of undefined constant level - assumed 'level' (this will throw an Error in a future version of PHP)
#0 D:\Project Tugas Akhir\pusbinter\app\Views\templates\sidebar.php(56): CodeIgniter\Debug\Exceptions->errorHandler(2, 'Use of undefine...', 'D:\\Project Tuga...', 56, Array)
#1 D:\Project Tugas Akhir\pusbinter\system\View\View.php(220): include('D:\\Project Tuga...')
#2 D:\Project Tugas Akhir\pusbinter\system\View\View.php(222): CodeIgniter\View\View->CodeIgniter\View\{closure}()
#3 D:\Project Tugas Akhir\pusbinter\system\View\View.php(468): CodeIgniter\View\View->render('templates/sideb...', NULL, true)
#4 D:\Project Tugas Akhir\pusbinter\app\Views\templates\navbar.php(46): CodeIgniter\View\View->include('templates/sideb...')
#5 D:\Project Tugas Akhir\pusbinter\system\View\View.php(220): include('D:\\Project Tuga...')
#6 D:\Project Tugas Akhir\pusbinter\system\View\View.php(222): CodeIgniter\View\View->CodeIgniter\View\{closure}()
#7 D:\Project Tugas Akhir\pusbinter\system\View\View.php(236): CodeIgniter\View\View->render('templates/navba...', Array, true)
#8 D:\Project Tugas Akhir\pusbinter\system\Common.php(1217): CodeIgniter\View\View->render('index', Array, true)
#9 D:\Project Tugas Akhir\pusbinter\app\Controllers\Home.php(33): view('index', Array)
#10 D:\Project Tugas Akhir\pusbinter\system\CodeIgniter.php(936): App\Controllers\Home->index()
#11 D:\Project Tugas Akhir\pusbinter\system\CodeIgniter.php(432): CodeIgniter\CodeIgniter->runController(Object(App\Controllers\Home))
#12 D:\Project Tugas Akhir\pusbinter\system\CodeIgniter.php(333): CodeIgniter\CodeIgniter->handleRequest(NULL, Object(Config\Cache), false)
#13 D:\Project Tugas Akhir\pusbinter\public\index.php(44): CodeIgniter\CodeIgniter->run()
#14 D:\Project Tugas Akhir\pusbinter\system\Commands\Server\rewrite.php(45): require_once('D:\\Project Tuga...')
#15 {main}
CRITICAL - 2021-06-07 20:31:56 --> Use of undefined constant level - assumed 'level' (this will throw an Error in a future version of PHP)
#0 D:\Project Tugas Akhir\pusbinter\app\Views\templates\sidebar.php(56): CodeIgniter\Debug\Exceptions->errorHandler(2, 'Use of undefine...', 'D:\\Project Tuga...', 56, Array)
#1 D:\Project Tugas Akhir\pusbinter\system\View\View.php(220): include('D:\\Project Tuga...')
#2 D:\Project Tugas Akhir\pusbinter\system\View\View.php(222): CodeIgniter\View\View->CodeIgniter\View\{closure}()
#3 D:\Project Tugas Akhir\pusbinter\system\View\View.php(468): CodeIgniter\View\View->render('templates/sideb...', NULL, true)
#4 D:\Project Tugas Akhir\pusbinter\app\Views\templates\navbar.php(46): CodeIgniter\View\View->include('templates/sideb...')
#5 D:\Project Tugas Akhir\pusbinter\system\View\View.php(220): include('D:\\Project Tuga...')
#6 D:\Project Tugas Akhir\pusbinter\system\View\View.php(222): CodeIgniter\View\View->CodeIgniter\View\{closure}()
#7 D:\Project Tugas Akhir\pusbinter\system\View\View.php(236): CodeIgniter\View\View->render('templates/navba...', Array, true)
#8 D:\Project Tugas Akhir\pusbinter\system\Common.php(1217): CodeIgniter\View\View->render('index', Array, true)
#9 D:\Project Tugas Akhir\pusbinter\app\Controllers\Home.php(33): view('index', Array)
#10 D:\Project Tugas Akhir\pusbinter\system\CodeIgniter.php(936): App\Controllers\Home->index()
#11 D:\Project Tugas Akhir\pusbinter\system\CodeIgniter.php(432): CodeIgniter\CodeIgniter->runController(Object(App\Controllers\Home))
#12 D:\Project Tugas Akhir\pusbinter\system\CodeIgniter.php(333): CodeIgniter\CodeIgniter->handleRequest(NULL, Object(Config\Cache), false)
#13 D:\Project Tugas Akhir\pusbinter\public\index.php(44): CodeIgniter\CodeIgniter->run()
#14 D:\Project Tugas Akhir\pusbinter\system\Commands\Server\rewrite.php(45): require_once('D:\\Project Tuga...')
#15 {main}
