CRITICAL - 2021-03-30 10:45:54 --> Undefined property: App\Controllers\Memo_masuk::$ktj
#0 D:\Project Tugas Akhir\pusbinter\app\Controllers\Memo_masuk.php(27): CodeIgniter\Debug\Exceptions->errorHandler(8, 'Undefined prope...', 'D:\\Project Tuga...', 27, Array)
#1 D:\Project Tugas Akhir\pusbinter\system\CodeIgniter.php(936): App\Controllers\Memo_masuk->index()
#2 D:\Project Tugas Akhir\pusbinter\system\CodeIgniter.php(432): CodeIgniter\CodeIgniter->runController(Object(App\Controllers\Memo_masuk))
#3 D:\Project Tugas Akhir\pusbinter\system\CodeIgniter.php(333): CodeIgniter\CodeIgniter->handleRequest(NULL, Object(Config\Cache), false)
#4 D:\Project Tugas Akhir\pusbinter\public\index.php(44): CodeIgniter\CodeIgniter->run()
#5 D:\Project Tugas Akhir\pusbinter\system\Commands\Server\rewrite.php(45): require_once('D:\\Project Tuga...')
#6 {main}
CRITICAL - 2021-03-30 10:46:16 --> Undefined property: App\Controllers\Memo_masuk::$divisi
#0 D:\Project Tugas Akhir\pusbinter\app\Controllers\Memo_masuk.php(28): CodeIgniter\Debug\Exceptions->errorHandler(8, 'Undefined prope...', 'D:\\Project Tuga...', 28, Array)
#1 D:\Project Tugas Akhir\pusbinter\system\CodeIgniter.php(936): App\Controllers\Memo_masuk->index()
#2 D:\Project Tugas Akhir\pusbinter\system\CodeIgniter.php(432): CodeIgniter\CodeIgniter->runController(Object(App\Controllers\Memo_masuk))
#3 D:\Project Tugas Akhir\pusbinter\system\CodeIgniter.php(333): CodeIgniter\CodeIgniter->handleRequest(NULL, Object(Config\Cache), false)
#4 D:\Project Tugas Akhir\pusbinter\public\index.php(44): CodeIgniter\CodeIgniter->run()
#5 D:\Project Tugas Akhir\pusbinter\system\Commands\Server\rewrite.php(45): require_once('D:\\Project Tuga...')
#6 {main}
CRITICAL - 2021-03-30 13:41:22 --> syntax error, unexpected 'where' (T_STRING), expecting ';'
#0 D:\Project Tugas Akhir\pusbinter\system\Autoloader\Autoloader.php(265): CodeIgniter\Autoloader\Autoloader->includeFile('D:\\Project Tuga...')
#1 D:\Project Tugas Akhir\pusbinter\system\Autoloader\Autoloader.php(228): CodeIgniter\Autoloader\Autoloader->loadInNamespace('App\\Models\\Home...')
#2 [internal function]: CodeIgniter\Autoloader\Autoloader->loadClass('App\\Models\\Home...')
#3 D:\Project Tugas Akhir\pusbinter\app\Controllers\Home.php(11): spl_autoload_call('App\\Models\\Home...')
#4 D:\Project Tugas Akhir\pusbinter\system\CodeIgniter.php(908): App\Controllers\Home->__construct()
#5 D:\Project Tugas Akhir\pusbinter\system\CodeIgniter.php(422): CodeIgniter\CodeIgniter->createController()
#6 D:\Project Tugas Akhir\pusbinter\system\CodeIgniter.php(333): CodeIgniter\CodeIgniter->handleRequest(NULL, Object(Config\Cache), false)
#7 D:\Project Tugas Akhir\pusbinter\public\index.php(44): CodeIgniter\CodeIgniter->run()
#8 D:\Project Tugas Akhir\pusbinter\system\Commands\Server\rewrite.php(45): require_once('D:\\Project Tuga...')
#9 {main}
CRITICAL - 2021-03-30 13:41:32 --> Call to a member function where() on int
#0 D:\Project Tugas Akhir\pusbinter\app\Controllers\Home.php(22): App\Models\Home_m->tArsip()
#1 D:\Project Tugas Akhir\pusbinter\system\CodeIgniter.php(936): App\Controllers\Home->index()
#2 D:\Project Tugas Akhir\pusbinter\system\CodeIgniter.php(432): CodeIgniter\CodeIgniter->runController(Object(App\Controllers\Home))
#3 D:\Project Tugas Akhir\pusbinter\system\CodeIgniter.php(333): CodeIgniter\CodeIgniter->handleRequest(NULL, Object(Config\Cache), false)
#4 D:\Project Tugas Akhir\pusbinter\public\index.php(44): CodeIgniter\CodeIgniter->run()
#5 D:\Project Tugas Akhir\pusbinter\system\Commands\Server\rewrite.php(45): require_once('D:\\Project Tuga...')
#6 {main}
CRITICAL - 2021-03-30 13:41:49 --> Call to a member function where() on int
#0 D:\Project Tugas Akhir\pusbinter\app\Controllers\Home.php(22): App\Models\Home_m->tArsip()
#1 D:\Project Tugas Akhir\pusbinter\system\CodeIgniter.php(936): App\Controllers\Home->index()
#2 D:\Project Tugas Akhir\pusbinter\system\CodeIgniter.php(432): CodeIgniter\CodeIgniter->runController(Object(App\Controllers\Home))
#3 D:\Project Tugas Akhir\pusbinter\system\CodeIgniter.php(333): CodeIgniter\CodeIgniter->handleRequest(NULL, Object(Config\Cache), false)
#4 D:\Project Tugas Akhir\pusbinter\public\index.php(44): CodeIgniter\CodeIgniter->run()
#5 D:\Project Tugas Akhir\pusbinter\system\Commands\Server\rewrite.php(45): require_once('D:\\Project Tuga...')
#6 {main}
CRITICAL - 2021-03-30 13:41:50 --> Call to a member function where() on int
#0 D:\Project Tugas Akhir\pusbinter\app\Controllers\Home.php(22): App\Models\Home_m->tArsip()
#1 D:\Project Tugas Akhir\pusbinter\system\CodeIgniter.php(936): App\Controllers\Home->index()
#2 D:\Project Tugas Akhir\pusbinter\system\CodeIgniter.php(432): CodeIgniter\CodeIgniter->runController(Object(App\Controllers\Home))
#3 D:\Project Tugas Akhir\pusbinter\system\CodeIgniter.php(333): CodeIgniter\CodeIgniter->handleRequest(NULL, Object(Config\Cache), false)
#4 D:\Project Tugas Akhir\pusbinter\public\index.php(44): CodeIgniter\CodeIgniter->run()
#5 D:\Project Tugas Akhir\pusbinter\system\Commands\Server\rewrite.php(45): require_once('D:\\Project Tuga...')
#6 {main}
CRITICAL - 2021-03-30 13:48:12 --> Call to undefined method CodeIgniter\Database\MySQLi\Builder::count()
#0 D:\Project Tugas Akhir\pusbinter\app\Controllers\Home.php(22): App\Models\Home_m->tArsip()
#1 D:\Project Tugas Akhir\pusbinter\system\CodeIgniter.php(936): App\Controllers\Home->index()
#2 D:\Project Tugas Akhir\pusbinter\system\CodeIgniter.php(432): CodeIgniter\CodeIgniter->runController(Object(App\Controllers\Home))
#3 D:\Project Tugas Akhir\pusbinter\system\CodeIgniter.php(333): CodeIgniter\CodeIgniter->handleRequest(NULL, Object(Config\Cache), false)
#4 D:\Project Tugas Akhir\pusbinter\public\index.php(44): CodeIgniter\CodeIgniter->run()
#5 D:\Project Tugas Akhir\pusbinter\system\Commands\Server\rewrite.php(45): require_once('D:\\Project Tuga...')
#6 {main}
CRITICAL - 2021-03-30 13:48:19 --> Call to undefined method CodeIgniter\Database\MySQLi\Builder::count()
#0 D:\Project Tugas Akhir\pusbinter\app\Controllers\Home.php(22): App\Models\Home_m->tArsip()
#1 D:\Project Tugas Akhir\pusbinter\system\CodeIgniter.php(936): App\Controllers\Home->index()
#2 D:\Project Tugas Akhir\pusbinter\system\CodeIgniter.php(432): CodeIgniter\CodeIgniter->runController(Object(App\Controllers\Home))
#3 D:\Project Tugas Akhir\pusbinter\system\CodeIgniter.php(333): CodeIgniter\CodeIgniter->handleRequest(NULL, Object(Config\Cache), false)
#4 D:\Project Tugas Akhir\pusbinter\public\index.php(44): CodeIgniter\CodeIgniter->run()
#5 D:\Project Tugas Akhir\pusbinter\system\Commands\Server\rewrite.php(45): require_once('D:\\Project Tuga...')
#6 {main}
CRITICAL - 2021-03-30 13:49:44 --> Object of class CodeIgniter\Database\MySQLi\Result could not be converted to string
#0 D:\Project Tugas Akhir\pusbinter\app\Views\index.php(61): CodeIgniter\Debug\Exceptions->errorHandler(4096, 'Object of class...', 'D:\\Project Tuga...', 61, Array)
#1 D:\Project Tugas Akhir\pusbinter\system\View\View.php(220): include('D:\\Project Tuga...')
#2 D:\Project Tugas Akhir\pusbinter\system\View\View.php(222): CodeIgniter\View\View->CodeIgniter\View\{closure}()
#3 D:\Project Tugas Akhir\pusbinter\system\Common.php(1217): CodeIgniter\View\View->render('index', Array, true)
#4 D:\Project Tugas Akhir\pusbinter\app\Controllers\Home.php(26): view('index', Array)
#5 D:\Project Tugas Akhir\pusbinter\system\CodeIgniter.php(936): App\Controllers\Home->index()
#6 D:\Project Tugas Akhir\pusbinter\system\CodeIgniter.php(432): CodeIgniter\CodeIgniter->runController(Object(App\Controllers\Home))
#7 D:\Project Tugas Akhir\pusbinter\system\CodeIgniter.php(333): CodeIgniter\CodeIgniter->handleRequest(NULL, Object(Config\Cache), false)
#8 D:\Project Tugas Akhir\pusbinter\public\index.php(44): CodeIgniter\CodeIgniter->run()
#9 D:\Project Tugas Akhir\pusbinter\system\Commands\Server\rewrite.php(45): require_once('D:\\Project Tuga...')
#10 {main}
CRITICAL - 2021-03-30 13:50:02 --> Call to undefined method CodeIgniter\Database\MySQLi\Result::get()
#0 D:\Project Tugas Akhir\pusbinter\app\Controllers\Home.php(22): App\Models\Home_m->tArsip()
#1 D:\Project Tugas Akhir\pusbinter\system\CodeIgniter.php(936): App\Controllers\Home->index()
#2 D:\Project Tugas Akhir\pusbinter\system\CodeIgniter.php(432): CodeIgniter\CodeIgniter->runController(Object(App\Controllers\Home))
#3 D:\Project Tugas Akhir\pusbinter\system\CodeIgniter.php(333): CodeIgniter\CodeIgniter->handleRequest(NULL, Object(Config\Cache), false)
#4 D:\Project Tugas Akhir\pusbinter\public\index.php(44): CodeIgniter\CodeIgniter->run()
#5 D:\Project Tugas Akhir\pusbinter\system\Commands\Server\rewrite.php(45): require_once('D:\\Project Tuga...')
#6 {main}
CRITICAL - 2021-03-30 13:50:18 --> Call to undefined method CodeIgniter\Database\MySQLi\Result::get()
#0 D:\Project Tugas Akhir\pusbinter\app\Controllers\Home.php(22): App\Models\Home_m->tArsip()
#1 D:\Project Tugas Akhir\pusbinter\system\CodeIgniter.php(936): App\Controllers\Home->index()
#2 D:\Project Tugas Akhir\pusbinter\system\CodeIgniter.php(432): CodeIgniter\CodeIgniter->runController(Object(App\Controllers\Home))
#3 D:\Project Tugas Akhir\pusbinter\system\CodeIgniter.php(333): CodeIgniter\CodeIgniter->handleRequest(NULL, Object(Config\Cache), false)
#4 D:\Project Tugas Akhir\pusbinter\public\index.php(44): CodeIgniter\CodeIgniter->run()
#5 D:\Project Tugas Akhir\pusbinter\system\Commands\Server\rewrite.php(45): require_once('D:\\Project Tuga...')
#6 {main}
CRITICAL - 2021-03-30 13:50:27 --> Object of class CodeIgniter\Database\MySQLi\Result could not be converted to string
#0 D:\Project Tugas Akhir\pusbinter\app\Views\index.php(61): CodeIgniter\Debug\Exceptions->errorHandler(4096, 'Object of class...', 'D:\\Project Tuga...', 61, Array)
#1 D:\Project Tugas Akhir\pusbinter\system\View\View.php(220): include('D:\\Project Tuga...')
#2 D:\Project Tugas Akhir\pusbinter\system\View\View.php(222): CodeIgniter\View\View->CodeIgniter\View\{closure}()
#3 D:\Project Tugas Akhir\pusbinter\system\Common.php(1217): CodeIgniter\View\View->render('index', Array, true)
#4 D:\Project Tugas Akhir\pusbinter\app\Controllers\Home.php(26): view('index', Array)
#5 D:\Project Tugas Akhir\pusbinter\system\CodeIgniter.php(936): App\Controllers\Home->index()
#6 D:\Project Tugas Akhir\pusbinter\system\CodeIgniter.php(432): CodeIgniter\CodeIgniter->runController(Object(App\Controllers\Home))
#7 D:\Project Tugas Akhir\pusbinter\system\CodeIgniter.php(333): CodeIgniter\CodeIgniter->handleRequest(NULL, Object(Config\Cache), false)
#8 D:\Project Tugas Akhir\pusbinter\public\index.php(44): CodeIgniter\CodeIgniter->run()
#9 D:\Project Tugas Akhir\pusbinter\system\Commands\Server\rewrite.php(45): require_once('D:\\Project Tuga...')
#10 {main}
CRITICAL - 2021-03-30 13:50:58 --> Object of class CodeIgniter\Database\MySQLi\Result could not be converted to string
#0 D:\Project Tugas Akhir\pusbinter\app\Views\index.php(61): CodeIgniter\Debug\Exceptions->errorHandler(4096, 'Object of class...', 'D:\\Project Tuga...', 61, Array)
#1 D:\Project Tugas Akhir\pusbinter\system\View\View.php(220): include('D:\\Project Tuga...')
#2 D:\Project Tugas Akhir\pusbinter\system\View\View.php(222): CodeIgniter\View\View->CodeIgniter\View\{closure}()
#3 D:\Project Tugas Akhir\pusbinter\system\Common.php(1217): CodeIgniter\View\View->render('index', Array, true)
#4 D:\Project Tugas Akhir\pusbinter\app\Controllers\Home.php(26): view('index', Array)
#5 D:\Project Tugas Akhir\pusbinter\system\CodeIgniter.php(936): App\Controllers\Home->index()
#6 D:\Project Tugas Akhir\pusbinter\system\CodeIgniter.php(432): CodeIgniter\CodeIgniter->runController(Object(App\Controllers\Home))
#7 D:\Project Tugas Akhir\pusbinter\system\CodeIgniter.php(333): CodeIgniter\CodeIgniter->handleRequest(NULL, Object(Config\Cache), false)
#8 D:\Project Tugas Akhir\pusbinter\public\index.php(44): CodeIgniter\CodeIgniter->run()
#9 D:\Project Tugas Akhir\pusbinter\system\Commands\Server\rewrite.php(45): require_once('D:\\Project Tuga...')
#10 {main}
CRITICAL - 2021-03-30 13:50:59 --> Object of class CodeIgniter\Database\MySQLi\Result could not be converted to string
#0 D:\Project Tugas Akhir\pusbinter\app\Views\index.php(61): CodeIgniter\Debug\Exceptions->errorHandler(4096, 'Object of class...', 'D:\\Project Tuga...', 61, Array)
#1 D:\Project Tugas Akhir\pusbinter\system\View\View.php(220): include('D:\\Project Tuga...')
#2 D:\Project Tugas Akhir\pusbinter\system\View\View.php(222): CodeIgniter\View\View->CodeIgniter\View\{closure}()
#3 D:\Project Tugas Akhir\pusbinter\system\Common.php(1217): CodeIgniter\View\View->render('index', Array, true)
#4 D:\Project Tugas Akhir\pusbinter\app\Controllers\Home.php(26): view('index', Array)
#5 D:\Project Tugas Akhir\pusbinter\system\CodeIgniter.php(936): App\Controllers\Home->index()
#6 D:\Project Tugas Akhir\pusbinter\system\CodeIgniter.php(432): CodeIgniter\CodeIgniter->runController(Object(App\Controllers\Home))
#7 D:\Project Tugas Akhir\pusbinter\system\CodeIgniter.php(333): CodeIgniter\CodeIgniter->handleRequest(NULL, Object(Config\Cache), false)
#8 D:\Project Tugas Akhir\pusbinter\public\index.php(44): CodeIgniter\CodeIgniter->run()
#9 D:\Project Tugas Akhir\pusbinter\system\Commands\Server\rewrite.php(45): require_once('D:\\Project Tuga...')
#10 {main}
CRITICAL - 2021-03-30 13:51:15 --> Array to string conversion
#0 D:\Project Tugas Akhir\pusbinter\app\Views\index.php(61): CodeIgniter\Debug\Exceptions->errorHandler(8, 'Array to string...', 'D:\\Project Tuga...', 61, Array)
#1 D:\Project Tugas Akhir\pusbinter\system\View\View.php(220): include('D:\\Project Tuga...')
#2 D:\Project Tugas Akhir\pusbinter\system\View\View.php(222): CodeIgniter\View\View->CodeIgniter\View\{closure}()
#3 D:\Project Tugas Akhir\pusbinter\system\Common.php(1217): CodeIgniter\View\View->render('index', Array, true)
#4 D:\Project Tugas Akhir\pusbinter\app\Controllers\Home.php(26): view('index', Array)
#5 D:\Project Tugas Akhir\pusbinter\system\CodeIgniter.php(936): App\Controllers\Home->index()
#6 D:\Project Tugas Akhir\pusbinter\system\CodeIgniter.php(432): CodeIgniter\CodeIgniter->runController(Object(App\Controllers\Home))
#7 D:\Project Tugas Akhir\pusbinter\system\CodeIgniter.php(333): CodeIgniter\CodeIgniter->handleRequest(NULL, Object(Config\Cache), false)
#8 D:\Project Tugas Akhir\pusbinter\public\index.php(44): CodeIgniter\CodeIgniter->run()
#9 D:\Project Tugas Akhir\pusbinter\system\Commands\Server\rewrite.php(45): require_once('D:\\Project Tuga...')
#10 {main}
CRITICAL - 2021-03-30 13:51:16 --> Array to string conversion
#0 D:\Project Tugas Akhir\pusbinter\app\Views\index.php(61): CodeIgniter\Debug\Exceptions->errorHandler(8, 'Array to string...', 'D:\\Project Tuga...', 61, Array)
#1 D:\Project Tugas Akhir\pusbinter\system\View\View.php(220): include('D:\\Project Tuga...')
#2 D:\Project Tugas Akhir\pusbinter\system\View\View.php(222): CodeIgniter\View\View->CodeIgniter\View\{closure}()
#3 D:\Project Tugas Akhir\pusbinter\system\Common.php(1217): CodeIgniter\View\View->render('index', Array, true)
#4 D:\Project Tugas Akhir\pusbinter\app\Controllers\Home.php(26): view('index', Array)
#5 D:\Project Tugas Akhir\pusbinter\system\CodeIgniter.php(936): App\Controllers\Home->index()
#6 D:\Project Tugas Akhir\pusbinter\system\CodeIgniter.php(432): CodeIgniter\CodeIgniter->runController(Object(App\Controllers\Home))
#7 D:\Project Tugas Akhir\pusbinter\system\CodeIgniter.php(333): CodeIgniter\CodeIgniter->handleRequest(NULL, Object(Config\Cache), false)
#8 D:\Project Tugas Akhir\pusbinter\public\index.php(44): CodeIgniter\CodeIgniter->run()
#9 D:\Project Tugas Akhir\pusbinter\system\Commands\Server\rewrite.php(45): require_once('D:\\Project Tuga...')
#10 {main}
CRITICAL - 2021-03-30 13:51:26 --> Object of class CodeIgniter\Database\MySQLi\Result could not be converted to string
#0 D:\Project Tugas Akhir\pusbinter\app\Views\index.php(61): CodeIgniter\Debug\Exceptions->errorHandler(4096, 'Object of class...', 'D:\\Project Tuga...', 61, Array)
#1 D:\Project Tugas Akhir\pusbinter\system\View\View.php(220): include('D:\\Project Tuga...')
#2 D:\Project Tugas Akhir\pusbinter\system\View\View.php(222): CodeIgniter\View\View->CodeIgniter\View\{closure}()
#3 D:\Project Tugas Akhir\pusbinter\system\Common.php(1217): CodeIgniter\View\View->render('index', Array, true)
#4 D:\Project Tugas Akhir\pusbinter\app\Controllers\Home.php(26): view('index', Array)
#5 D:\Project Tugas Akhir\pusbinter\system\CodeIgniter.php(936): App\Controllers\Home->index()
#6 D:\Project Tugas Akhir\pusbinter\system\CodeIgniter.php(432): CodeIgniter\CodeIgniter->runController(Object(App\Controllers\Home))
#7 D:\Project Tugas Akhir\pusbinter\system\CodeIgniter.php(333): CodeIgniter\CodeIgniter->handleRequest(NULL, Object(Config\Cache), false)
#8 D:\Project Tugas Akhir\pusbinter\public\index.php(44): CodeIgniter\CodeIgniter->run()
#9 D:\Project Tugas Akhir\pusbinter\system\Commands\Server\rewrite.php(45): require_once('D:\\Project Tuga...')
#10 {main}
CRITICAL - 2021-03-30 13:57:18 --> Object of class CodeIgniter\Database\MySQLi\Result could not be converted to string
#0 D:\Project Tugas Akhir\pusbinter\app\Views\index.php(61): CodeIgniter\Debug\Exceptions->errorHandler(4096, 'Object of class...', 'D:\\Project Tuga...', 61, Array)
#1 D:\Project Tugas Akhir\pusbinter\system\View\View.php(220): include('D:\\Project Tuga...')
#2 D:\Project Tugas Akhir\pusbinter\system\View\View.php(222): CodeIgniter\View\View->CodeIgniter\View\{closure}()
#3 D:\Project Tugas Akhir\pusbinter\system\Common.php(1217): CodeIgniter\View\View->render('index', Array, true)
#4 D:\Project Tugas Akhir\pusbinter\app\Controllers\Home.php(26): view('index', Array)
#5 D:\Project Tugas Akhir\pusbinter\system\CodeIgniter.php(936): App\Controllers\Home->index()
#6 D:\Project Tugas Akhir\pusbinter\system\CodeIgniter.php(432): CodeIgniter\CodeIgniter->runController(Object(App\Controllers\Home))
#7 D:\Project Tugas Akhir\pusbinter\system\CodeIgniter.php(333): CodeIgniter\CodeIgniter->handleRequest(NULL, Object(Config\Cache), false)
#8 D:\Project Tugas Akhir\pusbinter\public\index.php(44): CodeIgniter\CodeIgniter->run()
#9 D:\Project Tugas Akhir\pusbinter\system\Commands\Server\rewrite.php(45): require_once('D:\\Project Tuga...')
#10 {main}
CRITICAL - 2021-03-30 13:57:19 --> Object of class CodeIgniter\Database\MySQLi\Result could not be converted to string
#0 D:\Project Tugas Akhir\pusbinter\app\Views\index.php(61): CodeIgniter\Debug\Exceptions->errorHandler(4096, 'Object of class...', 'D:\\Project Tuga...', 61, Array)
#1 D:\Project Tugas Akhir\pusbinter\system\View\View.php(220): include('D:\\Project Tuga...')
#2 D:\Project Tugas Akhir\pusbinter\system\View\View.php(222): CodeIgniter\View\View->CodeIgniter\View\{closure}()
#3 D:\Project Tugas Akhir\pusbinter\system\Common.php(1217): CodeIgniter\View\View->render('index', Array, true)
#4 D:\Project Tugas Akhir\pusbinter\app\Controllers\Home.php(26): view('index', Array)
#5 D:\Project Tugas Akhir\pusbinter\system\CodeIgniter.php(936): App\Controllers\Home->index()
#6 D:\Project Tugas Akhir\pusbinter\system\CodeIgniter.php(432): CodeIgniter\CodeIgniter->runController(Object(App\Controllers\Home))
#7 D:\Project Tugas Akhir\pusbinter\system\CodeIgniter.php(333): CodeIgniter\CodeIgniter->handleRequest(NULL, Object(Config\Cache), false)
#8 D:\Project Tugas Akhir\pusbinter\public\index.php(44): CodeIgniter\CodeIgniter->run()
#9 D:\Project Tugas Akhir\pusbinter\system\Commands\Server\rewrite.php(45): require_once('D:\\Project Tuga...')
#10 {main}
CRITICAL - 2021-03-30 15:14:28 --> syntax error, unexpected '->' (T_OBJECT_OPERATOR), expecting identifier (T_STRING) or variable (T_VARIABLE) or '{' or '$'
#0 D:\Project Tugas Akhir\pusbinter\system\Autoloader\Autoloader.php(265): CodeIgniter\Autoloader\Autoloader->includeFile('D:\\Project Tuga...')
#1 D:\Project Tugas Akhir\pusbinter\system\Autoloader\Autoloader.php(228): CodeIgniter\Autoloader\Autoloader->loadInNamespace('App\\Models\\Home...')
#2 [internal function]: CodeIgniter\Autoloader\Autoloader->loadClass('App\\Models\\Home...')
#3 D:\Project Tugas Akhir\pusbinter\app\Controllers\Home.php(11): spl_autoload_call('App\\Models\\Home...')
#4 D:\Project Tugas Akhir\pusbinter\system\CodeIgniter.php(908): App\Controllers\Home->__construct()
#5 D:\Project Tugas Akhir\pusbinter\system\CodeIgniter.php(422): CodeIgniter\CodeIgniter->createController()
#6 D:\Project Tugas Akhir\pusbinter\system\CodeIgniter.php(333): CodeIgniter\CodeIgniter->handleRequest(NULL, Object(Config\Cache), false)
#7 D:\Project Tugas Akhir\pusbinter\public\index.php(44): CodeIgniter\CodeIgniter->run()
#8 D:\Project Tugas Akhir\pusbinter\system\Commands\Server\rewrite.php(45): require_once('D:\\Project Tuga...')
#9 {main}
CRITICAL - 2021-03-30 15:14:30 --> syntax error, unexpected '->' (T_OBJECT_OPERATOR), expecting identifier (T_STRING) or variable (T_VARIABLE) or '{' or '$'
#0 D:\Project Tugas Akhir\pusbinter\system\Autoloader\Autoloader.php(265): CodeIgniter\Autoloader\Autoloader->includeFile('D:\\Project Tuga...')
#1 D:\Project Tugas Akhir\pusbinter\system\Autoloader\Autoloader.php(228): CodeIgniter\Autoloader\Autoloader->loadInNamespace('App\\Models\\Home...')
#2 [internal function]: CodeIgniter\Autoloader\Autoloader->loadClass('App\\Models\\Home...')
#3 D:\Project Tugas Akhir\pusbinter\app\Controllers\Home.php(11): spl_autoload_call('App\\Models\\Home...')
#4 D:\Project Tugas Akhir\pusbinter\system\CodeIgniter.php(908): App\Controllers\Home->__construct()
#5 D:\Project Tugas Akhir\pusbinter\system\CodeIgniter.php(422): CodeIgniter\CodeIgniter->createController()
#6 D:\Project Tugas Akhir\pusbinter\system\CodeIgniter.php(333): CodeIgniter\CodeIgniter->handleRequest(NULL, Object(Config\Cache), false)
#7 D:\Project Tugas Akhir\pusbinter\public\index.php(44): CodeIgniter\CodeIgniter->run()
#8 D:\Project Tugas Akhir\pusbinter\system\Commands\Server\rewrite.php(45): require_once('D:\\Project Tuga...')
#9 {main}
CRITICAL - 2021-03-30 15:15:40 --> syntax error, unexpected '}', expecting ';'
#0 D:\Project Tugas Akhir\pusbinter\system\Autoloader\Autoloader.php(265): CodeIgniter\Autoloader\Autoloader->includeFile('D:\\Project Tuga...')
#1 D:\Project Tugas Akhir\pusbinter\system\Autoloader\Autoloader.php(228): CodeIgniter\Autoloader\Autoloader->loadInNamespace('App\\Models\\Home...')
#2 [internal function]: CodeIgniter\Autoloader\Autoloader->loadClass('App\\Models\\Home...')
#3 D:\Project Tugas Akhir\pusbinter\app\Controllers\Home.php(11): spl_autoload_call('App\\Models\\Home...')
#4 D:\Project Tugas Akhir\pusbinter\system\CodeIgniter.php(908): App\Controllers\Home->__construct()
#5 D:\Project Tugas Akhir\pusbinter\system\CodeIgniter.php(422): CodeIgniter\CodeIgniter->createController()
#6 D:\Project Tugas Akhir\pusbinter\system\CodeIgniter.php(333): CodeIgniter\CodeIgniter->handleRequest(NULL, Object(Config\Cache), false)
#7 D:\Project Tugas Akhir\pusbinter\public\index.php(44): CodeIgniter\CodeIgniter->run()
#8 D:\Project Tugas Akhir\pusbinter\system\Commands\Server\rewrite.php(45): require_once('D:\\Project Tuga...')
#9 {main}
CRITICAL - 2021-03-30 15:15:46 --> Array to string conversion
#0 D:\Project Tugas Akhir\pusbinter\app\Views\index.php(61): CodeIgniter\Debug\Exceptions->errorHandler(8, 'Array to string...', 'D:\\Project Tuga...', 61, Array)
#1 D:\Project Tugas Akhir\pusbinter\system\View\View.php(220): include('D:\\Project Tuga...')
#2 D:\Project Tugas Akhir\pusbinter\system\View\View.php(222): CodeIgniter\View\View->CodeIgniter\View\{closure}()
#3 D:\Project Tugas Akhir\pusbinter\system\Common.php(1217): CodeIgniter\View\View->render('index', Array, true)
#4 D:\Project Tugas Akhir\pusbinter\app\Controllers\Home.php(26): view('index', Array)
#5 D:\Project Tugas Akhir\pusbinter\system\CodeIgniter.php(936): App\Controllers\Home->index()
#6 D:\Project Tugas Akhir\pusbinter\system\CodeIgniter.php(432): CodeIgniter\CodeIgniter->runController(Object(App\Controllers\Home))
#7 D:\Project Tugas Akhir\pusbinter\system\CodeIgniter.php(333): CodeIgniter\CodeIgniter->handleRequest(NULL, Object(Config\Cache), false)
#8 D:\Project Tugas Akhir\pusbinter\public\index.php(44): CodeIgniter\CodeIgniter->run()
#9 D:\Project Tugas Akhir\pusbinter\system\Commands\Server\rewrite.php(45): require_once('D:\\Project Tuga...')
#10 {main}
CRITICAL - 2021-03-30 15:16:03 --> Object of class CodeIgniter\Database\MySQLi\Result could not be converted to string
#0 D:\Project Tugas Akhir\pusbinter\app\Views\index.php(61): CodeIgniter\Debug\Exceptions->errorHandler(4096, 'Object of class...', 'D:\\Project Tuga...', 61, Array)
#1 D:\Project Tugas Akhir\pusbinter\system\View\View.php(220): include('D:\\Project Tuga...')
#2 D:\Project Tugas Akhir\pusbinter\system\View\View.php(222): CodeIgniter\View\View->CodeIgniter\View\{closure}()
#3 D:\Project Tugas Akhir\pusbinter\system\Common.php(1217): CodeIgniter\View\View->render('index', Array, true)
#4 D:\Project Tugas Akhir\pusbinter\app\Controllers\Home.php(26): view('index', Array)
#5 D:\Project Tugas Akhir\pusbinter\system\CodeIgniter.php(936): App\Controllers\Home->index()
#6 D:\Project Tugas Akhir\pusbinter\system\CodeIgniter.php(432): CodeIgniter\CodeIgniter->runController(Object(App\Controllers\Home))
#7 D:\Project Tugas Akhir\pusbinter\system\CodeIgniter.php(333): CodeIgniter\CodeIgniter->handleRequest(NULL, Object(Config\Cache), false)
#8 D:\Project Tugas Akhir\pusbinter\public\index.php(44): CodeIgniter\CodeIgniter->run()
#9 D:\Project Tugas Akhir\pusbinter\system\Commands\Server\rewrite.php(45): require_once('D:\\Project Tuga...')
#10 {main}
CRITICAL - 2021-03-30 15:16:20 --> Array to string conversion
#0 D:\Project Tugas Akhir\pusbinter\app\Views\index.php(61): CodeIgniter\Debug\Exceptions->errorHandler(8, 'Array to string...', 'D:\\Project Tuga...', 61, Array)
#1 D:\Project Tugas Akhir\pusbinter\system\View\View.php(220): include('D:\\Project Tuga...')
#2 D:\Project Tugas Akhir\pusbinter\system\View\View.php(222): CodeIgniter\View\View->CodeIgniter\View\{closure}()
#3 D:\Project Tugas Akhir\pusbinter\system\Common.php(1217): CodeIgniter\View\View->render('index', Array, true)
#4 D:\Project Tugas Akhir\pusbinter\app\Controllers\Home.php(26): view('index', Array)
#5 D:\Project Tugas Akhir\pusbinter\system\CodeIgniter.php(936): App\Controllers\Home->index()
#6 D:\Project Tugas Akhir\pusbinter\system\CodeIgniter.php(432): CodeIgniter\CodeIgniter->runController(Object(App\Controllers\Home))
#7 D:\Project Tugas Akhir\pusbinter\system\CodeIgniter.php(333): CodeIgniter\CodeIgniter->handleRequest(NULL, Object(Config\Cache), false)
#8 D:\Project Tugas Akhir\pusbinter\public\index.php(44): CodeIgniter\CodeIgniter->run()
#9 D:\Project Tugas Akhir\pusbinter\system\Commands\Server\rewrite.php(45): require_once('D:\\Project Tuga...')
#10 {main}
CRITICAL - 2021-03-30 15:17:50 --> syntax error, unexpected 'echo' (T_ECHO)
#0 D:\Project Tugas Akhir\pusbinter\system\View\View.php(222): CodeIgniter\View\View->CodeIgniter\View\{closure}()
#1 D:\Project Tugas Akhir\pusbinter\system\Common.php(1217): CodeIgniter\View\View->render('index', Array, true)
#2 D:\Project Tugas Akhir\pusbinter\app\Controllers\Home.php(26): view('index', Array)
#3 D:\Project Tugas Akhir\pusbinter\system\CodeIgniter.php(936): App\Controllers\Home->index()
#4 D:\Project Tugas Akhir\pusbinter\system\CodeIgniter.php(432): CodeIgniter\CodeIgniter->runController(Object(App\Controllers\Home))
#5 D:\Project Tugas Akhir\pusbinter\system\CodeIgniter.php(333): CodeIgniter\CodeIgniter->handleRequest(NULL, Object(Config\Cache), false)
#6 D:\Project Tugas Akhir\pusbinter\public\index.php(44): CodeIgniter\CodeIgniter->run()
#7 D:\Project Tugas Akhir\pusbinter\system\Commands\Server\rewrite.php(45): require_once('D:\\Project Tuga...')
#8 {main}
CRITICAL - 2021-03-30 15:17:57 --> Undefined variable: value
#0 D:\Project Tugas Akhir\pusbinter\app\Views\index.php(61): CodeIgniter\Debug\Exceptions->errorHandler(8, 'Undefined varia...', 'D:\\Project Tuga...', 61, Array)
#1 D:\Project Tugas Akhir\pusbinter\system\View\View.php(220): include('D:\\Project Tuga...')
#2 D:\Project Tugas Akhir\pusbinter\system\View\View.php(222): CodeIgniter\View\View->CodeIgniter\View\{closure}()
#3 D:\Project Tugas Akhir\pusbinter\system\Common.php(1217): CodeIgniter\View\View->render('index', Array, true)
#4 D:\Project Tugas Akhir\pusbinter\app\Controllers\Home.php(26): view('index', Array)
#5 D:\Project Tugas Akhir\pusbinter\system\CodeIgniter.php(936): App\Controllers\Home->index()
#6 D:\Project Tugas Akhir\pusbinter\system\CodeIgniter.php(432): CodeIgniter\CodeIgniter->runController(Object(App\Controllers\Home))
#7 D:\Project Tugas Akhir\pusbinter\system\CodeIgniter.php(333): CodeIgniter\CodeIgniter->handleRequest(NULL, Object(Config\Cache), false)
#8 D:\Project Tugas Akhir\pusbinter\public\index.php(44): CodeIgniter\CodeIgniter->run()
#9 D:\Project Tugas Akhir\pusbinter\system\Commands\Server\rewrite.php(45): require_once('D:\\Project Tuga...')
#10 {main}
CRITICAL - 2021-03-30 15:18:14 --> Array to string conversion
#0 D:\Project Tugas Akhir\pusbinter\app\Views\index.php(61): CodeIgniter\Debug\Exceptions->errorHandler(8, 'Array to string...', 'D:\\Project Tuga...', 61, Array)
#1 D:\Project Tugas Akhir\pusbinter\system\View\View.php(220): include('D:\\Project Tuga...')
#2 D:\Project Tugas Akhir\pusbinter\system\View\View.php(222): CodeIgniter\View\View->CodeIgniter\View\{closure}()
#3 D:\Project Tugas Akhir\pusbinter\system\Common.php(1217): CodeIgniter\View\View->render('index', Array, true)
#4 D:\Project Tugas Akhir\pusbinter\app\Controllers\Home.php(26): view('index', Array)
#5 D:\Project Tugas Akhir\pusbinter\system\CodeIgniter.php(936): App\Controllers\Home->index()
#6 D:\Project Tugas Akhir\pusbinter\system\CodeIgniter.php(432): CodeIgniter\CodeIgniter->runController(Object(App\Controllers\Home))
#7 D:\Project Tugas Akhir\pusbinter\system\CodeIgniter.php(333): CodeIgniter\CodeIgniter->handleRequest(NULL, Object(Config\Cache), false)
#8 D:\Project Tugas Akhir\pusbinter\public\index.php(44): CodeIgniter\CodeIgniter->run()
#9 D:\Project Tugas Akhir\pusbinter\system\Commands\Server\rewrite.php(45): require_once('D:\\Project Tuga...')
#10 {main}
CRITICAL - 2021-03-30 15:18:24 --> Array to string conversion
#0 D:\Project Tugas Akhir\pusbinter\app\Views\index.php(61): CodeIgniter\Debug\Exceptions->errorHandler(8, 'Array to string...', 'D:\\Project Tuga...', 61, Array)
#1 D:\Project Tugas Akhir\pusbinter\system\View\View.php(220): include('D:\\Project Tuga...')
#2 D:\Project Tugas Akhir\pusbinter\system\View\View.php(222): CodeIgniter\View\View->CodeIgniter\View\{closure}()
#3 D:\Project Tugas Akhir\pusbinter\system\Common.php(1217): CodeIgniter\View\View->render('index', Array, true)
#4 D:\Project Tugas Akhir\pusbinter\app\Controllers\Home.php(26): view('index', Array)
#5 D:\Project Tugas Akhir\pusbinter\system\CodeIgniter.php(936): App\Controllers\Home->index()
#6 D:\Project Tugas Akhir\pusbinter\system\CodeIgniter.php(432): CodeIgniter\CodeIgniter->runController(Object(App\Controllers\Home))
#7 D:\Project Tugas Akhir\pusbinter\system\CodeIgniter.php(333): CodeIgniter\CodeIgniter->handleRequest(NULL, Object(Config\Cache), false)
#8 D:\Project Tugas Akhir\pusbinter\public\index.php(44): CodeIgniter\CodeIgniter->run()
#9 D:\Project Tugas Akhir\pusbinter\system\Commands\Server\rewrite.php(45): require_once('D:\\Project Tuga...')
#10 {main}
CRITICAL - 2021-03-30 15:18:25 --> Array to string conversion
#0 D:\Project Tugas Akhir\pusbinter\app\Views\index.php(61): CodeIgniter\Debug\Exceptions->errorHandler(8, 'Array to string...', 'D:\\Project Tuga...', 61, Array)
#1 D:\Project Tugas Akhir\pusbinter\system\View\View.php(220): include('D:\\Project Tuga...')
#2 D:\Project Tugas Akhir\pusbinter\system\View\View.php(222): CodeIgniter\View\View->CodeIgniter\View\{closure}()
#3 D:\Project Tugas Akhir\pusbinter\system\Common.php(1217): CodeIgniter\View\View->render('index', Array, true)
#4 D:\Project Tugas Akhir\pusbinter\app\Controllers\Home.php(26): view('index', Array)
#5 D:\Project Tugas Akhir\pusbinter\system\CodeIgniter.php(936): App\Controllers\Home->index()
#6 D:\Project Tugas Akhir\pusbinter\system\CodeIgniter.php(432): CodeIgniter\CodeIgniter->runController(Object(App\Controllers\Home))
#7 D:\Project Tugas Akhir\pusbinter\system\CodeIgniter.php(333): CodeIgniter\CodeIgniter->handleRequest(NULL, Object(Config\Cache), false)
#8 D:\Project Tugas Akhir\pusbinter\public\index.php(44): CodeIgniter\CodeIgniter->run()
#9 D:\Project Tugas Akhir\pusbinter\system\Commands\Server\rewrite.php(45): require_once('D:\\Project Tuga...')
#10 {main}
CRITICAL - 2021-03-30 15:18:36 --> Array to string conversion
#0 D:\Project Tugas Akhir\pusbinter\app\Views\index.php(61): CodeIgniter\Debug\Exceptions->errorHandler(8, 'Array to string...', 'D:\\Project Tuga...', 61, Array)
#1 D:\Project Tugas Akhir\pusbinter\system\View\View.php(220): include('D:\\Project Tuga...')
#2 D:\Project Tugas Akhir\pusbinter\system\View\View.php(222): CodeIgniter\View\View->CodeIgniter\View\{closure}()
#3 D:\Project Tugas Akhir\pusbinter\system\Common.php(1217): CodeIgniter\View\View->render('index', Array, true)
#4 D:\Project Tugas Akhir\pusbinter\app\Controllers\Home.php(26): view('index', Array)
#5 D:\Project Tugas Akhir\pusbinter\system\CodeIgniter.php(936): App\Controllers\Home->index()
#6 D:\Project Tugas Akhir\pusbinter\system\CodeIgniter.php(432): CodeIgniter\CodeIgniter->runController(Object(App\Controllers\Home))
#7 D:\Project Tugas Akhir\pusbinter\system\CodeIgniter.php(333): CodeIgniter\CodeIgniter->handleRequest(NULL, Object(Config\Cache), false)
#8 D:\Project Tugas Akhir\pusbinter\public\index.php(44): CodeIgniter\CodeIgniter->run()
#9 D:\Project Tugas Akhir\pusbinter\system\Commands\Server\rewrite.php(45): require_once('D:\\Project Tuga...')
#10 {main}
CRITICAL - 2021-03-30 15:19:50 --> Array to string conversion
#0 D:\Project Tugas Akhir\pusbinter\app\Views\index.php(61): CodeIgniter\Debug\Exceptions->errorHandler(8, 'Array to string...', 'D:\\Project Tuga...', 61, Array)
#1 D:\Project Tugas Akhir\pusbinter\system\View\View.php(220): include('D:\\Project Tuga...')
#2 D:\Project Tugas Akhir\pusbinter\system\View\View.php(222): CodeIgniter\View\View->CodeIgniter\View\{closure}()
#3 D:\Project Tugas Akhir\pusbinter\system\Common.php(1217): CodeIgniter\View\View->render('index', Array, true)
#4 D:\Project Tugas Akhir\pusbinter\app\Controllers\Home.php(26): view('index', Array)
#5 D:\Project Tugas Akhir\pusbinter\system\CodeIgniter.php(936): App\Controllers\Home->index()
#6 D:\Project Tugas Akhir\pusbinter\system\CodeIgniter.php(432): CodeIgniter\CodeIgniter->runController(Object(App\Controllers\Home))
#7 D:\Project Tugas Akhir\pusbinter\system\CodeIgniter.php(333): CodeIgniter\CodeIgniter->handleRequest(NULL, Object(Config\Cache), false)
#8 D:\Project Tugas Akhir\pusbinter\public\index.php(44): CodeIgniter\CodeIgniter->run()
#9 D:\Project Tugas Akhir\pusbinter\system\Commands\Server\rewrite.php(45): require_once('D:\\Project Tuga...')
#10 {main}
CRITICAL - 2021-03-30 15:20:30 --> Array to string conversion
#0 D:\Project Tugas Akhir\pusbinter\app\Views\index.php(61): CodeIgniter\Debug\Exceptions->errorHandler(8, 'Array to string...', 'D:\\Project Tuga...', 61, Array)
#1 D:\Project Tugas Akhir\pusbinter\system\View\View.php(220): include('D:\\Project Tuga...')
#2 D:\Project Tugas Akhir\pusbinter\system\View\View.php(222): CodeIgniter\View\View->CodeIgniter\View\{closure}()
#3 D:\Project Tugas Akhir\pusbinter\system\Common.php(1217): CodeIgniter\View\View->render('index', Array, true)
#4 D:\Project Tugas Akhir\pusbinter\app\Controllers\Home.php(26): view('index', Array)
#5 D:\Project Tugas Akhir\pusbinter\system\CodeIgniter.php(936): App\Controllers\Home->index()
#6 D:\Project Tugas Akhir\pusbinter\system\CodeIgniter.php(432): CodeIgniter\CodeIgniter->runController(Object(App\Controllers\Home))
#7 D:\Project Tugas Akhir\pusbinter\system\CodeIgniter.php(333): CodeIgniter\CodeIgniter->handleRequest(NULL, Object(Config\Cache), false)
#8 D:\Project Tugas Akhir\pusbinter\public\index.php(44): CodeIgniter\CodeIgniter->run()
#9 D:\Project Tugas Akhir\pusbinter\system\Commands\Server\rewrite.php(45): require_once('D:\\Project Tuga...')
#10 {main}
CRITICAL - 2021-03-30 15:20:31 --> Array to string conversion
#0 D:\Project Tugas Akhir\pusbinter\app\Views\index.php(61): CodeIgniter\Debug\Exceptions->errorHandler(8, 'Array to string...', 'D:\\Project Tuga...', 61, Array)
#1 D:\Project Tugas Akhir\pusbinter\system\View\View.php(220): include('D:\\Project Tuga...')
#2 D:\Project Tugas Akhir\pusbinter\system\View\View.php(222): CodeIgniter\View\View->CodeIgniter\View\{closure}()
#3 D:\Project Tugas Akhir\pusbinter\system\Common.php(1217): CodeIgniter\View\View->render('index', Array, true)
#4 D:\Project Tugas Akhir\pusbinter\app\Controllers\Home.php(26): view('index', Array)
#5 D:\Project Tugas Akhir\pusbinter\system\CodeIgniter.php(936): App\Controllers\Home->index()
#6 D:\Project Tugas Akhir\pusbinter\system\CodeIgniter.php(432): CodeIgniter\CodeIgniter->runController(Object(App\Controllers\Home))
#7 D:\Project Tugas Akhir\pusbinter\system\CodeIgniter.php(333): CodeIgniter\CodeIgniter->handleRequest(NULL, Object(Config\Cache), false)
#8 D:\Project Tugas Akhir\pusbinter\public\index.php(44): CodeIgniter\CodeIgniter->run()
#9 D:\Project Tugas Akhir\pusbinter\system\Commands\Server\rewrite.php(45): require_once('D:\\Project Tuga...')
#10 {main}
CRITICAL - 2021-03-30 15:23:14 --> Undefined variable: tArsip
#0 D:\Project Tugas Akhir\pusbinter\app\Views\index.php(61): CodeIgniter\Debug\Exceptions->errorHandler(8, 'Undefined varia...', 'D:\\Project Tuga...', 61, Array)
#1 D:\Project Tugas Akhir\pusbinter\system\View\View.php(220): include('D:\\Project Tuga...')
#2 D:\Project Tugas Akhir\pusbinter\system\View\View.php(222): CodeIgniter\View\View->CodeIgniter\View\{closure}()
#3 D:\Project Tugas Akhir\pusbinter\system\Common.php(1217): CodeIgniter\View\View->render('index', Array, true)
#4 D:\Project Tugas Akhir\pusbinter\app\Controllers\Home.php(26): view('index', Array)
#5 D:\Project Tugas Akhir\pusbinter\system\CodeIgniter.php(936): App\Controllers\Home->index()
#6 D:\Project Tugas Akhir\pusbinter\system\CodeIgniter.php(432): CodeIgniter\CodeIgniter->runController(Object(App\Controllers\Home))
#7 D:\Project Tugas Akhir\pusbinter\system\CodeIgniter.php(333): CodeIgniter\CodeIgniter->handleRequest(NULL, Object(Config\Cache), false)
#8 D:\Project Tugas Akhir\pusbinter\public\index.php(44): CodeIgniter\CodeIgniter->run()
#9 D:\Project Tugas Akhir\pusbinter\system\Commands\Server\rewrite.php(45): require_once('D:\\Project Tuga...')
#10 {main}
CRITICAL - 2021-03-30 15:24:26 --> Array to string conversion
#0 D:\Project Tugas Akhir\pusbinter\app\Views\index.php(61): CodeIgniter\Debug\Exceptions->errorHandler(8, 'Array to string...', 'D:\\Project Tuga...', 61, Array)
#1 D:\Project Tugas Akhir\pusbinter\system\View\View.php(220): include('D:\\Project Tuga...')
#2 D:\Project Tugas Akhir\pusbinter\system\View\View.php(222): CodeIgniter\View\View->CodeIgniter\View\{closure}()
#3 D:\Project Tugas Akhir\pusbinter\system\Common.php(1217): CodeIgniter\View\View->render('index', Array, true)
#4 D:\Project Tugas Akhir\pusbinter\app\Controllers\Home.php(26): view('index', Array)
#5 D:\Project Tugas Akhir\pusbinter\system\CodeIgniter.php(936): App\Controllers\Home->index()
#6 D:\Project Tugas Akhir\pusbinter\system\CodeIgniter.php(432): CodeIgniter\CodeIgniter->runController(Object(App\Controllers\Home))
#7 D:\Project Tugas Akhir\pusbinter\system\CodeIgniter.php(333): CodeIgniter\CodeIgniter->handleRequest(NULL, Object(Config\Cache), false)
#8 D:\Project Tugas Akhir\pusbinter\public\index.php(44): CodeIgniter\CodeIgniter->run()
#9 D:\Project Tugas Akhir\pusbinter\system\Commands\Server\rewrite.php(45): require_once('D:\\Project Tuga...')
#10 {main}
CRITICAL - 2021-03-30 15:26:23 --> Array to string conversion
#0 D:\Project Tugas Akhir\pusbinter\app\Views\index.php(61): CodeIgniter\Debug\Exceptions->errorHandler(8, 'Array to string...', 'D:\\Project Tuga...', 61, Array)
#1 D:\Project Tugas Akhir\pusbinter\system\View\View.php(220): include('D:\\Project Tuga...')
#2 D:\Project Tugas Akhir\pusbinter\system\View\View.php(222): CodeIgniter\View\View->CodeIgniter\View\{closure}()
#3 D:\Project Tugas Akhir\pusbinter\system\Common.php(1217): CodeIgniter\View\View->render('index', Array, true)
#4 D:\Project Tugas Akhir\pusbinter\app\Controllers\Home.php(26): view('index', Array)
#5 D:\Project Tugas Akhir\pusbinter\system\CodeIgniter.php(936): App\Controllers\Home->index()
#6 D:\Project Tugas Akhir\pusbinter\system\CodeIgniter.php(432): CodeIgniter\CodeIgniter->runController(Object(App\Controllers\Home))
#7 D:\Project Tugas Akhir\pusbinter\system\CodeIgniter.php(333): CodeIgniter\CodeIgniter->handleRequest(NULL, Object(Config\Cache), false)
#8 D:\Project Tugas Akhir\pusbinter\public\index.php(44): CodeIgniter\CodeIgniter->run()
#9 D:\Project Tugas Akhir\pusbinter\system\Commands\Server\rewrite.php(45): require_once('D:\\Project Tuga...')
#10 {main}
CRITICAL - 2021-03-30 15:26:24 --> Array to string conversion
#0 D:\Project Tugas Akhir\pusbinter\app\Views\index.php(61): CodeIgniter\Debug\Exceptions->errorHandler(8, 'Array to string...', 'D:\\Project Tuga...', 61, Array)
#1 D:\Project Tugas Akhir\pusbinter\system\View\View.php(220): include('D:\\Project Tuga...')
#2 D:\Project Tugas Akhir\pusbinter\system\View\View.php(222): CodeIgniter\View\View->CodeIgniter\View\{closure}()
#3 D:\Project Tugas Akhir\pusbinter\system\Common.php(1217): CodeIgniter\View\View->render('index', Array, true)
#4 D:\Project Tugas Akhir\pusbinter\app\Controllers\Home.php(26): view('index', Array)
#5 D:\Project Tugas Akhir\pusbinter\system\CodeIgniter.php(936): App\Controllers\Home->index()
#6 D:\Project Tugas Akhir\pusbinter\system\CodeIgniter.php(432): CodeIgniter\CodeIgniter->runController(Object(App\Controllers\Home))
#7 D:\Project Tugas Akhir\pusbinter\system\CodeIgniter.php(333): CodeIgniter\CodeIgniter->handleRequest(NULL, Object(Config\Cache), false)
#8 D:\Project Tugas Akhir\pusbinter\public\index.php(44): CodeIgniter\CodeIgniter->run()
#9 D:\Project Tugas Akhir\pusbinter\system\Commands\Server\rewrite.php(45): require_once('D:\\Project Tuga...')
#10 {main}
