CRITICAL - 2021-03-07 08:23:49 --> syntax error, unexpected 'echo' (T_ECHO)
#0 D:\Project Tugas Akhir\pusbinter\system\View\View.php(222): CodeIgniter\View\View->CodeIgniter\View\{closure}()
#1 D:\Project Tugas Akhir\pusbinter\system\Common.php(1217): CodeIgniter\View\View->render('penerjemah', Array, true)
#2 D:\Project Tugas Akhir\pusbinter\app\Controllers\Penerjemah.php(16): view('penerjemah', Array)
#3 D:\Project Tugas Akhir\pusbinter\system\CodeIgniter.php(936): App\Controllers\Penerjemah->index()
#4 D:\Project Tugas Akhir\pusbinter\system\CodeIgniter.php(432): CodeIgniter\CodeIgniter->runController(Object(App\Controllers\Penerjemah))
#5 D:\Project Tugas Akhir\pusbinter\system\CodeIgniter.php(333): CodeIgniter\CodeIgniter->handleRequest(NULL, Object(Config\Cache), false)
#6 D:\Project Tugas Akhir\pusbinter\public\index.php(44): CodeIgniter\CodeIgniter->run()
#7 D:\Project Tugas Akhir\pusbinter\system\Commands\Server\rewrite.php(45): require_once('D:\\Project Tuga...')
#8 {main}
ERROR - 2021-03-07 19:36:28 --> mysqli_sql_exception: Unknown column 'utama' in 'field list' in D:\Project Tugas Akhir\pusbinter\system\Database\MySQLi\Connection.php:314
Stack trace:
#0 D:\Project Tugas Akhir\pusbinter\system\Database\MySQLi\Connection.php(314): mysqli->query('INSERT INTO `pe...')
#1 D:\Project Tugas Akhir\pusbinter\system\Database\BaseConnection.php(713): CodeIgniter\Database\MySQLi\Connection->execute('INSERT INTO `pe...')
#2 D:\Project Tugas Akhir\pusbinter\system\Database\BaseConnection.php(641): CodeIgniter\Database\BaseConnection->simpleQuery('INSERT INTO `pe...')
#3 D:\Project Tugas Akhir\pusbinter\system\Database\BaseBuilder.php(2263): CodeIgniter\Database\BaseConnection->query('INSERT INTO `pe...', Array, false)
#4 D:\Project Tugas Akhir\pusbinter\app\Models\Penerjemah_m.php(32): CodeIgniter\Database\BaseBuilder->insert(Array)
#5 D:\Project Tugas Akhir\pusbinter\app\Controllers\Penerjemah.php(48): App\Models\Penerjemah_m->savePenerjemah(Array)
#6 D:\Project Tugas Akhir\pusbinter\system\CodeIgniter.php(936): App\Controllers\Penerjemah->save()
#7 D:\Project Tugas Akhir\pusbinter\system\CodeIgniter.php(432): CodeIgniter\CodeIgniter->runController(Object(App\Controllers\Penerjemah))
#8 D:\Project Tugas Akhir\pusbinter\system\CodeIgniter.php(333): CodeIgniter\CodeIgniter->handleRequest(NULL, Object(Config\Cache), false)
#9 D:\Project Tugas Akhir\pusbinter\public\index.php(44): CodeIgniter\CodeIgniter->run()
#10 D:\Project Tugas Akhir\pusbinter\system\Commands\Server\rewrite.php(45): require_once('D:\\Project Tuga...')
#11 {main}
CRITICAL - 2021-03-07 19:36:28 --> Unknown column 'utama' in 'field list'
#0 D:\Project Tugas Akhir\pusbinter\system\Database\MySQLi\Connection.php(314): mysqli->query('INSERT INTO `pe...')
#1 D:\Project Tugas Akhir\pusbinter\system\Database\BaseConnection.php(713): CodeIgniter\Database\MySQLi\Connection->execute('INSERT INTO `pe...')
#2 D:\Project Tugas Akhir\pusbinter\system\Database\BaseConnection.php(641): CodeIgniter\Database\BaseConnection->simpleQuery('INSERT INTO `pe...')
#3 D:\Project Tugas Akhir\pusbinter\system\Database\BaseBuilder.php(2263): CodeIgniter\Database\BaseConnection->query('INSERT INTO `pe...', Array, false)
#4 D:\Project Tugas Akhir\pusbinter\app\Models\Penerjemah_m.php(32): CodeIgniter\Database\BaseBuilder->insert(Array)
#5 D:\Project Tugas Akhir\pusbinter\app\Controllers\Penerjemah.php(48): App\Models\Penerjemah_m->savePenerjemah(Array)
#6 D:\Project Tugas Akhir\pusbinter\system\CodeIgniter.php(936): App\Controllers\Penerjemah->save()
#7 D:\Project Tugas Akhir\pusbinter\system\CodeIgniter.php(432): CodeIgniter\CodeIgniter->runController(Object(App\Controllers\Penerjemah))
#8 D:\Project Tugas Akhir\pusbinter\system\CodeIgniter.php(333): CodeIgniter\CodeIgniter->handleRequest(NULL, Object(Config\Cache), false)
#9 D:\Project Tugas Akhir\pusbinter\public\index.php(44): CodeIgniter\CodeIgniter->run()
#10 D:\Project Tugas Akhir\pusbinter\system\Commands\Server\rewrite.php(45): require_once('D:\\Project Tuga...')
#11 {main}
CRITICAL - 2021-03-07 19:46:17 --> A non-numeric value encountered
#0 D:\Project Tugas Akhir\pusbinter\app\Views\penerjemah.php(167): CodeIgniter\Debug\Exceptions->errorHandler(2, 'A non-numeric v...', 'D:\\Project Tuga...', 167, Array)
#1 D:\Project Tugas Akhir\pusbinter\system\View\View.php(220): include('D:\\Project Tuga...')
#2 D:\Project Tugas Akhir\pusbinter\system\View\View.php(222): CodeIgniter\View\View->CodeIgniter\View\{closure}()
#3 D:\Project Tugas Akhir\pusbinter\system\Common.php(1217): CodeIgniter\View\View->render('penerjemah', Array, true)
#4 D:\Project Tugas Akhir\pusbinter\app\Controllers\Penerjemah.php(16): view('penerjemah', Array)
#5 D:\Project Tugas Akhir\pusbinter\system\CodeIgniter.php(936): App\Controllers\Penerjemah->index()
#6 D:\Project Tugas Akhir\pusbinter\system\CodeIgniter.php(432): CodeIgniter\CodeIgniter->runController(Object(App\Controllers\Penerjemah))
#7 D:\Project Tugas Akhir\pusbinter\system\CodeIgniter.php(333): CodeIgniter\CodeIgniter->handleRequest(NULL, Object(Config\Cache), false)
#8 D:\Project Tugas Akhir\pusbinter\public\index.php(44): CodeIgniter\CodeIgniter->run()
#9 D:\Project Tugas Akhir\pusbinter\system\Commands\Server\rewrite.php(45): require_once('D:\\Project Tuga...')
#10 {main}
CRITICAL - 2021-03-07 19:46:21 --> A non-numeric value encountered
#0 D:\Project Tugas Akhir\pusbinter\app\Views\penerjemah.php(167): CodeIgniter\Debug\Exceptions->errorHandler(2, 'A non-numeric v...', 'D:\\Project Tuga...', 167, Array)
#1 D:\Project Tugas Akhir\pusbinter\system\View\View.php(220): include('D:\\Project Tuga...')
#2 D:\Project Tugas Akhir\pusbinter\system\View\View.php(222): CodeIgniter\View\View->CodeIgniter\View\{closure}()
#3 D:\Project Tugas Akhir\pusbinter\system\Common.php(1217): CodeIgniter\View\View->render('penerjemah', Array, true)
#4 D:\Project Tugas Akhir\pusbinter\app\Controllers\Penerjemah.php(16): view('penerjemah', Array)
#5 D:\Project Tugas Akhir\pusbinter\system\CodeIgniter.php(936): App\Controllers\Penerjemah->index()
#6 D:\Project Tugas Akhir\pusbinter\system\CodeIgniter.php(432): CodeIgniter\CodeIgniter->runController(Object(App\Controllers\Penerjemah))
#7 D:\Project Tugas Akhir\pusbinter\system\CodeIgniter.php(333): CodeIgniter\CodeIgniter->handleRequest(NULL, Object(Config\Cache), false)
#8 D:\Project Tugas Akhir\pusbinter\public\index.php(44): CodeIgniter\CodeIgniter->run()
#9 D:\Project Tugas Akhir\pusbinter\system\Commands\Server\rewrite.php(45): require_once('D:\\Project Tuga...')
#10 {main}
CRITICAL - 2021-03-07 21:03:46 --> Undefined variable: golongan
#0 D:\Project Tugas Akhir\pusbinter\app\Views\penerjemah.php(151): CodeIgniter\Debug\Exceptions->errorHandler(8, 'Undefined varia...', 'D:\\Project Tuga...', 151, Array)
#1 D:\Project Tugas Akhir\pusbinter\system\View\View.php(220): include('D:\\Project Tuga...')
#2 D:\Project Tugas Akhir\pusbinter\system\View\View.php(222): CodeIgniter\View\View->CodeIgniter\View\{closure}()
#3 D:\Project Tugas Akhir\pusbinter\system\Common.php(1217): CodeIgniter\View\View->render('penerjemah', Array, true)
#4 D:\Project Tugas Akhir\pusbinter\app\Controllers\Penerjemah.php(16): view('penerjemah', Array)
#5 D:\Project Tugas Akhir\pusbinter\system\CodeIgniter.php(936): App\Controllers\Penerjemah->index()
#6 D:\Project Tugas Akhir\pusbinter\system\CodeIgniter.php(432): CodeIgniter\CodeIgniter->runController(Object(App\Controllers\Penerjemah))
#7 D:\Project Tugas Akhir\pusbinter\system\CodeIgniter.php(333): CodeIgniter\CodeIgniter->handleRequest(NULL, Object(Config\Cache), false)
#8 D:\Project Tugas Akhir\pusbinter\public\index.php(44): CodeIgniter\CodeIgniter->run()
#9 D:\Project Tugas Akhir\pusbinter\system\Commands\Server\rewrite.php(45): require_once('D:\\Project Tuga...')
#10 {main}
ERROR - 2021-03-07 21:08:21 --> mysqli_sql_exception: Unknown column 'id_golongan' in 'field list' in D:\Project Tugas Akhir\pusbinter\system\Database\MySQLi\Connection.php:314
Stack trace:
#0 D:\Project Tugas Akhir\pusbinter\system\Database\MySQLi\Connection.php(314): mysqli->query('INSERT INTO `pe...')
#1 D:\Project Tugas Akhir\pusbinter\system\Database\BaseConnection.php(713): CodeIgniter\Database\MySQLi\Connection->execute('INSERT INTO `pe...')
#2 D:\Project Tugas Akhir\pusbinter\system\Database\BaseConnection.php(641): CodeIgniter\Database\BaseConnection->simpleQuery('INSERT INTO `pe...')
#3 D:\Project Tugas Akhir\pusbinter\system\Database\BaseBuilder.php(2263): CodeIgniter\Database\BaseConnection->query('INSERT INTO `pe...', Array, false)
#4 D:\Project Tugas Akhir\pusbinter\app\Models\Penerjemah_m.php(39): CodeIgniter\Database\BaseBuilder->insert(Array)
#5 D:\Project Tugas Akhir\pusbinter\app\Controllers\Penerjemah.php(45): App\Models\Penerjemah_m->savePenerjemah(Array)
#6 D:\Project Tugas Akhir\pusbinter\system\CodeIgniter.php(936): App\Controllers\Penerjemah->save()
#7 D:\Project Tugas Akhir\pusbinter\system\CodeIgniter.php(432): CodeIgniter\CodeIgniter->runController(Object(App\Controllers\Penerjemah))
#8 D:\Project Tugas Akhir\pusbinter\system\CodeIgniter.php(333): CodeIgniter\CodeIgniter->handleRequest(NULL, Object(Config\Cache), false)
#9 D:\Project Tugas Akhir\pusbinter\public\index.php(44): CodeIgniter\CodeIgniter->run()
#10 D:\Project Tugas Akhir\pusbinter\system\Commands\Server\rewrite.php(45): require_once('D:\\Project Tuga...')
#11 {main}
CRITICAL - 2021-03-07 21:08:21 --> Unknown column 'id_golongan' in 'field list'
#0 D:\Project Tugas Akhir\pusbinter\system\Database\MySQLi\Connection.php(314): mysqli->query('INSERT INTO `pe...')
#1 D:\Project Tugas Akhir\pusbinter\system\Database\BaseConnection.php(713): CodeIgniter\Database\MySQLi\Connection->execute('INSERT INTO `pe...')
#2 D:\Project Tugas Akhir\pusbinter\system\Database\BaseConnection.php(641): CodeIgniter\Database\BaseConnection->simpleQuery('INSERT INTO `pe...')
#3 D:\Project Tugas Akhir\pusbinter\system\Database\BaseBuilder.php(2263): CodeIgniter\Database\BaseConnection->query('INSERT INTO `pe...', Array, false)
#4 D:\Project Tugas Akhir\pusbinter\app\Models\Penerjemah_m.php(39): CodeIgniter\Database\BaseBuilder->insert(Array)
#5 D:\Project Tugas Akhir\pusbinter\app\Controllers\Penerjemah.php(45): App\Models\Penerjemah_m->savePenerjemah(Array)
#6 D:\Project Tugas Akhir\pusbinter\system\CodeIgniter.php(936): App\Controllers\Penerjemah->save()
#7 D:\Project Tugas Akhir\pusbinter\system\CodeIgniter.php(432): CodeIgniter\CodeIgniter->runController(Object(App\Controllers\Penerjemah))
#8 D:\Project Tugas Akhir\pusbinter\system\CodeIgniter.php(333): CodeIgniter\CodeIgniter->handleRequest(NULL, Object(Config\Cache), false)
#9 D:\Project Tugas Akhir\pusbinter\public\index.php(44): CodeIgniter\CodeIgniter->run()
#10 D:\Project Tugas Akhir\pusbinter\system\Commands\Server\rewrite.php(45): require_once('D:\\Project Tuga...')
#11 {main}
ERROR - 2021-03-07 21:09:56 --> mysqli_sql_exception: Unknown column 'id_golongan' in 'field list' in D:\Project Tugas Akhir\pusbinter\system\Database\MySQLi\Connection.php:314
Stack trace:
#0 D:\Project Tugas Akhir\pusbinter\system\Database\MySQLi\Connection.php(314): mysqli->query('INSERT INTO `pe...')
#1 D:\Project Tugas Akhir\pusbinter\system\Database\BaseConnection.php(713): CodeIgniter\Database\MySQLi\Connection->execute('INSERT INTO `pe...')
#2 D:\Project Tugas Akhir\pusbinter\system\Database\BaseConnection.php(641): CodeIgniter\Database\BaseConnection->simpleQuery('INSERT INTO `pe...')
#3 D:\Project Tugas Akhir\pusbinter\system\Database\BaseBuilder.php(2263): CodeIgniter\Database\BaseConnection->query('INSERT INTO `pe...', Array, false)
#4 D:\Project Tugas Akhir\pusbinter\app\Models\Penerjemah_m.php(39): CodeIgniter\Database\BaseBuilder->insert(Array)
#5 D:\Project Tugas Akhir\pusbinter\app\Controllers\Penerjemah.php(45): App\Models\Penerjemah_m->savePenerjemah(Array)
#6 D:\Project Tugas Akhir\pusbinter\system\CodeIgniter.php(936): App\Controllers\Penerjemah->save()
#7 D:\Project Tugas Akhir\pusbinter\system\CodeIgniter.php(432): CodeIgniter\CodeIgniter->runController(Object(App\Controllers\Penerjemah))
#8 D:\Project Tugas Akhir\pusbinter\system\CodeIgniter.php(333): CodeIgniter\CodeIgniter->handleRequest(NULL, Object(Config\Cache), false)
#9 D:\Project Tugas Akhir\pusbinter\public\index.php(44): CodeIgniter\CodeIgniter->run()
#10 D:\Project Tugas Akhir\pusbinter\system\Commands\Server\rewrite.php(45): require_once('D:\\Project Tuga...')
#11 {main}
CRITICAL - 2021-03-07 21:09:56 --> Unknown column 'id_golongan' in 'field list'
#0 D:\Project Tugas Akhir\pusbinter\system\Database\MySQLi\Connection.php(314): mysqli->query('INSERT INTO `pe...')
#1 D:\Project Tugas Akhir\pusbinter\system\Database\BaseConnection.php(713): CodeIgniter\Database\MySQLi\Connection->execute('INSERT INTO `pe...')
#2 D:\Project Tugas Akhir\pusbinter\system\Database\BaseConnection.php(641): CodeIgniter\Database\BaseConnection->simpleQuery('INSERT INTO `pe...')
#3 D:\Project Tugas Akhir\pusbinter\system\Database\BaseBuilder.php(2263): CodeIgniter\Database\BaseConnection->query('INSERT INTO `pe...', Array, false)
#4 D:\Project Tugas Akhir\pusbinter\app\Models\Penerjemah_m.php(39): CodeIgniter\Database\BaseBuilder->insert(Array)
#5 D:\Project Tugas Akhir\pusbinter\app\Controllers\Penerjemah.php(45): App\Models\Penerjemah_m->savePenerjemah(Array)
#6 D:\Project Tugas Akhir\pusbinter\system\CodeIgniter.php(936): App\Controllers\Penerjemah->save()
#7 D:\Project Tugas Akhir\pusbinter\system\CodeIgniter.php(432): CodeIgniter\CodeIgniter->runController(Object(App\Controllers\Penerjemah))
#8 D:\Project Tugas Akhir\pusbinter\system\CodeIgniter.php(333): CodeIgniter\CodeIgniter->handleRequest(NULL, Object(Config\Cache), false)
#9 D:\Project Tugas Akhir\pusbinter\public\index.php(44): CodeIgniter\CodeIgniter->run()
#10 D:\Project Tugas Akhir\pusbinter\system\Commands\Server\rewrite.php(45): require_once('D:\\Project Tuga...')
#11 {main}
CRITICAL - 2021-03-07 22:21:51 --> Trying to get property 'nip' of non-object
#0 D:\Project Tugas Akhir\pusbinter\app\Views\penerjemah.php(200): CodeIgniter\Debug\Exceptions->errorHandler(8, 'Trying to get p...', 'D:\\Project Tuga...', 200, Array)
#1 D:\Project Tugas Akhir\pusbinter\system\View\View.php(220): include('D:\\Project Tuga...')
#2 D:\Project Tugas Akhir\pusbinter\system\View\View.php(222): CodeIgniter\View\View->CodeIgniter\View\{closure}()
#3 D:\Project Tugas Akhir\pusbinter\system\Common.php(1217): CodeIgniter\View\View->render('penerjemah', Array, true)
#4 D:\Project Tugas Akhir\pusbinter\app\Controllers\Penerjemah.php(17): view('penerjemah', Array)
#5 D:\Project Tugas Akhir\pusbinter\system\CodeIgniter.php(936): App\Controllers\Penerjemah->index()
#6 D:\Project Tugas Akhir\pusbinter\system\CodeIgniter.php(432): CodeIgniter\CodeIgniter->runController(Object(App\Controllers\Penerjemah))
#7 D:\Project Tugas Akhir\pusbinter\system\CodeIgniter.php(333): CodeIgniter\CodeIgniter->handleRequest(NULL, Object(Config\Cache), false)
#8 D:\Project Tugas Akhir\pusbinter\public\index.php(44): CodeIgniter\CodeIgniter->run()
#9 D:\Project Tugas Akhir\pusbinter\system\Commands\Server\rewrite.php(45): require_once('D:\\Project Tuga...')
#10 {main}
CRITICAL - 2021-03-07 22:24:42 --> Trying to get property 'nip' of non-object
#0 D:\Project Tugas Akhir\pusbinter\app\Views\penerjemah.php(200): CodeIgniter\Debug\Exceptions->errorHandler(8, 'Trying to get p...', 'D:\\Project Tuga...', 200, Array)
#1 D:\Project Tugas Akhir\pusbinter\system\View\View.php(220): include('D:\\Project Tuga...')
#2 D:\Project Tugas Akhir\pusbinter\system\View\View.php(222): CodeIgniter\View\View->CodeIgniter\View\{closure}()
#3 D:\Project Tugas Akhir\pusbinter\system\Common.php(1217): CodeIgniter\View\View->render('penerjemah', Array, true)
#4 D:\Project Tugas Akhir\pusbinter\app\Controllers\Penerjemah.php(17): view('penerjemah', Array)
#5 D:\Project Tugas Akhir\pusbinter\system\CodeIgniter.php(936): App\Controllers\Penerjemah->index()
#6 D:\Project Tugas Akhir\pusbinter\system\CodeIgniter.php(432): CodeIgniter\CodeIgniter->runController(Object(App\Controllers\Penerjemah))
#7 D:\Project Tugas Akhir\pusbinter\system\CodeIgniter.php(333): CodeIgniter\CodeIgniter->handleRequest(NULL, Object(Config\Cache), false)
#8 D:\Project Tugas Akhir\pusbinter\public\index.php(44): CodeIgniter\CodeIgniter->run()
#9 D:\Project Tugas Akhir\pusbinter\system\Commands\Server\rewrite.php(45): require_once('D:\\Project Tuga...')
#10 {main}
CRITICAL - 2021-03-07 22:24:44 --> Trying to get property 'nip' of non-object
#0 D:\Project Tugas Akhir\pusbinter\app\Views\penerjemah.php(200): CodeIgniter\Debug\Exceptions->errorHandler(8, 'Trying to get p...', 'D:\\Project Tuga...', 200, Array)
#1 D:\Project Tugas Akhir\pusbinter\system\View\View.php(220): include('D:\\Project Tuga...')
#2 D:\Project Tugas Akhir\pusbinter\system\View\View.php(222): CodeIgniter\View\View->CodeIgniter\View\{closure}()
#3 D:\Project Tugas Akhir\pusbinter\system\Common.php(1217): CodeIgniter\View\View->render('penerjemah', Array, true)
#4 D:\Project Tugas Akhir\pusbinter\app\Controllers\Penerjemah.php(17): view('penerjemah', Array)
#5 D:\Project Tugas Akhir\pusbinter\system\CodeIgniter.php(936): App\Controllers\Penerjemah->index()
#6 D:\Project Tugas Akhir\pusbinter\system\CodeIgniter.php(432): CodeIgniter\CodeIgniter->runController(Object(App\Controllers\Penerjemah))
#7 D:\Project Tugas Akhir\pusbinter\system\CodeIgniter.php(333): CodeIgniter\CodeIgniter->handleRequest(NULL, Object(Config\Cache), false)
#8 D:\Project Tugas Akhir\pusbinter\public\index.php(44): CodeIgniter\CodeIgniter->run()
#9 D:\Project Tugas Akhir\pusbinter\system\Commands\Server\rewrite.php(45): require_once('D:\\Project Tuga...')
#10 {main}
CRITICAL - 2021-03-07 22:24:45 --> Trying to get property 'nip' of non-object
#0 D:\Project Tugas Akhir\pusbinter\app\Views\penerjemah.php(200): CodeIgniter\Debug\Exceptions->errorHandler(8, 'Trying to get p...', 'D:\\Project Tuga...', 200, Array)
#1 D:\Project Tugas Akhir\pusbinter\system\View\View.php(220): include('D:\\Project Tuga...')
#2 D:\Project Tugas Akhir\pusbinter\system\View\View.php(222): CodeIgniter\View\View->CodeIgniter\View\{closure}()
#3 D:\Project Tugas Akhir\pusbinter\system\Common.php(1217): CodeIgniter\View\View->render('penerjemah', Array, true)
#4 D:\Project Tugas Akhir\pusbinter\app\Controllers\Penerjemah.php(17): view('penerjemah', Array)
#5 D:\Project Tugas Akhir\pusbinter\system\CodeIgniter.php(936): App\Controllers\Penerjemah->index()
#6 D:\Project Tugas Akhir\pusbinter\system\CodeIgniter.php(432): CodeIgniter\CodeIgniter->runController(Object(App\Controllers\Penerjemah))
#7 D:\Project Tugas Akhir\pusbinter\system\CodeIgniter.php(333): CodeIgniter\CodeIgniter->handleRequest(NULL, Object(Config\Cache), false)
#8 D:\Project Tugas Akhir\pusbinter\public\index.php(44): CodeIgniter\CodeIgniter->run()
#9 D:\Project Tugas Akhir\pusbinter\system\Commands\Server\rewrite.php(45): require_once('D:\\Project Tuga...')
#10 {main}
CRITICAL - 2021-03-07 22:24:45 --> Trying to get property 'nip' of non-object
#0 D:\Project Tugas Akhir\pusbinter\app\Views\penerjemah.php(200): CodeIgniter\Debug\Exceptions->errorHandler(8, 'Trying to get p...', 'D:\\Project Tuga...', 200, Array)
#1 D:\Project Tugas Akhir\pusbinter\system\View\View.php(220): include('D:\\Project Tuga...')
#2 D:\Project Tugas Akhir\pusbinter\system\View\View.php(222): CodeIgniter\View\View->CodeIgniter\View\{closure}()
#3 D:\Project Tugas Akhir\pusbinter\system\Common.php(1217): CodeIgniter\View\View->render('penerjemah', Array, true)
#4 D:\Project Tugas Akhir\pusbinter\app\Controllers\Penerjemah.php(17): view('penerjemah', Array)
#5 D:\Project Tugas Akhir\pusbinter\system\CodeIgniter.php(936): App\Controllers\Penerjemah->index()
#6 D:\Project Tugas Akhir\pusbinter\system\CodeIgniter.php(432): CodeIgniter\CodeIgniter->runController(Object(App\Controllers\Penerjemah))
#7 D:\Project Tugas Akhir\pusbinter\system\CodeIgniter.php(333): CodeIgniter\CodeIgniter->handleRequest(NULL, Object(Config\Cache), false)
#8 D:\Project Tugas Akhir\pusbinter\public\index.php(44): CodeIgniter\CodeIgniter->run()
#9 D:\Project Tugas Akhir\pusbinter\system\Commands\Server\rewrite.php(45): require_once('D:\\Project Tuga...')
#10 {main}
CRITICAL - 2021-03-07 22:24:46 --> Trying to get property 'nip' of non-object
#0 D:\Project Tugas Akhir\pusbinter\app\Views\penerjemah.php(200): CodeIgniter\Debug\Exceptions->errorHandler(8, 'Trying to get p...', 'D:\\Project Tuga...', 200, Array)
#1 D:\Project Tugas Akhir\pusbinter\system\View\View.php(220): include('D:\\Project Tuga...')
#2 D:\Project Tugas Akhir\pusbinter\system\View\View.php(222): CodeIgniter\View\View->CodeIgniter\View\{closure}()
#3 D:\Project Tugas Akhir\pusbinter\system\Common.php(1217): CodeIgniter\View\View->render('penerjemah', Array, true)
#4 D:\Project Tugas Akhir\pusbinter\app\Controllers\Penerjemah.php(17): view('penerjemah', Array)
#5 D:\Project Tugas Akhir\pusbinter\system\CodeIgniter.php(936): App\Controllers\Penerjemah->index()
#6 D:\Project Tugas Akhir\pusbinter\system\CodeIgniter.php(432): CodeIgniter\CodeIgniter->runController(Object(App\Controllers\Penerjemah))
#7 D:\Project Tugas Akhir\pusbinter\system\CodeIgniter.php(333): CodeIgniter\CodeIgniter->handleRequest(NULL, Object(Config\Cache), false)
#8 D:\Project Tugas Akhir\pusbinter\public\index.php(44): CodeIgniter\CodeIgniter->run()
#9 D:\Project Tugas Akhir\pusbinter\system\Commands\Server\rewrite.php(45): require_once('D:\\Project Tuga...')
#10 {main}
CRITICAL - 2021-03-07 22:24:46 --> Trying to get property 'nip' of non-object
#0 D:\Project Tugas Akhir\pusbinter\app\Views\penerjemah.php(200): CodeIgniter\Debug\Exceptions->errorHandler(8, 'Trying to get p...', 'D:\\Project Tuga...', 200, Array)
#1 D:\Project Tugas Akhir\pusbinter\system\View\View.php(220): include('D:\\Project Tuga...')
#2 D:\Project Tugas Akhir\pusbinter\system\View\View.php(222): CodeIgniter\View\View->CodeIgniter\View\{closure}()
#3 D:\Project Tugas Akhir\pusbinter\system\Common.php(1217): CodeIgniter\View\View->render('penerjemah', Array, true)
#4 D:\Project Tugas Akhir\pusbinter\app\Controllers\Penerjemah.php(17): view('penerjemah', Array)
#5 D:\Project Tugas Akhir\pusbinter\system\CodeIgniter.php(936): App\Controllers\Penerjemah->index()
#6 D:\Project Tugas Akhir\pusbinter\system\CodeIgniter.php(432): CodeIgniter\CodeIgniter->runController(Object(App\Controllers\Penerjemah))
#7 D:\Project Tugas Akhir\pusbinter\system\CodeIgniter.php(333): CodeIgniter\CodeIgniter->handleRequest(NULL, Object(Config\Cache), false)
#8 D:\Project Tugas Akhir\pusbinter\public\index.php(44): CodeIgniter\CodeIgniter->run()
#9 D:\Project Tugas Akhir\pusbinter\system\Commands\Server\rewrite.php(45): require_once('D:\\Project Tuga...')
#10 {main}
CRITICAL - 2021-03-07 22:25:50 --> Trying to get property 'nip' of non-object
#0 D:\Project Tugas Akhir\pusbinter\app\Views\penerjemah.php(200): CodeIgniter\Debug\Exceptions->errorHandler(8, 'Trying to get p...', 'D:\\Project Tuga...', 200, Array)
#1 D:\Project Tugas Akhir\pusbinter\system\View\View.php(220): include('D:\\Project Tuga...')
#2 D:\Project Tugas Akhir\pusbinter\system\View\View.php(222): CodeIgniter\View\View->CodeIgniter\View\{closure}()
#3 D:\Project Tugas Akhir\pusbinter\system\Common.php(1217): CodeIgniter\View\View->render('penerjemah', Array, true)
#4 D:\Project Tugas Akhir\pusbinter\app\Controllers\Penerjemah.php(17): view('penerjemah', Array)
#5 D:\Project Tugas Akhir\pusbinter\system\CodeIgniter.php(936): App\Controllers\Penerjemah->index()
#6 D:\Project Tugas Akhir\pusbinter\system\CodeIgniter.php(432): CodeIgniter\CodeIgniter->runController(Object(App\Controllers\Penerjemah))
#7 D:\Project Tugas Akhir\pusbinter\system\CodeIgniter.php(333): CodeIgniter\CodeIgniter->handleRequest(NULL, Object(Config\Cache), false)
#8 D:\Project Tugas Akhir\pusbinter\public\index.php(44): CodeIgniter\CodeIgniter->run()
#9 D:\Project Tugas Akhir\pusbinter\system\Commands\Server\rewrite.php(45): require_once('D:\\Project Tuga...')
#10 {main}
CRITICAL - 2021-03-07 22:25:51 --> Trying to get property 'nip' of non-object
#0 D:\Project Tugas Akhir\pusbinter\app\Views\penerjemah.php(200): CodeIgniter\Debug\Exceptions->errorHandler(8, 'Trying to get p...', 'D:\\Project Tuga...', 200, Array)
#1 D:\Project Tugas Akhir\pusbinter\system\View\View.php(220): include('D:\\Project Tuga...')
#2 D:\Project Tugas Akhir\pusbinter\system\View\View.php(222): CodeIgniter\View\View->CodeIgniter\View\{closure}()
#3 D:\Project Tugas Akhir\pusbinter\system\Common.php(1217): CodeIgniter\View\View->render('penerjemah', Array, true)
#4 D:\Project Tugas Akhir\pusbinter\app\Controllers\Penerjemah.php(17): view('penerjemah', Array)
#5 D:\Project Tugas Akhir\pusbinter\system\CodeIgniter.php(936): App\Controllers\Penerjemah->index()
#6 D:\Project Tugas Akhir\pusbinter\system\CodeIgniter.php(432): CodeIgniter\CodeIgniter->runController(Object(App\Controllers\Penerjemah))
#7 D:\Project Tugas Akhir\pusbinter\system\CodeIgniter.php(333): CodeIgniter\CodeIgniter->handleRequest(NULL, Object(Config\Cache), false)
#8 D:\Project Tugas Akhir\pusbinter\public\index.php(44): CodeIgniter\CodeIgniter->run()
#9 D:\Project Tugas Akhir\pusbinter\system\Commands\Server\rewrite.php(45): require_once('D:\\Project Tuga...')
#10 {main}
CRITICAL - 2021-03-07 22:25:55 --> Trying to get property 'nip' of non-object
#0 D:\Project Tugas Akhir\pusbinter\app\Views\penerjemah.php(200): CodeIgniter\Debug\Exceptions->errorHandler(8, 'Trying to get p...', 'D:\\Project Tuga...', 200, Array)
#1 D:\Project Tugas Akhir\pusbinter\system\View\View.php(220): include('D:\\Project Tuga...')
#2 D:\Project Tugas Akhir\pusbinter\system\View\View.php(222): CodeIgniter\View\View->CodeIgniter\View\{closure}()
#3 D:\Project Tugas Akhir\pusbinter\system\Common.php(1217): CodeIgniter\View\View->render('penerjemah', Array, true)
#4 D:\Project Tugas Akhir\pusbinter\app\Controllers\Penerjemah.php(17): view('penerjemah', Array)
#5 D:\Project Tugas Akhir\pusbinter\system\CodeIgniter.php(936): App\Controllers\Penerjemah->index()
#6 D:\Project Tugas Akhir\pusbinter\system\CodeIgniter.php(432): CodeIgniter\CodeIgniter->runController(Object(App\Controllers\Penerjemah))
#7 D:\Project Tugas Akhir\pusbinter\system\CodeIgniter.php(333): CodeIgniter\CodeIgniter->handleRequest(NULL, Object(Config\Cache), false)
#8 D:\Project Tugas Akhir\pusbinter\public\index.php(44): CodeIgniter\CodeIgniter->run()
#9 D:\Project Tugas Akhir\pusbinter\system\Commands\Server\rewrite.php(45): require_once('D:\\Project Tuga...')
#10 {main}
