CRITICAL - 2021-03-24 05:29:41 --> date_default_timezone_set(): Timezone ID 'Indonesia/Jakarta' is invalid
#0 [internal function]: CodeIgniter\Debug\Exceptions->errorHandler(8, 'date_default_ti...', 'D:\\Project Tuga...', 180, Array)
#1 D:\Project Tugas Akhir\pusbinter\system\CodeIgniter.php(180): date_default_timezone_set('Indonesia/Jakar...')
#2 D:\Project Tugas Akhir\pusbinter\system\bootstrap.php(159): CodeIgniter\CodeIgniter->initialize()
#3 D:\Project Tugas Akhir\pusbinter\public\index.php(35): require('D:\\Project Tuga...')
#4 D:\Project Tugas Akhir\pusbinter\system\Commands\Server\rewrite.php(45): require_once('D:\\Project Tuga...')
#5 {main}
CRITICAL - 2021-03-24 05:31:33 --> date_default_timezone_set(): Timezone ID 'Indonesia/Jakarta' is invalid
#0 [internal function]: CodeIgniter\Debug\Exceptions->errorHandler(8, 'date_default_ti...', 'D:\\Project Tuga...', 180, Array)
#1 D:\Project Tugas Akhir\pusbinter\system\CodeIgniter.php(180): date_default_timezone_set('Indonesia/Jakar...')
#2 D:\Project Tugas Akhir\pusbinter\system\bootstrap.php(159): CodeIgniter\CodeIgniter->initialize()
#3 D:\Project Tugas Akhir\pusbinter\public\index.php(35): require('D:\\Project Tuga...')
#4 D:\Project Tugas Akhir\pusbinter\system\Commands\Server\rewrite.php(45): require_once('D:\\Project Tuga...')
#5 {main}
CRITICAL - 2021-03-24 05:31:34 --> date_default_timezone_set(): Timezone ID 'Indonesia/Jakarta' is invalid
#0 [internal function]: CodeIgniter\Debug\Exceptions->errorHandler(8, 'date_default_ti...', 'D:\\Project Tuga...', 180, Array)
#1 D:\Project Tugas Akhir\pusbinter\system\CodeIgniter.php(180): date_default_timezone_set('Indonesia/Jakar...')
#2 D:\Project Tugas Akhir\pusbinter\system\bootstrap.php(159): CodeIgniter\CodeIgniter->initialize()
#3 D:\Project Tugas Akhir\pusbinter\public\index.php(35): require('D:\\Project Tuga...')
#4 D:\Project Tugas Akhir\pusbinter\system\Commands\Server\rewrite.php(45): require_once('D:\\Project Tuga...')
#5 {main}
CRITICAL - 2021-03-24 05:31:38 --> date_default_timezone_set(): Timezone ID 'Indonesia/Jakarta' is invalid
#0 [internal function]: CodeIgniter\Debug\Exceptions->errorHandler(8, 'date_default_ti...', 'D:\\Project Tuga...', 180, Array)
#1 D:\Project Tugas Akhir\pusbinter\system\CodeIgniter.php(180): date_default_timezone_set('Indonesia/Jakar...')
#2 D:\Project Tugas Akhir\pusbinter\system\bootstrap.php(159): CodeIgniter\CodeIgniter->initialize()
#3 D:\Project Tugas Akhir\pusbinter\public\index.php(35): require('D:\\Project Tuga...')
#4 D:\Project Tugas Akhir\pusbinter\system\Commands\Server\rewrite.php(45): require_once('D:\\Project Tuga...')
#5 {main}
CRITICAL - 2021-03-24 05:31:39 --> date_default_timezone_set(): Timezone ID 'Indonesia/Jakarta' is invalid
#0 [internal function]: CodeIgniter\Debug\Exceptions->errorHandler(8, 'date_default_ti...', 'D:\\Project Tuga...', 180, Array)
#1 D:\Project Tugas Akhir\pusbinter\system\CodeIgniter.php(180): date_default_timezone_set('Indonesia/Jakar...')
#2 D:\Project Tugas Akhir\pusbinter\system\bootstrap.php(159): CodeIgniter\CodeIgniter->initialize()
#3 D:\Project Tugas Akhir\pusbinter\public\index.php(35): require('D:\\Project Tuga...')
#4 D:\Project Tugas Akhir\pusbinter\system\Commands\Server\rewrite.php(45): require_once('D:\\Project Tuga...')
#5 {main}
CRITICAL - 2021-03-24 05:31:43 --> date_default_timezone_set(): Timezone ID 'Indonesia/Jakarta' is invalid
#0 [internal function]: CodeIgniter\Debug\Exceptions->errorHandler(8, 'date_default_ti...', 'D:\\Project Tuga...', 180, Array)
#1 D:\Project Tugas Akhir\pusbinter\system\CodeIgniter.php(180): date_default_timezone_set('Indonesia/Jakar...')
#2 D:\Project Tugas Akhir\pusbinter\system\bootstrap.php(159): CodeIgniter\CodeIgniter->initialize()
#3 D:\Project Tugas Akhir\pusbinter\public\index.php(35): require('D:\\Project Tuga...')
#4 D:\Project Tugas Akhir\pusbinter\system\Commands\Server\rewrite.php(45): require_once('D:\\Project Tuga...')
#5 {main}
