CRITICAL - 2021-03-18 02:42:15 --> Undefined variable: terjemah
#0 D:\Project Tugas Akhir\pusbinter\app\Views\penerjemah.php(70): CodeIgniter\Debug\Exceptions->errorHandler(8, 'Undefined varia...', 'D:\\Project Tuga...', 70, Array)
#1 D:\Project Tugas Akhir\pusbinter\system\View\View.php(220): include('D:\\Project Tuga...')
#2 D:\Project Tugas Akhir\pusbinter\system\View\View.php(222): CodeIgniter\View\View->CodeIgniter\View\{closure}()
#3 D:\Project Tugas Akhir\pusbinter\system\Common.php(1217): CodeIgniter\View\View->render('penerjemah', Array, true)
#4 D:\Project Tugas Akhir\pusbinter\app\Controllers\Penerjemah.php(24): view('penerjemah', Array)
#5 D:\Project Tugas Akhir\pusbinter\system\CodeIgniter.php(936): App\Controllers\Penerjemah->index()
#6 D:\Project Tugas Akhir\pusbinter\system\CodeIgniter.php(432): CodeIgniter\CodeIgniter->runController(Object(App\Controllers\Penerjemah))
#7 D:\Project Tugas Akhir\pusbinter\system\CodeIgniter.php(333): CodeIgniter\CodeIgniter->handleRequest(NULL, Object(Config\Cache), false)
#8 D:\Project Tugas Akhir\pusbinter\public\index.php(44): CodeIgniter\CodeIgniter->run()
#9 D:\Project Tugas Akhir\pusbinter\system\Commands\Server\rewrite.php(45): require_once('D:\\Project Tuga...')
#10 {main}
ERROR - 2021-03-18 02:44:22 --> mysqli_sql_exception: Cannot add or update a child row: a foreign key constraint fails (`pusbinter`.`penerjemah`, CONSTRAINT `penerjemah_ibfk_1` FOREIGN KEY (`id_instansi_penerjemah`) REFERENCES `instansi` (`id_instansi`) ON DELETE CASCADE ON UPDATE CASCADE) in D:\Project Tugas Akhir\pusbinter\system\Database\MySQLi\Connection.php:314
Stack trace:
#0 D:\Project Tugas Akhir\pusbinter\system\Database\MySQLi\Connection.php(314): mysqli->query('UPDATE `penerje...')
#1 D:\Project Tugas Akhir\pusbinter\system\Database\BaseConnection.php(713): CodeIgniter\Database\MySQLi\Connection->execute('UPDATE `penerje...')
#2 D:\Project Tugas Akhir\pusbinter\system\Database\BaseConnection.php(641): CodeIgniter\Database\BaseConnection->simpleQuery('UPDATE `penerje...')
#3 D:\Project Tugas Akhir\pusbinter\system\Database\BaseBuilder.php(2468): CodeIgniter\Database\BaseConnection->query('UPDATE `penerje...', Array, false)
#4 D:\Project Tugas Akhir\pusbinter\app\Models\Penerjemah_m.php(36): CodeIgniter\Database\BaseBuilder->update(Array, Array)
#5 D:\Project Tugas Akhir\pusbinter\app\Controllers\Penerjemah.php(70): App\Models\Penerjemah_m->updatePenerjemah(Array, '1')
#6 D:\Project Tugas Akhir\pusbinter\system\CodeIgniter.php(936): App\Controllers\Penerjemah->update('1')
#7 D:\Project Tugas Akhir\pusbinter\system\CodeIgniter.php(432): CodeIgniter\CodeIgniter->runController(Object(App\Controllers\Penerjemah))
#8 D:\Project Tugas Akhir\pusbinter\system\CodeIgniter.php(333): CodeIgniter\CodeIgniter->handleRequest(NULL, Object(Config\Cache), false)
#9 D:\Project Tugas Akhir\pusbinter\public\index.php(44): CodeIgniter\CodeIgniter->run()
#10 D:\Project Tugas Akhir\pusbinter\system\Commands\Server\rewrite.php(45): require_once('D:\\Project Tuga...')
#11 {main}
CRITICAL - 2021-03-18 02:44:22 --> Cannot add or update a child row: a foreign key constraint fails (`pusbinter`.`penerjemah`, CONSTRAINT `penerjemah_ibfk_1` FOREIGN KEY (`id_instansi_penerjemah`) REFERENCES `instansi` (`id_instansi`) ON DELETE CASCADE ON UPDATE CASCADE)
#0 D:\Project Tugas Akhir\pusbinter\system\Database\MySQLi\Connection.php(314): mysqli->query('UPDATE `penerje...')
#1 D:\Project Tugas Akhir\pusbinter\system\Database\BaseConnection.php(713): CodeIgniter\Database\MySQLi\Connection->execute('UPDATE `penerje...')
#2 D:\Project Tugas Akhir\pusbinter\system\Database\BaseConnection.php(641): CodeIgniter\Database\BaseConnection->simpleQuery('UPDATE `penerje...')
#3 D:\Project Tugas Akhir\pusbinter\system\Database\BaseBuilder.php(2468): CodeIgniter\Database\BaseConnection->query('UPDATE `penerje...', Array, false)
#4 D:\Project Tugas Akhir\pusbinter\app\Models\Penerjemah_m.php(36): CodeIgniter\Database\BaseBuilder->update(Array, Array)
#5 D:\Project Tugas Akhir\pusbinter\app\Controllers\Penerjemah.php(70): App\Models\Penerjemah_m->updatePenerjemah(Array, '1')
#6 D:\Project Tugas Akhir\pusbinter\system\CodeIgniter.php(936): App\Controllers\Penerjemah->update('1')
#7 D:\Project Tugas Akhir\pusbinter\system\CodeIgniter.php(432): CodeIgniter\CodeIgniter->runController(Object(App\Controllers\Penerjemah))
#8 D:\Project Tugas Akhir\pusbinter\system\CodeIgniter.php(333): CodeIgniter\CodeIgniter->handleRequest(NULL, Object(Config\Cache), false)
#9 D:\Project Tugas Akhir\pusbinter\public\index.php(44): CodeIgniter\CodeIgniter->run()
#10 D:\Project Tugas Akhir\pusbinter\system\Commands\Server\rewrite.php(45): require_once('D:\\Project Tuga...')
#11 {main}
CRITICAL - 2021-03-18 08:00:13 --> syntax error, unexpected 'get' (T_STRING), expecting ';'
#0 D:\Project Tugas Akhir\pusbinter\system\Autoloader\Autoloader.php(265): CodeIgniter\Autoloader\Autoloader->includeFile('D:\\Project Tuga...')
#1 D:\Project Tugas Akhir\pusbinter\system\Autoloader\Autoloader.php(228): CodeIgniter\Autoloader\Autoloader->loadInNamespace('App\\Models\\Pene...')
#2 [internal function]: CodeIgniter\Autoloader\Autoloader->loadClass('App\\Models\\Pene...')
#3 D:\Project Tugas Akhir\pusbinter\app\Controllers\Penerjemah.php(14): spl_autoload_call('App\\Models\\Pene...')
#4 D:\Project Tugas Akhir\pusbinter\system\CodeIgniter.php(908): App\Controllers\Penerjemah->__construct()
#5 D:\Project Tugas Akhir\pusbinter\system\CodeIgniter.php(422): CodeIgniter\CodeIgniter->createController()
#6 D:\Project Tugas Akhir\pusbinter\system\CodeIgniter.php(333): CodeIgniter\CodeIgniter->handleRequest(NULL, Object(Config\Cache), false)
#7 D:\Project Tugas Akhir\pusbinter\public\index.php(44): CodeIgniter\CodeIgniter->run()
#8 D:\Project Tugas Akhir\pusbinter\system\Commands\Server\rewrite.php(45): require_once('D:\\Project Tuga...')
#9 {main}
ERROR - 2021-03-18 08:02:54 --> mysqli_sql_exception: Cannot add or update a child row: a foreign key constraint fails (`pusbinter`.`penerjemah`, CONSTRAINT `penerjemah_ibfk_1` FOREIGN KEY (`id_instansi_penerjemah`) REFERENCES `instansi` (`id_instansi`) ON DELETE CASCADE ON UPDATE CASCADE) in D:\Project Tugas Akhir\pusbinter\system\Database\MySQLi\Connection.php:314
Stack trace:
#0 D:\Project Tugas Akhir\pusbinter\system\Database\MySQLi\Connection.php(314): mysqli->query('UPDATE `penerje...')
#1 D:\Project Tugas Akhir\pusbinter\system\Database\BaseConnection.php(713): CodeIgniter\Database\MySQLi\Connection->execute('UPDATE `penerje...')
#2 D:\Project Tugas Akhir\pusbinter\system\Database\BaseConnection.php(641): CodeIgniter\Database\BaseConnection->simpleQuery('UPDATE `penerje...')
#3 D:\Project Tugas Akhir\pusbinter\system\Database\BaseBuilder.php(2468): CodeIgniter\Database\BaseConnection->query('UPDATE `penerje...', Array, false)
#4 D:\Project Tugas Akhir\pusbinter\app\Models\Penerjemah_m.php(36): CodeIgniter\Database\BaseBuilder->update(Array, Array)
#5 D:\Project Tugas Akhir\pusbinter\app\Controllers\Penerjemah.php(70): App\Models\Penerjemah_m->updatePenerjemah(Array, '1')
#6 D:\Project Tugas Akhir\pusbinter\system\CodeIgniter.php(936): App\Controllers\Penerjemah->update('1')
#7 D:\Project Tugas Akhir\pusbinter\system\CodeIgniter.php(432): CodeIgniter\CodeIgniter->runController(Object(App\Controllers\Penerjemah))
#8 D:\Project Tugas Akhir\pusbinter\system\CodeIgniter.php(333): CodeIgniter\CodeIgniter->handleRequest(NULL, Object(Config\Cache), false)
#9 D:\Project Tugas Akhir\pusbinter\public\index.php(44): CodeIgniter\CodeIgniter->run()
#10 D:\Project Tugas Akhir\pusbinter\system\Commands\Server\rewrite.php(45): require_once('D:\\Project Tuga...')
#11 {main}
CRITICAL - 2021-03-18 08:02:54 --> Cannot add or update a child row: a foreign key constraint fails (`pusbinter`.`penerjemah`, CONSTRAINT `penerjemah_ibfk_1` FOREIGN KEY (`id_instansi_penerjemah`) REFERENCES `instansi` (`id_instansi`) ON DELETE CASCADE ON UPDATE CASCADE)
#0 D:\Project Tugas Akhir\pusbinter\system\Database\MySQLi\Connection.php(314): mysqli->query('UPDATE `penerje...')
#1 D:\Project Tugas Akhir\pusbinter\system\Database\BaseConnection.php(713): CodeIgniter\Database\MySQLi\Connection->execute('UPDATE `penerje...')
#2 D:\Project Tugas Akhir\pusbinter\system\Database\BaseConnection.php(641): CodeIgniter\Database\BaseConnection->simpleQuery('UPDATE `penerje...')
#3 D:\Project Tugas Akhir\pusbinter\system\Database\BaseBuilder.php(2468): CodeIgniter\Database\BaseConnection->query('UPDATE `penerje...', Array, false)
#4 D:\Project Tugas Akhir\pusbinter\app\Models\Penerjemah_m.php(36): CodeIgniter\Database\BaseBuilder->update(Array, Array)
#5 D:\Project Tugas Akhir\pusbinter\app\Controllers\Penerjemah.php(70): App\Models\Penerjemah_m->updatePenerjemah(Array, '1')
#6 D:\Project Tugas Akhir\pusbinter\system\CodeIgniter.php(936): App\Controllers\Penerjemah->update('1')
#7 D:\Project Tugas Akhir\pusbinter\system\CodeIgniter.php(432): CodeIgniter\CodeIgniter->runController(Object(App\Controllers\Penerjemah))
#8 D:\Project Tugas Akhir\pusbinter\system\CodeIgniter.php(333): CodeIgniter\CodeIgniter->handleRequest(NULL, Object(Config\Cache), false)
#9 D:\Project Tugas Akhir\pusbinter\public\index.php(44): CodeIgniter\CodeIgniter->run()
#10 D:\Project Tugas Akhir\pusbinter\system\Commands\Server\rewrite.php(45): require_once('D:\\Project Tuga...')
#11 {main}
ERROR - 2021-03-18 08:04:56 --> mysqli_sql_exception: Cannot add or update a child row: a foreign key constraint fails (`pusbinter`.`penerjemah`, CONSTRAINT `penerjemah_ibfk_1` FOREIGN KEY (`id_instansi_penerjemah`) REFERENCES `instansi` (`id_instansi`) ON DELETE CASCADE ON UPDATE CASCADE) in D:\Project Tugas Akhir\pusbinter\system\Database\MySQLi\Connection.php:314
Stack trace:
#0 D:\Project Tugas Akhir\pusbinter\system\Database\MySQLi\Connection.php(314): mysqli->query('UPDATE `penerje...')
#1 D:\Project Tugas Akhir\pusbinter\system\Database\BaseConnection.php(713): CodeIgniter\Database\MySQLi\Connection->execute('UPDATE `penerje...')
#2 D:\Project Tugas Akhir\pusbinter\system\Database\BaseConnection.php(641): CodeIgniter\Database\BaseConnection->simpleQuery('UPDATE `penerje...')
#3 D:\Project Tugas Akhir\pusbinter\system\Database\BaseBuilder.php(2468): CodeIgniter\Database\BaseConnection->query('UPDATE `penerje...', Array, false)
#4 D:\Project Tugas Akhir\pusbinter\app\Models\Penerjemah_m.php(36): CodeIgniter\Database\BaseBuilder->update(Array, Array)
#5 D:\Project Tugas Akhir\pusbinter\app\Controllers\Penerjemah.php(70): App\Models\Penerjemah_m->updatePenerjemah(Array, '1')
#6 D:\Project Tugas Akhir\pusbinter\system\CodeIgniter.php(936): App\Controllers\Penerjemah->update('1')
#7 D:\Project Tugas Akhir\pusbinter\system\CodeIgniter.php(432): CodeIgniter\CodeIgniter->runController(Object(App\Controllers\Penerjemah))
#8 D:\Project Tugas Akhir\pusbinter\system\CodeIgniter.php(333): CodeIgniter\CodeIgniter->handleRequest(NULL, Object(Config\Cache), false)
#9 D:\Project Tugas Akhir\pusbinter\public\index.php(44): CodeIgniter\CodeIgniter->run()
#10 D:\Project Tugas Akhir\pusbinter\system\Commands\Server\rewrite.php(45): require_once('D:\\Project Tuga...')
#11 {main}
CRITICAL - 2021-03-18 08:04:56 --> Cannot add or update a child row: a foreign key constraint fails (`pusbinter`.`penerjemah`, CONSTRAINT `penerjemah_ibfk_1` FOREIGN KEY (`id_instansi_penerjemah`) REFERENCES `instansi` (`id_instansi`) ON DELETE CASCADE ON UPDATE CASCADE)
#0 D:\Project Tugas Akhir\pusbinter\system\Database\MySQLi\Connection.php(314): mysqli->query('UPDATE `penerje...')
#1 D:\Project Tugas Akhir\pusbinter\system\Database\BaseConnection.php(713): CodeIgniter\Database\MySQLi\Connection->execute('UPDATE `penerje...')
#2 D:\Project Tugas Akhir\pusbinter\system\Database\BaseConnection.php(641): CodeIgniter\Database\BaseConnection->simpleQuery('UPDATE `penerje...')
#3 D:\Project Tugas Akhir\pusbinter\system\Database\BaseBuilder.php(2468): CodeIgniter\Database\BaseConnection->query('UPDATE `penerje...', Array, false)
#4 D:\Project Tugas Akhir\pusbinter\app\Models\Penerjemah_m.php(36): CodeIgniter\Database\BaseBuilder->update(Array, Array)
#5 D:\Project Tugas Akhir\pusbinter\app\Controllers\Penerjemah.php(70): App\Models\Penerjemah_m->updatePenerjemah(Array, '1')
#6 D:\Project Tugas Akhir\pusbinter\system\CodeIgniter.php(936): App\Controllers\Penerjemah->update('1')
#7 D:\Project Tugas Akhir\pusbinter\system\CodeIgniter.php(432): CodeIgniter\CodeIgniter->runController(Object(App\Controllers\Penerjemah))
#8 D:\Project Tugas Akhir\pusbinter\system\CodeIgniter.php(333): CodeIgniter\CodeIgniter->handleRequest(NULL, Object(Config\Cache), false)
#9 D:\Project Tugas Akhir\pusbinter\public\index.php(44): CodeIgniter\CodeIgniter->run()
#10 D:\Project Tugas Akhir\pusbinter\system\Commands\Server\rewrite.php(45): require_once('D:\\Project Tuga...')
#11 {main}
ERROR - 2021-03-18 08:05:40 --> mysqli_sql_exception: Cannot add or update a child row: a foreign key constraint fails (`pusbinter`.`penerjemah`, CONSTRAINT `penerjemah_ibfk_1` FOREIGN KEY (`id_instansi_penerjemah`) REFERENCES `instansi` (`id_instansi`) ON DELETE CASCADE ON UPDATE CASCADE) in D:\Project Tugas Akhir\pusbinter\system\Database\MySQLi\Connection.php:314
Stack trace:
#0 D:\Project Tugas Akhir\pusbinter\system\Database\MySQLi\Connection.php(314): mysqli->query('UPDATE `penerje...')
#1 D:\Project Tugas Akhir\pusbinter\system\Database\BaseConnection.php(713): CodeIgniter\Database\MySQLi\Connection->execute('UPDATE `penerje...')
#2 D:\Project Tugas Akhir\pusbinter\system\Database\BaseConnection.php(641): CodeIgniter\Database\BaseConnection->simpleQuery('UPDATE `penerje...')
#3 D:\Project Tugas Akhir\pusbinter\system\Database\BaseBuilder.php(2468): CodeIgniter\Database\BaseConnection->query('UPDATE `penerje...', Array, false)
#4 D:\Project Tugas Akhir\pusbinter\app\Models\Penerjemah_m.php(36): CodeIgniter\Database\BaseBuilder->update(Array, Array)
#5 D:\Project Tugas Akhir\pusbinter\app\Controllers\Penerjemah.php(70): App\Models\Penerjemah_m->updatePenerjemah(Array, '1')
#6 D:\Project Tugas Akhir\pusbinter\system\CodeIgniter.php(936): App\Controllers\Penerjemah->update('1')
#7 D:\Project Tugas Akhir\pusbinter\system\CodeIgniter.php(432): CodeIgniter\CodeIgniter->runController(Object(App\Controllers\Penerjemah))
#8 D:\Project Tugas Akhir\pusbinter\system\CodeIgniter.php(333): CodeIgniter\CodeIgniter->handleRequest(NULL, Object(Config\Cache), false)
#9 D:\Project Tugas Akhir\pusbinter\public\index.php(44): CodeIgniter\CodeIgniter->run()
#10 D:\Project Tugas Akhir\pusbinter\system\Commands\Server\rewrite.php(45): require_once('D:\\Project Tuga...')
#11 {main}
CRITICAL - 2021-03-18 08:05:40 --> Cannot add or update a child row: a foreign key constraint fails (`pusbinter`.`penerjemah`, CONSTRAINT `penerjemah_ibfk_1` FOREIGN KEY (`id_instansi_penerjemah`) REFERENCES `instansi` (`id_instansi`) ON DELETE CASCADE ON UPDATE CASCADE)
#0 D:\Project Tugas Akhir\pusbinter\system\Database\MySQLi\Connection.php(314): mysqli->query('UPDATE `penerje...')
#1 D:\Project Tugas Akhir\pusbinter\system\Database\BaseConnection.php(713): CodeIgniter\Database\MySQLi\Connection->execute('UPDATE `penerje...')
#2 D:\Project Tugas Akhir\pusbinter\system\Database\BaseConnection.php(641): CodeIgniter\Database\BaseConnection->simpleQuery('UPDATE `penerje...')
#3 D:\Project Tugas Akhir\pusbinter\system\Database\BaseBuilder.php(2468): CodeIgniter\Database\BaseConnection->query('UPDATE `penerje...', Array, false)
#4 D:\Project Tugas Akhir\pusbinter\app\Models\Penerjemah_m.php(36): CodeIgniter\Database\BaseBuilder->update(Array, Array)
#5 D:\Project Tugas Akhir\pusbinter\app\Controllers\Penerjemah.php(70): App\Models\Penerjemah_m->updatePenerjemah(Array, '1')
#6 D:\Project Tugas Akhir\pusbinter\system\CodeIgniter.php(936): App\Controllers\Penerjemah->update('1')
#7 D:\Project Tugas Akhir\pusbinter\system\CodeIgniter.php(432): CodeIgniter\CodeIgniter->runController(Object(App\Controllers\Penerjemah))
#8 D:\Project Tugas Akhir\pusbinter\system\CodeIgniter.php(333): CodeIgniter\CodeIgniter->handleRequest(NULL, Object(Config\Cache), false)
#9 D:\Project Tugas Akhir\pusbinter\public\index.php(44): CodeIgniter\CodeIgniter->run()
#10 D:\Project Tugas Akhir\pusbinter\system\Commands\Server\rewrite.php(45): require_once('D:\\Project Tuga...')
#11 {main}
ERROR - 2021-03-18 08:48:24 --> mysqli_sql_exception: Cannot add or update a child row: a foreign key constraint fails (`pusbinter`.`penerjemah`, CONSTRAINT `penerjemah_ibfk_1` FOREIGN KEY (`id_instansi_penerjemah`) REFERENCES `instansi` (`id_instansi`) ON DELETE CASCADE ON UPDATE CASCADE) in D:\Project Tugas Akhir\pusbinter\system\Database\MySQLi\Connection.php:314
Stack trace:
#0 D:\Project Tugas Akhir\pusbinter\system\Database\MySQLi\Connection.php(314): mysqli->query('UPDATE `penerje...')
#1 D:\Project Tugas Akhir\pusbinter\system\Database\BaseConnection.php(713): CodeIgniter\Database\MySQLi\Connection->execute('UPDATE `penerje...')
#2 D:\Project Tugas Akhir\pusbinter\system\Database\BaseConnection.php(641): CodeIgniter\Database\BaseConnection->simpleQuery('UPDATE `penerje...')
#3 D:\Project Tugas Akhir\pusbinter\system\Database\BaseBuilder.php(2468): CodeIgniter\Database\BaseConnection->query('UPDATE `penerje...', Array, false)
#4 D:\Project Tugas Akhir\pusbinter\app\Models\Penerjemah_m.php(38): CodeIgniter\Database\BaseBuilder->update(Array, Array)
#5 D:\Project Tugas Akhir\pusbinter\app\Controllers\Penerjemah.php(70): App\Models\Penerjemah_m->updatePenerjemah(Array, '1')
#6 D:\Project Tugas Akhir\pusbinter\system\CodeIgniter.php(936): App\Controllers\Penerjemah->update('1')
#7 D:\Project Tugas Akhir\pusbinter\system\CodeIgniter.php(432): CodeIgniter\CodeIgniter->runController(Object(App\Controllers\Penerjemah))
#8 D:\Project Tugas Akhir\pusbinter\system\CodeIgniter.php(333): CodeIgniter\CodeIgniter->handleRequest(NULL, Object(Config\Cache), false)
#9 D:\Project Tugas Akhir\pusbinter\public\index.php(44): CodeIgniter\CodeIgniter->run()
#10 D:\Project Tugas Akhir\pusbinter\system\Commands\Server\rewrite.php(45): require_once('D:\\Project Tuga...')
#11 {main}
CRITICAL - 2021-03-18 08:48:24 --> Cannot add or update a child row: a foreign key constraint fails (`pusbinter`.`penerjemah`, CONSTRAINT `penerjemah_ibfk_1` FOREIGN KEY (`id_instansi_penerjemah`) REFERENCES `instansi` (`id_instansi`) ON DELETE CASCADE ON UPDATE CASCADE)
#0 D:\Project Tugas Akhir\pusbinter\system\Database\MySQLi\Connection.php(314): mysqli->query('UPDATE `penerje...')
#1 D:\Project Tugas Akhir\pusbinter\system\Database\BaseConnection.php(713): CodeIgniter\Database\MySQLi\Connection->execute('UPDATE `penerje...')
#2 D:\Project Tugas Akhir\pusbinter\system\Database\BaseConnection.php(641): CodeIgniter\Database\BaseConnection->simpleQuery('UPDATE `penerje...')
#3 D:\Project Tugas Akhir\pusbinter\system\Database\BaseBuilder.php(2468): CodeIgniter\Database\BaseConnection->query('UPDATE `penerje...', Array, false)
#4 D:\Project Tugas Akhir\pusbinter\app\Models\Penerjemah_m.php(38): CodeIgniter\Database\BaseBuilder->update(Array, Array)
#5 D:\Project Tugas Akhir\pusbinter\app\Controllers\Penerjemah.php(70): App\Models\Penerjemah_m->updatePenerjemah(Array, '1')
#6 D:\Project Tugas Akhir\pusbinter\system\CodeIgniter.php(936): App\Controllers\Penerjemah->update('1')
#7 D:\Project Tugas Akhir\pusbinter\system\CodeIgniter.php(432): CodeIgniter\CodeIgniter->runController(Object(App\Controllers\Penerjemah))
#8 D:\Project Tugas Akhir\pusbinter\system\CodeIgniter.php(333): CodeIgniter\CodeIgniter->handleRequest(NULL, Object(Config\Cache), false)
#9 D:\Project Tugas Akhir\pusbinter\public\index.php(44): CodeIgniter\CodeIgniter->run()
#10 D:\Project Tugas Akhir\pusbinter\system\Commands\Server\rewrite.php(45): require_once('D:\\Project Tuga...')
#11 {main}
ERROR - 2021-03-18 08:49:45 --> mysqli_sql_exception: Cannot add or update a child row: a foreign key constraint fails (`pusbinter`.`penerjemah`, CONSTRAINT `penerjemah_ibfk_1` FOREIGN KEY (`id_instansi_penerjemah`) REFERENCES `instansi` (`id_instansi`) ON DELETE CASCADE ON UPDATE CASCADE) in D:\Project Tugas Akhir\pusbinter\system\Database\MySQLi\Connection.php:314
Stack trace:
#0 D:\Project Tugas Akhir\pusbinter\system\Database\MySQLi\Connection.php(314): mysqli->query('UPDATE `penerje...')
#1 D:\Project Tugas Akhir\pusbinter\system\Database\BaseConnection.php(713): CodeIgniter\Database\MySQLi\Connection->execute('UPDATE `penerje...')
#2 D:\Project Tugas Akhir\pusbinter\system\Database\BaseConnection.php(641): CodeIgniter\Database\BaseConnection->simpleQuery('UPDATE `penerje...')
#3 D:\Project Tugas Akhir\pusbinter\system\Database\BaseBuilder.php(2468): CodeIgniter\Database\BaseConnection->query('UPDATE `penerje...', Array, false)
#4 D:\Project Tugas Akhir\pusbinter\app\Models\Penerjemah_m.php(36): CodeIgniter\Database\BaseBuilder->update(Array, Array)
#5 D:\Project Tugas Akhir\pusbinter\app\Controllers\Penerjemah.php(70): App\Models\Penerjemah_m->updatePenerjemah(Array, '1')
#6 D:\Project Tugas Akhir\pusbinter\system\CodeIgniter.php(936): App\Controllers\Penerjemah->update('1')
#7 D:\Project Tugas Akhir\pusbinter\system\CodeIgniter.php(432): CodeIgniter\CodeIgniter->runController(Object(App\Controllers\Penerjemah))
#8 D:\Project Tugas Akhir\pusbinter\system\CodeIgniter.php(333): CodeIgniter\CodeIgniter->handleRequest(NULL, Object(Config\Cache), false)
#9 D:\Project Tugas Akhir\pusbinter\public\index.php(44): CodeIgniter\CodeIgniter->run()
#10 D:\Project Tugas Akhir\pusbinter\system\Commands\Server\rewrite.php(45): require_once('D:\\Project Tuga...')
#11 {main}
CRITICAL - 2021-03-18 08:49:45 --> Cannot add or update a child row: a foreign key constraint fails (`pusbinter`.`penerjemah`, CONSTRAINT `penerjemah_ibfk_1` FOREIGN KEY (`id_instansi_penerjemah`) REFERENCES `instansi` (`id_instansi`) ON DELETE CASCADE ON UPDATE CASCADE)
#0 D:\Project Tugas Akhir\pusbinter\system\Database\MySQLi\Connection.php(314): mysqli->query('UPDATE `penerje...')
#1 D:\Project Tugas Akhir\pusbinter\system\Database\BaseConnection.php(713): CodeIgniter\Database\MySQLi\Connection->execute('UPDATE `penerje...')
#2 D:\Project Tugas Akhir\pusbinter\system\Database\BaseConnection.php(641): CodeIgniter\Database\BaseConnection->simpleQuery('UPDATE `penerje...')
#3 D:\Project Tugas Akhir\pusbinter\system\Database\BaseBuilder.php(2468): CodeIgniter\Database\BaseConnection->query('UPDATE `penerje...', Array, false)
#4 D:\Project Tugas Akhir\pusbinter\app\Models\Penerjemah_m.php(36): CodeIgniter\Database\BaseBuilder->update(Array, Array)
#5 D:\Project Tugas Akhir\pusbinter\app\Controllers\Penerjemah.php(70): App\Models\Penerjemah_m->updatePenerjemah(Array, '1')
#6 D:\Project Tugas Akhir\pusbinter\system\CodeIgniter.php(936): App\Controllers\Penerjemah->update('1')
#7 D:\Project Tugas Akhir\pusbinter\system\CodeIgniter.php(432): CodeIgniter\CodeIgniter->runController(Object(App\Controllers\Penerjemah))
#8 D:\Project Tugas Akhir\pusbinter\system\CodeIgniter.php(333): CodeIgniter\CodeIgniter->handleRequest(NULL, Object(Config\Cache), false)
#9 D:\Project Tugas Akhir\pusbinter\public\index.php(44): CodeIgniter\CodeIgniter->run()
#10 D:\Project Tugas Akhir\pusbinter\system\Commands\Server\rewrite.php(45): require_once('D:\\Project Tuga...')
#11 {main}
CRITICAL - 2021-03-18 08:56:16 --> Undefined index: nama_pangkat
#0 D:\Project Tugas Akhir\pusbinter\app\Controllers\Penerjemah.php(115): CodeIgniter\Debug\Exceptions->errorHandler(8, 'Undefined index...', 'D:\\Project Tuga...', 115, Array)
#1 D:\Project Tugas Akhir\pusbinter\system\CodeIgniter.php(936): App\Controllers\Penerjemah->export()
#2 D:\Project Tugas Akhir\pusbinter\system\CodeIgniter.php(432): CodeIgniter\CodeIgniter->runController(Object(App\Controllers\Penerjemah))
#3 D:\Project Tugas Akhir\pusbinter\system\CodeIgniter.php(333): CodeIgniter\CodeIgniter->handleRequest(NULL, Object(Config\Cache), false)
#4 D:\Project Tugas Akhir\pusbinter\public\index.php(44): CodeIgniter\CodeIgniter->run()
#5 D:\Project Tugas Akhir\pusbinter\system\Commands\Server\rewrite.php(45): require_once('D:\\Project Tuga...')
#6 {main}
CRITICAL - 2021-03-18 22:12:23 --> Undefined index: id_instansi_penerjemah
#0 D:\Project Tugas Akhir\pusbinter\app\Views\penerjemah.php(318): CodeIgniter\Debug\Exceptions->errorHandler(8, 'Undefined index...', 'D:\\Project Tuga...', 318, Array)
#1 D:\Project Tugas Akhir\pusbinter\system\View\View.php(220): include('D:\\Project Tuga...')
#2 D:\Project Tugas Akhir\pusbinter\system\View\View.php(222): CodeIgniter\View\View->CodeIgniter\View\{closure}()
#3 D:\Project Tugas Akhir\pusbinter\system\Common.php(1217): CodeIgniter\View\View->render('penerjemah', Array, true)
#4 D:\Project Tugas Akhir\pusbinter\app\Controllers\Penerjemah.php(24): view('penerjemah', Array)
#5 D:\Project Tugas Akhir\pusbinter\system\CodeIgniter.php(936): App\Controllers\Penerjemah->index()
#6 D:\Project Tugas Akhir\pusbinter\system\CodeIgniter.php(432): CodeIgniter\CodeIgniter->runController(Object(App\Controllers\Penerjemah))
#7 D:\Project Tugas Akhir\pusbinter\system\CodeIgniter.php(333): CodeIgniter\CodeIgniter->handleRequest(NULL, Object(Config\Cache), false)
#8 D:\Project Tugas Akhir\pusbinter\public\index.php(44): CodeIgniter\CodeIgniter->run()
#9 D:\Project Tugas Akhir\pusbinter\system\Commands\Server\rewrite.php(45): require_once('D:\\Project Tuga...')
#10 {main}
CRITICAL - 2021-03-18 22:13:23 --> Undefined index: id_instansi
#0 D:\Project Tugas Akhir\pusbinter\app\Views\penerjemah.php(318): CodeIgniter\Debug\Exceptions->errorHandler(8, 'Undefined index...', 'D:\\Project Tuga...', 318, Array)
#1 D:\Project Tugas Akhir\pusbinter\system\View\View.php(220): include('D:\\Project Tuga...')
#2 D:\Project Tugas Akhir\pusbinter\system\View\View.php(222): CodeIgniter\View\View->CodeIgniter\View\{closure}()
#3 D:\Project Tugas Akhir\pusbinter\system\Common.php(1217): CodeIgniter\View\View->render('penerjemah', Array, true)
#4 D:\Project Tugas Akhir\pusbinter\app\Controllers\Penerjemah.php(24): view('penerjemah', Array)
#5 D:\Project Tugas Akhir\pusbinter\system\CodeIgniter.php(936): App\Controllers\Penerjemah->index()
#6 D:\Project Tugas Akhir\pusbinter\system\CodeIgniter.php(432): CodeIgniter\CodeIgniter->runController(Object(App\Controllers\Penerjemah))
#7 D:\Project Tugas Akhir\pusbinter\system\CodeIgniter.php(333): CodeIgniter\CodeIgniter->handleRequest(NULL, Object(Config\Cache), false)
#8 D:\Project Tugas Akhir\pusbinter\public\index.php(44): CodeIgniter\CodeIgniter->run()
#9 D:\Project Tugas Akhir\pusbinter\system\Commands\Server\rewrite.php(45): require_once('D:\\Project Tuga...')
#10 {main}
CRITICAL - 2021-03-18 22:13:24 --> Undefined index: id_instansi
#0 D:\Project Tugas Akhir\pusbinter\app\Views\penerjemah.php(318): CodeIgniter\Debug\Exceptions->errorHandler(8, 'Undefined index...', 'D:\\Project Tuga...', 318, Array)
#1 D:\Project Tugas Akhir\pusbinter\system\View\View.php(220): include('D:\\Project Tuga...')
#2 D:\Project Tugas Akhir\pusbinter\system\View\View.php(222): CodeIgniter\View\View->CodeIgniter\View\{closure}()
#3 D:\Project Tugas Akhir\pusbinter\system\Common.php(1217): CodeIgniter\View\View->render('penerjemah', Array, true)
#4 D:\Project Tugas Akhir\pusbinter\app\Controllers\Penerjemah.php(24): view('penerjemah', Array)
#5 D:\Project Tugas Akhir\pusbinter\system\CodeIgniter.php(936): App\Controllers\Penerjemah->index()
#6 D:\Project Tugas Akhir\pusbinter\system\CodeIgniter.php(432): CodeIgniter\CodeIgniter->runController(Object(App\Controllers\Penerjemah))
#7 D:\Project Tugas Akhir\pusbinter\system\CodeIgniter.php(333): CodeIgniter\CodeIgniter->handleRequest(NULL, Object(Config\Cache), false)
#8 D:\Project Tugas Akhir\pusbinter\public\index.php(44): CodeIgniter\CodeIgniter->run()
#9 D:\Project Tugas Akhir\pusbinter\system\Commands\Server\rewrite.php(45): require_once('D:\\Project Tuga...')
#10 {main}
CRITICAL - 2021-03-18 22:16:53 --> Undefined index: id_penerjemah
#0 D:\Project Tugas Akhir\pusbinter\app\Views\penerjemah.php(238): CodeIgniter\Debug\Exceptions->errorHandler(8, 'Undefined index...', 'D:\\Project Tuga...', 238, Array)
#1 D:\Project Tugas Akhir\pusbinter\system\View\View.php(220): include('D:\\Project Tuga...')
#2 D:\Project Tugas Akhir\pusbinter\system\View\View.php(222): CodeIgniter\View\View->CodeIgniter\View\{closure}()
#3 D:\Project Tugas Akhir\pusbinter\system\Common.php(1217): CodeIgniter\View\View->render('penerjemah', Array, true)
#4 D:\Project Tugas Akhir\pusbinter\app\Controllers\Penerjemah.php(24): view('penerjemah', Array)
#5 D:\Project Tugas Akhir\pusbinter\system\CodeIgniter.php(936): App\Controllers\Penerjemah->index()
#6 D:\Project Tugas Akhir\pusbinter\system\CodeIgniter.php(432): CodeIgniter\CodeIgniter->runController(Object(App\Controllers\Penerjemah))
#7 D:\Project Tugas Akhir\pusbinter\system\CodeIgniter.php(333): CodeIgniter\CodeIgniter->handleRequest(NULL, Object(Config\Cache), false)
#8 D:\Project Tugas Akhir\pusbinter\public\index.php(44): CodeIgniter\CodeIgniter->run()
#9 D:\Project Tugas Akhir\pusbinter\system\Commands\Server\rewrite.php(45): require_once('D:\\Project Tuga...')
#10 {main}
ERROR - 2021-03-18 22:46:47 --> mysqli_sql_exception: Cannot add or update a child row: a foreign key constraint fails (`pusbinter`.`penerjemah`, CONSTRAINT `penerjemah_ibfk_1` FOREIGN KEY (`id_instansi_penerjemah`) REFERENCES `instansi` (`id_instansi`) ON DELETE CASCADE ON UPDATE CASCADE) in D:\Project Tugas Akhir\pusbinter\system\Database\MySQLi\Connection.php:314
Stack trace:
#0 D:\Project Tugas Akhir\pusbinter\system\Database\MySQLi\Connection.php(314): mysqli->query('UPDATE `penerje...')
#1 D:\Project Tugas Akhir\pusbinter\system\Database\BaseConnection.php(713): CodeIgniter\Database\MySQLi\Connection->execute('UPDATE `penerje...')
#2 D:\Project Tugas Akhir\pusbinter\system\Database\BaseConnection.php(641): CodeIgniter\Database\BaseConnection->simpleQuery('UPDATE `penerje...')
#3 D:\Project Tugas Akhir\pusbinter\system\Database\BaseBuilder.php(2468): CodeIgniter\Database\BaseConnection->query('UPDATE `penerje...', Array, false)
#4 D:\Project Tugas Akhir\pusbinter\app\Models\Penerjemah_m.php(36): CodeIgniter\Database\BaseBuilder->update(Array, Array)
#5 D:\Project Tugas Akhir\pusbinter\app\Controllers\Penerjemah.php(78): App\Models\Penerjemah_m->updatePenerjemah(Array, '0')
#6 D:\Project Tugas Akhir\pusbinter\system\CodeIgniter.php(936): App\Controllers\Penerjemah->update('0')
#7 D:\Project Tugas Akhir\pusbinter\system\CodeIgniter.php(432): CodeIgniter\CodeIgniter->runController(Object(App\Controllers\Penerjemah))
#8 D:\Project Tugas Akhir\pusbinter\system\CodeIgniter.php(333): CodeIgniter\CodeIgniter->handleRequest(NULL, Object(Config\Cache), false)
#9 D:\Project Tugas Akhir\pusbinter\public\index.php(44): CodeIgniter\CodeIgniter->run()
#10 D:\Project Tugas Akhir\pusbinter\system\Commands\Server\rewrite.php(45): require_once('D:\\Project Tuga...')
#11 {main}
CRITICAL - 2021-03-18 22:46:47 --> Cannot add or update a child row: a foreign key constraint fails (`pusbinter`.`penerjemah`, CONSTRAINT `penerjemah_ibfk_1` FOREIGN KEY (`id_instansi_penerjemah`) REFERENCES `instansi` (`id_instansi`) ON DELETE CASCADE ON UPDATE CASCADE)
#0 D:\Project Tugas Akhir\pusbinter\system\Database\MySQLi\Connection.php(314): mysqli->query('UPDATE `penerje...')
#1 D:\Project Tugas Akhir\pusbinter\system\Database\BaseConnection.php(713): CodeIgniter\Database\MySQLi\Connection->execute('UPDATE `penerje...')
#2 D:\Project Tugas Akhir\pusbinter\system\Database\BaseConnection.php(641): CodeIgniter\Database\BaseConnection->simpleQuery('UPDATE `penerje...')
#3 D:\Project Tugas Akhir\pusbinter\system\Database\BaseBuilder.php(2468): CodeIgniter\Database\BaseConnection->query('UPDATE `penerje...', Array, false)
#4 D:\Project Tugas Akhir\pusbinter\app\Models\Penerjemah_m.php(36): CodeIgniter\Database\BaseBuilder->update(Array, Array)
#5 D:\Project Tugas Akhir\pusbinter\app\Controllers\Penerjemah.php(78): App\Models\Penerjemah_m->updatePenerjemah(Array, '0')
#6 D:\Project Tugas Akhir\pusbinter\system\CodeIgniter.php(936): App\Controllers\Penerjemah->update('0')
#7 D:\Project Tugas Akhir\pusbinter\system\CodeIgniter.php(432): CodeIgniter\CodeIgniter->runController(Object(App\Controllers\Penerjemah))
#8 D:\Project Tugas Akhir\pusbinter\system\CodeIgniter.php(333): CodeIgniter\CodeIgniter->handleRequest(NULL, Object(Config\Cache), false)
#9 D:\Project Tugas Akhir\pusbinter\public\index.php(44): CodeIgniter\CodeIgniter->run()
#10 D:\Project Tugas Akhir\pusbinter\system\Commands\Server\rewrite.php(45): require_once('D:\\Project Tuga...')
#11 {main}
ERROR - 2021-03-18 22:46:58 --> mysqli_sql_exception: Cannot add or update a child row: a foreign key constraint fails (`pusbinter`.`penerjemah`, CONSTRAINT `penerjemah_ibfk_1` FOREIGN KEY (`id_instansi_penerjemah`) REFERENCES `instansi` (`id_instansi`) ON DELETE CASCADE ON UPDATE CASCADE) in D:\Project Tugas Akhir\pusbinter\system\Database\MySQLi\Connection.php:314
Stack trace:
#0 D:\Project Tugas Akhir\pusbinter\system\Database\MySQLi\Connection.php(314): mysqli->query('UPDATE `penerje...')
#1 D:\Project Tugas Akhir\pusbinter\system\Database\BaseConnection.php(713): CodeIgniter\Database\MySQLi\Connection->execute('UPDATE `penerje...')
#2 D:\Project Tugas Akhir\pusbinter\system\Database\BaseConnection.php(641): CodeIgniter\Database\BaseConnection->simpleQuery('UPDATE `penerje...')
#3 D:\Project Tugas Akhir\pusbinter\system\Database\BaseBuilder.php(2468): CodeIgniter\Database\BaseConnection->query('UPDATE `penerje...', Array, false)
#4 D:\Project Tugas Akhir\pusbinter\app\Models\Penerjemah_m.php(36): CodeIgniter\Database\BaseBuilder->update(Array, Array)
#5 D:\Project Tugas Akhir\pusbinter\app\Controllers\Penerjemah.php(78): App\Models\Penerjemah_m->updatePenerjemah(Array, '0')
#6 D:\Project Tugas Akhir\pusbinter\system\CodeIgniter.php(936): App\Controllers\Penerjemah->update('0')
#7 D:\Project Tugas Akhir\pusbinter\system\CodeIgniter.php(432): CodeIgniter\CodeIgniter->runController(Object(App\Controllers\Penerjemah))
#8 D:\Project Tugas Akhir\pusbinter\system\CodeIgniter.php(333): CodeIgniter\CodeIgniter->handleRequest(NULL, Object(Config\Cache), false)
#9 D:\Project Tugas Akhir\pusbinter\public\index.php(44): CodeIgniter\CodeIgniter->run()
#10 D:\Project Tugas Akhir\pusbinter\system\Commands\Server\rewrite.php(45): require_once('D:\\Project Tuga...')
#11 {main}
CRITICAL - 2021-03-18 22:46:59 --> Cannot add or update a child row: a foreign key constraint fails (`pusbinter`.`penerjemah`, CONSTRAINT `penerjemah_ibfk_1` FOREIGN KEY (`id_instansi_penerjemah`) REFERENCES `instansi` (`id_instansi`) ON DELETE CASCADE ON UPDATE CASCADE)
#0 D:\Project Tugas Akhir\pusbinter\system\Database\MySQLi\Connection.php(314): mysqli->query('UPDATE `penerje...')
#1 D:\Project Tugas Akhir\pusbinter\system\Database\BaseConnection.php(713): CodeIgniter\Database\MySQLi\Connection->execute('UPDATE `penerje...')
#2 D:\Project Tugas Akhir\pusbinter\system\Database\BaseConnection.php(641): CodeIgniter\Database\BaseConnection->simpleQuery('UPDATE `penerje...')
#3 D:\Project Tugas Akhir\pusbinter\system\Database\BaseBuilder.php(2468): CodeIgniter\Database\BaseConnection->query('UPDATE `penerje...', Array, false)
#4 D:\Project Tugas Akhir\pusbinter\app\Models\Penerjemah_m.php(36): CodeIgniter\Database\BaseBuilder->update(Array, Array)
#5 D:\Project Tugas Akhir\pusbinter\app\Controllers\Penerjemah.php(78): App\Models\Penerjemah_m->updatePenerjemah(Array, '0')
#6 D:\Project Tugas Akhir\pusbinter\system\CodeIgniter.php(936): App\Controllers\Penerjemah->update('0')
#7 D:\Project Tugas Akhir\pusbinter\system\CodeIgniter.php(432): CodeIgniter\CodeIgniter->runController(Object(App\Controllers\Penerjemah))
#8 D:\Project Tugas Akhir\pusbinter\system\CodeIgniter.php(333): CodeIgniter\CodeIgniter->handleRequest(NULL, Object(Config\Cache), false)
#9 D:\Project Tugas Akhir\pusbinter\public\index.php(44): CodeIgniter\CodeIgniter->run()
#10 D:\Project Tugas Akhir\pusbinter\system\Commands\Server\rewrite.php(45): require_once('D:\\Project Tuga...')
#11 {main}
CRITICAL - 2021-03-18 22:51:05 --> Too few arguments to function App\Models\Penerjemah_m::updatePenerjemah(), 1 passed in D:\Project Tugas Akhir\pusbinter\app\Controllers\Penerjemah.php on line 78 and exactly 2 expected
#0 D:\Project Tugas Akhir\pusbinter\app\Controllers\Penerjemah.php(78): App\Models\Penerjemah_m->updatePenerjemah(Array)
#1 D:\Project Tugas Akhir\pusbinter\system\CodeIgniter.php(936): App\Controllers\Penerjemah->update('0')
#2 D:\Project Tugas Akhir\pusbinter\system\CodeIgniter.php(432): CodeIgniter\CodeIgniter->runController(Object(App\Controllers\Penerjemah))
#3 D:\Project Tugas Akhir\pusbinter\system\CodeIgniter.php(333): CodeIgniter\CodeIgniter->handleRequest(NULL, Object(Config\Cache), false)
#4 D:\Project Tugas Akhir\pusbinter\public\index.php(44): CodeIgniter\CodeIgniter->run()
#5 D:\Project Tugas Akhir\pusbinter\system\Commands\Server\rewrite.php(45): require_once('D:\\Project Tuga...')
#6 {main}
CRITICAL - 2021-03-18 22:52:01 --> Undefined variable: id
#0 D:\Project Tugas Akhir\pusbinter\app\Models\Penerjemah_m.php(36): CodeIgniter\Debug\Exceptions->errorHandler(8, 'Undefined varia...', 'D:\\Project Tuga...', 36, Array)
#1 D:\Project Tugas Akhir\pusbinter\app\Controllers\Penerjemah.php(78): App\Models\Penerjemah_m->updatePenerjemah(Array)
#2 D:\Project Tugas Akhir\pusbinter\system\CodeIgniter.php(936): App\Controllers\Penerjemah->update('0')
#3 D:\Project Tugas Akhir\pusbinter\system\CodeIgniter.php(432): CodeIgniter\CodeIgniter->runController(Object(App\Controllers\Penerjemah))
#4 D:\Project Tugas Akhir\pusbinter\system\CodeIgniter.php(333): CodeIgniter\CodeIgniter->handleRequest(NULL, Object(Config\Cache), false)
#5 D:\Project Tugas Akhir\pusbinter\public\index.php(44): CodeIgniter\CodeIgniter->run()
#6 D:\Project Tugas Akhir\pusbinter\system\Commands\Server\rewrite.php(45): require_once('D:\\Project Tuga...')
#7 {main}
CRITICAL - 2021-03-18 22:58:26 --> syntax error, unexpected '[', expecting '('
#0 D:\Project Tugas Akhir\pusbinter\system\Autoloader\Autoloader.php(265): CodeIgniter\Autoloader\Autoloader->includeFile('D:\\Project Tuga...')
#1 D:\Project Tugas Akhir\pusbinter\system\Autoloader\Autoloader.php(228): CodeIgniter\Autoloader\Autoloader->loadInNamespace('App\\Models\\Pene...')
#2 [internal function]: CodeIgniter\Autoloader\Autoloader->loadClass('App\\Models\\Pene...')
#3 D:\Project Tugas Akhir\pusbinter\app\Controllers\Penerjemah.php(14): spl_autoload_call('App\\Models\\Pene...')
#4 D:\Project Tugas Akhir\pusbinter\system\CodeIgniter.php(908): App\Controllers\Penerjemah->__construct()
#5 D:\Project Tugas Akhir\pusbinter\system\CodeIgniter.php(422): CodeIgniter\CodeIgniter->createController()
#6 D:\Project Tugas Akhir\pusbinter\system\CodeIgniter.php(333): CodeIgniter\CodeIgniter->handleRequest(NULL, Object(Config\Cache), false)
#7 D:\Project Tugas Akhir\pusbinter\public\index.php(44): CodeIgniter\CodeIgniter->run()
#8 D:\Project Tugas Akhir\pusbinter\system\Commands\Server\rewrite.php(45): require_once('D:\\Project Tuga...')
#9 {main}
CRITICAL - 2021-03-18 22:59:01 --> syntax error, unexpected ';', expecting ')'
#0 D:\Project Tugas Akhir\pusbinter\system\Autoloader\Autoloader.php(265): CodeIgniter\Autoloader\Autoloader->includeFile('D:\\Project Tuga...')
#1 D:\Project Tugas Akhir\pusbinter\system\Autoloader\Autoloader.php(228): CodeIgniter\Autoloader\Autoloader->loadInNamespace('App\\Models\\Pene...')
#2 [internal function]: CodeIgniter\Autoloader\Autoloader->loadClass('App\\Models\\Pene...')
#3 D:\Project Tugas Akhir\pusbinter\app\Controllers\Penerjemah.php(14): spl_autoload_call('App\\Models\\Pene...')
#4 D:\Project Tugas Akhir\pusbinter\system\CodeIgniter.php(908): App\Controllers\Penerjemah->__construct()
#5 D:\Project Tugas Akhir\pusbinter\system\CodeIgniter.php(422): CodeIgniter\CodeIgniter->createController()
#6 D:\Project Tugas Akhir\pusbinter\system\CodeIgniter.php(333): CodeIgniter\CodeIgniter->handleRequest(NULL, Object(Config\Cache), false)
#7 D:\Project Tugas Akhir\pusbinter\public\index.php(44): CodeIgniter\CodeIgniter->run()
#8 D:\Project Tugas Akhir\pusbinter\system\Commands\Server\rewrite.php(45): require_once('D:\\Project Tuga...')
#9 {main}
CRITICAL - 2021-03-18 22:59:02 --> syntax error, unexpected ';', expecting ')'
#0 D:\Project Tugas Akhir\pusbinter\system\Autoloader\Autoloader.php(265): CodeIgniter\Autoloader\Autoloader->includeFile('D:\\Project Tuga...')
#1 D:\Project Tugas Akhir\pusbinter\system\Autoloader\Autoloader.php(228): CodeIgniter\Autoloader\Autoloader->loadInNamespace('App\\Models\\Pene...')
#2 [internal function]: CodeIgniter\Autoloader\Autoloader->loadClass('App\\Models\\Pene...')
#3 D:\Project Tugas Akhir\pusbinter\app\Controllers\Penerjemah.php(14): spl_autoload_call('App\\Models\\Pene...')
#4 D:\Project Tugas Akhir\pusbinter\system\CodeIgniter.php(908): App\Controllers\Penerjemah->__construct()
#5 D:\Project Tugas Akhir\pusbinter\system\CodeIgniter.php(422): CodeIgniter\CodeIgniter->createController()
#6 D:\Project Tugas Akhir\pusbinter\system\CodeIgniter.php(333): CodeIgniter\CodeIgniter->handleRequest(NULL, Object(Config\Cache), false)
#7 D:\Project Tugas Akhir\pusbinter\public\index.php(44): CodeIgniter\CodeIgniter->run()
#8 D:\Project Tugas Akhir\pusbinter\system\Commands\Server\rewrite.php(45): require_once('D:\\Project Tuga...')
#9 {main}
ERROR - 2021-03-18 23:10:30 --> mysqli_sql_exception: Cannot add or update a child row: a foreign key constraint fails (`pusbinter`.`penerjemah`, CONSTRAINT `penerjemah_ibfk_1` FOREIGN KEY (`id_instansi_penerjemah`) REFERENCES `instansi` (`id_instansi`) ON DELETE CASCADE ON UPDATE CASCADE) in D:\Project Tugas Akhir\pusbinter\system\Database\MySQLi\Connection.php:314
Stack trace:
#0 D:\Project Tugas Akhir\pusbinter\system\Database\MySQLi\Connection.php(314): mysqli->query('INSERT INTO `pe...')
#1 D:\Project Tugas Akhir\pusbinter\system\Database\BaseConnection.php(713): CodeIgniter\Database\MySQLi\Connection->execute('INSERT INTO `pe...')
#2 D:\Project Tugas Akhir\pusbinter\system\Database\BaseConnection.php(641): CodeIgniter\Database\BaseConnection->simpleQuery('INSERT INTO `pe...')
#3 D:\Project Tugas Akhir\pusbinter\system\Database\BaseBuilder.php(2263): CodeIgniter\Database\BaseConnection->query('INSERT INTO `pe...', Array, false)
#4 D:\Project Tugas Akhir\pusbinter\app\Models\Penerjemah_m.php(31): CodeIgniter\Database\BaseBuilder->insert(Array)
#5 D:\Project Tugas Akhir\pusbinter\app\Controllers\Penerjemah.php(50): App\Models\Penerjemah_m->savePenerjemah(Array)
#6 D:\Project Tugas Akhir\pusbinter\system\CodeIgniter.php(936): App\Controllers\Penerjemah->save()
#7 D:\Project Tugas Akhir\pusbinter\system\CodeIgniter.php(432): CodeIgniter\CodeIgniter->runController(Object(App\Controllers\Penerjemah))
#8 D:\Project Tugas Akhir\pusbinter\system\CodeIgniter.php(333): CodeIgniter\CodeIgniter->handleRequest(NULL, Object(Config\Cache), false)
#9 D:\Project Tugas Akhir\pusbinter\public\index.php(44): CodeIgniter\CodeIgniter->run()
#10 D:\Project Tugas Akhir\pusbinter\system\Commands\Server\rewrite.php(45): require_once('D:\\Project Tuga...')
#11 {main}
CRITICAL - 2021-03-18 23:10:30 --> Cannot add or update a child row: a foreign key constraint fails (`pusbinter`.`penerjemah`, CONSTRAINT `penerjemah_ibfk_1` FOREIGN KEY (`id_instansi_penerjemah`) REFERENCES `instansi` (`id_instansi`) ON DELETE CASCADE ON UPDATE CASCADE)
#0 D:\Project Tugas Akhir\pusbinter\system\Database\MySQLi\Connection.php(314): mysqli->query('INSERT INTO `pe...')
#1 D:\Project Tugas Akhir\pusbinter\system\Database\BaseConnection.php(713): CodeIgniter\Database\MySQLi\Connection->execute('INSERT INTO `pe...')
#2 D:\Project Tugas Akhir\pusbinter\system\Database\BaseConnection.php(641): CodeIgniter\Database\BaseConnection->simpleQuery('INSERT INTO `pe...')
#3 D:\Project Tugas Akhir\pusbinter\system\Database\BaseBuilder.php(2263): CodeIgniter\Database\BaseConnection->query('INSERT INTO `pe...', Array, false)
#4 D:\Project Tugas Akhir\pusbinter\app\Models\Penerjemah_m.php(31): CodeIgniter\Database\BaseBuilder->insert(Array)
#5 D:\Project Tugas Akhir\pusbinter\app\Controllers\Penerjemah.php(50): App\Models\Penerjemah_m->savePenerjemah(Array)
#6 D:\Project Tugas Akhir\pusbinter\system\CodeIgniter.php(936): App\Controllers\Penerjemah->save()
#7 D:\Project Tugas Akhir\pusbinter\system\CodeIgniter.php(432): CodeIgniter\CodeIgniter->runController(Object(App\Controllers\Penerjemah))
#8 D:\Project Tugas Akhir\pusbinter\system\CodeIgniter.php(333): CodeIgniter\CodeIgniter->handleRequest(NULL, Object(Config\Cache), false)
#9 D:\Project Tugas Akhir\pusbinter\public\index.php(44): CodeIgniter\CodeIgniter->run()
#10 D:\Project Tugas Akhir\pusbinter\system\Commands\Server\rewrite.php(45): require_once('D:\\Project Tuga...')
#11 {main}
ERROR - 2021-03-18 23:10:42 --> mysqli_sql_exception: Cannot add or update a child row: a foreign key constraint fails (`pusbinter`.`penerjemah`, CONSTRAINT `penerjemah_ibfk_1` FOREIGN KEY (`id_instansi_penerjemah`) REFERENCES `instansi` (`id_instansi`) ON DELETE CASCADE ON UPDATE CASCADE) in D:\Project Tugas Akhir\pusbinter\system\Database\MySQLi\Connection.php:314
Stack trace:
#0 D:\Project Tugas Akhir\pusbinter\system\Database\MySQLi\Connection.php(314): mysqli->query('INSERT INTO `pe...')
#1 D:\Project Tugas Akhir\pusbinter\system\Database\BaseConnection.php(713): CodeIgniter\Database\MySQLi\Connection->execute('INSERT INTO `pe...')
#2 D:\Project Tugas Akhir\pusbinter\system\Database\BaseConnection.php(641): CodeIgniter\Database\BaseConnection->simpleQuery('INSERT INTO `pe...')
#3 D:\Project Tugas Akhir\pusbinter\system\Database\BaseBuilder.php(2263): CodeIgniter\Database\BaseConnection->query('INSERT INTO `pe...', Array, false)
#4 D:\Project Tugas Akhir\pusbinter\app\Models\Penerjemah_m.php(31): CodeIgniter\Database\BaseBuilder->insert(Array)
#5 D:\Project Tugas Akhir\pusbinter\app\Controllers\Penerjemah.php(50): App\Models\Penerjemah_m->savePenerjemah(Array)
#6 D:\Project Tugas Akhir\pusbinter\system\CodeIgniter.php(936): App\Controllers\Penerjemah->save()
#7 D:\Project Tugas Akhir\pusbinter\system\CodeIgniter.php(432): CodeIgniter\CodeIgniter->runController(Object(App\Controllers\Penerjemah))
#8 D:\Project Tugas Akhir\pusbinter\system\CodeIgniter.php(333): CodeIgniter\CodeIgniter->handleRequest(NULL, Object(Config\Cache), false)
#9 D:\Project Tugas Akhir\pusbinter\public\index.php(44): CodeIgniter\CodeIgniter->run()
#10 D:\Project Tugas Akhir\pusbinter\system\Commands\Server\rewrite.php(45): require_once('D:\\Project Tuga...')
#11 {main}
CRITICAL - 2021-03-18 23:10:42 --> Cannot add or update a child row: a foreign key constraint fails (`pusbinter`.`penerjemah`, CONSTRAINT `penerjemah_ibfk_1` FOREIGN KEY (`id_instansi_penerjemah`) REFERENCES `instansi` (`id_instansi`) ON DELETE CASCADE ON UPDATE CASCADE)
#0 D:\Project Tugas Akhir\pusbinter\system\Database\MySQLi\Connection.php(314): mysqli->query('INSERT INTO `pe...')
#1 D:\Project Tugas Akhir\pusbinter\system\Database\BaseConnection.php(713): CodeIgniter\Database\MySQLi\Connection->execute('INSERT INTO `pe...')
#2 D:\Project Tugas Akhir\pusbinter\system\Database\BaseConnection.php(641): CodeIgniter\Database\BaseConnection->simpleQuery('INSERT INTO `pe...')
#3 D:\Project Tugas Akhir\pusbinter\system\Database\BaseBuilder.php(2263): CodeIgniter\Database\BaseConnection->query('INSERT INTO `pe...', Array, false)
#4 D:\Project Tugas Akhir\pusbinter\app\Models\Penerjemah_m.php(31): CodeIgniter\Database\BaseBuilder->insert(Array)
#5 D:\Project Tugas Akhir\pusbinter\app\Controllers\Penerjemah.php(50): App\Models\Penerjemah_m->savePenerjemah(Array)
#6 D:\Project Tugas Akhir\pusbinter\system\CodeIgniter.php(936): App\Controllers\Penerjemah->save()
#7 D:\Project Tugas Akhir\pusbinter\system\CodeIgniter.php(432): CodeIgniter\CodeIgniter->runController(Object(App\Controllers\Penerjemah))
#8 D:\Project Tugas Akhir\pusbinter\system\CodeIgniter.php(333): CodeIgniter\CodeIgniter->handleRequest(NULL, Object(Config\Cache), false)
#9 D:\Project Tugas Akhir\pusbinter\public\index.php(44): CodeIgniter\CodeIgniter->run()
#10 D:\Project Tugas Akhir\pusbinter\system\Commands\Server\rewrite.php(45): require_once('D:\\Project Tuga...')
#11 {main}
ERROR - 2021-03-18 23:17:27 --> mysqli_sql_exception: You have an error in your SQL syntax; check the manual that corresponds to your MariaDB server version for the right syntax to use near ':1:' at line 2 in D:\Project Tugas Akhir\pusbinter\system\Database\MySQLi\Connection.php:314
Stack trace:
#0 D:\Project Tugas Akhir\pusbinter\system\Database\MySQLi\Connection.php(314): mysqli->query('UPDATE `penerje...')
#1 D:\Project Tugas Akhir\pusbinter\system\Database\BaseConnection.php(713): CodeIgniter\Database\MySQLi\Connection->execute('UPDATE `penerje...')
#2 D:\Project Tugas Akhir\pusbinter\system\Database\BaseConnection.php(641): CodeIgniter\Database\BaseConnection->simpleQuery('UPDATE `penerje...')
#3 D:\Project Tugas Akhir\pusbinter\system\Database\BaseBuilder.php(2468): CodeIgniter\Database\BaseConnection->query('UPDATE `penerje...', Array, false)
#4 D:\Project Tugas Akhir\pusbinter\app\Models\Penerjemah_m.php(36): CodeIgniter\Database\BaseBuilder->update(Array, Array)
#5 D:\Project Tugas Akhir\pusbinter\app\Controllers\Penerjemah.php(78): App\Models\Penerjemah_m->updatePenerjemah(Array, '2')
#6 D:\Project Tugas Akhir\pusbinter\system\CodeIgniter.php(936): App\Controllers\Penerjemah->update('2')
#7 D:\Project Tugas Akhir\pusbinter\system\CodeIgniter.php(432): CodeIgniter\CodeIgniter->runController(Object(App\Controllers\Penerjemah))
#8 D:\Project Tugas Akhir\pusbinter\system\CodeIgniter.php(333): CodeIgniter\CodeIgniter->handleRequest(NULL, Object(Config\Cache), false)
#9 D:\Project Tugas Akhir\pusbinter\public\index.php(44): CodeIgniter\CodeIgniter->run()
#10 D:\Project Tugas Akhir\pusbinter\system\Commands\Server\rewrite.php(45): require_once('D:\\Project Tuga...')
#11 {main}
CRITICAL - 2021-03-18 23:17:27 --> You have an error in your SQL syntax; check the manual that corresponds to your MariaDB server version for the right syntax to use near ':1:' at line 2
#0 D:\Project Tugas Akhir\pusbinter\system\Database\MySQLi\Connection.php(314): mysqli->query('UPDATE `penerje...')
#1 D:\Project Tugas Akhir\pusbinter\system\Database\BaseConnection.php(713): CodeIgniter\Database\MySQLi\Connection->execute('UPDATE `penerje...')
#2 D:\Project Tugas Akhir\pusbinter\system\Database\BaseConnection.php(641): CodeIgniter\Database\BaseConnection->simpleQuery('UPDATE `penerje...')
#3 D:\Project Tugas Akhir\pusbinter\system\Database\BaseBuilder.php(2468): CodeIgniter\Database\BaseConnection->query('UPDATE `penerje...', Array, false)
#4 D:\Project Tugas Akhir\pusbinter\app\Models\Penerjemah_m.php(36): CodeIgniter\Database\BaseBuilder->update(Array, Array)
#5 D:\Project Tugas Akhir\pusbinter\app\Controllers\Penerjemah.php(78): App\Models\Penerjemah_m->updatePenerjemah(Array, '2')
#6 D:\Project Tugas Akhir\pusbinter\system\CodeIgniter.php(936): App\Controllers\Penerjemah->update('2')
#7 D:\Project Tugas Akhir\pusbinter\system\CodeIgniter.php(432): CodeIgniter\CodeIgniter->runController(Object(App\Controllers\Penerjemah))
#8 D:\Project Tugas Akhir\pusbinter\system\CodeIgniter.php(333): CodeIgniter\CodeIgniter->handleRequest(NULL, Object(Config\Cache), false)
#9 D:\Project Tugas Akhir\pusbinter\public\index.php(44): CodeIgniter\CodeIgniter->run()
#10 D:\Project Tugas Akhir\pusbinter\system\Commands\Server\rewrite.php(45): require_once('D:\\Project Tuga...')
#11 {main}
ERROR - 2021-03-18 23:17:53 --> mysqli_sql_exception: Cannot add or update a child row: a foreign key constraint fails (`pusbinter`.`penerjemah`, CONSTRAINT `penerjemah_ibfk_1` FOREIGN KEY (`id_instansi_penerjemah`) REFERENCES `instansi` (`id_instansi`) ON DELETE CASCADE ON UPDATE CASCADE) in D:\Project Tugas Akhir\pusbinter\system\Database\MySQLi\Connection.php:314
Stack trace:
#0 D:\Project Tugas Akhir\pusbinter\system\Database\MySQLi\Connection.php(314): mysqli->query('UPDATE `penerje...')
#1 D:\Project Tugas Akhir\pusbinter\system\Database\BaseConnection.php(713): CodeIgniter\Database\MySQLi\Connection->execute('UPDATE `penerje...')
#2 D:\Project Tugas Akhir\pusbinter\system\Database\BaseConnection.php(641): CodeIgniter\Database\BaseConnection->simpleQuery('UPDATE `penerje...')
#3 D:\Project Tugas Akhir\pusbinter\system\Database\BaseBuilder.php(2468): CodeIgniter\Database\BaseConnection->query('UPDATE `penerje...', Array, false)
#4 D:\Project Tugas Akhir\pusbinter\app\Models\Penerjemah_m.php(36): CodeIgniter\Database\BaseBuilder->update(Array, Array)
#5 D:\Project Tugas Akhir\pusbinter\app\Controllers\Penerjemah.php(78): App\Models\Penerjemah_m->updatePenerjemah(Array, '2')
#6 D:\Project Tugas Akhir\pusbinter\system\CodeIgniter.php(936): App\Controllers\Penerjemah->update('2')
#7 D:\Project Tugas Akhir\pusbinter\system\CodeIgniter.php(432): CodeIgniter\CodeIgniter->runController(Object(App\Controllers\Penerjemah))
#8 D:\Project Tugas Akhir\pusbinter\system\CodeIgniter.php(333): CodeIgniter\CodeIgniter->handleRequest(NULL, Object(Config\Cache), false)
#9 D:\Project Tugas Akhir\pusbinter\public\index.php(44): CodeIgniter\CodeIgniter->run()
#10 D:\Project Tugas Akhir\pusbinter\system\Commands\Server\rewrite.php(45): require_once('D:\\Project Tuga...')
#11 {main}
CRITICAL - 2021-03-18 23:17:53 --> Cannot add or update a child row: a foreign key constraint fails (`pusbinter`.`penerjemah`, CONSTRAINT `penerjemah_ibfk_1` FOREIGN KEY (`id_instansi_penerjemah`) REFERENCES `instansi` (`id_instansi`) ON DELETE CASCADE ON UPDATE CASCADE)
#0 D:\Project Tugas Akhir\pusbinter\system\Database\MySQLi\Connection.php(314): mysqli->query('UPDATE `penerje...')
#1 D:\Project Tugas Akhir\pusbinter\system\Database\BaseConnection.php(713): CodeIgniter\Database\MySQLi\Connection->execute('UPDATE `penerje...')
#2 D:\Project Tugas Akhir\pusbinter\system\Database\BaseConnection.php(641): CodeIgniter\Database\BaseConnection->simpleQuery('UPDATE `penerje...')
#3 D:\Project Tugas Akhir\pusbinter\system\Database\BaseBuilder.php(2468): CodeIgniter\Database\BaseConnection->query('UPDATE `penerje...', Array, false)
#4 D:\Project Tugas Akhir\pusbinter\app\Models\Penerjemah_m.php(36): CodeIgniter\Database\BaseBuilder->update(Array, Array)
#5 D:\Project Tugas Akhir\pusbinter\app\Controllers\Penerjemah.php(78): App\Models\Penerjemah_m->updatePenerjemah(Array, '2')
#6 D:\Project Tugas Akhir\pusbinter\system\CodeIgniter.php(936): App\Controllers\Penerjemah->update('2')
#7 D:\Project Tugas Akhir\pusbinter\system\CodeIgniter.php(432): CodeIgniter\CodeIgniter->runController(Object(App\Controllers\Penerjemah))
#8 D:\Project Tugas Akhir\pusbinter\system\CodeIgniter.php(333): CodeIgniter\CodeIgniter->handleRequest(NULL, Object(Config\Cache), false)
#9 D:\Project Tugas Akhir\pusbinter\public\index.php(44): CodeIgniter\CodeIgniter->run()
#10 D:\Project Tugas Akhir\pusbinter\system\Commands\Server\rewrite.php(45): require_once('D:\\Project Tuga...')
#11 {main}
ERROR - 2021-03-18 23:17:57 --> mysqli_sql_exception: Cannot add or update a child row: a foreign key constraint fails (`pusbinter`.`penerjemah`, CONSTRAINT `penerjemah_ibfk_1` FOREIGN KEY (`id_instansi_penerjemah`) REFERENCES `instansi` (`id_instansi`) ON DELETE CASCADE ON UPDATE CASCADE) in D:\Project Tugas Akhir\pusbinter\system\Database\MySQLi\Connection.php:314
Stack trace:
#0 D:\Project Tugas Akhir\pusbinter\system\Database\MySQLi\Connection.php(314): mysqli->query('UPDATE `penerje...')
#1 D:\Project Tugas Akhir\pusbinter\system\Database\BaseConnection.php(713): CodeIgniter\Database\MySQLi\Connection->execute('UPDATE `penerje...')
#2 D:\Project Tugas Akhir\pusbinter\system\Database\BaseConnection.php(641): CodeIgniter\Database\BaseConnection->simpleQuery('UPDATE `penerje...')
#3 D:\Project Tugas Akhir\pusbinter\system\Database\BaseBuilder.php(2468): CodeIgniter\Database\BaseConnection->query('UPDATE `penerje...', Array, false)
#4 D:\Project Tugas Akhir\pusbinter\app\Models\Penerjemah_m.php(36): CodeIgniter\Database\BaseBuilder->update(Array, Array)
#5 D:\Project Tugas Akhir\pusbinter\app\Controllers\Penerjemah.php(78): App\Models\Penerjemah_m->updatePenerjemah(Array, '2')
#6 D:\Project Tugas Akhir\pusbinter\system\CodeIgniter.php(936): App\Controllers\Penerjemah->update('2')
#7 D:\Project Tugas Akhir\pusbinter\system\CodeIgniter.php(432): CodeIgniter\CodeIgniter->runController(Object(App\Controllers\Penerjemah))
#8 D:\Project Tugas Akhir\pusbinter\system\CodeIgniter.php(333): CodeIgniter\CodeIgniter->handleRequest(NULL, Object(Config\Cache), false)
#9 D:\Project Tugas Akhir\pusbinter\public\index.php(44): CodeIgniter\CodeIgniter->run()
#10 D:\Project Tugas Akhir\pusbinter\system\Commands\Server\rewrite.php(45): require_once('D:\\Project Tuga...')
#11 {main}
CRITICAL - 2021-03-18 23:17:57 --> Cannot add or update a child row: a foreign key constraint fails (`pusbinter`.`penerjemah`, CONSTRAINT `penerjemah_ibfk_1` FOREIGN KEY (`id_instansi_penerjemah`) REFERENCES `instansi` (`id_instansi`) ON DELETE CASCADE ON UPDATE CASCADE)
#0 D:\Project Tugas Akhir\pusbinter\system\Database\MySQLi\Connection.php(314): mysqli->query('UPDATE `penerje...')
#1 D:\Project Tugas Akhir\pusbinter\system\Database\BaseConnection.php(713): CodeIgniter\Database\MySQLi\Connection->execute('UPDATE `penerje...')
#2 D:\Project Tugas Akhir\pusbinter\system\Database\BaseConnection.php(641): CodeIgniter\Database\BaseConnection->simpleQuery('UPDATE `penerje...')
#3 D:\Project Tugas Akhir\pusbinter\system\Database\BaseBuilder.php(2468): CodeIgniter\Database\BaseConnection->query('UPDATE `penerje...', Array, false)
#4 D:\Project Tugas Akhir\pusbinter\app\Models\Penerjemah_m.php(36): CodeIgniter\Database\BaseBuilder->update(Array, Array)
#5 D:\Project Tugas Akhir\pusbinter\app\Controllers\Penerjemah.php(78): App\Models\Penerjemah_m->updatePenerjemah(Array, '2')
#6 D:\Project Tugas Akhir\pusbinter\system\CodeIgniter.php(936): App\Controllers\Penerjemah->update('2')
#7 D:\Project Tugas Akhir\pusbinter\system\CodeIgniter.php(432): CodeIgniter\CodeIgniter->runController(Object(App\Controllers\Penerjemah))
#8 D:\Project Tugas Akhir\pusbinter\system\CodeIgniter.php(333): CodeIgniter\CodeIgniter->handleRequest(NULL, Object(Config\Cache), false)
#9 D:\Project Tugas Akhir\pusbinter\public\index.php(44): CodeIgniter\CodeIgniter->run()
#10 D:\Project Tugas Akhir\pusbinter\system\Commands\Server\rewrite.php(45): require_once('D:\\Project Tuga...')
#11 {main}
ERROR - 2021-03-18 23:18:05 --> mysqli_sql_exception: Cannot add or update a child row: a foreign key constraint fails (`pusbinter`.`penerjemah`, CONSTRAINT `penerjemah_ibfk_1` FOREIGN KEY (`id_instansi_penerjemah`) REFERENCES `instansi` (`id_instansi`) ON DELETE CASCADE ON UPDATE CASCADE) in D:\Project Tugas Akhir\pusbinter\system\Database\MySQLi\Connection.php:314
Stack trace:
#0 D:\Project Tugas Akhir\pusbinter\system\Database\MySQLi\Connection.php(314): mysqli->query('UPDATE `penerje...')
#1 D:\Project Tugas Akhir\pusbinter\system\Database\BaseConnection.php(713): CodeIgniter\Database\MySQLi\Connection->execute('UPDATE `penerje...')
#2 D:\Project Tugas Akhir\pusbinter\system\Database\BaseConnection.php(641): CodeIgniter\Database\BaseConnection->simpleQuery('UPDATE `penerje...')
#3 D:\Project Tugas Akhir\pusbinter\system\Database\BaseBuilder.php(2468): CodeIgniter\Database\BaseConnection->query('UPDATE `penerje...', Array, false)
#4 D:\Project Tugas Akhir\pusbinter\app\Models\Penerjemah_m.php(36): CodeIgniter\Database\BaseBuilder->update(Array, Array)
#5 D:\Project Tugas Akhir\pusbinter\app\Controllers\Penerjemah.php(78): App\Models\Penerjemah_m->updatePenerjemah(Array, '2')
#6 D:\Project Tugas Akhir\pusbinter\system\CodeIgniter.php(936): App\Controllers\Penerjemah->update('2')
#7 D:\Project Tugas Akhir\pusbinter\system\CodeIgniter.php(432): CodeIgniter\CodeIgniter->runController(Object(App\Controllers\Penerjemah))
#8 D:\Project Tugas Akhir\pusbinter\system\CodeIgniter.php(333): CodeIgniter\CodeIgniter->handleRequest(NULL, Object(Config\Cache), false)
#9 D:\Project Tugas Akhir\pusbinter\public\index.php(44): CodeIgniter\CodeIgniter->run()
#10 D:\Project Tugas Akhir\pusbinter\system\Commands\Server\rewrite.php(45): require_once('D:\\Project Tuga...')
#11 {main}
CRITICAL - 2021-03-18 23:18:05 --> Cannot add or update a child row: a foreign key constraint fails (`pusbinter`.`penerjemah`, CONSTRAINT `penerjemah_ibfk_1` FOREIGN KEY (`id_instansi_penerjemah`) REFERENCES `instansi` (`id_instansi`) ON DELETE CASCADE ON UPDATE CASCADE)
#0 D:\Project Tugas Akhir\pusbinter\system\Database\MySQLi\Connection.php(314): mysqli->query('UPDATE `penerje...')
#1 D:\Project Tugas Akhir\pusbinter\system\Database\BaseConnection.php(713): CodeIgniter\Database\MySQLi\Connection->execute('UPDATE `penerje...')
#2 D:\Project Tugas Akhir\pusbinter\system\Database\BaseConnection.php(641): CodeIgniter\Database\BaseConnection->simpleQuery('UPDATE `penerje...')
#3 D:\Project Tugas Akhir\pusbinter\system\Database\BaseBuilder.php(2468): CodeIgniter\Database\BaseConnection->query('UPDATE `penerje...', Array, false)
#4 D:\Project Tugas Akhir\pusbinter\app\Models\Penerjemah_m.php(36): CodeIgniter\Database\BaseBuilder->update(Array, Array)
#5 D:\Project Tugas Akhir\pusbinter\app\Controllers\Penerjemah.php(78): App\Models\Penerjemah_m->updatePenerjemah(Array, '2')
#6 D:\Project Tugas Akhir\pusbinter\system\CodeIgniter.php(936): App\Controllers\Penerjemah->update('2')
#7 D:\Project Tugas Akhir\pusbinter\system\CodeIgniter.php(432): CodeIgniter\CodeIgniter->runController(Object(App\Controllers\Penerjemah))
#8 D:\Project Tugas Akhir\pusbinter\system\CodeIgniter.php(333): CodeIgniter\CodeIgniter->handleRequest(NULL, Object(Config\Cache), false)
#9 D:\Project Tugas Akhir\pusbinter\public\index.php(44): CodeIgniter\CodeIgniter->run()
#10 D:\Project Tugas Akhir\pusbinter\system\Commands\Server\rewrite.php(45): require_once('D:\\Project Tuga...')
#11 {main}
ERROR - 2021-03-18 23:18:21 --> mysqli_sql_exception: Cannot add or update a child row: a foreign key constraint fails (`pusbinter`.`penerjemah`, CONSTRAINT `penerjemah_ibfk_1` FOREIGN KEY (`id_instansi_penerjemah`) REFERENCES `instansi` (`id_instansi`) ON DELETE CASCADE ON UPDATE CASCADE) in D:\Project Tugas Akhir\pusbinter\system\Database\MySQLi\Connection.php:314
Stack trace:
#0 D:\Project Tugas Akhir\pusbinter\system\Database\MySQLi\Connection.php(314): mysqli->query('UPDATE `penerje...')
#1 D:\Project Tugas Akhir\pusbinter\system\Database\BaseConnection.php(713): CodeIgniter\Database\MySQLi\Connection->execute('UPDATE `penerje...')
#2 D:\Project Tugas Akhir\pusbinter\system\Database\BaseConnection.php(641): CodeIgniter\Database\BaseConnection->simpleQuery('UPDATE `penerje...')
#3 D:\Project Tugas Akhir\pusbinter\system\Database\BaseBuilder.php(2468): CodeIgniter\Database\BaseConnection->query('UPDATE `penerje...', Array, false)
#4 D:\Project Tugas Akhir\pusbinter\app\Models\Penerjemah_m.php(36): CodeIgniter\Database\BaseBuilder->update(Array, Array)
#5 D:\Project Tugas Akhir\pusbinter\app\Controllers\Penerjemah.php(78): App\Models\Penerjemah_m->updatePenerjemah(Array, '2')
#6 D:\Project Tugas Akhir\pusbinter\system\CodeIgniter.php(936): App\Controllers\Penerjemah->update('2')
#7 D:\Project Tugas Akhir\pusbinter\system\CodeIgniter.php(432): CodeIgniter\CodeIgniter->runController(Object(App\Controllers\Penerjemah))
#8 D:\Project Tugas Akhir\pusbinter\system\CodeIgniter.php(333): CodeIgniter\CodeIgniter->handleRequest(NULL, Object(Config\Cache), false)
#9 D:\Project Tugas Akhir\pusbinter\public\index.php(44): CodeIgniter\CodeIgniter->run()
#10 D:\Project Tugas Akhir\pusbinter\system\Commands\Server\rewrite.php(45): require_once('D:\\Project Tuga...')
#11 {main}
CRITICAL - 2021-03-18 23:18:21 --> Cannot add or update a child row: a foreign key constraint fails (`pusbinter`.`penerjemah`, CONSTRAINT `penerjemah_ibfk_1` FOREIGN KEY (`id_instansi_penerjemah`) REFERENCES `instansi` (`id_instansi`) ON DELETE CASCADE ON UPDATE CASCADE)
#0 D:\Project Tugas Akhir\pusbinter\system\Database\MySQLi\Connection.php(314): mysqli->query('UPDATE `penerje...')
#1 D:\Project Tugas Akhir\pusbinter\system\Database\BaseConnection.php(713): CodeIgniter\Database\MySQLi\Connection->execute('UPDATE `penerje...')
#2 D:\Project Tugas Akhir\pusbinter\system\Database\BaseConnection.php(641): CodeIgniter\Database\BaseConnection->simpleQuery('UPDATE `penerje...')
#3 D:\Project Tugas Akhir\pusbinter\system\Database\BaseBuilder.php(2468): CodeIgniter\Database\BaseConnection->query('UPDATE `penerje...', Array, false)
#4 D:\Project Tugas Akhir\pusbinter\app\Models\Penerjemah_m.php(36): CodeIgniter\Database\BaseBuilder->update(Array, Array)
#5 D:\Project Tugas Akhir\pusbinter\app\Controllers\Penerjemah.php(78): App\Models\Penerjemah_m->updatePenerjemah(Array, '2')
#6 D:\Project Tugas Akhir\pusbinter\system\CodeIgniter.php(936): App\Controllers\Penerjemah->update('2')
#7 D:\Project Tugas Akhir\pusbinter\system\CodeIgniter.php(432): CodeIgniter\CodeIgniter->runController(Object(App\Controllers\Penerjemah))
#8 D:\Project Tugas Akhir\pusbinter\system\CodeIgniter.php(333): CodeIgniter\CodeIgniter->handleRequest(NULL, Object(Config\Cache), false)
#9 D:\Project Tugas Akhir\pusbinter\public\index.php(44): CodeIgniter\CodeIgniter->run()
#10 D:\Project Tugas Akhir\pusbinter\system\Commands\Server\rewrite.php(45): require_once('D:\\Project Tuga...')
#11 {main}
