ERROR - 2021-03-19 09:01:42 --> mysqli_sql_exception: Cannot add or update a child row: a foreign key constraint fails (`pusbinter`.`penerjemah`, CONSTRAINT `penerjemah_ibfk_1` FOREIGN KEY (`id_instansi_penerjemah`) REFERENCES `instansi` (`id_instansi`) ON DELETE CASCADE ON UPDATE CASCADE) in D:\Project Tugas Akhir\pusbinter\system\Database\MySQLi\Connection.php:314
Stack trace:
#0 D:\Project Tugas Akhir\pusbinter\system\Database\MySQLi\Connection.php(314): mysqli->query('UPDATE `penerje...')
#1 D:\Project Tugas Akhir\pusbinter\system\Database\BaseConnection.php(713): CodeIgniter\Database\MySQLi\Connection->execute('UPDATE `penerje...')
#2 D:\Project Tugas Akhir\pusbinter\system\Database\BaseConnection.php(641): CodeIgniter\Database\BaseConnection->simpleQuery('UPDATE `penerje...')
#3 D:\Project Tugas Akhir\pusbinter\system\Database\BaseBuilder.php(2468): CodeIgniter\Database\BaseConnection->query('UPDATE `penerje...', Array, false)
#4 D:\Project Tugas Akhir\pusbinter\app\Models\Penerjemah_m.php(36): CodeIgniter\Database\BaseBuilder->update(Array, Array)
#5 D:\Project Tugas Akhir\pusbinter\app\Controllers\Penerjemah.php(77): App\Models\Penerjemah_m->updatePenerjemah(Array, '3')
#6 D:\Project Tugas Akhir\pusbinter\system\CodeIgniter.php(936): App\Controllers\Penerjemah->update('3')
#7 D:\Project Tugas Akhir\pusbinter\system\CodeIgniter.php(432): CodeIgniter\CodeIgniter->runController(Object(App\Controllers\Penerjemah))
#8 D:\Project Tugas Akhir\pusbinter\system\CodeIgniter.php(333): CodeIgniter\CodeIgniter->handleRequest(NULL, Object(Config\Cache), false)
#9 D:\Project Tugas Akhir\pusbinter\public\index.php(44): CodeIgniter\CodeIgniter->run()
#10 D:\Project Tugas Akhir\pusbinter\system\Commands\Server\rewrite.php(45): require_once('D:\\Project Tuga...')
#11 {main}
CRITICAL - 2021-03-19 09:01:42 --> Cannot add or update a child row: a foreign key constraint fails (`pusbinter`.`penerjemah`, CONSTRAINT `penerjemah_ibfk_1` FOREIGN KEY (`id_instansi_penerjemah`) REFERENCES `instansi` (`id_instansi`) ON DELETE CASCADE ON UPDATE CASCADE)
#0 D:\Project Tugas Akhir\pusbinter\system\Database\MySQLi\Connection.php(314): mysqli->query('UPDATE `penerje...')
#1 D:\Project Tugas Akhir\pusbinter\system\Database\BaseConnection.php(713): CodeIgniter\Database\MySQLi\Connection->execute('UPDATE `penerje...')
#2 D:\Project Tugas Akhir\pusbinter\system\Database\BaseConnection.php(641): CodeIgniter\Database\BaseConnection->simpleQuery('UPDATE `penerje...')
#3 D:\Project Tugas Akhir\pusbinter\system\Database\BaseBuilder.php(2468): CodeIgniter\Database\BaseConnection->query('UPDATE `penerje...', Array, false)
#4 D:\Project Tugas Akhir\pusbinter\app\Models\Penerjemah_m.php(36): CodeIgniter\Database\BaseBuilder->update(Array, Array)
#5 D:\Project Tugas Akhir\pusbinter\app\Controllers\Penerjemah.php(77): App\Models\Penerjemah_m->updatePenerjemah(Array, '3')
#6 D:\Project Tugas Akhir\pusbinter\system\CodeIgniter.php(936): App\Controllers\Penerjemah->update('3')
#7 D:\Project Tugas Akhir\pusbinter\system\CodeIgniter.php(432): CodeIgniter\CodeIgniter->runController(Object(App\Controllers\Penerjemah))
#8 D:\Project Tugas Akhir\pusbinter\system\CodeIgniter.php(333): CodeIgniter\CodeIgniter->handleRequest(NULL, Object(Config\Cache), false)
#9 D:\Project Tugas Akhir\pusbinter\public\index.php(44): CodeIgniter\CodeIgniter->run()
#10 D:\Project Tugas Akhir\pusbinter\system\Commands\Server\rewrite.php(45): require_once('D:\\Project Tuga...')
#11 {main}
ERROR - 2021-03-19 10:09:10 --> mysqli_sql_exception: Cannot add or update a child row: a foreign key constraint fails (`pusbinter`.`penerjemah`, CONSTRAINT `penerjemah_ibfk_1` FOREIGN KEY (`id_instansi_penerjemah`) REFERENCES `instansi` (`id_instansi`) ON DELETE CASCADE ON UPDATE CASCADE) in D:\Project Tugas Akhir\pusbinter\system\Database\MySQLi\Connection.php:314
Stack trace:
#0 D:\Project Tugas Akhir\pusbinter\system\Database\MySQLi\Connection.php(314): mysqli->query('UPDATE `penerje...')
#1 D:\Project Tugas Akhir\pusbinter\system\Database\BaseConnection.php(713): CodeIgniter\Database\MySQLi\Connection->execute('UPDATE `penerje...')
#2 D:\Project Tugas Akhir\pusbinter\system\Database\BaseConnection.php(641): CodeIgniter\Database\BaseConnection->simpleQuery('UPDATE `penerje...')
#3 D:\Project Tugas Akhir\pusbinter\system\Database\BaseBuilder.php(2468): CodeIgniter\Database\BaseConnection->query('UPDATE `penerje...', Array, false)
#4 D:\Project Tugas Akhir\pusbinter\app\Models\Penerjemah_m.php(36): CodeIgniter\Database\BaseBuilder->update(Array, Array)
#5 D:\Project Tugas Akhir\pusbinter\app\Controllers\Penerjemah.php(78): App\Models\Penerjemah_m->updatePenerjemah(Array, '3')
#6 D:\Project Tugas Akhir\pusbinter\system\CodeIgniter.php(936): App\Controllers\Penerjemah->update('3')
#7 D:\Project Tugas Akhir\pusbinter\system\CodeIgniter.php(432): CodeIgniter\CodeIgniter->runController(Object(App\Controllers\Penerjemah))
#8 D:\Project Tugas Akhir\pusbinter\system\CodeIgniter.php(333): CodeIgniter\CodeIgniter->handleRequest(NULL, Object(Config\Cache), false)
#9 D:\Project Tugas Akhir\pusbinter\public\index.php(44): CodeIgniter\CodeIgniter->run()
#10 D:\Project Tugas Akhir\pusbinter\system\Commands\Server\rewrite.php(45): require_once('D:\\Project Tuga...')
#11 {main}
CRITICAL - 2021-03-19 10:09:11 --> Cannot add or update a child row: a foreign key constraint fails (`pusbinter`.`penerjemah`, CONSTRAINT `penerjemah_ibfk_1` FOREIGN KEY (`id_instansi_penerjemah`) REFERENCES `instansi` (`id_instansi`) ON DELETE CASCADE ON UPDATE CASCADE)
#0 D:\Project Tugas Akhir\pusbinter\system\Database\MySQLi\Connection.php(314): mysqli->query('UPDATE `penerje...')
#1 D:\Project Tugas Akhir\pusbinter\system\Database\BaseConnection.php(713): CodeIgniter\Database\MySQLi\Connection->execute('UPDATE `penerje...')
#2 D:\Project Tugas Akhir\pusbinter\system\Database\BaseConnection.php(641): CodeIgniter\Database\BaseConnection->simpleQuery('UPDATE `penerje...')
#3 D:\Project Tugas Akhir\pusbinter\system\Database\BaseBuilder.php(2468): CodeIgniter\Database\BaseConnection->query('UPDATE `penerje...', Array, false)
#4 D:\Project Tugas Akhir\pusbinter\app\Models\Penerjemah_m.php(36): CodeIgniter\Database\BaseBuilder->update(Array, Array)
#5 D:\Project Tugas Akhir\pusbinter\app\Controllers\Penerjemah.php(78): App\Models\Penerjemah_m->updatePenerjemah(Array, '3')
#6 D:\Project Tugas Akhir\pusbinter\system\CodeIgniter.php(936): App\Controllers\Penerjemah->update('3')
#7 D:\Project Tugas Akhir\pusbinter\system\CodeIgniter.php(432): CodeIgniter\CodeIgniter->runController(Object(App\Controllers\Penerjemah))
#8 D:\Project Tugas Akhir\pusbinter\system\CodeIgniter.php(333): CodeIgniter\CodeIgniter->handleRequest(NULL, Object(Config\Cache), false)
#9 D:\Project Tugas Akhir\pusbinter\public\index.php(44): CodeIgniter\CodeIgniter->run()
#10 D:\Project Tugas Akhir\pusbinter\system\Commands\Server\rewrite.php(45): require_once('D:\\Project Tuga...')
#11 {main}
ERROR - 2021-03-19 10:13:04 --> mysqli_sql_exception: Cannot add or update a child row: a foreign key constraint fails (`pusbinter`.`penerjemah`, CONSTRAINT `penerjemah_ibfk_1` FOREIGN KEY (`id_instansi_penerjemah`) REFERENCES `instansi` (`id_instansi`) ON DELETE CASCADE ON UPDATE CASCADE) in D:\Project Tugas Akhir\pusbinter\system\Database\MySQLi\Connection.php:314
Stack trace:
#0 D:\Project Tugas Akhir\pusbinter\system\Database\MySQLi\Connection.php(314): mysqli->query('UPDATE `penerje...')
#1 D:\Project Tugas Akhir\pusbinter\system\Database\BaseConnection.php(713): CodeIgniter\Database\MySQLi\Connection->execute('UPDATE `penerje...')
#2 D:\Project Tugas Akhir\pusbinter\system\Database\BaseConnection.php(641): CodeIgniter\Database\BaseConnection->simpleQuery('UPDATE `penerje...')
#3 D:\Project Tugas Akhir\pusbinter\system\Database\BaseBuilder.php(2468): CodeIgniter\Database\BaseConnection->query('UPDATE `penerje...', Array, false)
#4 D:\Project Tugas Akhir\pusbinter\app\Models\Penerjemah_m.php(36): CodeIgniter\Database\BaseBuilder->update(Array, Array)
#5 D:\Project Tugas Akhir\pusbinter\app\Controllers\Penerjemah.php(78): App\Models\Penerjemah_m->updatePenerjemah(Array, '3')
#6 D:\Project Tugas Akhir\pusbinter\system\CodeIgniter.php(936): App\Controllers\Penerjemah->update('3')
#7 D:\Project Tugas Akhir\pusbinter\system\CodeIgniter.php(432): CodeIgniter\CodeIgniter->runController(Object(App\Controllers\Penerjemah))
#8 D:\Project Tugas Akhir\pusbinter\system\CodeIgniter.php(333): CodeIgniter\CodeIgniter->handleRequest(NULL, Object(Config\Cache), false)
#9 D:\Project Tugas Akhir\pusbinter\public\index.php(44): CodeIgniter\CodeIgniter->run()
#10 D:\Project Tugas Akhir\pusbinter\system\Commands\Server\rewrite.php(45): require_once('D:\\Project Tuga...')
#11 {main}
CRITICAL - 2021-03-19 10:13:04 --> Cannot add or update a child row: a foreign key constraint fails (`pusbinter`.`penerjemah`, CONSTRAINT `penerjemah_ibfk_1` FOREIGN KEY (`id_instansi_penerjemah`) REFERENCES `instansi` (`id_instansi`) ON DELETE CASCADE ON UPDATE CASCADE)
#0 D:\Project Tugas Akhir\pusbinter\system\Database\MySQLi\Connection.php(314): mysqli->query('UPDATE `penerje...')
#1 D:\Project Tugas Akhir\pusbinter\system\Database\BaseConnection.php(713): CodeIgniter\Database\MySQLi\Connection->execute('UPDATE `penerje...')
#2 D:\Project Tugas Akhir\pusbinter\system\Database\BaseConnection.php(641): CodeIgniter\Database\BaseConnection->simpleQuery('UPDATE `penerje...')
#3 D:\Project Tugas Akhir\pusbinter\system\Database\BaseBuilder.php(2468): CodeIgniter\Database\BaseConnection->query('UPDATE `penerje...', Array, false)
#4 D:\Project Tugas Akhir\pusbinter\app\Models\Penerjemah_m.php(36): CodeIgniter\Database\BaseBuilder->update(Array, Array)
#5 D:\Project Tugas Akhir\pusbinter\app\Controllers\Penerjemah.php(78): App\Models\Penerjemah_m->updatePenerjemah(Array, '3')
#6 D:\Project Tugas Akhir\pusbinter\system\CodeIgniter.php(936): App\Controllers\Penerjemah->update('3')
#7 D:\Project Tugas Akhir\pusbinter\system\CodeIgniter.php(432): CodeIgniter\CodeIgniter->runController(Object(App\Controllers\Penerjemah))
#8 D:\Project Tugas Akhir\pusbinter\system\CodeIgniter.php(333): CodeIgniter\CodeIgniter->handleRequest(NULL, Object(Config\Cache), false)
#9 D:\Project Tugas Akhir\pusbinter\public\index.php(44): CodeIgniter\CodeIgniter->run()
#10 D:\Project Tugas Akhir\pusbinter\system\Commands\Server\rewrite.php(45): require_once('D:\\Project Tuga...')
#11 {main}
CRITICAL - 2021-03-19 10:21:00 --> Undefined property: CodeIgniter\HTTP\IncomingRequest::$3
#0 D:\Project Tugas Akhir\pusbinter\app\Controllers\Penerjemah.php(65): CodeIgniter\Debug\Exceptions->errorHandler(8, 'Undefined prope...', 'D:\\Project Tuga...', 65, Array)
#1 D:\Project Tugas Akhir\pusbinter\system\CodeIgniter.php(936): App\Controllers\Penerjemah->update('3')
#2 D:\Project Tugas Akhir\pusbinter\system\CodeIgniter.php(432): CodeIgniter\CodeIgniter->runController(Object(App\Controllers\Penerjemah))
#3 D:\Project Tugas Akhir\pusbinter\system\CodeIgniter.php(333): CodeIgniter\CodeIgniter->handleRequest(NULL, Object(Config\Cache), false)
#4 D:\Project Tugas Akhir\pusbinter\public\index.php(44): CodeIgniter\CodeIgniter->run()
#5 D:\Project Tugas Akhir\pusbinter\system\Commands\Server\rewrite.php(45): require_once('D:\\Project Tuga...')
#6 {main}
CRITICAL - 2021-03-19 10:36:06 --> Undefined variable: id
#0 D:\Project Tugas Akhir\pusbinter\app\Controllers\Penerjemah.php(76): CodeIgniter\Debug\Exceptions->errorHandler(8, 'Undefined varia...', 'D:\\Project Tuga...', 76, Array)
#1 D:\Project Tugas Akhir\pusbinter\system\CodeIgniter.php(936): App\Controllers\Penerjemah->update('3', '19')
#2 D:\Project Tugas Akhir\pusbinter\system\CodeIgniter.php(432): CodeIgniter\CodeIgniter->runController(Object(App\Controllers\Penerjemah))
#3 D:\Project Tugas Akhir\pusbinter\system\CodeIgniter.php(333): CodeIgniter\CodeIgniter->handleRequest(NULL, Object(Config\Cache), false)
#4 D:\Project Tugas Akhir\pusbinter\public\index.php(44): CodeIgniter\CodeIgniter->run()
#5 D:\Project Tugas Akhir\pusbinter\system\Commands\Server\rewrite.php(45): require_once('D:\\Project Tuga...')
#6 {main}
ERROR - 2021-03-19 10:59:29 --> mysqli_sql_exception: Cannot add or update a child row: a foreign key constraint fails (`pusbinter`.`penerjemah`, CONSTRAINT `penerjemah_ibfk_1` FOREIGN KEY (`id_instansi_penerjemah`) REFERENCES `instansi` (`id_instansi`) ON DELETE CASCADE ON UPDATE CASCADE) in D:\Project Tugas Akhir\pusbinter\system\Database\MySQLi\Connection.php:314
Stack trace:
#0 D:\Project Tugas Akhir\pusbinter\system\Database\MySQLi\Connection.php(314): mysqli->query('UPDATE `penerje...')
#1 D:\Project Tugas Akhir\pusbinter\system\Database\BaseConnection.php(713): CodeIgniter\Database\MySQLi\Connection->execute('UPDATE `penerje...')
#2 D:\Project Tugas Akhir\pusbinter\system\Database\BaseConnection.php(641): CodeIgniter\Database\BaseConnection->simpleQuery('UPDATE `penerje...')
#3 D:\Project Tugas Akhir\pusbinter\system\Database\BaseBuilder.php(2468): CodeIgniter\Database\BaseConnection->query('UPDATE `penerje...', Array, false)
#4 D:\Project Tugas Akhir\pusbinter\app\Models\Penerjemah_m.php(36): CodeIgniter\Database\BaseBuilder->update(Array, Array)
#5 D:\Project Tugas Akhir\pusbinter\app\Controllers\Penerjemah.php(77): App\Models\Penerjemah_m->updatePenerjemah(Array, '3')
#6 D:\Project Tugas Akhir\pusbinter\system\CodeIgniter.php(936): App\Controllers\Penerjemah->update('3')
#7 D:\Project Tugas Akhir\pusbinter\system\CodeIgniter.php(432): CodeIgniter\CodeIgniter->runController(Object(App\Controllers\Penerjemah))
#8 D:\Project Tugas Akhir\pusbinter\system\CodeIgniter.php(333): CodeIgniter\CodeIgniter->handleRequest(NULL, Object(Config\Cache), false)
#9 D:\Project Tugas Akhir\pusbinter\public\index.php(44): CodeIgniter\CodeIgniter->run()
#10 D:\Project Tugas Akhir\pusbinter\system\Commands\Server\rewrite.php(45): require_once('D:\\Project Tuga...')
#11 {main}
CRITICAL - 2021-03-19 10:59:29 --> Cannot add or update a child row: a foreign key constraint fails (`pusbinter`.`penerjemah`, CONSTRAINT `penerjemah_ibfk_1` FOREIGN KEY (`id_instansi_penerjemah`) REFERENCES `instansi` (`id_instansi`) ON DELETE CASCADE ON UPDATE CASCADE)
#0 D:\Project Tugas Akhir\pusbinter\system\Database\MySQLi\Connection.php(314): mysqli->query('UPDATE `penerje...')
#1 D:\Project Tugas Akhir\pusbinter\system\Database\BaseConnection.php(713): CodeIgniter\Database\MySQLi\Connection->execute('UPDATE `penerje...')
#2 D:\Project Tugas Akhir\pusbinter\system\Database\BaseConnection.php(641): CodeIgniter\Database\BaseConnection->simpleQuery('UPDATE `penerje...')
#3 D:\Project Tugas Akhir\pusbinter\system\Database\BaseBuilder.php(2468): CodeIgniter\Database\BaseConnection->query('UPDATE `penerje...', Array, false)
#4 D:\Project Tugas Akhir\pusbinter\app\Models\Penerjemah_m.php(36): CodeIgniter\Database\BaseBuilder->update(Array, Array)
#5 D:\Project Tugas Akhir\pusbinter\app\Controllers\Penerjemah.php(77): App\Models\Penerjemah_m->updatePenerjemah(Array, '3')
#6 D:\Project Tugas Akhir\pusbinter\system\CodeIgniter.php(936): App\Controllers\Penerjemah->update('3')
#7 D:\Project Tugas Akhir\pusbinter\system\CodeIgniter.php(432): CodeIgniter\CodeIgniter->runController(Object(App\Controllers\Penerjemah))
#8 D:\Project Tugas Akhir\pusbinter\system\CodeIgniter.php(333): CodeIgniter\CodeIgniter->handleRequest(NULL, Object(Config\Cache), false)
#9 D:\Project Tugas Akhir\pusbinter\public\index.php(44): CodeIgniter\CodeIgniter->run()
#10 D:\Project Tugas Akhir\pusbinter\system\Commands\Server\rewrite.php(45): require_once('D:\\Project Tuga...')
#11 {main}
